[ 2016-08-21T17:05:46+08:00 ] 127.0.0.1 /cinema/Admin/Admin/index.html
INFO: [ app_init ] --START--
INFO: Run Behavior\BuildLiteBehavior [ RunTime:0.000014s ]
INFO: [ app_init ] --END-- [ RunTime:0.000347s ]
INFO: [ app_begin ] --START--
INFO: Run Behavior\ReadHtmlCacheBehavior [ RunTime:0.046287s ]
INFO: [ app_begin ] --END-- [ RunTime:0.046364s ]
SQL: SHOW COLUMNS FROM `xy_admin` [ RunTime:0.0148s ]
SQL: SHOW COLUMNS FROM `xy_ticket` [ RunTime:0.0404s ]
SQL: SHOW COLUMNS FROM `xy_movie` [ RunTime:0.0561s ]
SQL: SHOW COLUMNS FROM `xy_cinema` [ RunTime:0.0489s ]
SQL: SHOW COLUMNS FROM `xy_room` [ RunTime:0.0630s ]
SQL: SHOW COLUMNS FROM `xy_order` [ RunTime:0.0408s ]
SQL: SHOW COLUMNS FROM `xy_user` [ RunTime:0.0395s ]
SQL: SHOW COLUMNS FROM `xy_comment` [ RunTime:0.0181s ]
SQL: SHOW COLUMNS FROM `xy_employ` [ RunTime:0.0331s ]
SQL: SHOW COLUMNS FROM `xy_notice` [ RunTime:0.0378s ]
SQL: SHOW COLUMNS FROM `xy_stage` [ RunTime:0.0470s ]
INFO: [ view_parse ] --START--
INFO: [ template_filter ] --START--
INFO: Run Behavior\ContentReplaceBehavior [ RunTime:0.000083s ]
INFO: [ template_filter ] --END-- [ RunTime:0.000133s ]
INFO: Run Behavior\ParseTemplateBehavior [ RunTime:0.266191s ]
INFO: [ view_parse ] --END-- [ RunTime:0.266251s ]
INFO: [ view_filter ] --START--
INFO: Run Behavior\WriteHtmlCacheBehavior [ RunTime:0.018142s ]
INFO: [ view_filter ] --END-- [ RunTime:0.018197s ]
INFO: [ app_end ] --START--
INFO: Run Behavior\ShowPageTraceBehavior [ RunTime:0.009634s ]
INFO: [ app_end ] --END-- [ RunTime:0.009736s ]

[ 2016-08-21T17:05:47+08:00 ] 127.0.0.1 /cinema/Admin/User/index
INFO: [ app_init ] --START--
INFO: Run Behavior\BuildLiteBehavior [ RunTime:0.000022s ]
INFO: [ app_init ] --END-- [ RunTime:0.000539s ]
INFO: [ app_begin ] --START--
INFO: Run Behavior\ReadHtmlCacheBehavior [ RunTime:0.000744s ]
INFO: [ app_begin ] --END-- [ RunTime:0.000827s ]
SQL: SHOW COLUMNS FROM `xy_admin` [ RunTime:0.1735s ]
SQL: SHOW COLUMNS FROM `xy_ticket` [ RunTime:0.0478s ]
SQL: SHOW COLUMNS FROM `xy_movie` [ RunTime:0.0064s ]
SQL: SHOW COLUMNS FROM `xy_cinema` [ RunTime:0.0064s ]
SQL: SHOW COLUMNS FROM `xy_room` [ RunTime:0.0068s ]
SQL: SHOW COLUMNS FROM `xy_order` [ RunTime:0.0065s ]
SQL: SHOW COLUMNS FROM `xy_user` [ RunTime:0.0066s ]
SQL: SHOW COLUMNS FROM `xy_comment` [ RunTime:0.0043s ]
SQL: SHOW COLUMNS FROM `xy_employ` [ RunTime:0.0066s ]
SQL: SHOW COLUMNS FROM `xy_notice` [ RunTime:0.0041s ]
SQL: SHOW COLUMNS FROM `xy_stage` [ RunTime:0.0066s ]
SQL: SELECT * FROM `xy_user` WHERE ( u_delflag = 0 )  [ RunTime:0.0004s ]
INFO: [ view_parse ] --START--
INFO: [ template_filter ] --START--
INFO: Run Behavior\ContentReplaceBehavior [ RunTime:0.000063s ]
INFO: [ template_filter ] --END-- [ RunTime:0.000112s ]
INFO: Run Behavior\ParseTemplateBehavior [ RunTime:0.090804s ]
INFO: [ view_parse ] --END-- [ RunTime:0.090864s ]
INFO: [ view_filter ] --START--
INFO: Run Behavior\WriteHtmlCacheBehavior [ RunTime:0.000310s ]
INFO: [ view_filter ] --END-- [ RunTime:0.000343s ]
INFO: [ app_end ] --START--
INFO: Run Behavior\ShowPageTraceBehavior [ RunTime:0.000514s ]
INFO: [ app_end ] --END-- [ RunTime:0.000597s ]

[ 2016-08-21T17:05:48+08:00 ] 127.0.0.1 /cinema/Admin/Manager/login
INFO: [ app_init ] --START--
INFO: Run Behavior\BuildLiteBehavior [ RunTime:0.000019s ]
INFO: [ app_init ] --END-- [ RunTime:0.000507s ]
INFO: [ app_begin ] --START--
INFO: Run Behavior\ReadHtmlCacheBehavior [ RunTime:0.000786s ]
INFO: [ app_begin ] --END-- [ RunTime:0.000873s ]
SQL: SHOW COLUMNS FROM `xy_admin` [ RunTime:0.0128s ]
SQL: SHOW COLUMNS FROM `xy_ticket` [ RunTime:0.0128s ]
SQL: SHOW COLUMNS FROM `xy_movie` [ RunTime:0.0074s ]
SQL: SHOW COLUMNS FROM `xy_cinema` [ RunTime:0.0146s ]
SQL: SHOW COLUMNS FROM `xy_room` [ RunTime:0.0105s ]
SQL: SHOW COLUMNS FROM `xy_order` [ RunTime:0.0038s ]
SQL: SHOW COLUMNS FROM `xy_user` [ RunTime:0.0039s ]
SQL: SHOW COLUMNS FROM `xy_comment` [ RunTime:0.0043s ]
SQL: SHOW COLUMNS FROM `xy_employ` [ RunTime:0.0040s ]
SQL: SHOW COLUMNS FROM `xy_notice` [ RunTime:0.0039s ]
SQL: SHOW COLUMNS FROM `xy_stage` [ RunTime:0.0106s ]
INFO: [ view_parse ] --START--
INFO: [ template_filter ] --START--
INFO: Run Behavior\ContentReplaceBehavior [ RunTime:0.000102s ]
INFO: [ template_filter ] --END-- [ RunTime:0.000183s ]
INFO: Run Behavior\ParseTemplateBehavior [ RunTime:0.095961s ]
INFO: [ view_parse ] --END-- [ RunTime:0.096026s ]
INFO: [ view_filter ] --START--
INFO: Run Behavior\WriteHtmlCacheBehavior [ RunTime:0.000337s ]
INFO: [ view_filter ] --END-- [ RunTime:0.000374s ]
INFO: [ app_end ] --START--
INFO: Run Behavior\ShowPageTraceBehavior [ RunTime:0.000529s ]
INFO: [ app_end ] --END-- [ RunTime:0.000571s ]

[ 2016-08-21T17:05:48+08:00 ] 127.0.0.1 /cinema/Admin/Manager/login
INFO: [ app_init ] --START--
INFO: Run Behavior\BuildLiteBehavior [ RunTime:0.000015s ]
INFO: [ app_init ] --END-- [ RunTime:0.000319s ]
INFO: [ app_begin ] --START--
INFO: Run Behavior\ReadHtmlCacheBehavior [ RunTime:0.000439s ]
INFO: [ app_begin ] --END-- [ RunTime:0.000478s ]
SQL: SHOW COLUMNS FROM `xy_admin` [ RunTime:0.0116s ]
SQL: SHOW COLUMNS FROM `xy_ticket` [ RunTime:0.0084s ]
SQL: SHOW COLUMNS FROM `xy_movie` [ RunTime:0.0074s ]
SQL: SHOW COLUMNS FROM `xy_cinema` [ RunTime:0.0067s ]
SQL: SHOW COLUMNS FROM `xy_room` [ RunTime:0.0067s ]
SQL: SHOW COLUMNS FROM `xy_order` [ RunTime:0.0066s ]
SQL: SHOW COLUMNS FROM `xy_user` [ RunTime:0.0066s ]
SQL: SHOW COLUMNS FROM `xy_comment` [ RunTime:0.0043s ]
SQL: SHOW COLUMNS FROM `xy_employ` [ RunTime:0.0098s ]
SQL: SHOW COLUMNS FROM `xy_notice` [ RunTime:0.0079s ]
SQL: SHOW COLUMNS FROM `xy_stage` [ RunTime:0.0080s ]
INFO: [ view_parse ] --START--
INFO: [ template_filter ] --START--
INFO: Run Behavior\ContentReplaceBehavior [ RunTime:0.000064s ]
INFO: [ template_filter ] --END-- [ RunTime:0.000118s ]
INFO: Run Behavior\ParseTemplateBehavior [ RunTime:0.007711s ]
INFO: [ view_parse ] --END-- [ RunTime:0.007775s ]
INFO: [ view_filter ] --START--
INFO: Run Behavior\WriteHtmlCacheBehavior [ RunTime:0.000370s ]
INFO: [ view_filter ] --END-- [ RunTime:0.000424s ]
INFO: [ app_end ] --START--
INFO: Run Behavior\ShowPageTraceBehavior [ RunTime:0.000579s ]
INFO: [ app_end ] --END-- [ RunTime:0.000623s ]

[ 2016-08-21T17:05:48+08:00 ] 127.0.0.1 /cinema/Admin/Manager/verifyImg
INFO: [ app_init ] --START--
INFO: Run Behavior\BuildLiteBehavior [ RunTime:0.000013s ]
INFO: [ app_init ] --END-- [ RunTime:0.000299s ]
INFO: [ app_begin ] --START--
INFO: Run Behavior\ReadHtmlCacheBehavior [ RunTime:0.000420s ]
INFO: [ app_begin ] --END-- [ RunTime:0.000465s ]
SQL: SHOW COLUMNS FROM `xy_admin` [ RunTime:0.0254s ]
SQL: SHOW COLUMNS FROM `xy_ticket` [ RunTime:0.0193s ]
SQL: SHOW COLUMNS FROM `xy_movie` [ RunTime:0.0172s ]
SQL: SHOW COLUMNS FROM `xy_cinema` [ RunTime:0.0041s ]
SQL: SHOW COLUMNS FROM `xy_room` [ RunTime:0.0041s ]
SQL: SHOW COLUMNS FROM `xy_order` [ RunTime:0.0041s ]
SQL: SHOW COLUMNS FROM `xy_user` [ RunTime:0.0208s ]
SQL: SHOW COLUMNS FROM `xy_comment` [ RunTime:0.0049s ]
SQL: SHOW COLUMNS FROM `xy_employ` [ RunTime:0.0145s ]
SQL: SHOW COLUMNS FROM `xy_notice` [ RunTime:0.0042s ]
SQL: SHOW COLUMNS FROM `xy_stage` [ RunTime:0.0046s ]
INFO: [ app_end ] --START--
INFO: Run Behavior\ShowPageTraceBehavior [ RunTime:0.000606s ]
INFO: [ app_end ] --END-- [ RunTime:0.000663s ]

