[ 2016-08-06T00:38:41+08:00 ] 127.0.0.1 /cinema/Admin/Manager/login
INFO: [ app_init ] --START--
INFO: Run Behavior\BuildLiteBehavior [ RunTime:0.000016s ]
INFO: [ app_init ] --END-- [ RunTime:0.000573s ]
INFO: [ app_begin ] --START--
INFO: Run Behavior\ReadHtmlCacheBehavior [ RunTime:0.000791s ]
INFO: [ app_begin ] --END-- [ RunTime:0.000856s ]
SQL: SHOW COLUMNS FROM `xy_admin` [ RunTime:0.0688s ]
SQL: SHOW COLUMNS FROM `xy_ticket` [ RunTime:0.0204s ]
SQL: SHOW COLUMNS FROM `xy_movie` [ RunTime:0.0081s ]
SQL: SHOW COLUMNS FROM `xy_cinema` [ RunTime:0.0084s ]
SQL: SHOW COLUMNS FROM `xy_room` [ RunTime:0.0079s ]
SQL: SHOW COLUMNS FROM `xy_order` [ RunTime:0.0079s ]
SQL: SHOW COLUMNS FROM `xy_user` [ RunTime:0.0082s ]
SQL: SHOW COLUMNS FROM `xy_comment` [ RunTime:0.0052s ]
SQL: SHOW COLUMNS FROM `xy_employ` [ RunTime:0.0073s ]
SQL: SHOW COLUMNS FROM `xy_notice` [ RunTime:0.0041s ]
SQL: SHOW COLUMNS FROM `xy_stage` [ RunTime:0.0072s ]
INFO: [ view_parse ] --START--
INFO: [ template_filter ] --START--
INFO: Run Behavior\ContentReplaceBehavior [ RunTime:0.000060s ]
INFO: [ template_filter ] --END-- [ RunTime:0.000106s ]
INFO: Run Behavior\ParseTemplateBehavior [ RunTime:0.025510s ]
INFO: [ view_parse ] --END-- [ RunTime:0.025587s ]
INFO: [ view_filter ] --START--
INFO: Run Behavior\WriteHtmlCacheBehavior [ RunTime:0.000559s ]
INFO: [ view_filter ] --END-- [ RunTime:0.000610s ]
INFO: [ app_end ] --START--
INFO: Run Behavior\ShowPageTraceBehavior [ RunTime:0.000580s ]
INFO: [ app_end ] --END-- [ RunTime:0.000628s ]

[ 2016-08-06T00:38:41+08:00 ] 127.0.0.1 /cinema/Admin/Manager/verifyImg
INFO: [ app_init ] --START--
INFO: Run Behavior\BuildLiteBehavior [ RunTime:0.000019s ]
INFO: [ app_init ] --END-- [ RunTime:0.000477s ]
INFO: [ app_begin ] --START--
INFO: Run Behavior\ReadHtmlCacheBehavior [ RunTime:0.000825s ]
INFO: [ app_begin ] --END-- [ RunTime:0.000897s ]
SQL: SHOW COLUMNS FROM `xy_admin` [ RunTime:0.0059s ]
SQL: SHOW COLUMNS FROM `xy_ticket` [ RunTime:0.0053s ]
SQL: SHOW COLUMNS FROM `xy_movie` [ RunTime:0.0049s ]
SQL: SHOW COLUMNS FROM `xy_cinema` [ RunTime:0.0054s ]
SQL: SHOW COLUMNS FROM `xy_room` [ RunTime:0.0049s ]
SQL: SHOW COLUMNS FROM `xy_order` [ RunTime:0.0050s ]
SQL: SHOW COLUMNS FROM `xy_user` [ RunTime:0.0056s ]
SQL: SHOW COLUMNS FROM `xy_comment` [ RunTime:0.0202s ]
SQL: SHOW COLUMNS FROM `xy_employ` [ RunTime:0.0068s ]
SQL: SHOW COLUMNS FROM `xy_notice` [ RunTime:0.0050s ]
SQL: SHOW COLUMNS FROM `xy_stage` [ RunTime:0.0050s ]
INFO: [ app_end ] --START--
INFO: Run Behavior\ShowPageTraceBehavior [ RunTime:0.000669s ]
INFO: [ app_end ] --END-- [ RunTime:0.000729s ]

[ 2016-08-06T00:39:12+08:00 ] 127.0.0.1 /cinema/Admin/Manager/login
INFO: [ app_init ] --START--
INFO: Run Behavior\BuildLiteBehavior [ RunTime:0.000032s ]
INFO: [ app_init ] --END-- [ RunTime:0.000650s ]
INFO: [ app_begin ] --START--
INFO: Run Behavior\ReadHtmlCacheBehavior [ RunTime:0.000615s ]
INFO: [ app_begin ] --END-- [ RunTime:0.000665s ]
SQL: SHOW COLUMNS FROM `xy_admin` [ RunTime:0.0257s ]
SQL: SHOW COLUMNS FROM `xy_ticket` [ RunTime:0.0075s ]
SQL: SHOW COLUMNS FROM `xy_movie` [ RunTime:0.0072s ]
SQL: SHOW COLUMNS FROM `xy_cinema` [ RunTime:0.0074s ]
SQL: SHOW COLUMNS FROM `xy_room` [ RunTime:0.0068s ]
SQL: SHOW COLUMNS FROM `xy_order` [ RunTime:0.0068s ]
SQL: SHOW COLUMNS FROM `xy_user` [ RunTime:0.0065s ]
SQL: SHOW COLUMNS FROM `xy_comment` [ RunTime:0.0040s ]
SQL: SHOW COLUMNS FROM `xy_employ` [ RunTime:0.0080s ]
SQL: SHOW COLUMNS FROM `xy_notice` [ RunTime:0.0040s ]
SQL: SHOW COLUMNS FROM `xy_stage` [ RunTime:0.0067s ]
INFO: [ view_parse ] --START--
INFO: [ template_filter ] --START--
INFO: Run Behavior\ContentReplaceBehavior [ RunTime:0.000059s ]
INFO: [ template_filter ] --END-- [ RunTime:0.000107s ]
INFO: Run Behavior\ParseTemplateBehavior [ RunTime:0.039641s ]
INFO: [ view_parse ] --END-- [ RunTime:0.039713s ]
INFO: [ view_filter ] --START--
INFO: Run Behavior\WriteHtmlCacheBehavior [ RunTime:0.000384s ]
INFO: [ view_filter ] --END-- [ RunTime:0.000420s ]
INFO: [ app_end ] --START--
INFO: Run Behavior\ShowPageTraceBehavior [ RunTime:0.000554s ]
INFO: [ app_end ] --END-- [ RunTime:0.000601s ]

[ 2016-08-06T00:39:12+08:00 ] 127.0.0.1 /cinema/Admin/Manager/verifyImg
INFO: [ app_init ] --START--
INFO: Run Behavior\BuildLiteBehavior [ RunTime:0.000018s ]
INFO: [ app_init ] --END-- [ RunTime:0.000602s ]
INFO: [ app_begin ] --START--
INFO: Run Behavior\ReadHtmlCacheBehavior [ RunTime:0.000971s ]
INFO: [ app_begin ] --END-- [ RunTime:0.001062s ]
SQL: SHOW COLUMNS FROM `xy_admin` [ RunTime:0.0053s ]
SQL: SHOW COLUMNS FROM `xy_ticket` [ RunTime:0.0068s ]
SQL: SHOW COLUMNS FROM `xy_movie` [ RunTime:0.0075s ]
SQL: SHOW COLUMNS FROM `xy_cinema` [ RunTime:0.0061s ]
SQL: SHOW COLUMNS FROM `xy_room` [ RunTime:0.0045s ]
SQL: SHOW COLUMNS FROM `xy_order` [ RunTime:0.0066s ]
SQL: SHOW COLUMNS FROM `xy_user` [ RunTime:0.0049s ]
SQL: SHOW COLUMNS FROM `xy_comment` [ RunTime:0.0047s ]
SQL: SHOW COLUMNS FROM `xy_employ` [ RunTime:0.0060s ]
SQL: SHOW COLUMNS FROM `xy_notice` [ RunTime:0.0048s ]
SQL: SHOW COLUMNS FROM `xy_stage` [ RunTime:0.0056s ]
INFO: [ app_end ] --START--
INFO: Run Behavior\ShowPageTraceBehavior [ RunTime:0.000760s ]
INFO: [ app_end ] --END-- [ RunTime:0.000837s ]

[ 2016-08-06T00:39:27+08:00 ] 127.0.0.1 /cinema/Admin/Manager/login
INFO: [ app_init ] --START--
INFO: Run Behavior\BuildLiteBehavior [ RunTime:0.000014s ]
INFO: [ app_init ] --END-- [ RunTime:0.000393s ]
INFO: [ app_begin ] --START--
INFO: Run Behavior\ReadHtmlCacheBehavior [ RunTime:0.000581s ]
INFO: [ app_begin ] --END-- [ RunTime:0.000623s ]
SQL: SHOW COLUMNS FROM `xy_admin` [ RunTime:0.0104s ]
SQL: SHOW COLUMNS FROM `xy_ticket` [ RunTime:0.0069s ]
SQL: SHOW COLUMNS FROM `xy_movie` [ RunTime:0.0069s ]
SQL: SHOW COLUMNS FROM `xy_cinema` [ RunTime:0.0063s ]
SQL: SHOW COLUMNS FROM `xy_room` [ RunTime:0.0074s ]
SQL: SHOW COLUMNS FROM `xy_order` [ RunTime:0.0069s ]
SQL: SHOW COLUMNS FROM `xy_user` [ RunTime:0.0072s ]
SQL: SHOW COLUMNS FROM `xy_comment` [ RunTime:0.0040s ]
SQL: SHOW COLUMNS FROM `xy_employ` [ RunTime:0.0069s ]
SQL: SHOW COLUMNS FROM `xy_notice` [ RunTime:0.0043s ]
SQL: SHOW COLUMNS FROM `xy_stage` [ RunTime:0.0065s ]
INFO: [ view_parse ] --START--
INFO: [ template_filter ] --START--
INFO: Run Behavior\ContentReplaceBehavior [ RunTime:0.000102s ]
INFO: [ template_filter ] --END-- [ RunTime:0.000194s ]
INFO: Run Behavior\ParseTemplateBehavior [ RunTime:0.028425s ]
INFO: [ view_parse ] --END-- [ RunTime:0.028488s ]
INFO: [ view_filter ] --START--
INFO: Run Behavior\WriteHtmlCacheBehavior [ RunTime:0.000415s ]
INFO: [ view_filter ] --END-- [ RunTime:0.000454s ]
INFO: [ app_end ] --START--
INFO: Run Behavior\ShowPageTraceBehavior [ RunTime:0.000638s ]
INFO: [ app_end ] --END-- [ RunTime:0.000683s ]

[ 2016-08-06T00:39:27+08:00 ] 127.0.0.1 /cinema/Admin/Manager/verifyImg
INFO: [ app_init ] --START--
INFO: Run Behavior\BuildLiteBehavior [ RunTime:0.000024s ]
INFO: [ app_init ] --END-- [ RunTime:0.000647s ]
INFO: [ app_begin ] --START--
INFO: Run Behavior\ReadHtmlCacheBehavior [ RunTime:0.001032s ]
INFO: [ app_begin ] --END-- [ RunTime:0.001132s ]
SQL: SHOW COLUMNS FROM `xy_admin` [ RunTime:0.0093s ]
SQL: SHOW COLUMNS FROM `xy_ticket` [ RunTime:0.0056s ]
SQL: SHOW COLUMNS FROM `xy_movie` [ RunTime:0.0076s ]
SQL: SHOW COLUMNS FROM `xy_cinema` [ RunTime:0.0044s ]
SQL: SHOW COLUMNS FROM `xy_room` [ RunTime:0.0055s ]
SQL: SHOW COLUMNS FROM `xy_order` [ RunTime:0.0053s ]
SQL: SHOW COLUMNS FROM `xy_user` [ RunTime:0.0067s ]
SQL: SHOW COLUMNS FROM `xy_comment` [ RunTime:0.0049s ]
SQL: SHOW COLUMNS FROM `xy_employ` [ RunTime:0.0045s ]
SQL: SHOW COLUMNS FROM `xy_notice` [ RunTime:0.0059s ]
SQL: SHOW COLUMNS FROM `xy_stage` [ RunTime:0.0053s ]
INFO: [ app_end ] --START--
INFO: Run Behavior\ShowPageTraceBehavior [ RunTime:0.000661s ]
INFO: [ app_end ] --END-- [ RunTime:0.000723s ]

[ 2016-08-06T00:39:44+08:00 ] 127.0.0.1 /cinema/Admin/Manager/login
INFO: [ app_init ] --START--
INFO: Run Behavior\BuildLiteBehavior [ RunTime:0.000012s ]
INFO: [ app_init ] --END-- [ RunTime:0.000354s ]
INFO: [ app_begin ] --START--
INFO: Run Behavior\ReadHtmlCacheBehavior [ RunTime:0.000482s ]
INFO: [ app_begin ] --END-- [ RunTime:0.000521s ]
SQL: SHOW COLUMNS FROM `xy_admin` [ RunTime:0.0104s ]
SQL: SHOW COLUMNS FROM `xy_ticket` [ RunTime:0.0069s ]
SQL: SHOW COLUMNS FROM `xy_movie` [ RunTime:0.0068s ]
SQL: SHOW COLUMNS FROM `xy_cinema` [ RunTime:0.0066s ]
SQL: SHOW COLUMNS FROM `xy_room` [ RunTime:0.0069s ]
SQL: SHOW COLUMNS FROM `xy_order` [ RunTime:0.0073s ]
SQL: SHOW COLUMNS FROM `xy_user` [ RunTime:0.0068s ]
SQL: SHOW COLUMNS FROM `xy_comment` [ RunTime:0.0050s ]
SQL: SHOW COLUMNS FROM `xy_employ` [ RunTime:0.0073s ]
SQL: SHOW COLUMNS FROM `xy_notice` [ RunTime:0.0042s ]
SQL: SHOW COLUMNS FROM `xy_stage` [ RunTime:0.0067s ]
INFO: [ view_parse ] --START--
INFO: [ template_filter ] --START--
INFO: Run Behavior\ContentReplaceBehavior [ RunTime:0.000059s ]
INFO: [ template_filter ] --END-- [ RunTime:0.000101s ]
INFO: Run Behavior\ParseTemplateBehavior [ RunTime:0.026449s ]
INFO: [ view_parse ] --END-- [ RunTime:0.026514s ]
INFO: [ view_filter ] --START--
INFO: Run Behavior\WriteHtmlCacheBehavior [ RunTime:0.000409s ]
INFO: [ view_filter ] --END-- [ RunTime:0.000447s ]
INFO: [ app_end ] --START--
INFO: Run Behavior\ShowPageTraceBehavior [ RunTime:0.000562s ]
INFO: [ app_end ] --END-- [ RunTime:0.000612s ]

[ 2016-08-06T00:39:44+08:00 ] 127.0.0.1 /cinema/Admin/Manager/verifyImg
INFO: [ app_init ] --START--
INFO: Run Behavior\BuildLiteBehavior [ RunTime:0.000024s ]
INFO: [ app_init ] --END-- [ RunTime:0.000663s ]
INFO: [ app_begin ] --START--
INFO: Run Behavior\ReadHtmlCacheBehavior [ RunTime:0.001002s ]
INFO: [ app_begin ] --END-- [ RunTime:0.001100s ]
SQL: SHOW COLUMNS FROM `xy_admin` [ RunTime:0.0059s ]
SQL: SHOW COLUMNS FROM `xy_ticket` [ RunTime:0.0047s ]
SQL: SHOW COLUMNS FROM `xy_movie` [ RunTime:0.0051s ]
SQL: SHOW COLUMNS FROM `xy_cinema` [ RunTime:0.0048s ]
SQL: SHOW COLUMNS FROM `xy_room` [ RunTime:0.0049s ]
SQL: SHOW COLUMNS FROM `xy_order` [ RunTime:0.0057s ]
SQL: SHOW COLUMNS FROM `xy_user` [ RunTime:0.0058s ]
SQL: SHOW COLUMNS FROM `xy_comment` [ RunTime:0.0051s ]
SQL: SHOW COLUMNS FROM `xy_employ` [ RunTime:0.0049s ]
SQL: SHOW COLUMNS FROM `xy_notice` [ RunTime:0.0049s ]
SQL: SHOW COLUMNS FROM `xy_stage` [ RunTime:0.0069s ]
INFO: [ app_end ] --START--
INFO: Run Behavior\ShowPageTraceBehavior [ RunTime:0.001044s ]
INFO: [ app_end ] --END-- [ RunTime:0.001122s ]

[ 2016-08-06T00:40:01+08:00 ] 127.0.0.1 /cinema/Admin/Manager/login
INFO: [ app_init ] --START--
INFO: Run Behavior\BuildLiteBehavior [ RunTime:0.000013s ]
INFO: [ app_init ] --END-- [ RunTime:0.000354s ]
INFO: [ app_begin ] --START--
INFO: Run Behavior\ReadHtmlCacheBehavior [ RunTime:0.000547s ]
INFO: [ app_begin ] --END-- [ RunTime:0.000590s ]
SQL: SHOW COLUMNS FROM `xy_admin` [ RunTime:0.0105s ]
SQL: SHOW COLUMNS FROM `xy_ticket` [ RunTime:0.0071s ]
SQL: SHOW COLUMNS FROM `xy_movie` [ RunTime:0.0071s ]
SQL: SHOW COLUMNS FROM `xy_cinema` [ RunTime:0.0095s ]
SQL: SHOW COLUMNS FROM `xy_room` [ RunTime:0.0064s ]
SQL: SHOW COLUMNS FROM `xy_order` [ RunTime:0.0071s ]
SQL: SHOW COLUMNS FROM `xy_user` [ RunTime:0.0065s ]
SQL: SHOW COLUMNS FROM `xy_comment` [ RunTime:0.0044s ]
SQL: SHOW COLUMNS FROM `xy_employ` [ RunTime:0.0067s ]
SQL: SHOW COLUMNS FROM `xy_notice` [ RunTime:0.0041s ]
SQL: SHOW COLUMNS FROM `xy_stage` [ RunTime:0.0066s ]
INFO: [ view_parse ] --START--
INFO: [ template_filter ] --START--
INFO: Run Behavior\ContentReplaceBehavior [ RunTime:0.000058s ]
INFO: [ template_filter ] --END-- [ RunTime:0.000099s ]
INFO: Run Behavior\ParseTemplateBehavior [ RunTime:0.025920s ]
INFO: [ view_parse ] --END-- [ RunTime:0.025980s ]
INFO: [ view_filter ] --START--
INFO: Run Behavior\WriteHtmlCacheBehavior [ RunTime:0.000365s ]
INFO: [ view_filter ] --END-- [ RunTime:0.000400s ]
INFO: [ app_end ] --START--
INFO: Run Behavior\ShowPageTraceBehavior [ RunTime:0.000561s ]
INFO: [ app_end ] --END-- [ RunTime:0.000596s ]

[ 2016-08-06T00:40:01+08:00 ] 127.0.0.1 /cinema/Admin/Manager/verifyImg
INFO: [ app_init ] --START--
INFO: Run Behavior\BuildLiteBehavior [ RunTime:0.000014s ]
INFO: [ app_init ] --END-- [ RunTime:0.000369s ]
INFO: [ app_begin ] --START--
INFO: Run Behavior\ReadHtmlCacheBehavior [ RunTime:0.000650s ]
INFO: [ app_begin ] --END-- [ RunTime:0.000717s ]
SQL: SHOW COLUMNS FROM `xy_admin` [ RunTime:0.0047s ]
SQL: SHOW COLUMNS FROM `xy_ticket` [ RunTime:0.0056s ]
SQL: SHOW COLUMNS FROM `xy_movie` [ RunTime:0.0051s ]
SQL: SHOW COLUMNS FROM `xy_cinema` [ RunTime:0.0057s ]
SQL: SHOW COLUMNS FROM `xy_room` [ RunTime:0.0052s ]
SQL: SHOW COLUMNS FROM `xy_order` [ RunTime:0.0049s ]
SQL: SHOW COLUMNS FROM `xy_user` [ RunTime:0.0053s ]
SQL: SHOW COLUMNS FROM `xy_comment` [ RunTime:0.0050s ]
SQL: SHOW COLUMNS FROM `xy_employ` [ RunTime:0.0049s ]
SQL: SHOW COLUMNS FROM `xy_notice` [ RunTime:0.0058s ]
SQL: SHOW COLUMNS FROM `xy_stage` [ RunTime:0.0064s ]
INFO: [ app_end ] --START--
INFO: Run Behavior\ShowPageTraceBehavior [ RunTime:0.000864s ]
INFO: [ app_end ] --END-- [ RunTime:0.000937s ]

[ 2016-08-06T00:44:06+08:00 ] 127.0.0.1 /cinema/Admin/Manager/login
INFO: [ app_init ] --START--
INFO: Run Behavior\BuildLiteBehavior [ RunTime:0.000022s ]
INFO: [ app_init ] --END-- [ RunTime:0.000633s ]
INFO: [ app_begin ] --START--
INFO: Run Behavior\ReadHtmlCacheBehavior [ RunTime:0.000958s ]
INFO: [ app_begin ] --END-- [ RunTime:0.001050s ]
SQL: SHOW COLUMNS FROM `xy_admin` [ RunTime:0.0113s ]
SQL: SHOW COLUMNS FROM `xy_ticket` [ RunTime:0.0323s ]
SQL: SHOW COLUMNS FROM `xy_movie` [ RunTime:0.0098s ]
SQL: SHOW COLUMNS FROM `xy_cinema` [ RunTime:0.0084s ]
SQL: SHOW COLUMNS FROM `xy_room` [ RunTime:0.0081s ]
SQL: SHOW COLUMNS FROM `xy_order` [ RunTime:0.0094s ]
SQL: SHOW COLUMNS FROM `xy_user` [ RunTime:0.0082s ]
SQL: SHOW COLUMNS FROM `xy_comment` [ RunTime:0.0050s ]
SQL: SHOW COLUMNS FROM `xy_employ` [ RunTime:0.0075s ]
SQL: SHOW COLUMNS FROM `xy_notice` [ RunTime:0.0063s ]
SQL: SHOW COLUMNS FROM `xy_stage` [ RunTime:0.0080s ]
INFO: [ view_parse ] --START--
INFO: [ template_filter ] --START--
INFO: Run Behavior\ContentReplaceBehavior [ RunTime:0.000099s ]
INFO: [ template_filter ] --END-- [ RunTime:0.000179s ]
INFO: Run Behavior\ParseTemplateBehavior [ RunTime:0.033186s ]
INFO: [ view_parse ] --END-- [ RunTime:0.033263s ]
INFO: [ view_filter ] --START--
INFO: Run Behavior\WriteHtmlCacheBehavior [ RunTime:0.000620s ]
INFO: [ view_filter ] --END-- [ RunTime:0.000684s ]
INFO: [ app_end ] --START--
INFO: Run Behavior\ShowPageTraceBehavior [ RunTime:0.000865s ]
INFO: [ app_end ] --END-- [ RunTime:0.000928s ]

[ 2016-08-06T00:44:06+08:00 ] 127.0.0.1 /cinema/Admin/Manager/verifyImg
INFO: [ app_init ] --START--
INFO: Run Behavior\BuildLiteBehavior [ RunTime:0.000014s ]
INFO: [ app_init ] --END-- [ RunTime:0.000423s ]
INFO: [ app_begin ] --START--
INFO: Run Behavior\ReadHtmlCacheBehavior [ RunTime:0.001095s ]
INFO: [ app_begin ] --END-- [ RunTime:0.001177s ]
SQL: SHOW COLUMNS FROM `xy_admin` [ RunTime:0.0049s ]
SQL: SHOW COLUMNS FROM `xy_ticket` [ RunTime:0.0062s ]
SQL: SHOW COLUMNS FROM `xy_movie` [ RunTime:0.0047s ]
SQL: SHOW COLUMNS FROM `xy_cinema` [ RunTime:0.0048s ]
SQL: SHOW COLUMNS FROM `xy_room` [ RunTime:0.0068s ]
SQL: SHOW COLUMNS FROM `xy_order` [ RunTime:0.0046s ]
SQL: SHOW COLUMNS FROM `xy_user` [ RunTime:0.0055s ]
SQL: SHOW COLUMNS FROM `xy_comment` [ RunTime:0.0046s ]
SQL: SHOW COLUMNS FROM `xy_employ` [ RunTime:0.0050s ]
SQL: SHOW COLUMNS FROM `xy_notice` [ RunTime:0.0069s ]
SQL: SHOW COLUMNS FROM `xy_stage` [ RunTime:0.0046s ]
INFO: [ app_end ] --START--
INFO: Run Behavior\ShowPageTraceBehavior [ RunTime:0.001157s ]
INFO: [ app_end ] --END-- [ RunTime:0.001248s ]

[ 2016-08-06T00:44:30+08:00 ] 127.0.0.1 /cinema/Admin/Manager/login
INFO: [ app_init ] --START--
INFO: Run Behavior\BuildLiteBehavior [ RunTime:0.000023s ]
INFO: [ app_init ] --END-- [ RunTime:0.000681s ]
INFO: [ app_begin ] --START--
INFO: Run Behavior\ReadHtmlCacheBehavior [ RunTime:0.000943s ]
INFO: [ app_begin ] --END-- [ RunTime:0.001042s ]
SQL: SHOW COLUMNS FROM `xy_admin` [ RunTime:0.0351s ]
SQL: SHOW COLUMNS FROM `xy_ticket` [ RunTime:0.0078s ]
SQL: SHOW COLUMNS FROM `xy_movie` [ RunTime:0.0069s ]
SQL: SHOW COLUMNS FROM `xy_cinema` [ RunTime:0.0079s ]
SQL: SHOW COLUMNS FROM `xy_room` [ RunTime:0.0065s ]
SQL: SHOW COLUMNS FROM `xy_order` [ RunTime:0.0070s ]
SQL: SHOW COLUMNS FROM `xy_user` [ RunTime:0.0063s ]
SQL: SHOW COLUMNS FROM `xy_comment` [ RunTime:0.0063s ]
SQL: SHOW COLUMNS FROM `xy_employ` [ RunTime:0.0064s ]
SQL: SHOW COLUMNS FROM `xy_notice` [ RunTime:0.0038s ]
SQL: SHOW COLUMNS FROM `xy_stage` [ RunTime:0.0073s ]
INFO: [ view_parse ] --START--
INFO: [ template_filter ] --START--
INFO: Run Behavior\ContentReplaceBehavior [ RunTime:0.000075s ]
INFO: [ template_filter ] --END-- [ RunTime:0.000134s ]
INFO: Run Behavior\ParseTemplateBehavior [ RunTime:0.026222s ]
INFO: [ view_parse ] --END-- [ RunTime:0.026285s ]
INFO: [ view_filter ] --START--
INFO: Run Behavior\WriteHtmlCacheBehavior [ RunTime:0.000384s ]
INFO: [ view_filter ] --END-- [ RunTime:0.000420s ]
INFO: [ app_end ] --START--
INFO: Run Behavior\ShowPageTraceBehavior [ RunTime:0.000495s ]
INFO: [ app_end ] --END-- [ RunTime:0.000529s ]

[ 2016-08-06T00:44:30+08:00 ] 127.0.0.1 /cinema/Admin/Manager/verifyImg
INFO: [ app_init ] --START--
INFO: Run Behavior\BuildLiteBehavior [ RunTime:0.000021s ]
INFO: [ app_init ] --END-- [ RunTime:0.000581s ]
INFO: [ app_begin ] --START--
INFO: Run Behavior\ReadHtmlCacheBehavior [ RunTime:0.000981s ]
INFO: [ app_begin ] --END-- [ RunTime:0.001080s ]
SQL: SHOW COLUMNS FROM `xy_admin` [ RunTime:0.0045s ]
SQL: SHOW COLUMNS FROM `xy_ticket` [ RunTime:0.0046s ]
SQL: SHOW COLUMNS FROM `xy_movie` [ RunTime:0.0049s ]
SQL: SHOW COLUMNS FROM `xy_cinema` [ RunTime:0.0052s ]
SQL: SHOW COLUMNS FROM `xy_room` [ RunTime:0.0057s ]
SQL: SHOW COLUMNS FROM `xy_order` [ RunTime:0.0044s ]
SQL: SHOW COLUMNS FROM `xy_user` [ RunTime:0.0055s ]
SQL: SHOW COLUMNS FROM `xy_comment` [ RunTime:0.0080s ]
SQL: SHOW COLUMNS FROM `xy_employ` [ RunTime:0.0048s ]
SQL: SHOW COLUMNS FROM `xy_notice` [ RunTime:0.0059s ]
SQL: SHOW COLUMNS FROM `xy_stage` [ RunTime:0.0048s ]
INFO: [ app_end ] --START--
INFO: Run Behavior\ShowPageTraceBehavior [ RunTime:0.000630s ]
INFO: [ app_end ] --END-- [ RunTime:0.000690s ]

[ 2016-08-06T00:44:34+08:00 ] 127.0.0.1 /cinema/Admin/Manager/login
INFO: [ app_init ] --START--
INFO: Run Behavior\BuildLiteBehavior [ RunTime:0.000013s ]
INFO: [ app_init ] --END-- [ RunTime:0.000357s ]
INFO: [ app_begin ] --START--
INFO: Run Behavior\ReadHtmlCacheBehavior [ RunTime:0.000481s ]
INFO: [ app_begin ] --END-- [ RunTime:0.000522s ]
SQL: SHOW COLUMNS FROM `xy_admin` [ RunTime:0.0104s ]
SQL: SHOW COLUMNS FROM `xy_ticket` [ RunTime:0.0073s ]
SQL: SHOW COLUMNS FROM `xy_movie` [ RunTime:0.0072s ]
SQL: SHOW COLUMNS FROM `xy_cinema` [ RunTime:0.0067s ]
SQL: SHOW COLUMNS FROM `xy_room` [ RunTime:0.0080s ]
SQL: SHOW COLUMNS FROM `xy_order` [ RunTime:0.0066s ]
SQL: SHOW COLUMNS FROM `xy_user` [ RunTime:0.0159s ]
SQL: SHOW COLUMNS FROM `xy_comment` [ RunTime:0.0044s ]
SQL: SHOW COLUMNS FROM `xy_employ` [ RunTime:0.0087s ]
SQL: SHOW COLUMNS FROM `xy_notice` [ RunTime:0.0044s ]
SQL: SHOW COLUMNS FROM `xy_stage` [ RunTime:0.0067s ]
INFO: [ view_parse ] --START--
INFO: [ template_filter ] --START--
INFO: Run Behavior\ContentReplaceBehavior [ RunTime:0.000035s ]
INFO: [ template_filter ] --END-- [ RunTime:0.000088s ]
INFO: Run Behavior\ParseTemplateBehavior [ RunTime:0.024191s ]
INFO: [ view_parse ] --END-- [ RunTime:0.024262s ]
INFO: [ view_filter ] --START--
INFO: Run Behavior\WriteHtmlCacheBehavior [ RunTime:0.000334s ]
INFO: [ view_filter ] --END-- [ RunTime:0.000368s ]

[ 2016-08-06T00:44:37+08:00 ] 127.0.0.1 /cinema/Admin/Manager/login
INFO: [ app_init ] --START--
INFO: Run Behavior\BuildLiteBehavior [ RunTime:0.000013s ]
INFO: [ app_init ] --END-- [ RunTime:0.000364s ]
INFO: [ app_begin ] --START--
INFO: Run Behavior\ReadHtmlCacheBehavior [ RunTime:0.000547s ]
INFO: [ app_begin ] --END-- [ RunTime:0.000594s ]
SQL: SHOW COLUMNS FROM `xy_admin` [ RunTime:0.0371s ]
SQL: SHOW COLUMNS FROM `xy_ticket` [ RunTime:0.0250s ]
SQL: SHOW COLUMNS FROM `xy_movie` [ RunTime:0.0066s ]
SQL: SHOW COLUMNS FROM `xy_cinema` [ RunTime:0.0082s ]
SQL: SHOW COLUMNS FROM `xy_room` [ RunTime:0.0075s ]
SQL: SHOW COLUMNS FROM `xy_order` [ RunTime:0.0079s ]
SQL: SHOW COLUMNS FROM `xy_user` [ RunTime:0.0067s ]
SQL: SHOW COLUMNS FROM `xy_comment` [ RunTime:0.0048s ]
SQL: SHOW COLUMNS FROM `xy_employ` [ RunTime:0.0063s ]
SQL: SHOW COLUMNS FROM `xy_notice` [ RunTime:0.0041s ]
SQL: SHOW COLUMNS FROM `xy_stage` [ RunTime:0.0065s ]
INFO: [ view_parse ] --START--
INFO: [ template_filter ] --START--
INFO: Run Behavior\ContentReplaceBehavior [ RunTime:0.000058s ]
INFO: [ template_filter ] --END-- [ RunTime:0.000100s ]
INFO: Run Behavior\ParseTemplateBehavior [ RunTime:0.007003s ]
INFO: [ view_parse ] --END-- [ RunTime:0.007072s ]
INFO: [ view_filter ] --START--
INFO: Run Behavior\WriteHtmlCacheBehavior [ RunTime:0.000431s ]
INFO: [ view_filter ] --END-- [ RunTime:0.000480s ]
INFO: [ app_end ] --START--
INFO: Run Behavior\ShowPageTraceBehavior [ RunTime:0.000534s ]
INFO: [ app_end ] --END-- [ RunTime:0.000569s ]

[ 2016-08-06T00:44:37+08:00 ] 127.0.0.1 /cinema/Admin/Manager/verifyImg
INFO: [ app_init ] --START--
INFO: Run Behavior\BuildLiteBehavior [ RunTime:0.000022s ]
INFO: [ app_init ] --END-- [ RunTime:0.000572s ]
INFO: [ app_begin ] --START--
INFO: Run Behavior\ReadHtmlCacheBehavior [ RunTime:0.000903s ]
INFO: [ app_begin ] --END-- [ RunTime:0.001006s ]
SQL: SHOW COLUMNS FROM `xy_admin` [ RunTime:0.0063s ]
SQL: SHOW COLUMNS FROM `xy_ticket` [ RunTime:0.0049s ]
SQL: SHOW COLUMNS FROM `xy_movie` [ RunTime:0.0049s ]
SQL: SHOW COLUMNS FROM `xy_cinema` [ RunTime:0.0049s ]
SQL: SHOW COLUMNS FROM `xy_room` [ RunTime:0.0058s ]
SQL: SHOW COLUMNS FROM `xy_order` [ RunTime:0.0077s ]
SQL: SHOW COLUMNS FROM `xy_user` [ RunTime:0.0067s ]
SQL: SHOW COLUMNS FROM `xy_comment` [ RunTime:0.0095s ]
SQL: SHOW COLUMNS FROM `xy_employ` [ RunTime:0.0052s ]
SQL: SHOW COLUMNS FROM `xy_notice` [ RunTime:0.0115s ]
SQL: SHOW COLUMNS FROM `xy_stage` [ RunTime:0.0049s ]
INFO: [ app_end ] --START--
INFO: Run Behavior\ShowPageTraceBehavior [ RunTime:0.001012s ]
INFO: [ app_end ] --END-- [ RunTime:0.001111s ]

[ 2016-08-06T00:45:24+08:00 ] 127.0.0.1 /cinema/Admin/Manager/login
INFO: [ app_init ] --START--
INFO: Run Behavior\BuildLiteBehavior [ RunTime:0.000011s ]
INFO: [ app_init ] --END-- [ RunTime:0.000321s ]
INFO: [ app_begin ] --START--
INFO: Run Behavior\ReadHtmlCacheBehavior [ RunTime:0.000518s ]
INFO: [ app_begin ] --END-- [ RunTime:0.000560s ]
SQL: SHOW COLUMNS FROM `xy_admin` [ RunTime:0.0095s ]
SQL: SHOW COLUMNS FROM `xy_ticket` [ RunTime:0.0068s ]
SQL: SHOW COLUMNS FROM `xy_movie` [ RunTime:0.0066s ]
SQL: SHOW COLUMNS FROM `xy_cinema` [ RunTime:0.0070s ]
SQL: SHOW COLUMNS FROM `xy_room` [ RunTime:0.0066s ]
SQL: SHOW COLUMNS FROM `xy_order` [ RunTime:0.0066s ]
SQL: SHOW COLUMNS FROM `xy_user` [ RunTime:0.0064s ]
SQL: SHOW COLUMNS FROM `xy_comment` [ RunTime:0.0037s ]
SQL: SHOW COLUMNS FROM `xy_employ` [ RunTime:0.0068s ]
SQL: SHOW COLUMNS FROM `xy_notice` [ RunTime:0.0047s ]
SQL: SHOW COLUMNS FROM `xy_stage` [ RunTime:0.0066s ]
INFO: [ view_parse ] --START--
INFO: [ template_filter ] --START--
INFO: Run Behavior\ContentReplaceBehavior [ RunTime:0.000061s ]
INFO: [ template_filter ] --END-- [ RunTime:0.000103s ]
INFO: Run Behavior\ParseTemplateBehavior [ RunTime:0.024934s ]
INFO: [ view_parse ] --END-- [ RunTime:0.024997s ]
INFO: [ view_filter ] --START--
INFO: Run Behavior\WriteHtmlCacheBehavior [ RunTime:0.000331s ]
INFO: [ view_filter ] --END-- [ RunTime:0.000364s ]
INFO: [ app_end ] --START--
INFO: Run Behavior\ShowPageTraceBehavior [ RunTime:0.000527s ]
INFO: [ app_end ] --END-- [ RunTime:0.000561s ]

[ 2016-08-06T00:45:24+08:00 ] 127.0.0.1 /cinema/Admin/Manager/verifyImg
INFO: [ app_init ] --START--
INFO: Run Behavior\BuildLiteBehavior [ RunTime:0.000024s ]
INFO: [ app_init ] --END-- [ RunTime:0.000634s ]
INFO: [ app_begin ] --START--
INFO: Run Behavior\ReadHtmlCacheBehavior [ RunTime:0.000732s ]
INFO: [ app_begin ] --END-- [ RunTime:0.000817s ]
SQL: SHOW COLUMNS FROM `xy_admin` [ RunTime:0.0052s ]
SQL: SHOW COLUMNS FROM `xy_ticket` [ RunTime:0.0049s ]
SQL: SHOW COLUMNS FROM `xy_movie` [ RunTime:0.0053s ]
SQL: SHOW COLUMNS FROM `xy_cinema` [ RunTime:0.0045s ]
SQL: SHOW COLUMNS FROM `xy_room` [ RunTime:0.0050s ]
SQL: SHOW COLUMNS FROM `xy_order` [ RunTime:0.0045s ]
SQL: SHOW COLUMNS FROM `xy_user` [ RunTime:0.0045s ]
SQL: SHOW COLUMNS FROM `xy_comment` [ RunTime:0.0059s ]
SQL: SHOW COLUMNS FROM `xy_employ` [ RunTime:0.0052s ]
SQL: SHOW COLUMNS FROM `xy_notice` [ RunTime:0.0054s ]
SQL: SHOW COLUMNS FROM `xy_stage` [ RunTime:0.0048s ]
INFO: [ app_end ] --START--
INFO: Run Behavior\ShowPageTraceBehavior [ RunTime:0.000667s ]
INFO: [ app_end ] --END-- [ RunTime:0.000731s ]

[ 2016-08-06T00:45:36+08:00 ] 127.0.0.1 /cinema/Admin/Manager/login
INFO: [ app_init ] --START--
INFO: Run Behavior\BuildLiteBehavior [ RunTime:0.000023s ]
INFO: [ app_init ] --END-- [ RunTime:0.000655s ]
INFO: [ app_begin ] --START--
INFO: Run Behavior\ReadHtmlCacheBehavior [ RunTime:0.000544s ]
INFO: [ app_begin ] --END-- [ RunTime:0.000587s ]
SQL: SHOW COLUMNS FROM `xy_admin` [ RunTime:0.0111s ]
SQL: SHOW COLUMNS FROM `xy_ticket` [ RunTime:0.0074s ]
SQL: SHOW COLUMNS FROM `xy_movie` [ RunTime:0.0068s ]
SQL: SHOW COLUMNS FROM `xy_cinema` [ RunTime:0.0076s ]
SQL: SHOW COLUMNS FROM `xy_room` [ RunTime:0.0064s ]
SQL: SHOW COLUMNS FROM `xy_order` [ RunTime:0.0074s ]
SQL: SHOW COLUMNS FROM `xy_user` [ RunTime:0.0066s ]
SQL: SHOW COLUMNS FROM `xy_comment` [ RunTime:0.0040s ]
SQL: SHOW COLUMNS FROM `xy_employ` [ RunTime:0.0073s ]
SQL: SHOW COLUMNS FROM `xy_notice` [ RunTime:0.0044s ]
SQL: SHOW COLUMNS FROM `xy_stage` [ RunTime:0.0072s ]
INFO: [ view_parse ] --START--
INFO: [ template_filter ] --START--
INFO: Run Behavior\ContentReplaceBehavior [ RunTime:0.000062s ]
INFO: [ template_filter ] --END-- [ RunTime:0.000105s ]
INFO: Run Behavior\ParseTemplateBehavior [ RunTime:0.026746s ]
INFO: [ view_parse ] --END-- [ RunTime:0.026809s ]
INFO: [ view_filter ] --START--
INFO: Run Behavior\WriteHtmlCacheBehavior [ RunTime:0.000356s ]
INFO: [ view_filter ] --END-- [ RunTime:0.000392s ]
INFO: [ app_end ] --START--
INFO: Run Behavior\ShowPageTraceBehavior [ RunTime:0.000513s ]
INFO: [ app_end ] --END-- [ RunTime:0.000546s ]

[ 2016-08-06T00:45:36+08:00 ] 127.0.0.1 /cinema/Admin/Manager/verifyImg
INFO: [ app_init ] --START--
INFO: Run Behavior\BuildLiteBehavior [ RunTime:0.000022s ]
INFO: [ app_init ] --END-- [ RunTime:0.000516s ]
INFO: [ app_begin ] --START--
INFO: Run Behavior\ReadHtmlCacheBehavior [ RunTime:0.000812s ]
INFO: [ app_begin ] --END-- [ RunTime:0.000889s ]
SQL: SHOW COLUMNS FROM `xy_admin` [ RunTime:0.0055s ]
SQL: SHOW COLUMNS FROM `xy_ticket` [ RunTime:0.0059s ]
SQL: SHOW COLUMNS FROM `xy_movie` [ RunTime:0.0048s ]
SQL: SHOW COLUMNS FROM `xy_cinema` [ RunTime:0.0057s ]
SQL: SHOW COLUMNS FROM `xy_room` [ RunTime:0.0052s ]
SQL: SHOW COLUMNS FROM `xy_order` [ RunTime:0.0053s ]
SQL: SHOW COLUMNS FROM `xy_user` [ RunTime:0.0063s ]
SQL: SHOW COLUMNS FROM `xy_comment` [ RunTime:0.0056s ]
SQL: SHOW COLUMNS FROM `xy_employ` [ RunTime:0.0058s ]
SQL: SHOW COLUMNS FROM `xy_notice` [ RunTime:0.0046s ]
SQL: SHOW COLUMNS FROM `xy_stage` [ RunTime:0.0047s ]
INFO: [ app_end ] --START--
INFO: Run Behavior\ShowPageTraceBehavior [ RunTime:0.000719s ]
INFO: [ app_end ] --END-- [ RunTime:0.000787s ]

[ 2016-08-06T00:46:17+08:00 ] 127.0.0.1 /cinema/Admin/Manager/login
INFO: [ app_init ] --START--
INFO: Run Behavior\BuildLiteBehavior [ RunTime:0.000014s ]
INFO: [ app_init ] --END-- [ RunTime:0.000348s ]
INFO: [ app_begin ] --START--
INFO: Run Behavior\ReadHtmlCacheBehavior [ RunTime:0.000611s ]
INFO: [ app_begin ] --END-- [ RunTime:0.000716s ]
SQL: SHOW COLUMNS FROM `xy_admin` [ RunTime:0.0149s ]
SQL: SHOW COLUMNS FROM `xy_ticket` [ RunTime:0.0068s ]
SQL: SHOW COLUMNS FROM `xy_movie` [ RunTime:0.0067s ]
SQL: SHOW COLUMNS FROM `xy_cinema` [ RunTime:0.0069s ]
SQL: SHOW COLUMNS FROM `xy_room` [ RunTime:0.0067s ]
SQL: SHOW COLUMNS FROM `xy_order` [ RunTime:0.0075s ]
SQL: SHOW COLUMNS FROM `xy_user` [ RunTime:0.0079s ]
SQL: SHOW COLUMNS FROM `xy_comment` [ RunTime:0.0044s ]
SQL: SHOW COLUMNS FROM `xy_employ` [ RunTime:0.0069s ]
SQL: SHOW COLUMNS FROM `xy_notice` [ RunTime:0.0039s ]
SQL: SHOW COLUMNS FROM `xy_stage` [ RunTime:0.0065s ]
INFO: [ view_parse ] --START--
INFO: [ template_filter ] --START--
INFO: Run Behavior\ContentReplaceBehavior [ RunTime:0.000083s ]
INFO: [ template_filter ] --END-- [ RunTime:0.000160s ]
INFO: Run Behavior\ParseTemplateBehavior [ RunTime:0.026511s ]
INFO: [ view_parse ] --END-- [ RunTime:0.026575s ]
INFO: [ view_filter ] --START--
INFO: Run Behavior\WriteHtmlCacheBehavior [ RunTime:0.000335s ]
INFO: [ view_filter ] --END-- [ RunTime:0.000371s ]
INFO: [ app_end ] --START--
INFO: Run Behavior\ShowPageTraceBehavior [ RunTime:0.000613s ]
INFO: [ app_end ] --END-- [ RunTime:0.000665s ]

[ 2016-08-06T00:46:17+08:00 ] 127.0.0.1 /cinema/Admin/Manager/verifyImg
INFO: [ app_init ] --START--
INFO: Run Behavior\BuildLiteBehavior [ RunTime:0.000020s ]
INFO: [ app_init ] --END-- [ RunTime:0.000517s ]
INFO: [ app_begin ] --START--
INFO: Run Behavior\ReadHtmlCacheBehavior [ RunTime:0.000943s ]
INFO: [ app_begin ] --END-- [ RunTime:0.001033s ]
SQL: SHOW COLUMNS FROM `xy_admin` [ RunTime:0.0134s ]
SQL: SHOW COLUMNS FROM `xy_ticket` [ RunTime:0.0075s ]
SQL: SHOW COLUMNS FROM `xy_movie` [ RunTime:0.0080s ]
SQL: SHOW COLUMNS FROM `xy_cinema` [ RunTime:0.0091s ]
SQL: SHOW COLUMNS FROM `xy_room` [ RunTime:0.0071s ]
SQL: SHOW COLUMNS FROM `xy_order` [ RunTime:0.0085s ]
SQL: SHOW COLUMNS FROM `xy_user` [ RunTime:0.0074s ]
SQL: SHOW COLUMNS FROM `xy_comment` [ RunTime:0.0051s ]
SQL: SHOW COLUMNS FROM `xy_employ` [ RunTime:0.0484s ]
SQL: SHOW COLUMNS FROM `xy_notice` [ RunTime:0.0050s ]
SQL: SHOW COLUMNS FROM `xy_stage` [ RunTime:0.0096s ]
INFO: [ app_end ] --START--
INFO: Run Behavior\ShowPageTraceBehavior [ RunTime:0.001027s ]
INFO: [ app_end ] --END-- [ RunTime:0.001119s ]

[ 2016-08-06T00:46:35+08:00 ] 127.0.0.1 /cinema/Admin/Manager/login
INFO: [ app_init ] --START--
INFO: Run Behavior\BuildLiteBehavior [ RunTime:0.000012s ]
INFO: [ app_init ] --END-- [ RunTime:0.000320s ]
INFO: [ app_begin ] --START--
INFO: Run Behavior\ReadHtmlCacheBehavior [ RunTime:0.000505s ]
INFO: [ app_begin ] --END-- [ RunTime:0.000546s ]
SQL: SHOW COLUMNS FROM `xy_admin` [ RunTime:0.0137s ]
SQL: SHOW COLUMNS FROM `xy_ticket` [ RunTime:0.0492s ]
SQL: SHOW COLUMNS FROM `xy_movie` [ RunTime:0.0069s ]
SQL: SHOW COLUMNS FROM `xy_cinema` [ RunTime:0.0073s ]
SQL: SHOW COLUMNS FROM `xy_room` [ RunTime:0.0061s ]
SQL: SHOW COLUMNS FROM `xy_order` [ RunTime:0.0066s ]
SQL: SHOW COLUMNS FROM `xy_user` [ RunTime:0.0064s ]
SQL: SHOW COLUMNS FROM `xy_comment` [ RunTime:0.0039s ]
SQL: SHOW COLUMNS FROM `xy_employ` [ RunTime:0.0063s ]
SQL: SHOW COLUMNS FROM `xy_notice` [ RunTime:0.0037s ]
SQL: SHOW COLUMNS FROM `xy_stage` [ RunTime:0.0066s ]
INFO: [ view_parse ] --START--
INFO: [ template_filter ] --START--
INFO: Run Behavior\ContentReplaceBehavior [ RunTime:0.000061s ]
INFO: [ template_filter ] --END-- [ RunTime:0.000114s ]
INFO: Run Behavior\ParseTemplateBehavior [ RunTime:0.026055s ]
INFO: [ view_parse ] --END-- [ RunTime:0.026132s ]
INFO: [ view_filter ] --START--
INFO: Run Behavior\WriteHtmlCacheBehavior [ RunTime:0.000378s ]
INFO: [ view_filter ] --END-- [ RunTime:0.000414s ]
INFO: [ app_end ] --START--
INFO: Run Behavior\ShowPageTraceBehavior [ RunTime:0.000559s ]
INFO: [ app_end ] --END-- [ RunTime:0.000600s ]

[ 2016-08-06T00:46:35+08:00 ] 127.0.0.1 /cinema/Admin/Manager/verifyImg
INFO: [ app_init ] --START--
INFO: Run Behavior\BuildLiteBehavior [ RunTime:0.000023s ]
INFO: [ app_init ] --END-- [ RunTime:0.000563s ]
INFO: [ app_begin ] --START--
INFO: Run Behavior\ReadHtmlCacheBehavior [ RunTime:0.000809s ]
INFO: [ app_begin ] --END-- [ RunTime:0.000868s ]
SQL: SHOW COLUMNS FROM `xy_admin` [ RunTime:0.0074s ]
SQL: SHOW COLUMNS FROM `xy_ticket` [ RunTime:0.0126s ]
SQL: SHOW COLUMNS FROM `xy_movie` [ RunTime:0.0079s ]
SQL: SHOW COLUMNS FROM `xy_cinema` [ RunTime:0.0050s ]
SQL: SHOW COLUMNS FROM `xy_room` [ RunTime:0.0092s ]
SQL: SHOW COLUMNS FROM `xy_order` [ RunTime:0.0055s ]
SQL: SHOW COLUMNS FROM `xy_user` [ RunTime:0.0048s ]
SQL: SHOW COLUMNS FROM `xy_comment` [ RunTime:0.0066s ]
SQL: SHOW COLUMNS FROM `xy_employ` [ RunTime:0.0110s ]
SQL: SHOW COLUMNS FROM `xy_notice` [ RunTime:0.0055s ]
SQL: SHOW COLUMNS FROM `xy_stage` [ RunTime:0.0049s ]
INFO: [ app_end ] --START--
INFO: Run Behavior\ShowPageTraceBehavior [ RunTime:0.000973s ]
INFO: [ app_end ] --END-- [ RunTime:0.001068s ]

[ 2016-08-06T00:46:37+08:00 ] 127.0.0.1 /cinema/Admin/Manager/login
INFO: [ app_init ] --START--
INFO: Run Behavior\BuildLiteBehavior [ RunTime:0.000023s ]
INFO: [ app_init ] --END-- [ RunTime:0.000789s ]
INFO: [ app_begin ] --START--
INFO: Run Behavior\ReadHtmlCacheBehavior [ RunTime:0.000926s ]
INFO: [ app_begin ] --END-- [ RunTime:0.001019s ]
SQL: SHOW COLUMNS FROM `xy_admin` [ RunTime:0.0106s ]
SQL: SHOW COLUMNS FROM `xy_ticket` [ RunTime:0.0160s ]
SQL: SHOW COLUMNS FROM `xy_movie` [ RunTime:0.0087s ]
SQL: SHOW COLUMNS FROM `xy_cinema` [ RunTime:0.0066s ]
SQL: SHOW COLUMNS FROM `xy_room` [ RunTime:0.0067s ]
SQL: SHOW COLUMNS FROM `xy_order` [ RunTime:0.0064s ]
SQL: SHOW COLUMNS FROM `xy_user` [ RunTime:0.0069s ]
SQL: SHOW COLUMNS FROM `xy_comment` [ RunTime:0.0048s ]
SQL: SHOW COLUMNS FROM `xy_employ` [ RunTime:0.0065s ]
SQL: SHOW COLUMNS FROM `xy_notice` [ RunTime:0.0041s ]
SQL: SHOW COLUMNS FROM `xy_stage` [ RunTime:0.0064s ]
INFO: [ view_parse ] --START--
INFO: [ template_filter ] --START--
INFO: Run Behavior\ContentReplaceBehavior [ RunTime:0.000062s ]
INFO: [ template_filter ] --END-- [ RunTime:0.000116s ]
INFO: Run Behavior\ParseTemplateBehavior [ RunTime:0.008240s ]
INFO: [ view_parse ] --END-- [ RunTime:0.008300s ]
INFO: [ view_filter ] --START--
INFO: Run Behavior\WriteHtmlCacheBehavior [ RunTime:0.000442s ]
INFO: [ view_filter ] --END-- [ RunTime:0.000495s ]
INFO: [ app_end ] --START--
INFO: Run Behavior\ShowPageTraceBehavior [ RunTime:0.000773s ]
INFO: [ app_end ] --END-- [ RunTime:0.000844s ]

[ 2016-08-06T00:46:37+08:00 ] 127.0.0.1 /cinema/Admin/Manager/verifyImg
INFO: [ app_init ] --START--
INFO: Run Behavior\BuildLiteBehavior [ RunTime:0.000024s ]
INFO: [ app_init ] --END-- [ RunTime:0.000621s ]
INFO: [ app_begin ] --START--
INFO: Run Behavior\ReadHtmlCacheBehavior [ RunTime:0.000913s ]
INFO: [ app_begin ] --END-- [ RunTime:0.001003s ]
SQL: SHOW COLUMNS FROM `xy_admin` [ RunTime:0.0050s ]
SQL: SHOW COLUMNS FROM `xy_ticket` [ RunTime:0.0050s ]
SQL: SHOW COLUMNS FROM `xy_movie` [ RunTime:0.0048s ]
SQL: SHOW COLUMNS FROM `xy_cinema` [ RunTime:0.0060s ]
SQL: SHOW COLUMNS FROM `xy_room` [ RunTime:0.0054s ]
SQL: SHOW COLUMNS FROM `xy_order` [ RunTime:0.0051s ]
SQL: SHOW COLUMNS FROM `xy_user` [ RunTime:0.0050s ]
SQL: SHOW COLUMNS FROM `xy_comment` [ RunTime:0.0045s ]
SQL: SHOW COLUMNS FROM `xy_employ` [ RunTime:0.0061s ]
SQL: SHOW COLUMNS FROM `xy_notice` [ RunTime:0.0050s ]
SQL: SHOW COLUMNS FROM `xy_stage` [ RunTime:0.0052s ]
INFO: [ app_end ] --START--
INFO: Run Behavior\ShowPageTraceBehavior [ RunTime:0.000808s ]
INFO: [ app_end ] --END-- [ RunTime:0.000888s ]

[ 2016-08-06T00:46:49+08:00 ] 127.0.0.1 /cinema/Admin/Manager/login
INFO: [ app_init ] --START--
INFO: Run Behavior\BuildLiteBehavior [ RunTime:0.000014s ]
INFO: [ app_init ] --END-- [ RunTime:0.000397s ]
INFO: [ app_begin ] --START--
INFO: Run Behavior\ReadHtmlCacheBehavior [ RunTime:0.000856s ]
INFO: [ app_begin ] --END-- [ RunTime:0.000932s ]
SQL: SHOW COLUMNS FROM `xy_admin` [ RunTime:0.0115s ]
SQL: SHOW COLUMNS FROM `xy_ticket` [ RunTime:0.0076s ]
SQL: SHOW COLUMNS FROM `xy_movie` [ RunTime:0.0089s ]
SQL: SHOW COLUMNS FROM `xy_cinema` [ RunTime:0.0076s ]
SQL: SHOW COLUMNS FROM `xy_room` [ RunTime:0.0075s ]
SQL: SHOW COLUMNS FROM `xy_order` [ RunTime:0.0080s ]
SQL: SHOW COLUMNS FROM `xy_user` [ RunTime:0.0074s ]
SQL: SHOW COLUMNS FROM `xy_comment` [ RunTime:0.0045s ]
SQL: SHOW COLUMNS FROM `xy_employ` [ RunTime:0.0073s ]
SQL: SHOW COLUMNS FROM `xy_notice` [ RunTime:0.0052s ]
SQL: SHOW COLUMNS FROM `xy_stage` [ RunTime:0.0088s ]
SQL: SELECT * FROM `xy_admin` WHERE ( a_name='admin' ) LIMIT 1   [ RunTime:0.0004s ]
INFO: [ view_parse ] --START--
INFO: [ template_filter ] --START--
INFO: Run Behavior\ContentReplaceBehavior [ RunTime:0.000041s ]
INFO: [ template_filter ] --END-- [ RunTime:0.000116s ]
INFO: Run Behavior\ParseTemplateBehavior [ RunTime:0.007115s ]
INFO: [ view_parse ] --END-- [ RunTime:0.007204s ]
INFO: [ view_filter ] --START--
INFO: Run Behavior\WriteHtmlCacheBehavior [ RunTime:0.000527s ]
INFO: [ view_filter ] --END-- [ RunTime:0.000584s ]

[ 2016-08-06T00:46:52+08:00 ] 127.0.0.1 /cinema/Admin/Manager/login
INFO: [ app_init ] --START--
INFO: Run Behavior\BuildLiteBehavior [ RunTime:0.000015s ]
INFO: [ app_init ] --END-- [ RunTime:0.000409s ]
INFO: [ app_begin ] --START--
INFO: Run Behavior\ReadHtmlCacheBehavior [ RunTime:0.000652s ]
INFO: [ app_begin ] --END-- [ RunTime:0.000703s ]
SQL: SHOW COLUMNS FROM `xy_admin` [ RunTime:0.0112s ]
SQL: SHOW COLUMNS FROM `xy_ticket` [ RunTime:0.0088s ]
SQL: SHOW COLUMNS FROM `xy_movie` [ RunTime:0.0080s ]
SQL: SHOW COLUMNS FROM `xy_cinema` [ RunTime:0.0082s ]
SQL: SHOW COLUMNS FROM `xy_room` [ RunTime:0.0079s ]
SQL: SHOW COLUMNS FROM `xy_order` [ RunTime:0.0077s ]
SQL: SHOW COLUMNS FROM `xy_user` [ RunTime:0.0086s ]
SQL: SHOW COLUMNS FROM `xy_comment` [ RunTime:0.0073s ]
SQL: SHOW COLUMNS FROM `xy_employ` [ RunTime:0.0672s ]
SQL: SHOW COLUMNS FROM `xy_notice` [ RunTime:0.0510s ]
SQL: SHOW COLUMNS FROM `xy_stage` [ RunTime:0.0071s ]
INFO: [ view_parse ] --START--
INFO: [ template_filter ] --START--
INFO: Run Behavior\ContentReplaceBehavior [ RunTime:0.000059s ]
INFO: [ template_filter ] --END-- [ RunTime:0.000106s ]
INFO: Run Behavior\ParseTemplateBehavior [ RunTime:0.007306s ]
INFO: [ view_parse ] --END-- [ RunTime:0.007364s ]
INFO: [ view_filter ] --START--
INFO: Run Behavior\WriteHtmlCacheBehavior [ RunTime:0.000350s ]
INFO: [ view_filter ] --END-- [ RunTime:0.000385s ]
INFO: [ app_end ] --START--
INFO: Run Behavior\ShowPageTraceBehavior [ RunTime:0.000560s ]
INFO: [ app_end ] --END-- [ RunTime:0.000594s ]

[ 2016-08-06T00:46:52+08:00 ] 127.0.0.1 /cinema/Admin/Manager/verifyImg
INFO: [ app_init ] --START--
INFO: Run Behavior\BuildLiteBehavior [ RunTime:0.000021s ]
INFO: [ app_init ] --END-- [ RunTime:0.000556s ]
INFO: [ app_begin ] --START--
INFO: Run Behavior\ReadHtmlCacheBehavior [ RunTime:0.001136s ]
INFO: [ app_begin ] --END-- [ RunTime:0.001240s ]
SQL: SHOW COLUMNS FROM `xy_admin` [ RunTime:0.0051s ]
SQL: SHOW COLUMNS FROM `xy_ticket` [ RunTime:0.0049s ]
SQL: SHOW COLUMNS FROM `xy_movie` [ RunTime:0.0057s ]
SQL: SHOW COLUMNS FROM `xy_cinema` [ RunTime:0.0047s ]
SQL: SHOW COLUMNS FROM `xy_room` [ RunTime:0.0045s ]
SQL: SHOW COLUMNS FROM `xy_order` [ RunTime:0.0072s ]
SQL: SHOW COLUMNS FROM `xy_user` [ RunTime:0.0069s ]
SQL: SHOW COLUMNS FROM `xy_comment` [ RunTime:0.0077s ]
SQL: SHOW COLUMNS FROM `xy_employ` [ RunTime:0.0105s ]
SQL: SHOW COLUMNS FROM `xy_notice` [ RunTime:0.0063s ]
SQL: SHOW COLUMNS FROM `xy_stage` [ RunTime:0.0055s ]
INFO: [ app_end ] --START--
INFO: Run Behavior\ShowPageTraceBehavior [ RunTime:0.000903s ]
INFO: [ app_end ] --END-- [ RunTime:0.000983s ]

[ 2016-08-06T00:47:00+08:00 ] 127.0.0.1 /cinema/Admin/Manager/verifyImg/0.32360191317275167
INFO: [ app_init ] --START--
INFO: Run Behavior\BuildLiteBehavior [ RunTime:0.000011s ]
INFO: [ app_init ] --END-- [ RunTime:0.000322s ]
INFO: [ app_begin ] --START--
INFO: Run Behavior\ReadHtmlCacheBehavior [ RunTime:0.000525s ]
INFO: [ app_begin ] --END-- [ RunTime:0.000564s ]
SQL: SHOW COLUMNS FROM `xy_admin` [ RunTime:0.0101s ]
SQL: SHOW COLUMNS FROM `xy_ticket` [ RunTime:0.0081s ]
SQL: SHOW COLUMNS FROM `xy_movie` [ RunTime:0.0393s ]
SQL: SHOW COLUMNS FROM `xy_cinema` [ RunTime:0.0080s ]
SQL: SHOW COLUMNS FROM `xy_room` [ RunTime:0.0179s ]
SQL: SHOW COLUMNS FROM `xy_order` [ RunTime:0.0071s ]
SQL: SHOW COLUMNS FROM `xy_user` [ RunTime:0.0070s ]
SQL: SHOW COLUMNS FROM `xy_comment` [ RunTime:0.0044s ]
SQL: SHOW COLUMNS FROM `xy_employ` [ RunTime:0.0069s ]
SQL: SHOW COLUMNS FROM `xy_notice` [ RunTime:0.0040s ]
SQL: SHOW COLUMNS FROM `xy_stage` [ RunTime:0.0084s ]
INFO: [ app_end ] --START--
INFO: Run Behavior\ShowPageTraceBehavior [ RunTime:0.000645s ]
INFO: [ app_end ] --END-- [ RunTime:0.000702s ]

[ 2016-08-06T00:47:04+08:00 ] 127.0.0.1 /cinema/Admin/Manager/login
INFO: [ app_init ] --START--
INFO: Run Behavior\BuildLiteBehavior [ RunTime:0.000014s ]
INFO: [ app_init ] --END-- [ RunTime:0.000558s ]
INFO: [ app_begin ] --START--
INFO: Run Behavior\ReadHtmlCacheBehavior [ RunTime:0.000541s ]
INFO: [ app_begin ] --END-- [ RunTime:0.000588s ]
SQL: SHOW COLUMNS FROM `xy_admin` [ RunTime:0.0112s ]
SQL: SHOW COLUMNS FROM `xy_ticket` [ RunTime:0.0070s ]
SQL: SHOW COLUMNS FROM `xy_movie` [ RunTime:0.0079s ]
SQL: SHOW COLUMNS FROM `xy_cinema` [ RunTime:0.0074s ]
SQL: SHOW COLUMNS FROM `xy_room` [ RunTime:0.0077s ]
SQL: SHOW COLUMNS FROM `xy_order` [ RunTime:0.0071s ]
SQL: SHOW COLUMNS FROM `xy_user` [ RunTime:0.0080s ]
SQL: SHOW COLUMNS FROM `xy_comment` [ RunTime:0.0041s ]
SQL: SHOW COLUMNS FROM `xy_employ` [ RunTime:0.0069s ]
SQL: SHOW COLUMNS FROM `xy_notice` [ RunTime:0.0061s ]
SQL: SHOW COLUMNS FROM `xy_stage` [ RunTime:0.0067s ]
SQL: SELECT * FROM `xy_admin` WHERE ( a_name='admin' ) LIMIT 1   [ RunTime:0.0003s ]
INFO: [ view_parse ] --START--
INFO: [ template_filter ] --START--
INFO: Run Behavior\ContentReplaceBehavior [ RunTime:0.000040s ]
INFO: [ template_filter ] --END-- [ RunTime:0.000113s ]
INFO: Run Behavior\ParseTemplateBehavior [ RunTime:0.007968s ]
INFO: [ view_parse ] --END-- [ RunTime:0.008028s ]
INFO: [ view_filter ] --START--
INFO: Run Behavior\WriteHtmlCacheBehavior [ RunTime:0.000388s ]
INFO: [ view_filter ] --END-- [ RunTime:0.000425s ]
INFO: [ app_end ] --START--
INFO: Run Behavior\ShowPageTraceBehavior [ RunTime:0.000556s ]
INFO: [ app_end ] --END-- [ RunTime:0.000598s ]

[ 2016-08-06T00:47:05+08:00 ] 127.0.0.1 /cinema/Admin/Admin/index.html
INFO: [ app_init ] --START--
INFO: Run Behavior\BuildLiteBehavior [ RunTime:0.000012s ]
INFO: [ app_init ] --END-- [ RunTime:0.000319s ]
INFO: [ app_begin ] --START--
INFO: Run Behavior\ReadHtmlCacheBehavior [ RunTime:0.000527s ]
INFO: [ app_begin ] --END-- [ RunTime:0.000566s ]
SQL: SHOW COLUMNS FROM `xy_admin` [ RunTime:0.0099s ]
SQL: SHOW COLUMNS FROM `xy_ticket` [ RunTime:0.0074s ]
SQL: SHOW COLUMNS FROM `xy_movie` [ RunTime:0.0072s ]
SQL: SHOW COLUMNS FROM `xy_cinema` [ RunTime:0.0071s ]
SQL: SHOW COLUMNS FROM `xy_room` [ RunTime:0.0073s ]
SQL: SHOW COLUMNS FROM `xy_order` [ RunTime:0.0066s ]
SQL: SHOW COLUMNS FROM `xy_user` [ RunTime:0.0072s ]
SQL: SHOW COLUMNS FROM `xy_comment` [ RunTime:0.0045s ]
SQL: SHOW COLUMNS FROM `xy_employ` [ RunTime:0.0068s ]
SQL: SHOW COLUMNS FROM `xy_notice` [ RunTime:0.0046s ]
SQL: SHOW COLUMNS FROM `xy_stage` [ RunTime:0.0064s ]
INFO: [ view_parse ] --START--
INFO: [ template_filter ] --START--
INFO: Run Behavior\ContentReplaceBehavior [ RunTime:0.000076s ]
INFO: [ template_filter ] --END-- [ RunTime:0.000130s ]
INFO: Run Behavior\ParseTemplateBehavior [ RunTime:0.069755s ]
INFO: [ view_parse ] --END-- [ RunTime:0.069815s ]
INFO: [ view_filter ] --START--
INFO: Run Behavior\WriteHtmlCacheBehavior [ RunTime:0.000414s ]
INFO: [ view_filter ] --END-- [ RunTime:0.000449s ]
INFO: [ app_end ] --START--
INFO: Run Behavior\ShowPageTraceBehavior [ RunTime:0.000607s ]
INFO: [ app_end ] --END-- [ RunTime:0.000652s ]

[ 2016-08-06T00:47:06+08:00 ] 127.0.0.1 /cinema/Admin/User/index
INFO: [ app_init ] --START--
INFO: Run Behavior\BuildLiteBehavior [ RunTime:0.000014s ]
INFO: [ app_init ] --END-- [ RunTime:0.000406s ]
INFO: [ app_begin ] --START--
INFO: Run Behavior\ReadHtmlCacheBehavior [ RunTime:0.000694s ]
INFO: [ app_begin ] --END-- [ RunTime:0.000761s ]
SQL: SHOW COLUMNS FROM `xy_admin` [ RunTime:0.0049s ]
SQL: SHOW COLUMNS FROM `xy_ticket` [ RunTime:0.0051s ]
SQL: SHOW COLUMNS FROM `xy_movie` [ RunTime:0.0065s ]
SQL: SHOW COLUMNS FROM `xy_cinema` [ RunTime:0.0046s ]
SQL: SHOW COLUMNS FROM `xy_room` [ RunTime:0.0046s ]
SQL: SHOW COLUMNS FROM `xy_order` [ RunTime:0.0048s ]
SQL: SHOW COLUMNS FROM `xy_user` [ RunTime:0.0046s ]
SQL: SHOW COLUMNS FROM `xy_comment` [ RunTime:0.0052s ]
SQL: SHOW COLUMNS FROM `xy_employ` [ RunTime:0.0049s ]
SQL: SHOW COLUMNS FROM `xy_notice` [ RunTime:0.0049s ]
SQL: SHOW COLUMNS FROM `xy_stage` [ RunTime:0.0050s ]
SQL: SELECT * FROM `xy_user` WHERE ( u_delflag = 0 )  [ RunTime:0.0003s ]
INFO: [ view_parse ] --START--
INFO: [ template_filter ] --START--
INFO: Run Behavior\ContentReplaceBehavior [ RunTime:0.000066s ]
INFO: [ template_filter ] --END-- [ RunTime:0.000121s ]
INFO: Run Behavior\ParseTemplateBehavior [ RunTime:0.078845s ]
INFO: [ view_parse ] --END-- [ RunTime:0.078925s ]
INFO: [ view_filter ] --START--
INFO: Run Behavior\WriteHtmlCacheBehavior [ RunTime:0.004185s ]
INFO: [ view_filter ] --END-- [ RunTime:0.004281s ]
INFO: [ app_end ] --START--
INFO: Run Behavior\ShowPageTraceBehavior [ RunTime:0.001597s ]
INFO: [ app_end ] --END-- [ RunTime:0.001734s ]

[ 2016-08-06T00:47:29+08:00 ] 127.0.0.1 /cinema/Admin/Manager/logout
INFO: [ app_init ] --START--
INFO: Run Behavior\BuildLiteBehavior [ RunTime:0.000016s ]
INFO: [ app_init ] --END-- [ RunTime:0.000404s ]
INFO: [ app_begin ] --START--
INFO: Run Behavior\ReadHtmlCacheBehavior [ RunTime:0.000592s ]
INFO: [ app_begin ] --END-- [ RunTime:0.000640s ]
SQL: SHOW COLUMNS FROM `xy_admin` [ RunTime:0.0121s ]
SQL: SHOW COLUMNS FROM `xy_ticket` [ RunTime:0.0088s ]
SQL: SHOW COLUMNS FROM `xy_movie` [ RunTime:0.0084s ]
SQL: SHOW COLUMNS FROM `xy_cinema` [ RunTime:0.0108s ]
SQL: SHOW COLUMNS FROM `xy_room` [ RunTime:0.0102s ]
SQL: SHOW COLUMNS FROM `xy_order` [ RunTime:0.0138s ]
SQL: SHOW COLUMNS FROM `xy_user` [ RunTime:0.0096s ]
SQL: SHOW COLUMNS FROM `xy_comment` [ RunTime:0.0098s ]
SQL: SHOW COLUMNS FROM `xy_employ` [ RunTime:0.0096s ]
SQL: SHOW COLUMNS FROM `xy_notice` [ RunTime:0.0059s ]
SQL: SHOW COLUMNS FROM `xy_stage` [ RunTime:0.0097s ]
INFO: [ app_end ] --START--
INFO: Run Behavior\ShowPageTraceBehavior [ RunTime:0.001063s ]
INFO: [ app_end ] --END-- [ RunTime:0.001139s ]

[ 2016-08-06T00:47:29+08:00 ] 127.0.0.1 /cinema/Admin/Manager/login
INFO: [ app_init ] --START--
INFO: Run Behavior\BuildLiteBehavior [ RunTime:0.000022s ]
INFO: [ app_init ] --END-- [ RunTime:0.000570s ]
INFO: [ app_begin ] --START--
INFO: Run Behavior\ReadHtmlCacheBehavior [ RunTime:0.000948s ]
INFO: [ app_begin ] --END-- [ RunTime:0.001037s ]
SQL: SHOW COLUMNS FROM `xy_admin` [ RunTime:0.0115s ]
SQL: SHOW COLUMNS FROM `xy_ticket` [ RunTime:0.0172s ]
SQL: SHOW COLUMNS FROM `xy_movie` [ RunTime:0.0097s ]
SQL: SHOW COLUMNS FROM `xy_cinema` [ RunTime:0.0057s ]
SQL: SHOW COLUMNS FROM `xy_room` [ RunTime:0.0103s ]
SQL: SHOW COLUMNS FROM `xy_order` [ RunTime:0.0089s ]
SQL: SHOW COLUMNS FROM `xy_user` [ RunTime:0.0095s ]
SQL: SHOW COLUMNS FROM `xy_comment` [ RunTime:0.0061s ]
SQL: SHOW COLUMNS FROM `xy_employ` [ RunTime:0.0069s ]
SQL: SHOW COLUMNS FROM `xy_notice` [ RunTime:0.0064s ]
SQL: SHOW COLUMNS FROM `xy_stage` [ RunTime:0.0057s ]
INFO: [ view_parse ] --START--
INFO: [ template_filter ] --START--
INFO: Run Behavior\ContentReplaceBehavior [ RunTime:0.000106s ]
INFO: [ template_filter ] --END-- [ RunTime:0.000183s ]
INFO: Run Behavior\ParseTemplateBehavior [ RunTime:0.043384s ]
INFO: [ view_parse ] --END-- [ RunTime:0.043471s ]
INFO: [ view_filter ] --START--
INFO: Run Behavior\WriteHtmlCacheBehavior [ RunTime:0.000659s ]
INFO: [ view_filter ] --END-- [ RunTime:0.000721s ]
INFO: [ app_end ] --START--
INFO: Run Behavior\ShowPageTraceBehavior [ RunTime:0.000892s ]
INFO: [ app_end ] --END-- [ RunTime:0.000963s ]

[ 2016-08-06T00:47:29+08:00 ] 127.0.0.1 /cinema/Admin/Manager/verifyImg
INFO: [ app_init ] --START--
INFO: Run Behavior\BuildLiteBehavior [ RunTime:0.000023s ]
INFO: [ app_init ] --END-- [ RunTime:0.000606s ]
INFO: [ app_begin ] --START--
INFO: Run Behavior\ReadHtmlCacheBehavior [ RunTime:0.000997s ]
INFO: [ app_begin ] --END-- [ RunTime:0.001090s ]
SQL: SHOW COLUMNS FROM `xy_admin` [ RunTime:0.0053s ]
SQL: SHOW COLUMNS FROM `xy_ticket` [ RunTime:0.0060s ]
SQL: SHOW COLUMNS FROM `xy_movie` [ RunTime:0.0063s ]
SQL: SHOW COLUMNS FROM `xy_cinema` [ RunTime:0.0059s ]
SQL: SHOW COLUMNS FROM `xy_room` [ RunTime:0.0061s ]
SQL: SHOW COLUMNS FROM `xy_order` [ RunTime:0.0062s ]
SQL: SHOW COLUMNS FROM `xy_user` [ RunTime:0.0062s ]
SQL: SHOW COLUMNS FROM `xy_comment` [ RunTime:0.0062s ]
SQL: SHOW COLUMNS FROM `xy_employ` [ RunTime:0.0060s ]
SQL: SHOW COLUMNS FROM `xy_notice` [ RunTime:0.0083s ]
SQL: SHOW COLUMNS FROM `xy_stage` [ RunTime:0.0067s ]
INFO: [ app_end ] --START--
INFO: Run Behavior\ShowPageTraceBehavior [ RunTime:0.001081s ]
INFO: [ app_end ] --END-- [ RunTime:0.001207s ]

[ 2016-08-06T00:47:31+08:00 ] 127.0.0.1 /cinema/Admin/Manager/login
INFO: [ app_init ] --START--
INFO: Run Behavior\BuildLiteBehavior [ RunTime:0.000013s ]
INFO: [ app_init ] --END-- [ RunTime:0.000385s ]
INFO: [ app_begin ] --START--
INFO: Run Behavior\ReadHtmlCacheBehavior [ RunTime:0.000596s ]
INFO: [ app_begin ] --END-- [ RunTime:0.000648s ]
SQL: SHOW COLUMNS FROM `xy_admin` [ RunTime:0.0131s ]
SQL: SHOW COLUMNS FROM `xy_ticket` [ RunTime:0.0087s ]
SQL: SHOW COLUMNS FROM `xy_movie` [ RunTime:0.0101s ]
SQL: SHOW COLUMNS FROM `xy_cinema` [ RunTime:0.0097s ]
SQL: SHOW COLUMNS FROM `xy_room` [ RunTime:0.0076s ]
SQL: SHOW COLUMNS FROM `xy_order` [ RunTime:0.0082s ]
SQL: SHOW COLUMNS FROM `xy_user` [ RunTime:0.0131s ]
SQL: SHOW COLUMNS FROM `xy_comment` [ RunTime:0.0059s ]
SQL: SHOW COLUMNS FROM `xy_employ` [ RunTime:0.0097s ]
SQL: SHOW COLUMNS FROM `xy_notice` [ RunTime:0.0058s ]
SQL: SHOW COLUMNS FROM `xy_stage` [ RunTime:0.0094s ]
INFO: [ view_parse ] --START--
INFO: [ template_filter ] --START--
INFO: Run Behavior\ContentReplaceBehavior [ RunTime:0.000065s ]
INFO: [ template_filter ] --END-- [ RunTime:0.000121s ]
INFO: Run Behavior\ParseTemplateBehavior [ RunTime:0.008020s ]
INFO: [ view_parse ] --END-- [ RunTime:0.008110s ]
INFO: [ view_filter ] --START--
INFO: Run Behavior\WriteHtmlCacheBehavior [ RunTime:0.000702s ]
INFO: [ view_filter ] --END-- [ RunTime:0.000767s ]
INFO: [ app_end ] --START--
INFO: Run Behavior\ShowPageTraceBehavior [ RunTime:0.000891s ]
INFO: [ app_end ] --END-- [ RunTime:0.000954s ]

[ 2016-08-06T00:47:32+08:00 ] 127.0.0.1 /cinema/Admin/Manager/verifyImg
INFO: [ app_init ] --START--
INFO: Run Behavior\BuildLiteBehavior [ RunTime:0.000023s ]
INFO: [ app_init ] --END-- [ RunTime:0.000669s ]
INFO: [ app_begin ] --START--
INFO: Run Behavior\ReadHtmlCacheBehavior [ RunTime:0.000920s ]
INFO: [ app_begin ] --END-- [ RunTime:0.001002s ]
SQL: SHOW COLUMNS FROM `xy_admin` [ RunTime:0.0059s ]
SQL: SHOW COLUMNS FROM `xy_ticket` [ RunTime:0.0060s ]
SQL: SHOW COLUMNS FROM `xy_movie` [ RunTime:0.0198s ]
SQL: SHOW COLUMNS FROM `xy_cinema` [ RunTime:0.0104s ]
SQL: SHOW COLUMNS FROM `xy_room` [ RunTime:0.0107s ]
SQL: SHOW COLUMNS FROM `xy_order` [ RunTime:0.0107s ]
SQL: SHOW COLUMNS FROM `xy_user` [ RunTime:0.0102s ]
SQL: SHOW COLUMNS FROM `xy_comment` [ RunTime:0.0056s ]
SQL: SHOW COLUMNS FROM `xy_employ` [ RunTime:0.0096s ]
SQL: SHOW COLUMNS FROM `xy_notice` [ RunTime:0.0068s ]
SQL: SHOW COLUMNS FROM `xy_stage` [ RunTime:0.0108s ]
INFO: [ app_end ] --START--
INFO: Run Behavior\ShowPageTraceBehavior [ RunTime:0.000970s ]
INFO: [ app_end ] --END-- [ RunTime:0.001059s ]

[ 2016-08-06T00:47:42+08:00 ] 127.0.0.1 /cinema/Admin/Manager/login
INFO: [ app_init ] --START--
INFO: Run Behavior\BuildLiteBehavior [ RunTime:0.000027s ]
INFO: [ app_init ] --END-- [ RunTime:0.000597s ]
INFO: [ app_begin ] --START--
INFO: Run Behavior\ReadHtmlCacheBehavior [ RunTime:0.000875s ]
INFO: [ app_begin ] --END-- [ RunTime:0.000954s ]
SQL: SHOW COLUMNS FROM `xy_admin` [ RunTime:0.0451s ]
SQL: SHOW COLUMNS FROM `xy_ticket` [ RunTime:0.0103s ]
SQL: SHOW COLUMNS FROM `xy_movie` [ RunTime:0.0103s ]
SQL: SHOW COLUMNS FROM `xy_cinema` [ RunTime:0.0082s ]
SQL: SHOW COLUMNS FROM `xy_room` [ RunTime:0.0082s ]
SQL: SHOW COLUMNS FROM `xy_order` [ RunTime:0.0123s ]
SQL: SHOW COLUMNS FROM `xy_user` [ RunTime:0.0102s ]
SQL: SHOW COLUMNS FROM `xy_comment` [ RunTime:0.0103s ]
SQL: SHOW COLUMNS FROM `xy_employ` [ RunTime:0.0104s ]
SQL: SHOW COLUMNS FROM `xy_notice` [ RunTime:0.0069s ]
SQL: SHOW COLUMNS FROM `xy_stage` [ RunTime:0.0099s ]
SQL: SELECT * FROM `xy_admin` WHERE ( a_name='admin' ) LIMIT 1   [ RunTime:0.0004s ]
INFO: [ view_parse ] --START--
INFO: [ template_filter ] --START--
INFO: Run Behavior\ContentReplaceBehavior [ RunTime:0.000059s ]
INFO: [ template_filter ] --END-- [ RunTime:0.000149s ]
INFO: Run Behavior\ParseTemplateBehavior [ RunTime:0.023610s ]
INFO: [ view_parse ] --END-- [ RunTime:0.023714s ]
INFO: [ view_filter ] --START--
INFO: Run Behavior\WriteHtmlCacheBehavior [ RunTime:0.000604s ]
INFO: [ view_filter ] --END-- [ RunTime:0.000670s ]
INFO: [ app_end ] --START--
INFO: Run Behavior\ShowPageTraceBehavior [ RunTime:0.000978s ]
INFO: [ app_end ] --END-- [ RunTime:0.001053s ]

[ 2016-08-06T00:47:43+08:00 ] 127.0.0.1 /cinema/Admin/Admin/index.html
INFO: [ app_init ] --START--
INFO: Run Behavior\BuildLiteBehavior [ RunTime:0.000014s ]
INFO: [ app_init ] --END-- [ RunTime:0.000377s ]
INFO: [ app_begin ] --START--
INFO: Run Behavior\ReadHtmlCacheBehavior [ RunTime:0.000572s ]
INFO: [ app_begin ] --END-- [ RunTime:0.000624s ]
SQL: SHOW COLUMNS FROM `xy_admin` [ RunTime:0.0112s ]
SQL: SHOW COLUMNS FROM `xy_ticket` [ RunTime:0.0098s ]
SQL: SHOW COLUMNS FROM `xy_movie` [ RunTime:0.0100s ]
SQL: SHOW COLUMNS FROM `xy_cinema` [ RunTime:0.0102s ]
SQL: SHOW COLUMNS FROM `xy_room` [ RunTime:0.0100s ]
SQL: SHOW COLUMNS FROM `xy_order` [ RunTime:0.0102s ]
SQL: SHOW COLUMNS FROM `xy_user` [ RunTime:0.0083s ]
SQL: SHOW COLUMNS FROM `xy_comment` [ RunTime:0.0061s ]
SQL: SHOW COLUMNS FROM `xy_employ` [ RunTime:0.0105s ]
SQL: SHOW COLUMNS FROM `xy_notice` [ RunTime:0.0060s ]
SQL: SHOW COLUMNS FROM `xy_stage` [ RunTime:0.0092s ]
INFO: [ view_parse ] --START--
INFO: [ template_filter ] --START--
INFO: Run Behavior\ContentReplaceBehavior [ RunTime:0.000139s ]
INFO: [ template_filter ] --END-- [ RunTime:0.000242s ]
INFO: Run Behavior\ParseTemplateBehavior [ RunTime:0.052255s ]
INFO: [ view_parse ] --END-- [ RunTime:0.052343s ]
INFO: [ view_filter ] --START--
INFO: Run Behavior\WriteHtmlCacheBehavior [ RunTime:0.000708s ]
INFO: [ view_filter ] --END-- [ RunTime:0.000790s ]
INFO: [ app_end ] --START--
INFO: Run Behavior\ShowPageTraceBehavior [ RunTime:0.001031s ]
INFO: [ app_end ] --END-- [ RunTime:0.001126s ]

[ 2016-08-06T00:47:43+08:00 ] 127.0.0.1 /cinema/Admin/User/index
INFO: [ app_init ] --START--
INFO: Run Behavior\BuildLiteBehavior [ RunTime:0.000023s ]
INFO: [ app_init ] --END-- [ RunTime:0.000700s ]
INFO: [ app_begin ] --START--
INFO: Run Behavior\ReadHtmlCacheBehavior [ RunTime:0.000813s ]
INFO: [ app_begin ] --END-- [ RunTime:0.000892s ]
SQL: SHOW COLUMNS FROM `xy_admin` [ RunTime:0.0068s ]
SQL: SHOW COLUMNS FROM `xy_ticket` [ RunTime:0.0060s ]
SQL: SHOW COLUMNS FROM `xy_movie` [ RunTime:0.0072s ]
SQL: SHOW COLUMNS FROM `xy_cinema` [ RunTime:0.0060s ]
SQL: SHOW COLUMNS FROM `xy_room` [ RunTime:0.0056s ]
SQL: SHOW COLUMNS FROM `xy_order` [ RunTime:0.0061s ]
SQL: SHOW COLUMNS FROM `xy_user` [ RunTime:0.0071s ]
SQL: SHOW COLUMNS FROM `xy_comment` [ RunTime:0.0097s ]
SQL: SHOW COLUMNS FROM `xy_employ` [ RunTime:0.0062s ]
SQL: SHOW COLUMNS FROM `xy_notice` [ RunTime:0.0062s ]
SQL: SHOW COLUMNS FROM `xy_stage` [ RunTime:0.0061s ]
SQL: SELECT * FROM `xy_user` WHERE ( u_delflag = 0 )  [ RunTime:0.0004s ]
INFO: [ view_parse ] --START--
INFO: [ template_filter ] --START--
INFO: Run Behavior\ContentReplaceBehavior [ RunTime:0.000109s ]
INFO: [ template_filter ] --END-- [ RunTime:0.000197s ]
INFO: Run Behavior\ParseTemplateBehavior [ RunTime:0.014516s ]
INFO: [ view_parse ] --END-- [ RunTime:0.014618s ]
INFO: [ view_filter ] --START--
INFO: Run Behavior\WriteHtmlCacheBehavior [ RunTime:0.000629s ]
INFO: [ view_filter ] --END-- [ RunTime:0.000700s ]
INFO: [ app_end ] --START--
INFO: Run Behavior\ShowPageTraceBehavior [ RunTime:0.000945s ]
INFO: [ app_end ] --END-- [ RunTime:0.001035s ]

