[ 2016-08-23T01:03:06+08:00 ] 127.0.0.1 /cinema/Admin/Manager/login
INFO: [ app_init ] --START--
INFO: Run Behavior\BuildLiteBehavior [ RunTime:0.000012s ]
INFO: [ app_init ] --END-- [ RunTime:0.000426s ]
INFO: [ app_begin ] --START--
INFO: Run Behavior\ReadHtmlCacheBehavior [ RunTime:0.000575s ]
INFO: [ app_begin ] --END-- [ RunTime:0.000630s ]
SQL: SHOW COLUMNS FROM `xy_admin` [ RunTime:0.0142s ]
SQL: SHOW COLUMNS FROM `xy_ticket` [ RunTime:0.0076s ]
SQL: SHOW COLUMNS FROM `xy_movie` [ RunTime:0.0070s ]
SQL: SHOW COLUMNS FROM `xy_cinema` [ RunTime:0.0063s ]
SQL: SHOW COLUMNS FROM `xy_room` [ RunTime:0.0065s ]
SQL: SHOW COLUMNS FROM `xy_order` [ RunTime:0.0076s ]
SQL: SHOW COLUMNS FROM `xy_user` [ RunTime:0.0066s ]
SQL: SHOW COLUMNS FROM `xy_comment` [ RunTime:0.0039s ]
SQL: SHOW COLUMNS FROM `xy_employ` [ RunTime:0.0079s ]
SQL: SHOW COLUMNS FROM `xy_notice` [ RunTime:0.0047s ]
SQL: SHOW COLUMNS FROM `xy_stage` [ RunTime:0.0063s ]
INFO: [ view_parse ] --START--
INFO: [ template_filter ] --START--
INFO: Run Behavior\ContentReplaceBehavior [ RunTime:0.000063s ]
INFO: [ template_filter ] --END-- [ RunTime:0.000114s ]
INFO: Run Behavior\ParseTemplateBehavior [ RunTime:0.066241s ]
INFO: [ view_parse ] --END-- [ RunTime:0.066311s ]
INFO: [ view_filter ] --START--
INFO: Run Behavior\WriteHtmlCacheBehavior [ RunTime:0.000375s ]
INFO: [ view_filter ] --END-- [ RunTime:0.000415s ]
INFO: [ app_end ] --START--
INFO: Run Behavior\ShowPageTraceBehavior [ RunTime:0.000735s ]
INFO: [ app_end ] --END-- [ RunTime:0.000788s ]

[ 2016-08-23T01:03:07+08:00 ] 127.0.0.1 /cinema/Admin/Manager/verifyImg
INFO: [ app_init ] --START--
INFO: Run Behavior\BuildLiteBehavior [ RunTime:0.000039s ]
INFO: [ app_init ] --END-- [ RunTime:0.000668s ]
INFO: [ app_begin ] --START--
INFO: Run Behavior\ReadHtmlCacheBehavior [ RunTime:0.000867s ]
INFO: [ app_begin ] --END-- [ RunTime:0.000963s ]
SQL: SHOW COLUMNS FROM `xy_admin` [ RunTime:0.0202s ]
SQL: SHOW COLUMNS FROM `xy_ticket` [ RunTime:0.0084s ]
SQL: SHOW COLUMNS FROM `xy_movie` [ RunTime:0.0091s ]
SQL: SHOW COLUMNS FROM `xy_cinema` [ RunTime:0.0120s ]
SQL: SHOW COLUMNS FROM `xy_room` [ RunTime:0.0083s ]
SQL: SHOW COLUMNS FROM `xy_order` [ RunTime:0.0098s ]
SQL: SHOW COLUMNS FROM `xy_user` [ RunTime:0.0083s ]
SQL: SHOW COLUMNS FROM `xy_comment` [ RunTime:0.0059s ]
SQL: SHOW COLUMNS FROM `xy_employ` [ RunTime:0.0093s ]
SQL: SHOW COLUMNS FROM `xy_notice` [ RunTime:0.0048s ]
SQL: SHOW COLUMNS FROM `xy_stage` [ RunTime:0.0074s ]
INFO: [ app_end ] --START--
INFO: Run Behavior\ShowPageTraceBehavior [ RunTime:0.000653s ]
INFO: [ app_end ] --END-- [ RunTime:0.000714s ]

[ 2016-08-23T01:03:09+08:00 ] 127.0.0.1 /cinema/Admin/Manager/verifyImg/0.056204502237960696
INFO: [ app_init ] --START--
INFO: Run Behavior\BuildLiteBehavior [ RunTime:0.000012s ]
INFO: [ app_init ] --END-- [ RunTime:0.000299s ]
INFO: [ app_begin ] --START--
INFO: Run Behavior\ReadHtmlCacheBehavior [ RunTime:0.000378s ]
INFO: [ app_begin ] --END-- [ RunTime:0.000418s ]
SQL: SHOW COLUMNS FROM `xy_admin` [ RunTime:0.0110s ]
SQL: SHOW COLUMNS FROM `xy_ticket` [ RunTime:0.0093s ]
SQL: SHOW COLUMNS FROM `xy_movie` [ RunTime:0.0065s ]
SQL: SHOW COLUMNS FROM `xy_cinema` [ RunTime:0.0078s ]
SQL: SHOW COLUMNS FROM `xy_room` [ RunTime:0.0077s ]
SQL: SHOW COLUMNS FROM `xy_order` [ RunTime:0.0068s ]
SQL: SHOW COLUMNS FROM `xy_user` [ RunTime:0.0063s ]
SQL: SHOW COLUMNS FROM `xy_comment` [ RunTime:0.0037s ]
SQL: SHOW COLUMNS FROM `xy_employ` [ RunTime:0.0062s ]
SQL: SHOW COLUMNS FROM `xy_notice` [ RunTime:0.0183s ]
SQL: SHOW COLUMNS FROM `xy_stage` [ RunTime:0.0062s ]
INFO: [ app_end ] --START--
INFO: Run Behavior\ShowPageTraceBehavior [ RunTime:0.000587s ]
INFO: [ app_end ] --END-- [ RunTime:0.000651s ]

[ 2016-08-23T01:03:10+08:00 ] 127.0.0.1 /cinema/Admin/Manager/verifyImg/0.4392976451199502
INFO: [ app_init ] --START--
INFO: Run Behavior\BuildLiteBehavior [ RunTime:0.000011s ]
INFO: [ app_init ] --END-- [ RunTime:0.000275s ]
INFO: [ app_begin ] --START--
INFO: Run Behavior\ReadHtmlCacheBehavior [ RunTime:0.000351s ]
INFO: [ app_begin ] --END-- [ RunTime:0.000390s ]
SQL: SHOW COLUMNS FROM `xy_admin` [ RunTime:0.0093s ]
SQL: SHOW COLUMNS FROM `xy_ticket` [ RunTime:0.0067s ]
SQL: SHOW COLUMNS FROM `xy_movie` [ RunTime:0.0067s ]
SQL: SHOW COLUMNS FROM `xy_cinema` [ RunTime:0.0071s ]
SQL: SHOW COLUMNS FROM `xy_room` [ RunTime:0.0076s ]
SQL: SHOW COLUMNS FROM `xy_order` [ RunTime:0.0062s ]
SQL: SHOW COLUMNS FROM `xy_user` [ RunTime:0.0062s ]
SQL: SHOW COLUMNS FROM `xy_comment` [ RunTime:0.0043s ]
SQL: SHOW COLUMNS FROM `xy_employ` [ RunTime:0.0064s ]
SQL: SHOW COLUMNS FROM `xy_notice` [ RunTime:0.0039s ]
SQL: SHOW COLUMNS FROM `xy_stage` [ RunTime:0.0064s ]
INFO: [ app_end ] --START--
INFO: Run Behavior\ShowPageTraceBehavior [ RunTime:0.000527s ]
INFO: [ app_end ] --END-- [ RunTime:0.000577s ]

[ 2016-08-23T01:03:10+08:00 ] 127.0.0.1 /cinema/Admin/Manager/verifyImg/0.3290332464966923
INFO: [ app_init ] --START--
INFO: Run Behavior\BuildLiteBehavior [ RunTime:0.000014s ]
INFO: [ app_init ] --END-- [ RunTime:0.000363s ]
INFO: [ app_begin ] --START--
INFO: Run Behavior\ReadHtmlCacheBehavior [ RunTime:0.000457s ]
INFO: [ app_begin ] --END-- [ RunTime:0.000499s ]
SQL: SHOW COLUMNS FROM `xy_admin` [ RunTime:0.0043s ]
SQL: SHOW COLUMNS FROM `xy_ticket` [ RunTime:0.0042s ]
SQL: SHOW COLUMNS FROM `xy_movie` [ RunTime:0.0040s ]
SQL: SHOW COLUMNS FROM `xy_cinema` [ RunTime:0.0038s ]
SQL: SHOW COLUMNS FROM `xy_room` [ RunTime:0.0037s ]
SQL: SHOW COLUMNS FROM `xy_order` [ RunTime:0.0041s ]
SQL: SHOW COLUMNS FROM `xy_user` [ RunTime:0.0054s ]
SQL: SHOW COLUMNS FROM `xy_comment` [ RunTime:0.0046s ]
SQL: SHOW COLUMNS FROM `xy_employ` [ RunTime:0.0046s ]
SQL: SHOW COLUMNS FROM `xy_notice` [ RunTime:0.0041s ]
SQL: SHOW COLUMNS FROM `xy_stage` [ RunTime:0.0037s ]
INFO: [ app_end ] --START--
INFO: Run Behavior\ShowPageTraceBehavior [ RunTime:0.000551s ]
INFO: [ app_end ] --END-- [ RunTime:0.000602s ]

[ 2016-08-23T01:03:11+08:00 ] 127.0.0.1 /cinema/Admin/Manager/verifyImg/0.44644803064875305
INFO: [ app_init ] --START--
INFO: Run Behavior\BuildLiteBehavior [ RunTime:0.000014s ]
INFO: [ app_init ] --END-- [ RunTime:0.000314s ]
INFO: [ app_begin ] --START--
INFO: Run Behavior\ReadHtmlCacheBehavior [ RunTime:0.000385s ]
INFO: [ app_begin ] --END-- [ RunTime:0.000440s ]
SQL: SHOW COLUMNS FROM `xy_admin` [ RunTime:0.0093s ]
SQL: SHOW COLUMNS FROM `xy_ticket` [ RunTime:0.0064s ]
SQL: SHOW COLUMNS FROM `xy_movie` [ RunTime:0.0065s ]
SQL: SHOW COLUMNS FROM `xy_cinema` [ RunTime:0.0059s ]
SQL: SHOW COLUMNS FROM `xy_room` [ RunTime:0.0059s ]
SQL: SHOW COLUMNS FROM `xy_order` [ RunTime:0.0060s ]
SQL: SHOW COLUMNS FROM `xy_user` [ RunTime:0.0060s ]
SQL: SHOW COLUMNS FROM `xy_comment` [ RunTime:0.0042s ]
SQL: SHOW COLUMNS FROM `xy_employ` [ RunTime:0.0064s ]
SQL: SHOW COLUMNS FROM `xy_notice` [ RunTime:0.0036s ]
SQL: SHOW COLUMNS FROM `xy_stage` [ RunTime:0.0063s ]
INFO: [ app_end ] --START--
INFO: Run Behavior\ShowPageTraceBehavior [ RunTime:0.000554s ]
INFO: [ app_end ] --END-- [ RunTime:0.000607s ]

[ 2016-08-23T01:03:11+08:00 ] 127.0.0.1 /cinema/Admin/Manager/verifyImg/0.43347758147865534
INFO: [ app_init ] --START--
INFO: Run Behavior\BuildLiteBehavior [ RunTime:0.000012s ]
INFO: [ app_init ] --END-- [ RunTime:0.000308s ]
INFO: [ app_begin ] --START--
INFO: Run Behavior\ReadHtmlCacheBehavior [ RunTime:0.000380s ]
INFO: [ app_begin ] --END-- [ RunTime:0.000422s ]
SQL: SHOW COLUMNS FROM `xy_admin` [ RunTime:0.0044s ]
SQL: SHOW COLUMNS FROM `xy_ticket` [ RunTime:0.0050s ]
SQL: SHOW COLUMNS FROM `xy_movie` [ RunTime:0.0048s ]
SQL: SHOW COLUMNS FROM `xy_cinema` [ RunTime:0.0040s ]
SQL: SHOW COLUMNS FROM `xy_room` [ RunTime:0.0035s ]
SQL: SHOW COLUMNS FROM `xy_order` [ RunTime:0.0036s ]
SQL: SHOW COLUMNS FROM `xy_user` [ RunTime:0.0039s ]
SQL: SHOW COLUMNS FROM `xy_comment` [ RunTime:0.0035s ]
SQL: SHOW COLUMNS FROM `xy_employ` [ RunTime:0.0037s ]
SQL: SHOW COLUMNS FROM `xy_notice` [ RunTime:0.0037s ]
SQL: SHOW COLUMNS FROM `xy_stage` [ RunTime:0.0062s ]
INFO: [ app_end ] --START--
INFO: Run Behavior\ShowPageTraceBehavior [ RunTime:0.000551s ]
INFO: [ app_end ] --END-- [ RunTime:0.000601s ]

[ 2016-08-23T01:03:11+08:00 ] 127.0.0.1 /cinema/Admin/Manager/verifyImg/0.6172042503021657
INFO: [ app_init ] --START--
INFO: Run Behavior\BuildLiteBehavior [ RunTime:0.000012s ]
INFO: [ app_init ] --END-- [ RunTime:0.000311s ]
INFO: [ app_begin ] --START--
INFO: Run Behavior\ReadHtmlCacheBehavior [ RunTime:0.000403s ]
INFO: [ app_begin ] --END-- [ RunTime:0.000446s ]
SQL: SHOW COLUMNS FROM `xy_admin` [ RunTime:0.0069s ]
SQL: SHOW COLUMNS FROM `xy_ticket` [ RunTime:0.0161s ]
SQL: SHOW COLUMNS FROM `xy_movie` [ RunTime:0.0040s ]
SQL: SHOW COLUMNS FROM `xy_cinema` [ RunTime:0.0038s ]
SQL: SHOW COLUMNS FROM `xy_room` [ RunTime:0.0037s ]
SQL: SHOW COLUMNS FROM `xy_order` [ RunTime:0.0038s ]
SQL: SHOW COLUMNS FROM `xy_user` [ RunTime:0.0037s ]
SQL: SHOW COLUMNS FROM `xy_comment` [ RunTime:0.0038s ]
SQL: SHOW COLUMNS FROM `xy_employ` [ RunTime:0.0037s ]
SQL: SHOW COLUMNS FROM `xy_notice` [ RunTime:0.0037s ]
SQL: SHOW COLUMNS FROM `xy_stage` [ RunTime:0.0043s ]
INFO: [ app_end ] --START--
INFO: Run Behavior\ShowPageTraceBehavior [ RunTime:0.000550s ]
INFO: [ app_end ] --END-- [ RunTime:0.000602s ]

[ 2016-08-23T01:03:12+08:00 ] 127.0.0.1 /cinema/Admin/Manager/verifyImg/0.28500147559680045
INFO: [ app_init ] --START--
INFO: Run Behavior\BuildLiteBehavior [ RunTime:0.000011s ]
INFO: [ app_init ] --END-- [ RunTime:0.000295s ]
INFO: [ app_begin ] --START--
INFO: Run Behavior\ReadHtmlCacheBehavior [ RunTime:0.000351s ]
INFO: [ app_begin ] --END-- [ RunTime:0.000390s ]
SQL: SHOW COLUMNS FROM `xy_admin` [ RunTime:0.0090s ]
SQL: SHOW COLUMNS FROM `xy_ticket` [ RunTime:0.0068s ]
SQL: SHOW COLUMNS FROM `xy_movie` [ RunTime:0.0061s ]
SQL: SHOW COLUMNS FROM `xy_cinema` [ RunTime:0.0063s ]
SQL: SHOW COLUMNS FROM `xy_room` [ RunTime:0.0060s ]
SQL: SHOW COLUMNS FROM `xy_order` [ RunTime:0.0062s ]
SQL: SHOW COLUMNS FROM `xy_user` [ RunTime:0.0062s ]
SQL: SHOW COLUMNS FROM `xy_comment` [ RunTime:0.0036s ]
SQL: SHOW COLUMNS FROM `xy_employ` [ RunTime:0.0066s ]
SQL: SHOW COLUMNS FROM `xy_notice` [ RunTime:0.0041s ]
SQL: SHOW COLUMNS FROM `xy_stage` [ RunTime:0.0065s ]
INFO: [ app_end ] --START--
INFO: Run Behavior\ShowPageTraceBehavior [ RunTime:0.000553s ]
INFO: [ app_end ] --END-- [ RunTime:0.000603s ]

[ 2016-08-23T01:03:12+08:00 ] 127.0.0.1 /cinema/Admin/Manager/verifyImg/0.5107203922234476
INFO: [ app_init ] --START--
INFO: Run Behavior\BuildLiteBehavior [ RunTime:0.000012s ]
INFO: [ app_init ] --END-- [ RunTime:0.000286s ]
INFO: [ app_begin ] --START--
INFO: Run Behavior\ReadHtmlCacheBehavior [ RunTime:0.000347s ]
INFO: [ app_begin ] --END-- [ RunTime:0.000385s ]
SQL: SHOW COLUMNS FROM `xy_admin` [ RunTime:0.0038s ]
SQL: SHOW COLUMNS FROM `xy_ticket` [ RunTime:0.0042s ]
SQL: SHOW COLUMNS FROM `xy_movie` [ RunTime:0.0043s ]
SQL: SHOW COLUMNS FROM `xy_cinema` [ RunTime:0.0039s ]
SQL: SHOW COLUMNS FROM `xy_room` [ RunTime:0.0036s ]
SQL: SHOW COLUMNS FROM `xy_order` [ RunTime:0.0063s ]
SQL: SHOW COLUMNS FROM `xy_user` [ RunTime:0.0038s ]
SQL: SHOW COLUMNS FROM `xy_comment` [ RunTime:0.0036s ]
SQL: SHOW COLUMNS FROM `xy_employ` [ RunTime:0.0036s ]
SQL: SHOW COLUMNS FROM `xy_notice` [ RunTime:0.0039s ]
SQL: SHOW COLUMNS FROM `xy_stage` [ RunTime:0.0037s ]
INFO: [ app_end ] --START--
INFO: Run Behavior\ShowPageTraceBehavior [ RunTime:0.000587s ]
INFO: [ app_end ] --END-- [ RunTime:0.000638s ]

[ 2016-08-23T01:03:12+08:00 ] 127.0.0.1 /cinema/Admin/Manager/verifyImg/0.20982175995595753
INFO: [ app_init ] --START--
INFO: Run Behavior\BuildLiteBehavior [ RunTime:0.000013s ]
INFO: [ app_init ] --END-- [ RunTime:0.000351s ]
INFO: [ app_begin ] --START--
INFO: Run Behavior\ReadHtmlCacheBehavior [ RunTime:0.000459s ]
INFO: [ app_begin ] --END-- [ RunTime:0.000516s ]
SQL: SHOW COLUMNS FROM `xy_admin` [ RunTime:0.0043s ]
SQL: SHOW COLUMNS FROM `xy_ticket` [ RunTime:0.0041s ]
SQL: SHOW COLUMNS FROM `xy_movie` [ RunTime:0.0045s ]
SQL: SHOW COLUMNS FROM `xy_cinema` [ RunTime:0.0037s ]
SQL: SHOW COLUMNS FROM `xy_room` [ RunTime:0.0035s ]
SQL: SHOW COLUMNS FROM `xy_order` [ RunTime:0.0037s ]
SQL: SHOW COLUMNS FROM `xy_user` [ RunTime:0.0038s ]
SQL: SHOW COLUMNS FROM `xy_comment` [ RunTime:0.0037s ]
SQL: SHOW COLUMNS FROM `xy_employ` [ RunTime:0.0037s ]
SQL: SHOW COLUMNS FROM `xy_notice` [ RunTime:0.0037s ]
SQL: SHOW COLUMNS FROM `xy_stage` [ RunTime:0.0057s ]
INFO: [ app_end ] --START--
INFO: Run Behavior\ShowPageTraceBehavior [ RunTime:0.000882s ]
INFO: [ app_end ] --END-- [ RunTime:0.000965s ]

[ 2016-08-23T01:03:12+08:00 ] 127.0.0.1 /cinema/Admin/Manager/verifyImg/0.9850603530649096
INFO: [ app_init ] --START--
INFO: Run Behavior\BuildLiteBehavior [ RunTime:0.000011s ]
INFO: [ app_init ] --END-- [ RunTime:0.000330s ]
INFO: [ app_begin ] --START--
INFO: Run Behavior\ReadHtmlCacheBehavior [ RunTime:0.000377s ]
INFO: [ app_begin ] --END-- [ RunTime:0.000422s ]
SQL: SHOW COLUMNS FROM `xy_admin` [ RunTime:0.0040s ]
SQL: SHOW COLUMNS FROM `xy_ticket` [ RunTime:0.0041s ]
SQL: SHOW COLUMNS FROM `xy_movie` [ RunTime:0.0040s ]
SQL: SHOW COLUMNS FROM `xy_cinema` [ RunTime:0.0036s ]
SQL: SHOW COLUMNS FROM `xy_room` [ RunTime:0.0047s ]
SQL: SHOW COLUMNS FROM `xy_order` [ RunTime:0.0037s ]
SQL: SHOW COLUMNS FROM `xy_user` [ RunTime:0.0039s ]
SQL: SHOW COLUMNS FROM `xy_comment` [ RunTime:0.0036s ]
SQL: SHOW COLUMNS FROM `xy_employ` [ RunTime:0.0037s ]
SQL: SHOW COLUMNS FROM `xy_notice` [ RunTime:0.0039s ]
SQL: SHOW COLUMNS FROM `xy_stage` [ RunTime:0.0047s ]
INFO: [ app_end ] --START--
INFO: Run Behavior\ShowPageTraceBehavior [ RunTime:0.000605s ]
INFO: [ app_end ] --END-- [ RunTime:0.000664s ]

