[ 2016-08-05T17:35:50+08:00 ] 127.0.0.1 /cinema/Public/Upload/img/2016-08-05/th_57a42e2483518.jpg
INFO: [ app_init ] --START--
INFO: Run Behavior\BuildLiteBehavior [ RunTime:0.000022s ]
INFO: [ app_init ] --END-- [ RunTime:0.000534s ]

[ 2016-08-05T17:35:50+08:00 ] 127.0.0.1 /cinema/Public/Upload/img/2016-08-05/57a44a8db0003_sm.jpg
INFO: [ app_init ] --START--
INFO: Run Behavior\BuildLiteBehavior [ RunTime:0.000023s ]
INFO: [ app_init ] --END-- [ RunTime:0.000537s ]

[ 2016-08-05T17:44:44+08:00 ] 127.0.0.1 /cinema/Public/Upload/img/2016-08-03/57a0cfdf889a7_sm.jpg
INFO: [ app_init ] --START--
INFO: Run Behavior\BuildLiteBehavior [ RunTime:0.000024s ]
INFO: [ app_init ] --END-- [ RunTime:0.000631s ]

[ 2016-08-05T17:45:34+08:00 ] 127.0.0.1 /cinema/Public/Upload/img/2016-08-03/57a0c8aa7d994_sm.jpg
INFO: [ app_init ] --START--
INFO: Run Behavior\BuildLiteBehavior [ RunTime:0.000013s ]
INFO: [ app_init ] --END-- [ RunTime:0.000362s ]

[ 2016-08-05T17:45:50+08:00 ] 127.0.0.1 /cinema/Public/Upload/img/2016-08-05/th_57a438c5eafb1.jpg
INFO: [ app_init ] --START--
INFO: Run Behavior\BuildLiteBehavior [ RunTime:0.000021s ]
INFO: [ app_init ] --END-- [ RunTime:0.000486s ]

[ 2016-08-05T17:45:50+08:00 ] 127.0.0.1 /cinema/Public/Upload/img/2016-08-03/57a0cc0289cdc_sm.jpg
INFO: [ app_init ] --START--
INFO: Run Behavior\BuildLiteBehavior [ RunTime:0.000045s ]
INFO: [ app_init ] --END-- [ RunTime:0.000704s ]

[ 2016-08-05T17:46:11+08:00 ] 127.0.0.1 /cinema/Public/Upload/img/2016-08-03/57a0d0a4dac91_sm.jpg
INFO: [ app_init ] --START--
INFO: Run Behavior\BuildLiteBehavior [ RunTime:0.000024s ]
INFO: [ app_init ] --END-- [ RunTime:0.000566s ]

[ 2016-08-05T17:46:44+08:00 ] 127.0.0.1 /cinema/Public/Upload/img/2016-08-03/57a0ccf23ec8e_sm.jpg
INFO: [ app_init ] --START--
INFO: Run Behavior\BuildLiteBehavior [ RunTime:0.000014s ]
INFO: [ app_init ] --END-- [ RunTime:0.000356s ]

[ 2016-08-05T17:47:03+08:00 ] 127.0.0.1 /cinema/Public/Upload/img/2016-08-03/57a0cf3685338_sm.jpg
INFO: [ app_init ] --START--
INFO: Run Behavior\BuildLiteBehavior [ RunTime:0.000019s ]
INFO: [ app_init ] --END-- [ RunTime:0.000530s ]

[ 2016-08-05T17:47:32+08:00 ] 127.0.0.1 /cinema/Public/Upload/img/2016-08-03/57a0cdb27f5d3_sm.jpg
INFO: [ app_init ] --START--
INFO: Run Behavior\BuildLiteBehavior [ RunTime:0.000014s ]
INFO: [ app_init ] --END-- [ RunTime:0.000408s ]

[ 2016-08-05T17:47:47+08:00 ] 127.0.0.1 /cinema/Public/Upload/img/2016-08-05/57a45a2117ed4_sm.jpg
INFO: [ app_init ] --START--
INFO: Run Behavior\BuildLiteBehavior [ RunTime:0.000022s ]
INFO: [ app_init ] --END-- [ RunTime:0.000628s ]

[ 2016-08-05T17:47:47+08:00 ] 127.0.0.1 /cinema/Public/Upload/img/2016-08-05/57a45aa284bee_sm.jpg
INFO: [ app_init ] --START--
INFO: Run Behavior\BuildLiteBehavior [ RunTime:0.000022s ]
INFO: [ app_init ] --END-- [ RunTime:0.000547s ]

[ 2016-08-05T17:47:47+08:00 ] 127.0.0.1 /cinema/Public/Upload/img/2016-08-05/57a45aa940e45_sm.jpg
INFO: [ app_init ] --START--
INFO: Run Behavior\BuildLiteBehavior [ RunTime:0.000021s ]
INFO: [ app_init ] --END-- [ RunTime:0.000490s ]

[ 2016-08-05T17:47:47+08:00 ] 127.0.0.1 /cinema/Public/Upload/img/2016-08-05/57a45abdbec40_sm.jpg
INFO: [ app_init ] --START--
INFO: Run Behavior\BuildLiteBehavior [ RunTime:0.000020s ]
INFO: [ app_init ] --END-- [ RunTime:0.000484s ]

[ 2016-08-05T17:47:47+08:00 ] 127.0.0.1 /cinema/Public/Upload/img/2016-08-05/57a45aa5aebee_sm.jpg
INFO: [ app_init ] --START--
INFO: Run Behavior\BuildLiteBehavior [ RunTime:0.000019s ]
INFO: [ app_init ] --END-- [ RunTime:0.000495s ]

[ 2016-08-05T17:47:47+08:00 ] 127.0.0.1 /cinema/Public/Upload/img/2016-08-05/57a45aacdfb54_sm.jpg
INFO: [ app_init ] --START--
INFO: Run Behavior\BuildLiteBehavior [ RunTime:0.000022s ]
INFO: [ app_init ] --END-- [ RunTime:0.000583s ]

[ 2016-08-05T17:47:47+08:00 ] 127.0.0.1 /cinema/Public/Upload/img/2016-08-05/57a45ab9a3d7a_sm.jpg
INFO: [ app_init ] --START--
INFO: Run Behavior\BuildLiteBehavior [ RunTime:0.000013s ]
INFO: [ app_init ] --END-- [ RunTime:0.000356s ]

[ 2016-08-05T17:47:52+08:00 ] 127.0.0.1 /cinema/Public/Upload/img/2016-08-05/57a45aacdfb54_sm.jpg
INFO: [ app_init ] --START--
INFO: Run Behavior\BuildLiteBehavior [ RunTime:0.000020s ]
INFO: [ app_init ] --END-- [ RunTime:0.000433s ]

[ 2016-08-05T17:47:52+08:00 ] 127.0.0.1 /cinema/Public/Upload/img/2016-08-05/57a45aa5aebee_sm.jpg
INFO: [ app_init ] --START--
INFO: Run Behavior\BuildLiteBehavior [ RunTime:0.000022s ]
INFO: [ app_init ] --END-- [ RunTime:0.001047s ]

[ 2016-08-05T17:47:52+08:00 ] 127.0.0.1 /cinema/Public/Upload/img/2016-08-05/57a45aa284bee_sm.jpg
INFO: [ app_init ] --START--
INFO: Run Behavior\BuildLiteBehavior [ RunTime:0.000019s ]
INFO: [ app_init ] --END-- [ RunTime:0.000478s ]

[ 2016-08-05T17:47:52+08:00 ] 127.0.0.1 /cinema/Public/Upload/img/2016-08-05/57a45abdbec40_sm.jpg
INFO: [ app_init ] --START--
INFO: Run Behavior\BuildLiteBehavior [ RunTime:0.000019s ]
INFO: [ app_init ] --END-- [ RunTime:0.000479s ]

[ 2016-08-05T17:47:52+08:00 ] 127.0.0.1 /cinema/Public/Upload/img/2016-08-05/57a45ab9a3d7a_sm.jpg
INFO: [ app_init ] --START--
INFO: Run Behavior\BuildLiteBehavior [ RunTime:0.000021s ]
INFO: [ app_init ] --END-- [ RunTime:0.000536s ]

[ 2016-08-05T17:47:52+08:00 ] 127.0.0.1 /cinema/Public/Upload/img/2016-08-05/57a45aa940e45_sm.jpg
INFO: [ app_init ] --START--
INFO: Run Behavior\BuildLiteBehavior [ RunTime:0.000019s ]
INFO: [ app_init ] --END-- [ RunTime:0.000476s ]

[ 2016-08-05T17:47:57+08:00 ] 127.0.0.1 /cinema/Public/Upload/img/2016-08-05/57a45aa5aebee_sm.jpg
INFO: [ app_init ] --START--
INFO: Run Behavior\BuildLiteBehavior [ RunTime:0.000018s ]
INFO: [ app_init ] --END-- [ RunTime:0.000426s ]

[ 2016-08-05T17:47:57+08:00 ] 127.0.0.1 /cinema/Public/Upload/img/2016-08-05/57a45aa940e45_sm.jpg
INFO: [ app_init ] --START--
INFO: Run Behavior\BuildLiteBehavior [ RunTime:0.000019s ]
INFO: [ app_init ] --END-- [ RunTime:0.000749s ]

[ 2016-08-05T17:47:57+08:00 ] 127.0.0.1 /cinema/Public/Upload/img/2016-08-05/57a45aacdfb54_sm.jpg
INFO: [ app_init ] --START--
INFO: Run Behavior\BuildLiteBehavior [ RunTime:0.000021s ]
INFO: [ app_init ] --END-- [ RunTime:0.000486s ]

[ 2016-08-05T17:47:57+08:00 ] 127.0.0.1 /cinema/Public/Upload/img/2016-08-05/57a45abdbec40_sm.jpg
INFO: [ app_init ] --START--
INFO: Run Behavior\BuildLiteBehavior [ RunTime:0.000022s ]
INFO: [ app_init ] --END-- [ RunTime:0.000556s ]

[ 2016-08-05T17:47:57+08:00 ] 127.0.0.1 /cinema/Public/Upload/img/2016-08-05/57a45ab9a3d7a_sm.jpg
INFO: [ app_init ] --START--
INFO: Run Behavior\BuildLiteBehavior [ RunTime:0.000018s ]
INFO: [ app_init ] --END-- [ RunTime:0.000513s ]

[ 2016-08-05T17:48:00+08:00 ] 127.0.0.1 /cinema/Public/Upload/img/2016-08-05/57a45abdbec40_sm.jpg
INFO: [ app_init ] --START--
INFO: Run Behavior\BuildLiteBehavior [ RunTime:0.000018s ]
INFO: [ app_init ] --END-- [ RunTime:0.000467s ]

[ 2016-08-05T17:48:00+08:00 ] 127.0.0.1 /cinema/Public/Upload/img/2016-08-05/57a45aa940e45_sm.jpg
INFO: [ app_init ] --START--
INFO: Run Behavior\BuildLiteBehavior [ RunTime:0.000019s ]
INFO: [ app_init ] --END-- [ RunTime:0.000454s ]

[ 2016-08-05T17:48:00+08:00 ] 127.0.0.1 /cinema/Public/Upload/img/2016-08-05/57a45ab9a3d7a_sm.jpg
INFO: [ app_init ] --START--
INFO: Run Behavior\BuildLiteBehavior [ RunTime:0.000020s ]
INFO: [ app_init ] --END-- [ RunTime:0.000540s ]

[ 2016-08-05T17:48:03+08:00 ] 127.0.0.1 /cinema/Public/Upload/img/2016-08-05/57a45ab9a3d7a_sm.jpg
INFO: [ app_init ] --START--
INFO: Run Behavior\BuildLiteBehavior [ RunTime:0.000019s ]
INFO: [ app_init ] --END-- [ RunTime:0.000432s ]

[ 2016-08-05T17:48:03+08:00 ] 127.0.0.1 /cinema/Public/Upload/img/2016-08-05/57a45abdbec40_sm.jpg
INFO: [ app_init ] --START--
INFO: Run Behavior\BuildLiteBehavior [ RunTime:0.000019s ]
INFO: [ app_init ] --END-- [ RunTime:0.000513s ]

[ 2016-08-05T17:48:03+08:00 ] 127.0.0.1 /cinema/Public/Upload/img/2016-08-05/57a45aacdfb54_sm.jpg
INFO: [ app_init ] --START--
INFO: Run Behavior\BuildLiteBehavior [ RunTime:0.000023s ]
INFO: [ app_init ] --END-- [ RunTime:0.000666s ]

[ 2016-08-05T17:48:06+08:00 ] 127.0.0.1 /cinema/Public/Upload/img/2016-08-05/57a45ab9a3d7a_sm.jpg
INFO: [ app_init ] --START--
INFO: Run Behavior\BuildLiteBehavior [ RunTime:0.000014s ]
INFO: [ app_init ] --END-- [ RunTime:0.000417s ]

[ 2016-08-05T17:48:06+08:00 ] 127.0.0.1 /cinema/Public/Upload/img/2016-08-05/57a45abdbec40_sm.jpg
INFO: [ app_init ] --START--
INFO: Run Behavior\BuildLiteBehavior [ RunTime:0.000023s ]
INFO: [ app_init ] --END-- [ RunTime:0.000600s ]

[ 2016-08-05T17:48:09+08:00 ] 127.0.0.1 /cinema/Public/Upload/img/2016-08-05/57a45abdbec40_sm.jpg
INFO: [ app_init ] --START--
INFO: Run Behavior\BuildLiteBehavior [ RunTime:0.000035s ]
INFO: [ app_init ] --END-- [ RunTime:0.000898s ]

[ 2016-08-05T17:50:34+08:00 ] 127.0.0.1 /cinema/Home/Home/index
INFO: [ app_init ] --START--
INFO: Run Behavior\BuildLiteBehavior [ RunTime:0.000011s ]
INFO: [ app_init ] --END-- [ RunTime:0.000332s ]
INFO: [ app_begin ] --START--
INFO: Run Behavior\ReadHtmlCacheBehavior [ RunTime:0.000492s ]
INFO: [ app_begin ] --END-- [ RunTime:0.000532s ]
SQL: SHOW COLUMNS FROM `xy_ticket` [ RunTime:0.0094s ]
SQL: SHOW COLUMNS FROM `xy_movie` [ RunTime:0.0070s ]
SQL: SHOW COLUMNS FROM `xy_cinema` [ RunTime:0.0061s ]
SQL: SHOW COLUMNS FROM `xy_room` [ RunTime:0.0063s ]
SQL: SHOW COLUMNS FROM `xy_order` [ RunTime:0.0066s ]
SQL: SHOW COLUMNS FROM `xy_user` [ RunTime:0.0062s ]
SQL: SHOW COLUMNS FROM `xy_comment` [ RunTime:0.0039s ]
SQL: SHOW COLUMNS FROM `xy_employ` [ RunTime:0.0060s ]
SQL: SHOW COLUMNS FROM `xy_notice` [ RunTime:0.0037s ]
SQL: SHOW COLUMNS FROM `xy_wantmovie` [ RunTime:0.0067s ]
SQL: SHOW COLUMNS FROM `xy_stage` [ RunTime:0.0040s ]
SQL: SELECT * FROM `xy_movie` WHERE ( m_delflag=0 ) ORDER BY m_showdate  [ RunTime:0.0005s ]
INFO: [ view_parse ] --START--
INFO: [ template_filter ] --START--
INFO: Run Behavior\ContentReplaceBehavior [ RunTime:0.000094s ]
INFO: [ template_filter ] --END-- [ RunTime:0.000144s ]
INFO: Run Behavior\ParseTemplateBehavior [ RunTime:0.164926s ]
INFO: [ view_parse ] --END-- [ RunTime:0.164996s ]
INFO: [ view_filter ] --START--
INFO: Run Behavior\WriteHtmlCacheBehavior [ RunTime:0.000459s ]
INFO: [ view_filter ] --END-- [ RunTime:0.000509s ]
INFO: [ app_end ] --START--
INFO: Run Behavior\ShowPageTraceBehavior [ RunTime:0.001256s ]
INFO: [ app_end ] --END-- [ RunTime:0.001359s ]

[ 2016-08-05T17:50:35+08:00 ] 127.0.0.1 /cinema/Home/Home/getlocation
INFO: [ app_init ] --START--
INFO: Run Behavior\BuildLiteBehavior [ RunTime:0.000022s ]
INFO: [ app_init ] --END-- [ RunTime:0.000639s ]
INFO: [ app_begin ] --START--
INFO: Run Behavior\ReadHtmlCacheBehavior [ RunTime:0.000925s ]
INFO: [ app_begin ] --END-- [ RunTime:0.001023s ]
SQL: SHOW COLUMNS FROM `xy_ticket` [ RunTime:0.0047s ]
SQL: SHOW COLUMNS FROM `xy_movie` [ RunTime:0.0050s ]
SQL: SHOW COLUMNS FROM `xy_cinema` [ RunTime:0.0043s ]
SQL: SHOW COLUMNS FROM `xy_room` [ RunTime:0.0045s ]
SQL: SHOW COLUMNS FROM `xy_order` [ RunTime:0.0139s ]
SQL: SHOW COLUMNS FROM `xy_user` [ RunTime:0.0078s ]
SQL: SHOW COLUMNS FROM `xy_comment` [ RunTime:0.0078s ]
SQL: SHOW COLUMNS FROM `xy_employ` [ RunTime:0.0073s ]
SQL: SHOW COLUMNS FROM `xy_notice` [ RunTime:0.0038s ]
SQL: SHOW COLUMNS FROM `xy_wantmovie` [ RunTime:0.0060s ]
SQL: SHOW COLUMNS FROM `xy_stage` [ RunTime:0.0721s ]
SQL: SELECT DISTINCT  `c_location` FROM `xy_cinema` WHERE ( c_delflag=0 )  [ RunTime:0.0003s ]
INFO: [ app_end ] --START--
INFO: Run Behavior\ShowPageTraceBehavior [ RunTime:0.000522s ]
INFO: [ app_end ] --END-- [ RunTime:0.000568s ]

[ 2016-08-05T17:50:35+08:00 ] 127.0.0.1 /cinema/Home/Home/getcity
INFO: [ app_init ] --START--
INFO: Run Behavior\BuildLiteBehavior [ RunTime:0.000012s ]
INFO: [ app_init ] --END-- [ RunTime:0.000312s ]
INFO: [ app_begin ] --START--
INFO: Run Behavior\ReadHtmlCacheBehavior [ RunTime:0.000567s ]
INFO: [ app_begin ] --END-- [ RunTime:0.000612s ]
SQL: SHOW COLUMNS FROM `xy_ticket` [ RunTime:0.0062s ]
SQL: SHOW COLUMNS FROM `xy_movie` [ RunTime:0.0063s ]
SQL: SHOW COLUMNS FROM `xy_cinema` [ RunTime:0.0036s ]
SQL: SHOW COLUMNS FROM `xy_room` [ RunTime:0.0062s ]
SQL: SHOW COLUMNS FROM `xy_order` [ RunTime:0.0037s ]
SQL: SHOW COLUMNS FROM `xy_user` [ RunTime:0.0038s ]
SQL: SHOW COLUMNS FROM `xy_comment` [ RunTime:0.0037s ]
SQL: SHOW COLUMNS FROM `xy_employ` [ RunTime:0.0038s ]
SQL: SHOW COLUMNS FROM `xy_notice` [ RunTime:0.0036s ]
SQL: SHOW COLUMNS FROM `xy_wantmovie` [ RunTime:0.0038s ]
SQL: SHOW COLUMNS FROM `xy_stage` [ RunTime:0.0036s ]
SQL: SELECT `c_location` FROM `xy_cinema` WHERE ( c_delflag=0 )  [ RunTime:0.0003s ]
INFO: [ app_end ] --START--
INFO: Run Behavior\ShowPageTraceBehavior [ RunTime:0.000657s ]
INFO: [ app_end ] --END-- [ RunTime:0.000702s ]

[ 2016-08-05T17:50:35+08:00 ] 127.0.0.1 /cinema/Home/Home/getcinema
INFO: [ app_init ] --START--
INFO: Run Behavior\BuildLiteBehavior [ RunTime:0.000021s ]
INFO: [ app_init ] --END-- [ RunTime:0.000336s ]
INFO: [ app_begin ] --START--
INFO: Run Behavior\ReadHtmlCacheBehavior [ RunTime:0.000495s ]
INFO: [ app_begin ] --END-- [ RunTime:0.000535s ]
SQL: SHOW COLUMNS FROM `xy_ticket` [ RunTime:0.0037s ]
SQL: SHOW COLUMNS FROM `xy_movie` [ RunTime:0.0042s ]
SQL: SHOW COLUMNS FROM `xy_cinema` [ RunTime:0.0037s ]
SQL: SHOW COLUMNS FROM `xy_room` [ RunTime:0.0037s ]
SQL: SHOW COLUMNS FROM `xy_order` [ RunTime:0.0048s ]
SQL: SHOW COLUMNS FROM `xy_user` [ RunTime:0.0038s ]
SQL: SHOW COLUMNS FROM `xy_comment` [ RunTime:0.0036s ]
SQL: SHOW COLUMNS FROM `xy_employ` [ RunTime:0.0038s ]
SQL: SHOW COLUMNS FROM `xy_notice` [ RunTime:0.0036s ]
SQL: SHOW COLUMNS FROM `xy_wantmovie` [ RunTime:0.0040s ]
SQL: SHOW COLUMNS FROM `xy_stage` [ RunTime:0.0046s ]
SQL: SELECT `c_id`,`c_name` FROM `xy_cinema` WHERE ( c_delflag=0 and c_location='汕头' )  [ RunTime:0.0003s ]
INFO: [ app_end ] --START--
INFO: Run Behavior\ShowPageTraceBehavior [ RunTime:0.000650s ]
INFO: [ app_end ] --END-- [ RunTime:0.000695s ]

[ 2016-08-05T17:50:35+08:00 ] 127.0.0.1 /cinema/Home/Home/getmovie
INFO: [ app_init ] --START--
INFO: Run Behavior\BuildLiteBehavior [ RunTime:0.000014s ]
INFO: [ app_init ] --END-- [ RunTime:0.000324s ]
INFO: [ app_begin ] --START--
INFO: Run Behavior\ReadHtmlCacheBehavior [ RunTime:0.000469s ]
INFO: [ app_begin ] --END-- [ RunTime:0.000508s ]
SQL: SHOW COLUMNS FROM `xy_ticket` [ RunTime:0.0041s ]
SQL: SHOW COLUMNS FROM `xy_movie` [ RunTime:0.0038s ]
SQL: SHOW COLUMNS FROM `xy_cinema` [ RunTime:0.0038s ]
SQL: SHOW COLUMNS FROM `xy_room` [ RunTime:0.0038s ]
SQL: SHOW COLUMNS FROM `xy_order` [ RunTime:0.0040s ]
SQL: SHOW COLUMNS FROM `xy_user` [ RunTime:0.0042s ]
SQL: SHOW COLUMNS FROM `xy_comment` [ RunTime:0.0036s ]
SQL: SHOW COLUMNS FROM `xy_employ` [ RunTime:0.0050s ]
SQL: SHOW COLUMNS FROM `xy_notice` [ RunTime:0.0037s ]
SQL: SHOW COLUMNS FROM `xy_wantmovie` [ RunTime:0.0041s ]
SQL: SHOW COLUMNS FROM `xy_stage` [ RunTime:0.0037s ]
SQL: SELECT DISTINCT  `t_id`,`t_movieid`,`t_date`,`t_time` FROM `xy_ticket` WHERE ( t_delflag=0 and t_cinemaid=3 and t_issale=1 )  [ RunTime:0.0003s ]
SQL: SELECT `m_id`,`m_name` FROM `xy_movie` WHERE `m_id` = 8 LIMIT 1   [ RunTime:0.0002s ]
INFO: [ app_end ] --START--
INFO: Run Behavior\ShowPageTraceBehavior [ RunTime:0.000647s ]
INFO: [ app_end ] --END-- [ RunTime:0.000689s ]

[ 2016-08-05T17:50:37+08:00 ] 127.0.0.1 /cinema/Home/Movie/detail/m_id/8
INFO: [ app_init ] --START--
INFO: Run Behavior\BuildLiteBehavior [ RunTime:0.000012s ]
INFO: [ app_init ] --END-- [ RunTime:0.000364s ]
INFO: [ app_begin ] --START--
INFO: Run Behavior\ReadHtmlCacheBehavior [ RunTime:0.000490s ]
INFO: [ app_begin ] --END-- [ RunTime:0.000531s ]
SQL: SHOW COLUMNS FROM `xy_ticket` [ RunTime:0.0096s ]
SQL: SHOW COLUMNS FROM `xy_movie` [ RunTime:0.0065s ]
SQL: SHOW COLUMNS FROM `xy_cinema` [ RunTime:0.0237s ]
SQL: SHOW COLUMNS FROM `xy_room` [ RunTime:0.0065s ]
SQL: SHOW COLUMNS FROM `xy_order` [ RunTime:0.0066s ]
SQL: SHOW COLUMNS FROM `xy_user` [ RunTime:0.0062s ]
SQL: SHOW COLUMNS FROM `xy_comment` [ RunTime:0.0042s ]
SQL: SHOW COLUMNS FROM `xy_employ` [ RunTime:0.0068s ]
SQL: SHOW COLUMNS FROM `xy_notice` [ RunTime:0.0047s ]
SQL: SHOW COLUMNS FROM `xy_wantmovie` [ RunTime:0.0067s ]
SQL: SHOW COLUMNS FROM `xy_stage` [ RunTime:0.0038s ]
SQL: SELECT * FROM `xy_movie` WHERE `m_id` = 8 LIMIT 1   [ RunTime:0.0004s ]
SQL: SELECT * FROM `xy_stage` WHERE ( s_delflag=0 and s_movieid=8 )  [ RunTime:0.0002s ]
SQL: SELECT * FROM `xy_comment` WHERE ( c_delflag=0 and c_movieid=8 ) ORDER BY c_subtime desc  [ RunTime:0.0002s ]
SQL: SELECT * FROM `xy_wantmovie` WHERE ( w_userid=11 and w_movieid=8 and w_delflag=0 ) LIMIT 1   [ RunTime:0.0002s ]
INFO: [ view_parse ] --START--
INFO: [ template_filter ] --START--
INFO: Run Behavior\ContentReplaceBehavior [ RunTime:0.000088s ]
INFO: [ template_filter ] --END-- [ RunTime:0.000137s ]
INFO: Run Behavior\ParseTemplateBehavior [ RunTime:0.063803s ]
INFO: [ view_parse ] --END-- [ RunTime:0.063867s ]
INFO: [ view_filter ] --START--
INFO: Run Behavior\WriteHtmlCacheBehavior [ RunTime:0.000370s ]
INFO: [ view_filter ] --END-- [ RunTime:0.000408s ]
INFO: [ app_end ] --START--
INFO: Run Behavior\ShowPageTraceBehavior [ RunTime:0.000880s ]
INFO: [ app_end ] --END-- [ RunTime:0.000956s ]

[ 2016-08-05T17:50:37+08:00 ] 127.0.0.1 /cinema/Home/Home/getlocation
INFO: [ app_init ] --START--
INFO: Run Behavior\BuildLiteBehavior [ RunTime:0.000022s ]
INFO: [ app_init ] --END-- [ RunTime:0.000564s ]
INFO: [ app_begin ] --START--
INFO: Run Behavior\ReadHtmlCacheBehavior [ RunTime:0.000807s ]
INFO: [ app_begin ] --END-- [ RunTime:0.000881s ]
SQL: SHOW COLUMNS FROM `xy_ticket` [ RunTime:0.0058s ]
SQL: SHOW COLUMNS FROM `xy_movie` [ RunTime:0.0070s ]
SQL: SHOW COLUMNS FROM `xy_cinema` [ RunTime:0.0047s ]
SQL: SHOW COLUMNS FROM `xy_room` [ RunTime:0.0051s ]
SQL: SHOW COLUMNS FROM `xy_order` [ RunTime:0.0048s ]
SQL: SHOW COLUMNS FROM `xy_user` [ RunTime:0.0044s ]
SQL: SHOW COLUMNS FROM `xy_comment` [ RunTime:0.0038s ]
SQL: SHOW COLUMNS FROM `xy_employ` [ RunTime:0.0039s ]
SQL: SHOW COLUMNS FROM `xy_notice` [ RunTime:0.0045s ]
SQL: SHOW COLUMNS FROM `xy_wantmovie` [ RunTime:0.0036s ]
SQL: SHOW COLUMNS FROM `xy_stage` [ RunTime:0.0038s ]
SQL: SELECT DISTINCT  `c_location` FROM `xy_cinema` WHERE ( c_delflag=0 )  [ RunTime:0.0003s ]
INFO: [ app_end ] --START--
INFO: Run Behavior\ShowPageTraceBehavior [ RunTime:0.000526s ]
INFO: [ app_end ] --END-- [ RunTime:0.000574s ]

[ 2016-08-05T17:50:37+08:00 ] 127.0.0.1 /cinema/Home/Home/getcity
INFO: [ app_init ] --START--
INFO: Run Behavior\BuildLiteBehavior [ RunTime:0.000012s ]
INFO: [ app_init ] --END-- [ RunTime:0.000343s ]
INFO: [ app_begin ] --START--
INFO: Run Behavior\ReadHtmlCacheBehavior [ RunTime:0.000505s ]
INFO: [ app_begin ] --END-- [ RunTime:0.000546s ]
SQL: SHOW COLUMNS FROM `xy_ticket` [ RunTime:0.0044s ]
SQL: SHOW COLUMNS FROM `xy_movie` [ RunTime:0.0036s ]
SQL: SHOW COLUMNS FROM `xy_cinema` [ RunTime:0.0036s ]
SQL: SHOW COLUMNS FROM `xy_room` [ RunTime:0.0039s ]
SQL: SHOW COLUMNS FROM `xy_order` [ RunTime:0.0041s ]
SQL: SHOW COLUMNS FROM `xy_user` [ RunTime:0.0035s ]
SQL: SHOW COLUMNS FROM `xy_comment` [ RunTime:0.0034s ]
SQL: SHOW COLUMNS FROM `xy_employ` [ RunTime:0.0036s ]
SQL: SHOW COLUMNS FROM `xy_notice` [ RunTime:0.0036s ]
SQL: SHOW COLUMNS FROM `xy_wantmovie` [ RunTime:0.0035s ]
SQL: SHOW COLUMNS FROM `xy_stage` [ RunTime:0.0036s ]
SQL: SELECT `c_location` FROM `xy_cinema` WHERE ( c_delflag=0 )  [ RunTime:0.0002s ]
INFO: [ app_end ] --START--
INFO: Run Behavior\ShowPageTraceBehavior [ RunTime:0.000655s ]
INFO: [ app_end ] --END-- [ RunTime:0.000695s ]

[ 2016-08-05T17:50:37+08:00 ] 127.0.0.1 /cinema/Home/Home/getcinema
INFO: [ app_init ] --START--
INFO: Run Behavior\BuildLiteBehavior [ RunTime:0.000012s ]
INFO: [ app_init ] --END-- [ RunTime:0.000339s ]
INFO: [ app_begin ] --START--
INFO: Run Behavior\ReadHtmlCacheBehavior [ RunTime:0.000498s ]
INFO: [ app_begin ] --END-- [ RunTime:0.000538s ]
SQL: SHOW COLUMNS FROM `xy_ticket` [ RunTime:0.0047s ]
SQL: SHOW COLUMNS FROM `xy_movie` [ RunTime:0.0037s ]
SQL: SHOW COLUMNS FROM `xy_cinema` [ RunTime:0.0035s ]
SQL: SHOW COLUMNS FROM `xy_room` [ RunTime:0.0036s ]
SQL: SHOW COLUMNS FROM `xy_order` [ RunTime:0.0038s ]
SQL: SHOW COLUMNS FROM `xy_user` [ RunTime:0.0037s ]
SQL: SHOW COLUMNS FROM `xy_comment` [ RunTime:0.0035s ]
SQL: SHOW COLUMNS FROM `xy_employ` [ RunTime:0.0037s ]
SQL: SHOW COLUMNS FROM `xy_notice` [ RunTime:0.0036s ]
SQL: SHOW COLUMNS FROM `xy_wantmovie` [ RunTime:0.0043s ]
SQL: SHOW COLUMNS FROM `xy_stage` [ RunTime:0.0037s ]
SQL: SELECT `c_id`,`c_name` FROM `xy_cinema` WHERE ( c_delflag=0 and c_location='汕头' )  [ RunTime:0.0003s ]
INFO: [ app_end ] --START--
INFO: Run Behavior\ShowPageTraceBehavior [ RunTime:0.000625s ]
INFO: [ app_end ] --END-- [ RunTime:0.000666s ]

[ 2016-08-05T17:50:38+08:00 ] 127.0.0.1 /cinema/Home/Home/getmovie
INFO: [ app_init ] --START--
INFO: Run Behavior\BuildLiteBehavior [ RunTime:0.000013s ]
INFO: [ app_init ] --END-- [ RunTime:0.000352s ]
INFO: [ app_begin ] --START--
INFO: Run Behavior\ReadHtmlCacheBehavior [ RunTime:0.000509s ]
INFO: [ app_begin ] --END-- [ RunTime:0.000549s ]
SQL: SHOW COLUMNS FROM `xy_ticket` [ RunTime:0.0093s ]
SQL: SHOW COLUMNS FROM `xy_movie` [ RunTime:0.0066s ]
SQL: SHOW COLUMNS FROM `xy_cinema` [ RunTime:0.0061s ]
SQL: SHOW COLUMNS FROM `xy_room` [ RunTime:0.0333s ]
SQL: SHOW COLUMNS FROM `xy_order` [ RunTime:0.0064s ]
SQL: SHOW COLUMNS FROM `xy_user` [ RunTime:0.0118s ]
SQL: SHOW COLUMNS FROM `xy_comment` [ RunTime:0.0042s ]
SQL: SHOW COLUMNS FROM `xy_employ` [ RunTime:0.0087s ]
SQL: SHOW COLUMNS FROM `xy_notice` [ RunTime:0.0040s ]
SQL: SHOW COLUMNS FROM `xy_wantmovie` [ RunTime:0.0317s ]
SQL: SHOW COLUMNS FROM `xy_stage` [ RunTime:0.0084s ]
SQL: SELECT DISTINCT  `t_id`,`t_movieid`,`t_date`,`t_time` FROM `xy_ticket` WHERE ( t_delflag=0 and t_cinemaid=3 and t_issale=1 )  [ RunTime:0.0003s ]
SQL: SELECT `m_id`,`m_name` FROM `xy_movie` WHERE `m_id` = 8 LIMIT 1   [ RunTime:0.0002s ]
INFO: [ app_end ] --START--
INFO: Run Behavior\ShowPageTraceBehavior [ RunTime:0.000643s ]
INFO: [ app_end ] --END-- [ RunTime:0.000684s ]

[ 2016-08-05T18:00:38+08:00 ] 127.0.0.1 /cinema/Home/Home/index
INFO: [ app_init ] --START--
INFO: Run Behavior\BuildLiteBehavior [ RunTime:0.000012s ]
INFO: [ app_init ] --END-- [ RunTime:0.000366s ]
INFO: [ app_begin ] --START--
INFO: Run Behavior\ReadHtmlCacheBehavior [ RunTime:0.000662s ]
INFO: [ app_begin ] --END-- [ RunTime:0.000720s ]
SQL: SHOW COLUMNS FROM `xy_ticket` [ RunTime:0.0100s ]
SQL: SHOW COLUMNS FROM `xy_movie` [ RunTime:0.0062s ]
SQL: SHOW COLUMNS FROM `xy_cinema` [ RunTime:0.0062s ]
SQL: SHOW COLUMNS FROM `xy_room` [ RunTime:0.0061s ]
SQL: SHOW COLUMNS FROM `xy_order` [ RunTime:0.0064s ]
SQL: SHOW COLUMNS FROM `xy_user` [ RunTime:0.0064s ]
SQL: SHOW COLUMNS FROM `xy_comment` [ RunTime:0.0035s ]
SQL: SHOW COLUMNS FROM `xy_employ` [ RunTime:0.0060s ]
SQL: SHOW COLUMNS FROM `xy_notice` [ RunTime:0.0036s ]
SQL: SHOW COLUMNS FROM `xy_wantmovie` [ RunTime:0.0065s ]
SQL: SHOW COLUMNS FROM `xy_stage` [ RunTime:0.0042s ]
SQL: SELECT * FROM `xy_movie` WHERE ( m_delflag=0 ) ORDER BY m_showdate  [ RunTime:0.0006s ]
INFO: [ view_parse ] --START--
INFO: [ template_filter ] --START--
INFO: Run Behavior\ContentReplaceBehavior [ RunTime:0.000090s ]
INFO: [ template_filter ] --END-- [ RunTime:0.000132s ]
INFO: Run Behavior\ParseTemplateBehavior [ RunTime:0.047604s ]
INFO: [ view_parse ] --END-- [ RunTime:0.047665s ]
INFO: [ view_filter ] --START--
INFO: Run Behavior\WriteHtmlCacheBehavior [ RunTime:0.000563s ]
INFO: [ view_filter ] --END-- [ RunTime:0.000632s ]
INFO: [ app_end ] --START--
INFO: Run Behavior\ShowPageTraceBehavior [ RunTime:0.001005s ]
INFO: [ app_end ] --END-- [ RunTime:0.001082s ]

[ 2016-08-05T18:00:38+08:00 ] 127.0.0.1 /cinema/Home/Home/getlocation
INFO: [ app_init ] --START--
INFO: Run Behavior\BuildLiteBehavior [ RunTime:0.000016s ]
INFO: [ app_init ] --END-- [ RunTime:0.000382s ]
INFO: [ app_begin ] --START--
INFO: Run Behavior\ReadHtmlCacheBehavior [ RunTime:0.000622s ]
INFO: [ app_begin ] --END-- [ RunTime:0.000682s ]
SQL: SHOW COLUMNS FROM `xy_ticket` [ RunTime:0.0051s ]
SQL: SHOW COLUMNS FROM `xy_movie` [ RunTime:0.0063s ]
SQL: SHOW COLUMNS FROM `xy_cinema` [ RunTime:0.0065s ]
SQL: SHOW COLUMNS FROM `xy_room` [ RunTime:0.0049s ]
SQL: SHOW COLUMNS FROM `xy_order` [ RunTime:0.0047s ]
SQL: SHOW COLUMNS FROM `xy_user` [ RunTime:0.0065s ]
SQL: SHOW COLUMNS FROM `xy_comment` [ RunTime:0.0047s ]
SQL: SHOW COLUMNS FROM `xy_employ` [ RunTime:0.0045s ]
SQL: SHOW COLUMNS FROM `xy_notice` [ RunTime:0.0044s ]
SQL: SHOW COLUMNS FROM `xy_wantmovie` [ RunTime:0.0035s ]
SQL: SHOW COLUMNS FROM `xy_stage` [ RunTime:0.0041s ]
SQL: SELECT DISTINCT  `c_location` FROM `xy_cinema` WHERE ( c_delflag=0 )  [ RunTime:0.0004s ]
INFO: [ app_end ] --START--
INFO: Run Behavior\ShowPageTraceBehavior [ RunTime:0.000624s ]
INFO: [ app_end ] --END-- [ RunTime:0.000680s ]

[ 2016-08-05T18:00:38+08:00 ] 127.0.0.1 /cinema/Home/Home/getcity
INFO: [ app_init ] --START--
INFO: Run Behavior\BuildLiteBehavior [ RunTime:0.000012s ]
INFO: [ app_init ] --END-- [ RunTime:0.000341s ]
INFO: [ app_begin ] --START--
INFO: Run Behavior\ReadHtmlCacheBehavior [ RunTime:0.000514s ]
INFO: [ app_begin ] --END-- [ RunTime:0.000566s ]
SQL: SHOW COLUMNS FROM `xy_ticket` [ RunTime:0.0041s ]
SQL: SHOW COLUMNS FROM `xy_movie` [ RunTime:0.0038s ]
SQL: SHOW COLUMNS FROM `xy_cinema` [ RunTime:0.0037s ]
SQL: SHOW COLUMNS FROM `xy_room` [ RunTime:0.0041s ]
SQL: SHOW COLUMNS FROM `xy_order` [ RunTime:0.0039s ]
SQL: SHOW COLUMNS FROM `xy_user` [ RunTime:0.0036s ]
SQL: SHOW COLUMNS FROM `xy_comment` [ RunTime:0.0037s ]
SQL: SHOW COLUMNS FROM `xy_employ` [ RunTime:0.0035s ]
SQL: SHOW COLUMNS FROM `xy_notice` [ RunTime:0.0037s ]
SQL: SHOW COLUMNS FROM `xy_wantmovie` [ RunTime:0.0034s ]
SQL: SHOW COLUMNS FROM `xy_stage` [ RunTime:0.0044s ]
SQL: SELECT `c_location` FROM `xy_cinema` WHERE ( c_delflag=0 )  [ RunTime:0.0003s ]
INFO: [ app_end ] --START--
INFO: Run Behavior\ShowPageTraceBehavior [ RunTime:0.000713s ]
INFO: [ app_end ] --END-- [ RunTime:0.000749s ]

[ 2016-08-05T18:00:38+08:00 ] 127.0.0.1 /cinema/Home/Home/getcinema
INFO: [ app_init ] --START--
INFO: Run Behavior\BuildLiteBehavior [ RunTime:0.000014s ]
INFO: [ app_init ] --END-- [ RunTime:0.000392s ]
INFO: [ app_begin ] --START--
INFO: Run Behavior\ReadHtmlCacheBehavior [ RunTime:0.000548s ]
INFO: [ app_begin ] --END-- [ RunTime:0.000597s ]
SQL: SHOW COLUMNS FROM `xy_ticket` [ RunTime:0.0038s ]
SQL: SHOW COLUMNS FROM `xy_movie` [ RunTime:0.0046s ]
SQL: SHOW COLUMNS FROM `xy_cinema` [ RunTime:0.0046s ]
SQL: SHOW COLUMNS FROM `xy_room` [ RunTime:0.0037s ]
SQL: SHOW COLUMNS FROM `xy_order` [ RunTime:0.0039s ]
SQL: SHOW COLUMNS FROM `xy_user` [ RunTime:0.0037s ]
SQL: SHOW COLUMNS FROM `xy_comment` [ RunTime:0.0041s ]
SQL: SHOW COLUMNS FROM `xy_employ` [ RunTime:0.0036s ]
SQL: SHOW COLUMNS FROM `xy_notice` [ RunTime:0.0039s ]
SQL: SHOW COLUMNS FROM `xy_wantmovie` [ RunTime:0.0040s ]
SQL: SHOW COLUMNS FROM `xy_stage` [ RunTime:0.0036s ]
SQL: SELECT `c_id`,`c_name` FROM `xy_cinema` WHERE ( c_delflag=0 and c_location='汕头' )  [ RunTime:0.0003s ]
INFO: [ app_end ] --START--
INFO: Run Behavior\ShowPageTraceBehavior [ RunTime:0.000689s ]
INFO: [ app_end ] --END-- [ RunTime:0.000730s ]

[ 2016-08-05T18:00:39+08:00 ] 127.0.0.1 /cinema/Home/Home/getmovie
INFO: [ app_init ] --START--
INFO: Run Behavior\BuildLiteBehavior [ RunTime:0.000012s ]
INFO: [ app_init ] --END-- [ RunTime:0.000344s ]
INFO: [ app_begin ] --START--
INFO: Run Behavior\ReadHtmlCacheBehavior [ RunTime:0.000508s ]
INFO: [ app_begin ] --END-- [ RunTime:0.000549s ]
SQL: SHOW COLUMNS FROM `xy_ticket` [ RunTime:0.0042s ]
SQL: SHOW COLUMNS FROM `xy_movie` [ RunTime:0.0045s ]
SQL: SHOW COLUMNS FROM `xy_cinema` [ RunTime:0.0037s ]
SQL: SHOW COLUMNS FROM `xy_room` [ RunTime:0.0045s ]
SQL: SHOW COLUMNS FROM `xy_order` [ RunTime:0.0042s ]
SQL: SHOW COLUMNS FROM `xy_user` [ RunTime:0.0034s ]
SQL: SHOW COLUMNS FROM `xy_comment` [ RunTime:0.0036s ]
SQL: SHOW COLUMNS FROM `xy_employ` [ RunTime:0.0035s ]
SQL: SHOW COLUMNS FROM `xy_notice` [ RunTime:0.0036s ]
SQL: SHOW COLUMNS FROM `xy_wantmovie` [ RunTime:0.0035s ]
SQL: SHOW COLUMNS FROM `xy_stage` [ RunTime:0.0036s ]
SQL: SELECT DISTINCT  `t_id`,`t_movieid`,`t_date`,`t_time` FROM `xy_ticket` WHERE ( t_delflag=0 and t_cinemaid=3 and t_issale=1 )  [ RunTime:0.0003s ]
SQL: SELECT `m_id`,`m_name` FROM `xy_movie` WHERE `m_id` = 8 LIMIT 1   [ RunTime:0.0002s ]
INFO: [ app_end ] --START--
INFO: Run Behavior\ShowPageTraceBehavior [ RunTime:0.000676s ]
INFO: [ app_end ] --END-- [ RunTime:0.000716s ]

[ 2016-08-05T18:00:42+08:00 ] 127.0.0.1 /cinema/Home/Movie/detail/m_id/16
INFO: [ app_init ] --START--
INFO: Run Behavior\BuildLiteBehavior [ RunTime:0.000012s ]
INFO: [ app_init ] --END-- [ RunTime:0.000351s ]
INFO: [ app_begin ] --START--
INFO: Run Behavior\ReadHtmlCacheBehavior [ RunTime:0.000488s ]
INFO: [ app_begin ] --END-- [ RunTime:0.000528s ]
SQL: SHOW COLUMNS FROM `xy_ticket` [ RunTime:0.0097s ]
SQL: SHOW COLUMNS FROM `xy_movie` [ RunTime:0.0067s ]
SQL: SHOW COLUMNS FROM `xy_cinema` [ RunTime:0.0061s ]
SQL: SHOW COLUMNS FROM `xy_room` [ RunTime:0.0061s ]
SQL: SHOW COLUMNS FROM `xy_order` [ RunTime:0.0072s ]
SQL: SHOW COLUMNS FROM `xy_user` [ RunTime:0.0077s ]
SQL: SHOW COLUMNS FROM `xy_comment` [ RunTime:0.0036s ]
SQL: SHOW COLUMNS FROM `xy_employ` [ RunTime:0.0232s ]
SQL: SHOW COLUMNS FROM `xy_notice` [ RunTime:0.0042s ]
SQL: SHOW COLUMNS FROM `xy_wantmovie` [ RunTime:0.0059s ]
SQL: SHOW COLUMNS FROM `xy_stage` [ RunTime:0.0036s ]
SQL: SELECT * FROM `xy_movie` WHERE `m_id` = 16 LIMIT 1   [ RunTime:0.0003s ]
SQL: SELECT * FROM `xy_stage` WHERE ( s_delflag=0 and s_movieid=16 )  [ RunTime:0.0003s ]
SQL: SELECT * FROM `xy_comment` WHERE ( c_delflag=0 and c_movieid=16 ) ORDER BY c_subtime desc  [ RunTime:0.0002s ]
SQL: SELECT * FROM `xy_wantmovie` WHERE ( w_userid=11 and w_movieid=16 and w_delflag=0 ) LIMIT 1   [ RunTime:0.0002s ]
INFO: [ view_parse ] --START--
INFO: [ template_filter ] --START--
INFO: Run Behavior\ContentReplaceBehavior [ RunTime:0.000088s ]
INFO: [ template_filter ] --END-- [ RunTime:0.000135s ]
INFO: Run Behavior\ParseTemplateBehavior [ RunTime:0.042493s ]
INFO: [ view_parse ] --END-- [ RunTime:0.042574s ]
INFO: [ view_filter ] --START--
INFO: Run Behavior\WriteHtmlCacheBehavior [ RunTime:0.000337s ]
INFO: [ view_filter ] --END-- [ RunTime:0.000371s ]
INFO: [ app_end ] --START--
INFO: Run Behavior\ShowPageTraceBehavior [ RunTime:0.000576s ]
INFO: [ app_end ] --END-- [ RunTime:0.000622s ]

[ 2016-08-05T18:00:43+08:00 ] 127.0.0.1 /cinema/Home/Home/getlocation
INFO: [ app_init ] --START--
INFO: Run Behavior\BuildLiteBehavior [ RunTime:0.000019s ]
INFO: [ app_init ] --END-- [ RunTime:0.000411s ]
INFO: [ app_begin ] --START--
INFO: Run Behavior\ReadHtmlCacheBehavior [ RunTime:0.001314s ]
INFO: [ app_begin ] --END-- [ RunTime:0.001457s ]
SQL: SHOW COLUMNS FROM `xy_ticket` [ RunTime:0.0051s ]
SQL: SHOW COLUMNS FROM `xy_movie` [ RunTime:0.0053s ]
SQL: SHOW COLUMNS FROM `xy_cinema` [ RunTime:0.0087s ]
SQL: SHOW COLUMNS FROM `xy_room` [ RunTime:0.0067s ]
SQL: SHOW COLUMNS FROM `xy_order` [ RunTime:0.0061s ]
SQL: SHOW COLUMNS FROM `xy_user` [ RunTime:0.0066s ]
SQL: SHOW COLUMNS FROM `xy_comment` [ RunTime:0.0036s ]
SQL: SHOW COLUMNS FROM `xy_employ` [ RunTime:0.0061s ]
SQL: SHOW COLUMNS FROM `xy_notice` [ RunTime:0.0051s ]
SQL: SHOW COLUMNS FROM `xy_wantmovie` [ RunTime:0.0061s ]
SQL: SHOW COLUMNS FROM `xy_stage` [ RunTime:0.0035s ]
SQL: SELECT DISTINCT  `c_location` FROM `xy_cinema` WHERE ( c_delflag=0 )  [ RunTime:0.0003s ]
INFO: [ app_end ] --START--
INFO: Run Behavior\ShowPageTraceBehavior [ RunTime:0.000585s ]
INFO: [ app_end ] --END-- [ RunTime:0.000645s ]

[ 2016-08-05T18:00:43+08:00 ] 127.0.0.1 /cinema/Home/Home/getcity
INFO: [ app_init ] --START--
INFO: Run Behavior\BuildLiteBehavior [ RunTime:0.000013s ]
INFO: [ app_init ] --END-- [ RunTime:0.000453s ]
INFO: [ app_begin ] --START--
INFO: Run Behavior\ReadHtmlCacheBehavior [ RunTime:0.000521s ]
INFO: [ app_begin ] --END-- [ RunTime:0.000562s ]
SQL: SHOW COLUMNS FROM `xy_ticket` [ RunTime:0.0066s ]
SQL: SHOW COLUMNS FROM `xy_movie` [ RunTime:0.0062s ]
SQL: SHOW COLUMNS FROM `xy_cinema` [ RunTime:0.0035s ]
SQL: SHOW COLUMNS FROM `xy_room` [ RunTime:0.0039s ]
SQL: SHOW COLUMNS FROM `xy_order` [ RunTime:0.0062s ]
SQL: SHOW COLUMNS FROM `xy_user` [ RunTime:0.0035s ]
SQL: SHOW COLUMNS FROM `xy_comment` [ RunTime:0.0041s ]
SQL: SHOW COLUMNS FROM `xy_employ` [ RunTime:0.0041s ]
SQL: SHOW COLUMNS FROM `xy_notice` [ RunTime:0.0038s ]
SQL: SHOW COLUMNS FROM `xy_wantmovie` [ RunTime:0.0040s ]
SQL: SHOW COLUMNS FROM `xy_stage` [ RunTime:0.0055s ]
SQL: SELECT `c_location` FROM `xy_cinema` WHERE ( c_delflag=0 )  [ RunTime:0.0002s ]
INFO: [ app_end ] --START--
INFO: Run Behavior\ShowPageTraceBehavior [ RunTime:0.000782s ]
INFO: [ app_end ] --END-- [ RunTime:0.000828s ]

[ 2016-08-05T18:00:43+08:00 ] 127.0.0.1 /cinema/Home/Home/getcinema
INFO: [ app_init ] --START--
INFO: Run Behavior\BuildLiteBehavior [ RunTime:0.000014s ]
INFO: [ app_init ] --END-- [ RunTime:0.000393s ]
INFO: [ app_begin ] --START--
INFO: Run Behavior\ReadHtmlCacheBehavior [ RunTime:0.000517s ]
INFO: [ app_begin ] --END-- [ RunTime:0.000559s ]
SQL: SHOW COLUMNS FROM `xy_ticket` [ RunTime:0.0062s ]
SQL: SHOW COLUMNS FROM `xy_movie` [ RunTime:0.0063s ]
SQL: SHOW COLUMNS FROM `xy_cinema` [ RunTime:0.0073s ]
SQL: SHOW COLUMNS FROM `xy_room` [ RunTime:0.0041s ]
SQL: SHOW COLUMNS FROM `xy_order` [ RunTime:0.0062s ]
SQL: SHOW COLUMNS FROM `xy_user` [ RunTime:0.0039s ]
SQL: SHOW COLUMNS FROM `xy_comment` [ RunTime:0.0066s ]
SQL: SHOW COLUMNS FROM `xy_employ` [ RunTime:0.0073s ]
SQL: SHOW COLUMNS FROM `xy_notice` [ RunTime:0.0037s ]
SQL: SHOW COLUMNS FROM `xy_wantmovie` [ RunTime:0.0039s ]
SQL: SHOW COLUMNS FROM `xy_stage` [ RunTime:0.0067s ]
SQL: SELECT `c_id`,`c_name` FROM `xy_cinema` WHERE ( c_delflag=0 and c_location='汕头' )  [ RunTime:0.0002s ]
INFO: [ app_end ] --START--
INFO: Run Behavior\ShowPageTraceBehavior [ RunTime:0.000672s ]
INFO: [ app_end ] --END-- [ RunTime:0.000714s ]

[ 2016-08-05T18:00:43+08:00 ] 127.0.0.1 /cinema/Home/Home/getmovie
INFO: [ app_init ] --START--
INFO: Run Behavior\BuildLiteBehavior [ RunTime:0.000012s ]
INFO: [ app_init ] --END-- [ RunTime:0.000339s ]
INFO: [ app_begin ] --START--
INFO: Run Behavior\ReadHtmlCacheBehavior [ RunTime:0.000510s ]
INFO: [ app_begin ] --END-- [ RunTime:0.000550s ]
SQL: SHOW COLUMNS FROM `xy_ticket` [ RunTime:0.0041s ]
SQL: SHOW COLUMNS FROM `xy_movie` [ RunTime:0.0062s ]
SQL: SHOW COLUMNS FROM `xy_cinema` [ RunTime:0.0039s ]
SQL: SHOW COLUMNS FROM `xy_room` [ RunTime:0.0038s ]
SQL: SHOW COLUMNS FROM `xy_order` [ RunTime:0.0065s ]
SQL: SHOW COLUMNS FROM `xy_user` [ RunTime:0.0042s ]
SQL: SHOW COLUMNS FROM `xy_comment` [ RunTime:0.0038s ]
SQL: SHOW COLUMNS FROM `xy_employ` [ RunTime:0.0039s ]
SQL: SHOW COLUMNS FROM `xy_notice` [ RunTime:0.0036s ]
SQL: SHOW COLUMNS FROM `xy_wantmovie` [ RunTime:0.0036s ]
SQL: SHOW COLUMNS FROM `xy_stage` [ RunTime:0.0038s ]
SQL: SELECT DISTINCT  `t_id`,`t_movieid`,`t_date`,`t_time` FROM `xy_ticket` WHERE ( t_delflag=0 and t_cinemaid=3 and t_issale=1 )  [ RunTime:0.0003s ]
SQL: SELECT `m_id`,`m_name` FROM `xy_movie` WHERE `m_id` = 8 LIMIT 1   [ RunTime:0.0002s ]
INFO: [ app_end ] --START--
INFO: Run Behavior\ShowPageTraceBehavior [ RunTime:0.000743s ]
INFO: [ app_end ] --END-- [ RunTime:0.000795s ]

[ 2016-08-05T18:00:45+08:00 ] 127.0.0.1 /cinema/Home/Home/getlocation
INFO: [ app_init ] --START--
INFO: Run Behavior\BuildLiteBehavior [ RunTime:0.000021s ]
INFO: [ app_init ] --END-- [ RunTime:0.000667s ]
INFO: [ app_begin ] --START--
INFO: Run Behavior\ReadHtmlCacheBehavior [ RunTime:0.000713s ]
INFO: [ app_begin ] --END-- [ RunTime:0.000797s ]
SQL: SHOW COLUMNS FROM `xy_ticket` [ RunTime:0.0119s ]
SQL: SHOW COLUMNS FROM `xy_movie` [ RunTime:0.0107s ]
SQL: SHOW COLUMNS FROM `xy_cinema` [ RunTime:0.0065s ]
SQL: SHOW COLUMNS FROM `xy_room` [ RunTime:0.0100s ]
SQL: SHOW COLUMNS FROM `xy_order` [ RunTime:0.0198s ]
SQL: SHOW COLUMNS FROM `xy_user` [ RunTime:0.0077s ]
SQL: SHOW COLUMNS FROM `xy_comment` [ RunTime:0.0040s ]
SQL: SHOW COLUMNS FROM `xy_employ` [ RunTime:0.0066s ]
SQL: SHOW COLUMNS FROM `xy_notice` [ RunTime:0.0066s ]
SQL: SHOW COLUMNS FROM `xy_wantmovie` [ RunTime:0.0062s ]
SQL: SHOW COLUMNS FROM `xy_stage` [ RunTime:0.0049s ]
SQL: SELECT DISTINCT  `c_location` FROM `xy_cinema` WHERE ( c_delflag=0 )  [ RunTime:0.0003s ]
INFO: [ app_end ] --START--
INFO: Run Behavior\ShowPageTraceBehavior [ RunTime:0.000578s ]
INFO: [ app_end ] --END-- [ RunTime:0.000633s ]

[ 2016-08-05T18:00:45+08:00 ] 127.0.0.1 /cinema/Home/Home/getcity
INFO: [ app_init ] --START--
INFO: Run Behavior\BuildLiteBehavior [ RunTime:0.000012s ]
INFO: [ app_init ] --END-- [ RunTime:0.000339s ]
INFO: [ app_begin ] --START--
INFO: Run Behavior\ReadHtmlCacheBehavior [ RunTime:0.000563s ]
INFO: [ app_begin ] --END-- [ RunTime:0.000608s ]
SQL: SHOW COLUMNS FROM `xy_ticket` [ RunTime:0.0040s ]
SQL: SHOW COLUMNS FROM `xy_movie` [ RunTime:0.0050s ]
SQL: SHOW COLUMNS FROM `xy_cinema` [ RunTime:0.0041s ]
SQL: SHOW COLUMNS FROM `xy_room` [ RunTime:0.0036s ]
SQL: SHOW COLUMNS FROM `xy_order` [ RunTime:0.0040s ]
SQL: SHOW COLUMNS FROM `xy_user` [ RunTime:0.0039s ]
SQL: SHOW COLUMNS FROM `xy_comment` [ RunTime:0.0038s ]
SQL: SHOW COLUMNS FROM `xy_employ` [ RunTime:0.0039s ]
SQL: SHOW COLUMNS FROM `xy_notice` [ RunTime:0.0038s ]
SQL: SHOW COLUMNS FROM `xy_wantmovie` [ RunTime:0.0041s ]
SQL: SHOW COLUMNS FROM `xy_stage` [ RunTime:0.0037s ]
SQL: SELECT `c_location` FROM `xy_cinema` WHERE ( c_delflag=0 )  [ RunTime:0.0002s ]
INFO: [ app_end ] --START--
INFO: Run Behavior\ShowPageTraceBehavior [ RunTime:0.000729s ]
INFO: [ app_end ] --END-- [ RunTime:0.000779s ]

[ 2016-08-05T18:00:45+08:00 ] 127.0.0.1 /cinema/Home/Home/getcinema
INFO: [ app_init ] --START--
INFO: Run Behavior\BuildLiteBehavior [ RunTime:0.000013s ]
INFO: [ app_init ] --END-- [ RunTime:0.000395s ]
INFO: [ app_begin ] --START--
INFO: Run Behavior\ReadHtmlCacheBehavior [ RunTime:0.000505s ]
INFO: [ app_begin ] --END-- [ RunTime:0.000549s ]
SQL: SHOW COLUMNS FROM `xy_ticket` [ RunTime:0.0046s ]
SQL: SHOW COLUMNS FROM `xy_movie` [ RunTime:0.0038s ]
SQL: SHOW COLUMNS FROM `xy_cinema` [ RunTime:0.0039s ]
SQL: SHOW COLUMNS FROM `xy_room` [ RunTime:0.0037s ]
SQL: SHOW COLUMNS FROM `xy_order` [ RunTime:0.0042s ]
SQL: SHOW COLUMNS FROM `xy_user` [ RunTime:0.0036s ]
SQL: SHOW COLUMNS FROM `xy_comment` [ RunTime:0.0037s ]
SQL: SHOW COLUMNS FROM `xy_employ` [ RunTime:0.0036s ]
SQL: SHOW COLUMNS FROM `xy_notice` [ RunTime:0.0036s ]
SQL: SHOW COLUMNS FROM `xy_wantmovie` [ RunTime:0.0036s ]
SQL: SHOW COLUMNS FROM `xy_stage` [ RunTime:0.0037s ]
SQL: SELECT `c_id`,`c_name` FROM `xy_cinema` WHERE ( c_delflag=0 and c_location='汕头' )  [ RunTime:0.0003s ]
INFO: [ app_end ] --START--
INFO: Run Behavior\ShowPageTraceBehavior [ RunTime:0.000674s ]
INFO: [ app_end ] --END-- [ RunTime:0.000715s ]

[ 2016-08-05T18:00:46+08:00 ] 127.0.0.1 /cinema/Home/Home/getmovie
INFO: [ app_init ] --START--
INFO: Run Behavior\BuildLiteBehavior [ RunTime:0.000021s ]
INFO: [ app_init ] --END-- [ RunTime:0.000339s ]
INFO: [ app_begin ] --START--
INFO: Run Behavior\ReadHtmlCacheBehavior [ RunTime:0.000515s ]
INFO: [ app_begin ] --END-- [ RunTime:0.000565s ]
SQL: SHOW COLUMNS FROM `xy_ticket` [ RunTime:0.0042s ]
SQL: SHOW COLUMNS FROM `xy_movie` [ RunTime:0.0040s ]
SQL: SHOW COLUMNS FROM `xy_cinema` [ RunTime:0.0036s ]
SQL: SHOW COLUMNS FROM `xy_room` [ RunTime:0.0040s ]
SQL: SHOW COLUMNS FROM `xy_order` [ RunTime:0.0043s ]
SQL: SHOW COLUMNS FROM `xy_user` [ RunTime:0.0039s ]
SQL: SHOW COLUMNS FROM `xy_comment` [ RunTime:0.0042s ]
SQL: SHOW COLUMNS FROM `xy_employ` [ RunTime:0.0037s ]
SQL: SHOW COLUMNS FROM `xy_notice` [ RunTime:0.0036s ]
SQL: SHOW COLUMNS FROM `xy_wantmovie` [ RunTime:0.0035s ]
SQL: SHOW COLUMNS FROM `xy_stage` [ RunTime:0.0039s ]
SQL: SELECT DISTINCT  `t_id`,`t_movieid`,`t_date`,`t_time` FROM `xy_ticket` WHERE ( t_delflag=0 and t_cinemaid=3 and t_issale=1 )  [ RunTime:0.0003s ]
SQL: SELECT `m_id`,`m_name` FROM `xy_movie` WHERE `m_id` = 8 LIMIT 1   [ RunTime:0.0002s ]
INFO: [ app_end ] --START--
INFO: Run Behavior\ShowPageTraceBehavior [ RunTime:0.000673s ]
INFO: [ app_end ] --END-- [ RunTime:0.000713s ]

[ 2016-08-05T18:00:50+08:00 ] 127.0.0.1 /cinema/Home/User/index
INFO: [ app_init ] --START--
INFO: Run Behavior\BuildLiteBehavior [ RunTime:0.000017s ]
INFO: [ app_init ] --END-- [ RunTime:0.000408s ]
INFO: [ app_begin ] --START--
INFO: Run Behavior\ReadHtmlCacheBehavior [ RunTime:0.000604s ]
INFO: [ app_begin ] --END-- [ RunTime:0.000682s ]
SQL: SHOW COLUMNS FROM `xy_ticket` [ RunTime:0.0109s ]
SQL: SHOW COLUMNS FROM `xy_movie` [ RunTime:0.0067s ]
SQL: SHOW COLUMNS FROM `xy_cinema` [ RunTime:0.0061s ]
SQL: SHOW COLUMNS FROM `xy_room` [ RunTime:0.0061s ]
SQL: SHOW COLUMNS FROM `xy_order` [ RunTime:0.0065s ]
SQL: SHOW COLUMNS FROM `xy_user` [ RunTime:0.0236s ]
SQL: SHOW COLUMNS FROM `xy_comment` [ RunTime:0.0039s ]
SQL: SHOW COLUMNS FROM `xy_employ` [ RunTime:0.0060s ]
SQL: SHOW COLUMNS FROM `xy_notice` [ RunTime:0.0037s ]
SQL: SHOW COLUMNS FROM `xy_wantmovie` [ RunTime:0.0062s ]
SQL: SHOW COLUMNS FROM `xy_stage` [ RunTime:0.0046s ]
SQL: SELECT * FROM `xy_user` WHERE `u_id` = 11 LIMIT 1   [ RunTime:0.0003s ]
SQL: SELECT * FROM `xy_order` WHERE ( o_delflag=0 and o_userid=11 )  [ RunTime:0.0003s ]
SQL: SELECT `t_date`,`t_time`,`t_movieid`,`t_standard` FROM `xy_ticket` WHERE `t_id` = 12 LIMIT 1   [ RunTime:0.0002s ]
SQL: SELECT `m_name` FROM `xy_movie` WHERE `m_id` = 8 LIMIT 1   [ RunTime:0.0002s ]
SQL: SELECT `t_date`,`t_time`,`t_movieid`,`t_standard` FROM `xy_ticket` WHERE `t_id` = 12 LIMIT 1   [ RunTime:0.0002s ]
SQL: SELECT `m_name` FROM `xy_movie` WHERE `m_id` = 8 LIMIT 1   [ RunTime:0.0002s ]
INFO: [ view_parse ] --START--
INFO: [ template_filter ] --START--
INFO: Run Behavior\ContentReplaceBehavior [ RunTime:0.000094s ]
INFO: [ template_filter ] --END-- [ RunTime:0.000158s ]
INFO: Run Behavior\ParseTemplateBehavior [ RunTime:0.044882s ]
INFO: [ view_parse ] --END-- [ RunTime:0.044967s ]
INFO: [ view_filter ] --START--
INFO: Run Behavior\WriteHtmlCacheBehavior [ RunTime:0.000355s ]
INFO: [ view_filter ] --END-- [ RunTime:0.000389s ]
INFO: [ app_end ] --START--
INFO: Run Behavior\ShowPageTraceBehavior [ RunTime:0.000594s ]
INFO: [ app_end ] --END-- [ RunTime:0.000642s ]

[ 2016-08-05T18:00:50+08:00 ] 127.0.0.1 /cinema/Home/Home/getlocation
INFO: [ app_init ] --START--
INFO: Run Behavior\BuildLiteBehavior [ RunTime:0.000027s ]
INFO: [ app_init ] --END-- [ RunTime:0.000631s ]
INFO: [ app_begin ] --START--
INFO: Run Behavior\ReadHtmlCacheBehavior [ RunTime:0.000940s ]
INFO: [ app_begin ] --END-- [ RunTime:0.001023s ]
SQL: SHOW COLUMNS FROM `xy_ticket` [ RunTime:0.0041s ]
SQL: SHOW COLUMNS FROM `xy_movie` [ RunTime:0.0053s ]
SQL: SHOW COLUMNS FROM `xy_cinema` [ RunTime:0.0042s ]
SQL: SHOW COLUMNS FROM `xy_room` [ RunTime:0.0036s ]
SQL: SHOW COLUMNS FROM `xy_order` [ RunTime:0.0037s ]
SQL: SHOW COLUMNS FROM `xy_user` [ RunTime:0.0042s ]
SQL: SHOW COLUMNS FROM `xy_comment` [ RunTime:0.0038s ]
SQL: SHOW COLUMNS FROM `xy_employ` [ RunTime:0.0039s ]
SQL: SHOW COLUMNS FROM `xy_notice` [ RunTime:0.0038s ]
SQL: SHOW COLUMNS FROM `xy_wantmovie` [ RunTime:0.0036s ]
SQL: SHOW COLUMNS FROM `xy_stage` [ RunTime:0.0036s ]
SQL: SELECT DISTINCT  `c_location` FROM `xy_cinema` WHERE ( c_delflag=0 )  [ RunTime:0.0003s ]
INFO: [ app_end ] --START--
INFO: Run Behavior\ShowPageTraceBehavior [ RunTime:0.000553s ]
INFO: [ app_end ] --END-- [ RunTime:0.000602s ]

[ 2016-08-05T18:00:50+08:00 ] 127.0.0.1 /cinema/Home/Home/getcity
INFO: [ app_init ] --START--
INFO: Run Behavior\BuildLiteBehavior [ RunTime:0.000011s ]
INFO: [ app_init ] --END-- [ RunTime:0.000346s ]
INFO: [ app_begin ] --START--
INFO: Run Behavior\ReadHtmlCacheBehavior [ RunTime:0.000905s ]
INFO: [ app_begin ] --END-- [ RunTime:0.000996s ]
SQL: SHOW COLUMNS FROM `xy_ticket` [ RunTime:0.0042s ]
SQL: SHOW COLUMNS FROM `xy_movie` [ RunTime:0.0048s ]
SQL: SHOW COLUMNS FROM `xy_cinema` [ RunTime:0.0038s ]
SQL: SHOW COLUMNS FROM `xy_room` [ RunTime:0.0040s ]
SQL: SHOW COLUMNS FROM `xy_order` [ RunTime:0.0041s ]
SQL: SHOW COLUMNS FROM `xy_user` [ RunTime:0.0039s ]
SQL: SHOW COLUMNS FROM `xy_comment` [ RunTime:0.0036s ]
SQL: SHOW COLUMNS FROM `xy_employ` [ RunTime:0.0039s ]
SQL: SHOW COLUMNS FROM `xy_notice` [ RunTime:0.0039s ]
SQL: SHOW COLUMNS FROM `xy_wantmovie` [ RunTime:0.0036s ]
SQL: SHOW COLUMNS FROM `xy_stage` [ RunTime:0.0037s ]
SQL: SELECT `c_location` FROM `xy_cinema` WHERE ( c_delflag=0 )  [ RunTime:0.0003s ]
INFO: [ app_end ] --START--
INFO: Run Behavior\ShowPageTraceBehavior [ RunTime:0.000667s ]
INFO: [ app_end ] --END-- [ RunTime:0.000705s ]

[ 2016-08-05T18:00:50+08:00 ] 127.0.0.1 /cinema/Home/Home/getcinema
INFO: [ app_init ] --START--
INFO: Run Behavior\BuildLiteBehavior [ RunTime:0.000011s ]
INFO: [ app_init ] --END-- [ RunTime:0.000363s ]
INFO: [ app_begin ] --START--
INFO: Run Behavior\ReadHtmlCacheBehavior [ RunTime:0.000487s ]
INFO: [ app_begin ] --END-- [ RunTime:0.000526s ]
SQL: SHOW COLUMNS FROM `xy_ticket` [ RunTime:0.0045s ]
SQL: SHOW COLUMNS FROM `xy_movie` [ RunTime:0.0041s ]
SQL: SHOW COLUMNS FROM `xy_cinema` [ RunTime:0.0040s ]
SQL: SHOW COLUMNS FROM `xy_room` [ RunTime:0.0040s ]
SQL: SHOW COLUMNS FROM `xy_order` [ RunTime:0.0042s ]
SQL: SHOW COLUMNS FROM `xy_user` [ RunTime:0.0041s ]
SQL: SHOW COLUMNS FROM `xy_comment` [ RunTime:0.0038s ]
SQL: SHOW COLUMNS FROM `xy_employ` [ RunTime:0.0044s ]
SQL: SHOW COLUMNS FROM `xy_notice` [ RunTime:0.0038s ]
SQL: SHOW COLUMNS FROM `xy_wantmovie` [ RunTime:0.0036s ]
SQL: SHOW COLUMNS FROM `xy_stage` [ RunTime:0.0038s ]
SQL: SELECT `c_id`,`c_name` FROM `xy_cinema` WHERE ( c_delflag=0 and c_location='汕头' )  [ RunTime:0.0003s ]
INFO: [ app_end ] --START--
INFO: Run Behavior\ShowPageTraceBehavior [ RunTime:0.000687s ]
INFO: [ app_end ] --END-- [ RunTime:0.000731s ]

[ 2016-08-05T18:00:50+08:00 ] 127.0.0.1 /cinema/Home/Home/getmovie
INFO: [ app_init ] --START--
INFO: Run Behavior\BuildLiteBehavior [ RunTime:0.000012s ]
INFO: [ app_init ] --END-- [ RunTime:0.000378s ]
INFO: [ app_begin ] --START--
INFO: Run Behavior\ReadHtmlCacheBehavior [ RunTime:0.000489s ]
INFO: [ app_begin ] --END-- [ RunTime:0.000527s ]
SQL: SHOW COLUMNS FROM `xy_ticket` [ RunTime:0.0043s ]
SQL: SHOW COLUMNS FROM `xy_movie` [ RunTime:0.0039s ]
SQL: SHOW COLUMNS FROM `xy_cinema` [ RunTime:0.0038s ]
SQL: SHOW COLUMNS FROM `xy_room` [ RunTime:0.0039s ]
SQL: SHOW COLUMNS FROM `xy_order` [ RunTime:0.0039s ]
SQL: SHOW COLUMNS FROM `xy_user` [ RunTime:0.0040s ]
SQL: SHOW COLUMNS FROM `xy_comment` [ RunTime:0.0042s ]
SQL: SHOW COLUMNS FROM `xy_employ` [ RunTime:0.0039s ]
SQL: SHOW COLUMNS FROM `xy_notice` [ RunTime:0.0037s ]
SQL: SHOW COLUMNS FROM `xy_wantmovie` [ RunTime:0.0038s ]
SQL: SHOW COLUMNS FROM `xy_stage` [ RunTime:0.0047s ]
SQL: SELECT DISTINCT  `t_id`,`t_movieid`,`t_date`,`t_time` FROM `xy_ticket` WHERE ( t_delflag=0 and t_cinemaid=3 and t_issale=1 )  [ RunTime:0.0003s ]
SQL: SELECT `m_id`,`m_name` FROM `xy_movie` WHERE `m_id` = 8 LIMIT 1   [ RunTime:0.0002s ]
INFO: [ app_end ] --START--
INFO: Run Behavior\ShowPageTraceBehavior [ RunTime:0.000673s ]
INFO: [ app_end ] --END-- [ RunTime:0.000714s ]

[ 2016-08-05T18:00:58+08:00 ] 127.0.0.1 /cinema/Home/Order/delete/o_id/39
INFO: [ app_init ] --START--
INFO: Run Behavior\BuildLiteBehavior [ RunTime:0.000014s ]
INFO: [ app_init ] --END-- [ RunTime:0.000421s ]
INFO: [ app_begin ] --START--
INFO: Run Behavior\ReadHtmlCacheBehavior [ RunTime:0.000600s ]
INFO: [ app_begin ] --END-- [ RunTime:0.000649s ]
SQL: SHOW COLUMNS FROM `xy_ticket` [ RunTime:0.0114s ]
SQL: SHOW COLUMNS FROM `xy_movie` [ RunTime:0.0072s ]
SQL: SHOW COLUMNS FROM `xy_cinema` [ RunTime:0.0074s ]
SQL: SHOW COLUMNS FROM `xy_room` [ RunTime:0.0073s ]
SQL: SHOW COLUMNS FROM `xy_order` [ RunTime:0.0076s ]
SQL: SHOW COLUMNS FROM `xy_user` [ RunTime:0.0068s ]
SQL: SHOW COLUMNS FROM `xy_comment` [ RunTime:0.0042s ]
SQL: SHOW COLUMNS FROM `xy_employ` [ RunTime:0.0074s ]
SQL: SHOW COLUMNS FROM `xy_notice` [ RunTime:0.0041s ]
SQL: SHOW COLUMNS FROM `xy_wantmovie` [ RunTime:0.0069s ]
SQL: SHOW COLUMNS FROM `xy_stage` [ RunTime:0.0041s ]
SQL: SHOW COLUMNS FROM `xy_order` [ RunTime:0.0040s ]
SQL: SELECT * FROM `xy_order` WHERE `o_id` = 39 LIMIT 1   [ RunTime:0.0003s ]
SQL: UPDATE `xy_order` SET `o_ticketid`='12',`o_userid`='11',`o_seats`='48,49,50',`o_state`='1',`o_paytime`='2016-08-04 15:27:46',`o_delflag`='1',`o_subtime`='2016-08-04 15:27:43',`o_seatlist`='2排4号;2排5号;2排6号',`o_price`='384' WHERE `o_id` = 39 [ RunTime:0.0003s ]
INFO: [ view_parse ] --START--
INFO: [ template_filter ] --START--
INFO: Run Behavior\ContentReplaceBehavior [ RunTime:0.000043s ]
INFO: [ template_filter ] --END-- [ RunTime:0.000102s ]
INFO: Run Behavior\ParseTemplateBehavior [ RunTime:0.007217s ]
INFO: [ view_parse ] --END-- [ RunTime:0.007280s ]
INFO: [ view_filter ] --START--
INFO: Run Behavior\WriteHtmlCacheBehavior [ RunTime:0.000410s ]
INFO: [ view_filter ] --END-- [ RunTime:0.000452s ]
INFO: [ app_end ] --START--
INFO: Run Behavior\ShowPageTraceBehavior [ RunTime:0.000610s ]
INFO: [ app_end ] --END-- [ RunTime:0.000653s ]

[ 2016-08-05T18:00:59+08:00 ] 127.0.0.1 /cinema/Home/User/index
INFO: [ app_init ] --START--
INFO: Run Behavior\BuildLiteBehavior [ RunTime:0.000014s ]
INFO: [ app_init ] --END-- [ RunTime:0.000394s ]
INFO: [ app_begin ] --START--
INFO: Run Behavior\ReadHtmlCacheBehavior [ RunTime:0.000600s ]
INFO: [ app_begin ] --END-- [ RunTime:0.000649s ]
SQL: SHOW COLUMNS FROM `xy_ticket` [ RunTime:0.0105s ]
SQL: SHOW COLUMNS FROM `xy_movie` [ RunTime:0.0072s ]
SQL: SHOW COLUMNS FROM `xy_cinema` [ RunTime:0.0067s ]
SQL: SHOW COLUMNS FROM `xy_room` [ RunTime:0.0074s ]
SQL: SHOW COLUMNS FROM `xy_order` [ RunTime:0.0069s ]
SQL: SHOW COLUMNS FROM `xy_user` [ RunTime:0.0075s ]
SQL: SHOW COLUMNS FROM `xy_comment` [ RunTime:0.0042s ]
SQL: SHOW COLUMNS FROM `xy_employ` [ RunTime:0.0072s ]
SQL: SHOW COLUMNS FROM `xy_notice` [ RunTime:0.0043s ]
SQL: SHOW COLUMNS FROM `xy_wantmovie` [ RunTime:0.0059s ]
SQL: SHOW COLUMNS FROM `xy_stage` [ RunTime:0.0045s ]
SQL: SELECT * FROM `xy_user` WHERE `u_id` = 11 LIMIT 1   [ RunTime:0.0003s ]
SQL: SELECT * FROM `xy_order` WHERE ( o_delflag=0 and o_userid=11 )  [ RunTime:0.0002s ]
SQL: SELECT `t_date`,`t_time`,`t_movieid`,`t_standard` FROM `xy_ticket` WHERE `t_id` = 12 LIMIT 1   [ RunTime:0.0002s ]
SQL: SELECT `m_name` FROM `xy_movie` WHERE `m_id` = 8 LIMIT 1   [ RunTime:0.0002s ]
INFO: [ view_parse ] --START--
INFO: [ template_filter ] --START--
INFO: Run Behavior\ContentReplaceBehavior [ RunTime:0.000087s ]
INFO: [ template_filter ] --END-- [ RunTime:0.000133s ]
INFO: Run Behavior\ParseTemplateBehavior [ RunTime:0.029432s ]
INFO: [ view_parse ] --END-- [ RunTime:0.029490s ]
INFO: [ view_filter ] --START--
INFO: Run Behavior\WriteHtmlCacheBehavior [ RunTime:0.000460s ]
INFO: [ view_filter ] --END-- [ RunTime:0.000507s ]
INFO: [ app_end ] --START--
INFO: Run Behavior\ShowPageTraceBehavior [ RunTime:0.001085s ]
INFO: [ app_end ] --END-- [ RunTime:0.001173s ]

[ 2016-08-05T18:00:59+08:00 ] 127.0.0.1 /cinema/Home/Home/getlocation
INFO: [ app_init ] --START--
INFO: Run Behavior\BuildLiteBehavior [ RunTime:0.000016s ]
INFO: [ app_init ] --END-- [ RunTime:0.000480s ]
INFO: [ app_begin ] --START--
INFO: Run Behavior\ReadHtmlCacheBehavior [ RunTime:0.000526s ]
INFO: [ app_begin ] --END-- [ RunTime:0.000568s ]
SQL: SHOW COLUMNS FROM `xy_ticket` [ RunTime:0.0051s ]
SQL: SHOW COLUMNS FROM `xy_movie` [ RunTime:0.0041s ]
SQL: SHOW COLUMNS FROM `xy_cinema` [ RunTime:0.0039s ]
SQL: SHOW COLUMNS FROM `xy_room` [ RunTime:0.0036s ]
SQL: SHOW COLUMNS FROM `xy_order` [ RunTime:0.0036s ]
SQL: SHOW COLUMNS FROM `xy_user` [ RunTime:0.0039s ]
SQL: SHOW COLUMNS FROM `xy_comment` [ RunTime:0.0038s ]
SQL: SHOW COLUMNS FROM `xy_employ` [ RunTime:0.0036s ]
SQL: SHOW COLUMNS FROM `xy_notice` [ RunTime:0.0037s ]
SQL: SHOW COLUMNS FROM `xy_wantmovie` [ RunTime:0.0036s ]
SQL: SHOW COLUMNS FROM `xy_stage` [ RunTime:0.0045s ]
SQL: SELECT DISTINCT  `c_location` FROM `xy_cinema` WHERE ( c_delflag=0 )  [ RunTime:0.0004s ]
INFO: [ app_end ] --START--
INFO: Run Behavior\ShowPageTraceBehavior [ RunTime:0.000579s ]
INFO: [ app_end ] --END-- [ RunTime:0.000636s ]

[ 2016-08-05T18:01:00+08:00 ] 127.0.0.1 /cinema/Home/Home/getcity
INFO: [ app_init ] --START--
INFO: Run Behavior\BuildLiteBehavior [ RunTime:0.000011s ]
INFO: [ app_init ] --END-- [ RunTime:0.000341s ]
INFO: [ app_begin ] --START--
INFO: Run Behavior\ReadHtmlCacheBehavior [ RunTime:0.000573s ]
INFO: [ app_begin ] --END-- [ RunTime:0.000628s ]
SQL: SHOW COLUMNS FROM `xy_ticket` [ RunTime:0.0043s ]
SQL: SHOW COLUMNS FROM `xy_movie` [ RunTime:0.0039s ]
SQL: SHOW COLUMNS FROM `xy_cinema` [ RunTime:0.0037s ]
SQL: SHOW COLUMNS FROM `xy_room` [ RunTime:0.0050s ]
SQL: SHOW COLUMNS FROM `xy_order` [ RunTime:0.0039s ]
SQL: SHOW COLUMNS FROM `xy_user` [ RunTime:0.0037s ]
SQL: SHOW COLUMNS FROM `xy_comment` [ RunTime:0.0037s ]
SQL: SHOW COLUMNS FROM `xy_employ` [ RunTime:0.0068s ]
SQL: SHOW COLUMNS FROM `xy_notice` [ RunTime:0.0089s ]
SQL: SHOW COLUMNS FROM `xy_wantmovie` [ RunTime:0.0061s ]
SQL: SHOW COLUMNS FROM `xy_stage` [ RunTime:0.0036s ]
SQL: SELECT `c_location` FROM `xy_cinema` WHERE ( c_delflag=0 )  [ RunTime:0.0003s ]
INFO: [ app_end ] --START--
INFO: Run Behavior\ShowPageTraceBehavior [ RunTime:0.000686s ]
INFO: [ app_end ] --END-- [ RunTime:0.000726s ]

[ 2016-08-05T18:01:00+08:00 ] 127.0.0.1 /cinema/Home/Home/getcinema
INFO: [ app_init ] --START--
INFO: Run Behavior\BuildLiteBehavior [ RunTime:0.000011s ]
INFO: [ app_init ] --END-- [ RunTime:0.000321s ]
INFO: [ app_begin ] --START--
INFO: Run Behavior\ReadHtmlCacheBehavior [ RunTime:0.000473s ]
INFO: [ app_begin ] --END-- [ RunTime:0.000512s ]
SQL: SHOW COLUMNS FROM `xy_ticket` [ RunTime:0.0071s ]
SQL: SHOW COLUMNS FROM `xy_movie` [ RunTime:0.0066s ]
SQL: SHOW COLUMNS FROM `xy_cinema` [ RunTime:0.0040s ]
SQL: SHOW COLUMNS FROM `xy_room` [ RunTime:0.0060s ]
SQL: SHOW COLUMNS FROM `xy_order` [ RunTime:0.0061s ]
SQL: SHOW COLUMNS FROM `xy_user` [ RunTime:0.0134s ]
SQL: SHOW COLUMNS FROM `xy_comment` [ RunTime:0.0038s ]
SQL: SHOW COLUMNS FROM `xy_employ` [ RunTime:0.0061s ]
SQL: SHOW COLUMNS FROM `xy_notice` [ RunTime:0.0048s ]
SQL: SHOW COLUMNS FROM `xy_wantmovie` [ RunTime:0.0039s ]
SQL: SHOW COLUMNS FROM `xy_stage` [ RunTime:0.0035s ]
SQL: SELECT `c_id`,`c_name` FROM `xy_cinema` WHERE ( c_delflag=0 and c_location='汕头' )  [ RunTime:0.0003s ]
INFO: [ app_end ] --START--
INFO: Run Behavior\ShowPageTraceBehavior [ RunTime:0.000683s ]
INFO: [ app_end ] --END-- [ RunTime:0.000725s ]

[ 2016-08-05T18:01:00+08:00 ] 127.0.0.1 /cinema/Home/Home/getmovie
INFO: [ app_init ] --START--
INFO: Run Behavior\BuildLiteBehavior [ RunTime:0.000013s ]
INFO: [ app_init ] --END-- [ RunTime:0.000354s ]
INFO: [ app_begin ] --START--
INFO: Run Behavior\ReadHtmlCacheBehavior [ RunTime:0.000516s ]
INFO: [ app_begin ] --END-- [ RunTime:0.000566s ]
SQL: SHOW COLUMNS FROM `xy_ticket` [ RunTime:0.0046s ]
SQL: SHOW COLUMNS FROM `xy_movie` [ RunTime:0.0040s ]
SQL: SHOW COLUMNS FROM `xy_cinema` [ RunTime:0.0040s ]
SQL: SHOW COLUMNS FROM `xy_room` [ RunTime:0.0040s ]
SQL: SHOW COLUMNS FROM `xy_order` [ RunTime:0.0042s ]
SQL: SHOW COLUMNS FROM `xy_user` [ RunTime:0.0041s ]
SQL: SHOW COLUMNS FROM `xy_comment` [ RunTime:0.0044s ]
SQL: SHOW COLUMNS FROM `xy_employ` [ RunTime:0.0038s ]
SQL: SHOW COLUMNS FROM `xy_notice` [ RunTime:0.0045s ]
SQL: SHOW COLUMNS FROM `xy_wantmovie` [ RunTime:0.0036s ]
SQL: SHOW COLUMNS FROM `xy_stage` [ RunTime:0.0039s ]
SQL: SELECT DISTINCT  `t_id`,`t_movieid`,`t_date`,`t_time` FROM `xy_ticket` WHERE ( t_delflag=0 and t_cinemaid=3 and t_issale=1 )  [ RunTime:0.0003s ]
SQL: SELECT `m_id`,`m_name` FROM `xy_movie` WHERE `m_id` = 8 LIMIT 1   [ RunTime:0.0002s ]
INFO: [ app_end ] --START--
INFO: Run Behavior\ShowPageTraceBehavior [ RunTime:0.000690s ]
INFO: [ app_end ] --END-- [ RunTime:0.000732s ]

[ 2016-08-05T22:32:43+08:00 ] 127.0.0.1 /cinema/Home/Home/index
INFO: [ app_init ] --START--
INFO: Run Behavior\BuildLiteBehavior [ RunTime:0.000018s ]
INFO: [ app_init ] --END-- [ RunTime:0.010893s ]
INFO: [ app_begin ] --START--
INFO: Run Behavior\ReadHtmlCacheBehavior [ RunTime:0.009603s ]
INFO: [ app_begin ] --END-- [ RunTime:0.009673s ]
SQL: SHOW COLUMNS FROM `xy_ticket` [ RunTime:0.0489s ]
SQL: SHOW COLUMNS FROM `xy_movie` [ RunTime:0.0071s ]
SQL: SHOW COLUMNS FROM `xy_cinema` [ RunTime:0.0077s ]
SQL: SHOW COLUMNS FROM `xy_room` [ RunTime:0.0069s ]
SQL: SHOW COLUMNS FROM `xy_order` [ RunTime:0.0069s ]
SQL: SHOW COLUMNS FROM `xy_user` [ RunTime:0.0069s ]
SQL: SHOW COLUMNS FROM `xy_comment` [ RunTime:0.0045s ]
SQL: SHOW COLUMNS FROM `xy_employ` [ RunTime:0.0072s ]
SQL: SHOW COLUMNS FROM `xy_notice` [ RunTime:0.0046s ]
SQL: SHOW COLUMNS FROM `xy_wantmovie` [ RunTime:0.0075s ]
SQL: SHOW COLUMNS FROM `xy_stage` [ RunTime:0.0043s ]
SQL: SELECT * FROM `xy_movie` WHERE ( m_delflag=0 ) ORDER BY m_showdate  [ RunTime:0.0006s ]
INFO: [ view_parse ] --START--
INFO: [ template_filter ] --START--
INFO: Run Behavior\ContentReplaceBehavior [ RunTime:0.000096s ]
INFO: [ template_filter ] --END-- [ RunTime:0.000146s ]
INFO: Run Behavior\ParseTemplateBehavior [ RunTime:0.127702s ]
INFO: [ view_parse ] --END-- [ RunTime:0.127774s ]
INFO: [ view_filter ] --START--
INFO: Run Behavior\WriteHtmlCacheBehavior [ RunTime:0.008390s ]
INFO: [ view_filter ] --END-- [ RunTime:0.008455s ]
INFO: [ app_end ] --START--
INFO: Run Behavior\ShowPageTraceBehavior [ RunTime:0.013497s ]
INFO: [ app_end ] --END-- [ RunTime:0.013584s ]

[ 2016-08-05T22:32:43+08:00 ] 127.0.0.1 /cinema/Home/Home/getlocation
INFO: [ app_init ] --START--
INFO: Run Behavior\BuildLiteBehavior [ RunTime:0.000023s ]
INFO: [ app_init ] --END-- [ RunTime:0.000655s ]
INFO: [ app_begin ] --START--
INFO: Run Behavior\ReadHtmlCacheBehavior [ RunTime:0.001003s ]
INFO: [ app_begin ] --END-- [ RunTime:0.001100s ]
SQL: SHOW COLUMNS FROM `xy_ticket` [ RunTime:0.0097s ]
SQL: SHOW COLUMNS FROM `xy_movie` [ RunTime:0.0067s ]
SQL: SHOW COLUMNS FROM `xy_cinema` [ RunTime:0.0081s ]
SQL: SHOW COLUMNS FROM `xy_room` [ RunTime:0.0175s ]
SQL: SHOW COLUMNS FROM `xy_order` [ RunTime:0.0220s ]
SQL: SHOW COLUMNS FROM `xy_user` [ RunTime:0.0105s ]
SQL: SHOW COLUMNS FROM `xy_comment` [ RunTime:0.0043s ]
SQL: SHOW COLUMNS FROM `xy_employ` [ RunTime:0.0066s ]
SQL: SHOW COLUMNS FROM `xy_notice` [ RunTime:0.0044s ]
SQL: SHOW COLUMNS FROM `xy_wantmovie` [ RunTime:0.0065s ]
SQL: SHOW COLUMNS FROM `xy_stage` [ RunTime:0.0041s ]
SQL: SELECT DISTINCT  `c_location` FROM `xy_cinema` WHERE ( c_delflag=0 )  [ RunTime:0.0005s ]
INFO: [ app_end ] --START--
INFO: Run Behavior\ShowPageTraceBehavior [ RunTime:0.000614s ]
INFO: [ app_end ] --END-- [ RunTime:0.000672s ]

[ 2016-08-05T22:32:43+08:00 ] 127.0.0.1 /cinema/Home/Home/getcity
INFO: [ app_init ] --START--
INFO: Run Behavior\BuildLiteBehavior [ RunTime:0.000011s ]
INFO: [ app_init ] --END-- [ RunTime:0.000309s ]
INFO: [ app_begin ] --START--
INFO: Run Behavior\ReadHtmlCacheBehavior [ RunTime:0.000354s ]
INFO: [ app_begin ] --END-- [ RunTime:0.000393s ]
SQL: SHOW COLUMNS FROM `xy_ticket` [ RunTime:0.0053s ]
SQL: SHOW COLUMNS FROM `xy_movie` [ RunTime:0.0042s ]
SQL: SHOW COLUMNS FROM `xy_cinema` [ RunTime:0.0041s ]
SQL: SHOW COLUMNS FROM `xy_room` [ RunTime:0.0059s ]
SQL: SHOW COLUMNS FROM `xy_order` [ RunTime:0.0042s ]
SQL: SHOW COLUMNS FROM `xy_user` [ RunTime:0.0041s ]
SQL: SHOW COLUMNS FROM `xy_comment` [ RunTime:0.0041s ]
SQL: SHOW COLUMNS FROM `xy_employ` [ RunTime:0.0044s ]
SQL: SHOW COLUMNS FROM `xy_notice` [ RunTime:0.0040s ]
SQL: SHOW COLUMNS FROM `xy_wantmovie` [ RunTime:0.0046s ]
SQL: SHOW COLUMNS FROM `xy_stage` [ RunTime:0.0041s ]
SQL: SELECT `c_location` FROM `xy_cinema` WHERE ( c_delflag=0 )  [ RunTime:0.0003s ]
INFO: [ app_end ] --START--
INFO: Run Behavior\ShowPageTraceBehavior [ RunTime:0.000524s ]
INFO: [ app_end ] --END-- [ RunTime:0.000563s ]

[ 2016-08-05T22:32:43+08:00 ] 127.0.0.1 /cinema/Home/Home/getcinema
INFO: [ app_init ] --START--
INFO: Run Behavior\BuildLiteBehavior [ RunTime:0.000011s ]
INFO: [ app_init ] --END-- [ RunTime:0.000280s ]
INFO: [ app_begin ] --START--
INFO: Run Behavior\ReadHtmlCacheBehavior [ RunTime:0.000356s ]
INFO: [ app_begin ] --END-- [ RunTime:0.000394s ]
SQL: SHOW COLUMNS FROM `xy_ticket` [ RunTime:0.1006s ]
SQL: SHOW COLUMNS FROM `xy_movie` [ RunTime:0.0475s ]
SQL: SHOW COLUMNS FROM `xy_cinema` [ RunTime:0.0042s ]
SQL: SHOW COLUMNS FROM `xy_room` [ RunTime:0.0046s ]
SQL: SHOW COLUMNS FROM `xy_order` [ RunTime:0.0042s ]
SQL: SHOW COLUMNS FROM `xy_user` [ RunTime:0.0042s ]
SQL: SHOW COLUMNS FROM `xy_comment` [ RunTime:0.0041s ]
SQL: SHOW COLUMNS FROM `xy_employ` [ RunTime:0.0041s ]
SQL: SHOW COLUMNS FROM `xy_notice` [ RunTime:0.0041s ]
SQL: SHOW COLUMNS FROM `xy_wantmovie` [ RunTime:0.0042s ]
SQL: SHOW COLUMNS FROM `xy_stage` [ RunTime:0.0043s ]
SQL: SELECT `c_id`,`c_name` FROM `xy_cinema` WHERE ( c_delflag=0 and c_location='湛江' )  [ RunTime:0.0003s ]
INFO: [ app_end ] --START--
INFO: Run Behavior\ShowPageTraceBehavior [ RunTime:0.000518s ]
INFO: [ app_end ] --END-- [ RunTime:0.000558s ]

[ 2016-08-05T22:32:43+08:00 ] 127.0.0.1 /cinema/Home/Home/getmovie
INFO: [ app_init ] --START--
INFO: Run Behavior\BuildLiteBehavior [ RunTime:0.000010s ]
INFO: [ app_init ] --END-- [ RunTime:0.000277s ]
INFO: [ app_begin ] --START--
INFO: Run Behavior\ReadHtmlCacheBehavior [ RunTime:0.000350s ]
INFO: [ app_begin ] --END-- [ RunTime:0.000391s ]
SQL: SHOW COLUMNS FROM `xy_ticket` [ RunTime:0.0044s ]
SQL: SHOW COLUMNS FROM `xy_movie` [ RunTime:0.0045s ]
SQL: SHOW COLUMNS FROM `xy_cinema` [ RunTime:0.0045s ]
SQL: SHOW COLUMNS FROM `xy_room` [ RunTime:0.0045s ]
SQL: SHOW COLUMNS FROM `xy_order` [ RunTime:0.0041s ]
SQL: SHOW COLUMNS FROM `xy_user` [ RunTime:0.0043s ]
SQL: SHOW COLUMNS FROM `xy_comment` [ RunTime:0.0041s ]
SQL: SHOW COLUMNS FROM `xy_employ` [ RunTime:0.0041s ]
SQL: SHOW COLUMNS FROM `xy_notice` [ RunTime:0.0040s ]
SQL: SHOW COLUMNS FROM `xy_wantmovie` [ RunTime:0.0042s ]
SQL: SHOW COLUMNS FROM `xy_stage` [ RunTime:0.0040s ]
SQL: SELECT DISTINCT  `t_id`,`t_movieid`,`t_date`,`t_time` FROM `xy_ticket` WHERE ( t_delflag=0 and t_cinemaid=1 and t_issale=1 )  [ RunTime:0.0003s ]
INFO: [ app_end ] --START--
INFO: Run Behavior\ShowPageTraceBehavior [ RunTime:0.000515s ]
INFO: [ app_end ] --END-- [ RunTime:0.000577s ]

[ 2016-08-05T22:41:50+08:00 ] 127.0.0.1 /cinema/Home/index
INFO: [ app_init ] --START--
INFO: Run Behavior\BuildLiteBehavior [ RunTime:0.000014s ]
INFO: [ app_init ] --END-- [ RunTime:0.000414s ]
INFO: [ app_begin ] --START--
INFO: Run Behavior\ReadHtmlCacheBehavior [ RunTime:0.000568s ]
INFO: [ app_begin ] --END-- [ RunTime:0.000618s ]
INFO: [ view_parse ] --START--
INFO: [ template_filter ] --START--
INFO: Run Behavior\ContentReplaceBehavior [ RunTime:0.000045s ]
INFO: [ template_filter ] --END-- [ RunTime:0.000115s ]
INFO: Run Behavior\ParseTemplateBehavior [ RunTime:0.016550s ]
INFO: [ view_parse ] --END-- [ RunTime:0.016644s ]
INFO: [ view_filter ] --START--
INFO: Run Behavior\WriteHtmlCacheBehavior [ RunTime:0.000517s ]
INFO: [ view_filter ] --END-- [ RunTime:0.000573s ]
INFO: [ app_end ] --START--
INFO: Run Behavior\ShowPageTraceBehavior [ RunTime:0.000612s ]
INFO: [ app_end ] --END-- [ RunTime:0.000680s ]

[ 2016-08-05T23:06:55+08:00 ] 127.0.0.1 /cinema/Home/index
INFO: [ app_init ] --START--
INFO: Run Behavior\BuildLiteBehavior [ RunTime:0.000012s ]
INFO: [ app_init ] --END-- [ RunTime:0.000343s ]
INFO: [ app_begin ] --START--
INFO: Run Behavior\ReadHtmlCacheBehavior [ RunTime:0.000455s ]
INFO: [ app_begin ] --END-- [ RunTime:0.000496s ]
SQL: SHOW COLUMNS FROM `xy_ticket` [ RunTime:0.0100s ]
SQL: SHOW COLUMNS FROM `xy_movie` [ RunTime:0.0072s ]
SQL: SHOW COLUMNS FROM `xy_cinema` [ RunTime:0.0093s ]
SQL: SHOW COLUMNS FROM `xy_room` [ RunTime:0.0064s ]
SQL: SHOW COLUMNS FROM `xy_order` [ RunTime:0.0067s ]
SQL: SHOW COLUMNS FROM `xy_user` [ RunTime:0.0065s ]
SQL: SHOW COLUMNS FROM `xy_comment` [ RunTime:0.0040s ]
SQL: SHOW COLUMNS FROM `xy_employ` [ RunTime:0.0069s ]
SQL: SHOW COLUMNS FROM `xy_notice` [ RunTime:0.0040s ]
SQL: SHOW COLUMNS FROM `xy_wantmovie` [ RunTime:0.0073s ]
SQL: SHOW COLUMNS FROM `xy_stage` [ RunTime:0.0040s ]
INFO: [ view_parse ] --START--
INFO: [ template_filter ] --START--
INFO: Run Behavior\ContentReplaceBehavior [ RunTime:0.000035s ]
INFO: [ template_filter ] --END-- [ RunTime:0.000085s ]
INFO: Run Behavior\ParseTemplateBehavior [ RunTime:0.013359s ]
INFO: [ view_parse ] --END-- [ RunTime:0.013426s ]
INFO: [ view_filter ] --START--
INFO: Run Behavior\WriteHtmlCacheBehavior [ RunTime:0.000351s ]
INFO: [ view_filter ] --END-- [ RunTime:0.000387s ]
INFO: [ app_end ] --START--
INFO: Run Behavior\ShowPageTraceBehavior [ RunTime:0.000466s ]
INFO: [ app_end ] --END-- [ RunTime:0.000503s ]

[ 2016-08-05T23:06:56+08:00 ] 127.0.0.1 /cinema/Home/Home/getlocation
INFO: [ app_init ] --START--
INFO: Run Behavior\BuildLiteBehavior [ RunTime:0.000014s ]
INFO: [ app_init ] --END-- [ RunTime:0.000340s ]
INFO: [ app_begin ] --START--
INFO: Run Behavior\ReadHtmlCacheBehavior [ RunTime:0.000408s ]
INFO: [ app_begin ] --END-- [ RunTime:0.000450s ]
SQL: SHOW COLUMNS FROM `xy_ticket` [ RunTime:0.0124s ]
SQL: SHOW COLUMNS FROM `xy_movie` [ RunTime:0.0133s ]
SQL: SHOW COLUMNS FROM `xy_cinema` [ RunTime:0.0138s ]
SQL: SHOW COLUMNS FROM `xy_room` [ RunTime:0.0092s ]
SQL: SHOW COLUMNS FROM `xy_order` [ RunTime:0.0083s ]
SQL: SHOW COLUMNS FROM `xy_user` [ RunTime:0.0092s ]
SQL: SHOW COLUMNS FROM `xy_comment` [ RunTime:0.0048s ]
SQL: SHOW COLUMNS FROM `xy_employ` [ RunTime:0.0069s ]
SQL: SHOW COLUMNS FROM `xy_notice` [ RunTime:0.0085s ]
SQL: SHOW COLUMNS FROM `xy_wantmovie` [ RunTime:0.0084s ]
SQL: SHOW COLUMNS FROM `xy_stage` [ RunTime:0.0045s ]
SQL: SELECT DISTINCT  `c_location` FROM `xy_cinema` WHERE ( c_delflag=0 )  [ RunTime:0.0004s ]
INFO: [ app_end ] --START--
INFO: Run Behavior\ShowPageTraceBehavior [ RunTime:0.000677s ]
INFO: [ app_end ] --END-- [ RunTime:0.000760s ]

[ 2016-08-05T23:06:56+08:00 ] 127.0.0.1 /cinema/Home/Home/getcity
INFO: [ app_init ] --START--
INFO: Run Behavior\BuildLiteBehavior [ RunTime:0.000013s ]
INFO: [ app_init ] --END-- [ RunTime:0.000314s ]
INFO: [ app_begin ] --START--
INFO: Run Behavior\ReadHtmlCacheBehavior [ RunTime:0.000383s ]
INFO: [ app_begin ] --END-- [ RunTime:0.000423s ]
SQL: SHOW COLUMNS FROM `xy_ticket` [ RunTime:0.0041s ]
SQL: SHOW COLUMNS FROM `xy_movie` [ RunTime:0.0045s ]
SQL: SHOW COLUMNS FROM `xy_cinema` [ RunTime:0.0039s ]
SQL: SHOW COLUMNS FROM `xy_room` [ RunTime:0.0039s ]
SQL: SHOW COLUMNS FROM `xy_order` [ RunTime:0.0041s ]
SQL: SHOW COLUMNS FROM `xy_user` [ RunTime:0.0044s ]
SQL: SHOW COLUMNS FROM `xy_comment` [ RunTime:0.0049s ]
SQL: SHOW COLUMNS FROM `xy_employ` [ RunTime:0.0039s ]
SQL: SHOW COLUMNS FROM `xy_notice` [ RunTime:0.0049s ]
SQL: SHOW COLUMNS FROM `xy_wantmovie` [ RunTime:0.0039s ]
SQL: SHOW COLUMNS FROM `xy_stage` [ RunTime:0.0042s ]
SQL: SELECT `c_location` FROM `xy_cinema` WHERE ( c_delflag=0 )  [ RunTime:0.0002s ]
INFO: [ app_end ] --START--
INFO: Run Behavior\ShowPageTraceBehavior [ RunTime:0.000522s ]
INFO: [ app_end ] --END-- [ RunTime:0.000559s ]

[ 2016-08-05T23:06:56+08:00 ] 127.0.0.1 /cinema/Home/Home/getcinema
INFO: [ app_init ] --START--
INFO: Run Behavior\BuildLiteBehavior [ RunTime:0.000011s ]
INFO: [ app_init ] --END-- [ RunTime:0.000298s ]
INFO: [ app_begin ] --START--
INFO: Run Behavior\ReadHtmlCacheBehavior [ RunTime:0.000372s ]
INFO: [ app_begin ] --END-- [ RunTime:0.000412s ]
SQL: SHOW COLUMNS FROM `xy_ticket` [ RunTime:0.0046s ]
SQL: SHOW COLUMNS FROM `xy_movie` [ RunTime:0.0046s ]
SQL: SHOW COLUMNS FROM `xy_cinema` [ RunTime:0.0039s ]
SQL: SHOW COLUMNS FROM `xy_room` [ RunTime:0.0041s ]
SQL: SHOW COLUMNS FROM `xy_order` [ RunTime:0.0043s ]
SQL: SHOW COLUMNS FROM `xy_user` [ RunTime:0.0041s ]
SQL: SHOW COLUMNS FROM `xy_comment` [ RunTime:0.0057s ]
SQL: SHOW COLUMNS FROM `xy_employ` [ RunTime:0.0040s ]
SQL: SHOW COLUMNS FROM `xy_notice` [ RunTime:0.0040s ]
SQL: SHOW COLUMNS FROM `xy_wantmovie` [ RunTime:0.0038s ]
SQL: SHOW COLUMNS FROM `xy_stage` [ RunTime:0.0038s ]
SQL: SELECT `c_id`,`c_name` FROM `xy_cinema` WHERE ( c_delflag=0 and c_location='湛江' )  [ RunTime:0.0003s ]
INFO: [ app_end ] --START--
INFO: Run Behavior\ShowPageTraceBehavior [ RunTime:0.000561s ]
INFO: [ app_end ] --END-- [ RunTime:0.000604s ]

[ 2016-08-05T23:06:56+08:00 ] 127.0.0.1 /cinema/Home/Home/getmovie
INFO: [ app_init ] --START--
INFO: Run Behavior\BuildLiteBehavior [ RunTime:0.000012s ]
INFO: [ app_init ] --END-- [ RunTime:0.000344s ]
INFO: [ app_begin ] --START--
INFO: Run Behavior\ReadHtmlCacheBehavior [ RunTime:0.000384s ]
INFO: [ app_begin ] --END-- [ RunTime:0.000421s ]
SQL: SHOW COLUMNS FROM `xy_ticket` [ RunTime:0.0049s ]
SQL: SHOW COLUMNS FROM `xy_movie` [ RunTime:0.0042s ]
SQL: SHOW COLUMNS FROM `xy_cinema` [ RunTime:0.0040s ]
SQL: SHOW COLUMNS FROM `xy_room` [ RunTime:0.0047s ]
SQL: SHOW COLUMNS FROM `xy_order` [ RunTime:0.0041s ]
SQL: SHOW COLUMNS FROM `xy_user` [ RunTime:0.0041s ]
SQL: SHOW COLUMNS FROM `xy_comment` [ RunTime:0.0039s ]
SQL: SHOW COLUMNS FROM `xy_employ` [ RunTime:0.0042s ]
SQL: SHOW COLUMNS FROM `xy_notice` [ RunTime:0.0039s ]
SQL: SHOW COLUMNS FROM `xy_wantmovie` [ RunTime:0.0039s ]
SQL: SHOW COLUMNS FROM `xy_stage` [ RunTime:0.0040s ]
SQL: SELECT DISTINCT  `t_id`,`t_movieid`,`t_date`,`t_time` FROM `xy_ticket` WHERE ( t_delflag=0 and t_cinemaid=1 and t_issale=1 )  [ RunTime:0.0003s ]
INFO: [ app_end ] --START--
INFO: Run Behavior\ShowPageTraceBehavior [ RunTime:0.000545s ]
INFO: [ app_end ] --END-- [ RunTime:0.000585s ]

[ 2016-08-05T23:06:57+08:00 ] 127.0.0.1 /cinema/Home/Home/index
INFO: [ app_init ] --START--
INFO: Run Behavior\BuildLiteBehavior [ RunTime:0.000015s ]
INFO: [ app_init ] --END-- [ RunTime:0.000380s ]
INFO: [ app_begin ] --START--
INFO: Run Behavior\ReadHtmlCacheBehavior [ RunTime:0.000469s ]
INFO: [ app_begin ] --END-- [ RunTime:0.000530s ]
SQL: SHOW COLUMNS FROM `xy_ticket` [ RunTime:0.0111s ]
SQL: SHOW COLUMNS FROM `xy_movie` [ RunTime:0.0078s ]
SQL: SHOW COLUMNS FROM `xy_cinema` [ RunTime:0.0072s ]
SQL: SHOW COLUMNS FROM `xy_room` [ RunTime:0.0074s ]
SQL: SHOW COLUMNS FROM `xy_order` [ RunTime:0.0072s ]
SQL: SHOW COLUMNS FROM `xy_user` [ RunTime:0.0071s ]
SQL: SHOW COLUMNS FROM `xy_comment` [ RunTime:0.0044s ]
SQL: SHOW COLUMNS FROM `xy_employ` [ RunTime:0.0075s ]
SQL: SHOW COLUMNS FROM `xy_notice` [ RunTime:0.0054s ]
SQL: SHOW COLUMNS FROM `xy_wantmovie` [ RunTime:0.0070s ]
SQL: SHOW COLUMNS FROM `xy_stage` [ RunTime:0.0060s ]
SQL: SELECT * FROM `xy_movie` WHERE ( m_delflag=0 ) ORDER BY m_showdate  [ RunTime:0.0010s ]
INFO: [ view_parse ] --START--
INFO: [ template_filter ] --START--
INFO: Run Behavior\ContentReplaceBehavior [ RunTime:0.000115s ]
INFO: [ template_filter ] --END-- [ RunTime:0.000173s ]
INFO: Run Behavior\ParseTemplateBehavior [ RunTime:0.060169s ]
INFO: [ view_parse ] --END-- [ RunTime:0.060237s ]
INFO: [ view_filter ] --START--
INFO: Run Behavior\WriteHtmlCacheBehavior [ RunTime:0.000421s ]
INFO: [ view_filter ] --END-- [ RunTime:0.000466s ]
INFO: [ app_end ] --START--
INFO: Run Behavior\ShowPageTraceBehavior [ RunTime:0.000543s ]
INFO: [ app_end ] --END-- [ RunTime:0.000602s ]

[ 2016-08-05T23:06:58+08:00 ] 127.0.0.1 /cinema/Home/Home/getlocation
INFO: [ app_init ] --START--
INFO: Run Behavior\BuildLiteBehavior [ RunTime:0.000049s ]
INFO: [ app_init ] --END-- [ RunTime:0.001117s ]
INFO: [ app_begin ] --START--
INFO: Run Behavior\ReadHtmlCacheBehavior [ RunTime:0.001103s ]
INFO: [ app_begin ] --END-- [ RunTime:0.001201s ]
SQL: SHOW COLUMNS FROM `xy_ticket` [ RunTime:0.0117s ]
SQL: SHOW COLUMNS FROM `xy_movie` [ RunTime:0.0071s ]
SQL: SHOW COLUMNS FROM `xy_cinema` [ RunTime:0.0074s ]
SQL: SHOW COLUMNS FROM `xy_room` [ RunTime:0.0065s ]
SQL: SHOW COLUMNS FROM `xy_order` [ RunTime:0.0062s ]
SQL: SHOW COLUMNS FROM `xy_user` [ RunTime:0.0062s ]
SQL: SHOW COLUMNS FROM `xy_comment` [ RunTime:0.0039s ]
SQL: SHOW COLUMNS FROM `xy_employ` [ RunTime:0.0061s ]
SQL: SHOW COLUMNS FROM `xy_notice` [ RunTime:0.0038s ]
SQL: SHOW COLUMNS FROM `xy_wantmovie` [ RunTime:0.0061s ]
SQL: SHOW COLUMNS FROM `xy_stage` [ RunTime:0.0038s ]
SQL: SELECT DISTINCT  `c_location` FROM `xy_cinema` WHERE ( c_delflag=0 )  [ RunTime:0.0003s ]
INFO: [ app_end ] --START--
INFO: Run Behavior\ShowPageTraceBehavior [ RunTime:0.000641s ]
INFO: [ app_end ] --END-- [ RunTime:0.000690s ]

[ 2016-08-05T23:06:58+08:00 ] 127.0.0.1 /cinema/Home/Home/getcity
INFO: [ app_init ] --START--
INFO: Run Behavior\BuildLiteBehavior [ RunTime:0.000025s ]
INFO: [ app_init ] --END-- [ RunTime:0.000395s ]
INFO: [ app_begin ] --START--
INFO: Run Behavior\ReadHtmlCacheBehavior [ RunTime:0.000550s ]
INFO: [ app_begin ] --END-- [ RunTime:0.000587s ]
SQL: SHOW COLUMNS FROM `xy_ticket` [ RunTime:0.0043s ]
SQL: SHOW COLUMNS FROM `xy_movie` [ RunTime:0.0039s ]
SQL: SHOW COLUMNS FROM `xy_cinema` [ RunTime:0.0037s ]
SQL: SHOW COLUMNS FROM `xy_room` [ RunTime:0.0038s ]
SQL: SHOW COLUMNS FROM `xy_order` [ RunTime:0.0042s ]
SQL: SHOW COLUMNS FROM `xy_user` [ RunTime:0.0039s ]
SQL: SHOW COLUMNS FROM `xy_comment` [ RunTime:0.0036s ]
SQL: SHOW COLUMNS FROM `xy_employ` [ RunTime:0.0038s ]
SQL: SHOW COLUMNS FROM `xy_notice` [ RunTime:0.0038s ]
SQL: SHOW COLUMNS FROM `xy_wantmovie` [ RunTime:0.0036s ]
SQL: SHOW COLUMNS FROM `xy_stage` [ RunTime:0.0037s ]
SQL: SELECT `c_location` FROM `xy_cinema` WHERE ( c_delflag=0 )  [ RunTime:0.0003s ]
INFO: [ app_end ] --START--
INFO: Run Behavior\ShowPageTraceBehavior [ RunTime:0.000780s ]
INFO: [ app_end ] --END-- [ RunTime:0.000818s ]

[ 2016-08-05T23:06:58+08:00 ] 127.0.0.1 /cinema/Home/Home/getcinema
INFO: [ app_init ] --START--
INFO: Run Behavior\BuildLiteBehavior [ RunTime:0.000012s ]
INFO: [ app_init ] --END-- [ RunTime:0.000320s ]
INFO: [ app_begin ] --START--
INFO: Run Behavior\ReadHtmlCacheBehavior [ RunTime:0.000567s ]
INFO: [ app_begin ] --END-- [ RunTime:0.000605s ]
SQL: SHOW COLUMNS FROM `xy_ticket` [ RunTime:0.0045s ]
SQL: SHOW COLUMNS FROM `xy_movie` [ RunTime:0.0040s ]
SQL: SHOW COLUMNS FROM `xy_cinema` [ RunTime:0.0038s ]
SQL: SHOW COLUMNS FROM `xy_room` [ RunTime:0.0039s ]
SQL: SHOW COLUMNS FROM `xy_order` [ RunTime:0.0039s ]
SQL: SHOW COLUMNS FROM `xy_user` [ RunTime:0.0048s ]
SQL: SHOW COLUMNS FROM `xy_comment` [ RunTime:0.0041s ]
SQL: SHOW COLUMNS FROM `xy_employ` [ RunTime:0.0039s ]
SQL: SHOW COLUMNS FROM `xy_notice` [ RunTime:0.0039s ]
SQL: SHOW COLUMNS FROM `xy_wantmovie` [ RunTime:0.0037s ]
SQL: SHOW COLUMNS FROM `xy_stage` [ RunTime:0.0037s ]
SQL: SELECT `c_id`,`c_name` FROM `xy_cinema` WHERE ( c_delflag=0 and c_location='湛江' )  [ RunTime:0.0003s ]
INFO: [ app_end ] --START--
INFO: Run Behavior\ShowPageTraceBehavior [ RunTime:0.000751s ]
INFO: [ app_end ] --END-- [ RunTime:0.000793s ]

[ 2016-08-05T23:06:58+08:00 ] 127.0.0.1 /cinema/Home/Home/getmovie
INFO: [ app_init ] --START--
INFO: Run Behavior\BuildLiteBehavior [ RunTime:0.000011s ]
INFO: [ app_init ] --END-- [ RunTime:0.000316s ]
INFO: [ app_begin ] --START--
INFO: Run Behavior\ReadHtmlCacheBehavior [ RunTime:0.000547s ]
INFO: [ app_begin ] --END-- [ RunTime:0.000586s ]
SQL: SHOW COLUMNS FROM `xy_ticket` [ RunTime:0.0041s ]
SQL: SHOW COLUMNS FROM `xy_movie` [ RunTime:0.0043s ]
SQL: SHOW COLUMNS FROM `xy_cinema` [ RunTime:0.0040s ]
SQL: SHOW COLUMNS FROM `xy_room` [ RunTime:0.0040s ]
SQL: SHOW COLUMNS FROM `xy_order` [ RunTime:0.0042s ]
SQL: SHOW COLUMNS FROM `xy_user` [ RunTime:0.0044s ]
SQL: SHOW COLUMNS FROM `xy_comment` [ RunTime:0.0042s ]
SQL: SHOW COLUMNS FROM `xy_employ` [ RunTime:0.0038s ]
SQL: SHOW COLUMNS FROM `xy_notice` [ RunTime:0.0043s ]
SQL: SHOW COLUMNS FROM `xy_wantmovie` [ RunTime:0.0049s ]
SQL: SHOW COLUMNS FROM `xy_stage` [ RunTime:0.0043s ]
SQL: SELECT DISTINCT  `t_id`,`t_movieid`,`t_date`,`t_time` FROM `xy_ticket` WHERE ( t_delflag=0 and t_cinemaid=1 and t_issale=1 )  [ RunTime:0.0003s ]
INFO: [ app_end ] --START--
INFO: Run Behavior\ShowPageTraceBehavior [ RunTime:0.000767s ]
INFO: [ app_end ] --END-- [ RunTime:0.000810s ]

