[ 2016-08-10T14:23:24+08:00 ] 127.0.0.1 /cinema/
INFO: [ app_init ] --START--
INFO: Run Behavior\BuildLiteBehavior [ RunTime:0.000025s ]
INFO: [ app_init ] --END-- [ RunTime:0.048324s ]
INFO: [ app_begin ] --START--
INFO: Run Behavior\ReadHtmlCacheBehavior [ RunTime:0.009676s ]
INFO: [ app_begin ] --END-- [ RunTime:0.009746s ]
SQL: SHOW COLUMNS FROM `xy_ticket` [ RunTime:0.0153s ]
SQL: SHOW COLUMNS FROM `xy_movie` [ RunTime:0.0074s ]
SQL: SHOW COLUMNS FROM `xy_cinema` [ RunTime:0.0072s ]
SQL: SHOW COLUMNS FROM `xy_room` [ RunTime:0.0074s ]
SQL: SHOW COLUMNS FROM `xy_order` [ RunTime:0.0079s ]
SQL: SHOW COLUMNS FROM `xy_user` [ RunTime:0.0070s ]
SQL: SHOW COLUMNS FROM `xy_comment` [ RunTime:0.0052s ]
SQL: SHOW COLUMNS FROM `xy_employ` [ RunTime:0.0068s ]
SQL: SHOW COLUMNS FROM `xy_notice` [ RunTime:0.0045s ]
SQL: SHOW COLUMNS FROM `xy_wantmovie` [ RunTime:0.0067s ]
SQL: SHOW COLUMNS FROM `xy_stage` [ RunTime:0.0051s ]
SQL: SELECT * FROM `xy_movie` WHERE ( m_delflag=0 ) ORDER BY m_showdate  [ RunTime:0.0006s ]
INFO: [ view_parse ] --START--
INFO: [ template_filter ] --START--
INFO: Run Behavior\ContentReplaceBehavior [ RunTime:0.000109s ]
INFO: [ template_filter ] --END-- [ RunTime:0.000161s ]
INFO: Run Behavior\ParseTemplateBehavior [ RunTime:0.192489s ]
INFO: [ view_parse ] --END-- [ RunTime:0.192546s ]
INFO: [ view_filter ] --START--
INFO: Run Behavior\WriteHtmlCacheBehavior [ RunTime:0.006614s ]
INFO: [ view_filter ] --END-- [ RunTime:0.006667s ]
INFO: [ app_end ] --START--
INFO: Run Behavior\ShowPageTraceBehavior [ RunTime:0.024110s ]
INFO: [ app_end ] --END-- [ RunTime:0.024198s ]

[ 2016-08-10T14:23:25+08:00 ] 127.0.0.1 /cinema/Home/Home/getlocation
INFO: [ app_init ] --START--
INFO: Run Behavior\BuildLiteBehavior [ RunTime:0.000012s ]
INFO: [ app_init ] --END-- [ RunTime:0.000354s ]
INFO: [ app_begin ] --START--
INFO: Run Behavior\ReadHtmlCacheBehavior [ RunTime:0.000622s ]
INFO: [ app_begin ] --END-- [ RunTime:0.000674s ]
SQL: SHOW COLUMNS FROM `xy_ticket` [ RunTime:0.0343s ]
SQL: SHOW COLUMNS FROM `xy_movie` [ RunTime:0.0209s ]
SQL: SHOW COLUMNS FROM `xy_cinema` [ RunTime:0.0266s ]
SQL: SHOW COLUMNS FROM `xy_room` [ RunTime:0.0257s ]
SQL: SHOW COLUMNS FROM `xy_order` [ RunTime:0.0212s ]
SQL: SHOW COLUMNS FROM `xy_user` [ RunTime:0.0331s ]
SQL: SHOW COLUMNS FROM `xy_comment` [ RunTime:0.0117s ]
SQL: SHOW COLUMNS FROM `xy_employ` [ RunTime:0.0353s ]
SQL: SHOW COLUMNS FROM `xy_notice` [ RunTime:0.0137s ]
SQL: SHOW COLUMNS FROM `xy_wantmovie` [ RunTime:0.0289s ]
SQL: SHOW COLUMNS FROM `xy_stage` [ RunTime:0.0214s ]
SQL: SELECT DISTINCT  `c_location` FROM `xy_cinema` WHERE ( c_delflag=0 )  [ RunTime:0.0007s ]
INFO: [ app_end ] --START--
INFO: Run Behavior\ShowPageTraceBehavior [ RunTime:0.000740s ]
INFO: [ app_end ] --END-- [ RunTime:0.000800s ]

[ 2016-08-10T14:23:26+08:00 ] 127.0.0.1 /cinema/Home/Home/getcity
INFO: [ app_init ] --START--
INFO: Run Behavior\BuildLiteBehavior [ RunTime:0.000024s ]
INFO: [ app_init ] --END-- [ RunTime:0.000460s ]
INFO: [ app_begin ] --START--
INFO: Run Behavior\ReadHtmlCacheBehavior [ RunTime:0.000696s ]
INFO: [ app_begin ] --END-- [ RunTime:0.000746s ]
SQL: SHOW COLUMNS FROM `xy_ticket` [ RunTime:0.0310s ]
SQL: SHOW COLUMNS FROM `xy_movie` [ RunTime:0.0111s ]
SQL: SHOW COLUMNS FROM `xy_cinema` [ RunTime:0.0319s ]
SQL: SHOW COLUMNS FROM `xy_room` [ RunTime:0.0282s ]
SQL: SHOW COLUMNS FROM `xy_order` [ RunTime:0.0108s ]
SQL: SHOW COLUMNS FROM `xy_user` [ RunTime:0.0125s ]
SQL: SHOW COLUMNS FROM `xy_comment` [ RunTime:0.0144s ]
SQL: SHOW COLUMNS FROM `xy_employ` [ RunTime:0.0073s ]
SQL: SHOW COLUMNS FROM `xy_notice` [ RunTime:0.0044s ]
SQL: SHOW COLUMNS FROM `xy_wantmovie` [ RunTime:0.0064s ]
SQL: SHOW COLUMNS FROM `xy_stage` [ RunTime:0.0044s ]
SQL: SELECT `c_location` FROM `xy_cinema` WHERE ( c_delflag=0 )  [ RunTime:0.0003s ]
INFO: [ app_end ] --START--
INFO: Run Behavior\ShowPageTraceBehavior [ RunTime:0.000749s ]
INFO: [ app_end ] --END-- [ RunTime:0.000787s ]

[ 2016-08-10T14:23:26+08:00 ] 127.0.0.1 /cinema/Home/Home/getcinema
INFO: [ app_init ] --START--
INFO: Run Behavior\BuildLiteBehavior [ RunTime:0.000011s ]
INFO: [ app_init ] --END-- [ RunTime:0.000365s ]
INFO: [ app_begin ] --START--
INFO: Run Behavior\ReadHtmlCacheBehavior [ RunTime:0.000586s ]
INFO: [ app_begin ] --END-- [ RunTime:0.000627s ]
SQL: SHOW COLUMNS FROM `xy_ticket` [ RunTime:0.0049s ]
SQL: SHOW COLUMNS FROM `xy_movie` [ RunTime:0.0044s ]
SQL: SHOW COLUMNS FROM `xy_cinema` [ RunTime:0.0041s ]
SQL: SHOW COLUMNS FROM `xy_room` [ RunTime:0.0041s ]
SQL: SHOW COLUMNS FROM `xy_order` [ RunTime:0.0044s ]
SQL: SHOW COLUMNS FROM `xy_user` [ RunTime:0.0041s ]
SQL: SHOW COLUMNS FROM `xy_comment` [ RunTime:0.0041s ]
SQL: SHOW COLUMNS FROM `xy_employ` [ RunTime:0.0043s ]
SQL: SHOW COLUMNS FROM `xy_notice` [ RunTime:0.0043s ]
SQL: SHOW COLUMNS FROM `xy_wantmovie` [ RunTime:0.0049s ]
SQL: SHOW COLUMNS FROM `xy_stage` [ RunTime:0.0046s ]
SQL: SELECT `c_id`,`c_name` FROM `xy_cinema` WHERE ( c_delflag=0 and c_location='湛江' )  [ RunTime:0.0003s ]
INFO: [ app_end ] --START--
INFO: Run Behavior\ShowPageTraceBehavior [ RunTime:0.001143s ]
INFO: [ app_end ] --END-- [ RunTime:0.001219s ]

[ 2016-08-10T14:23:26+08:00 ] 127.0.0.1 /cinema/Home/Home/getmovie
INFO: [ app_init ] --START--
INFO: Run Behavior\BuildLiteBehavior [ RunTime:0.000011s ]
INFO: [ app_init ] --END-- [ RunTime:0.000344s ]
INFO: [ app_begin ] --START--
INFO: Run Behavior\ReadHtmlCacheBehavior [ RunTime:0.000600s ]
INFO: [ app_begin ] --END-- [ RunTime:0.000638s ]
SQL: SHOW COLUMNS FROM `xy_ticket` [ RunTime:0.0068s ]
SQL: SHOW COLUMNS FROM `xy_movie` [ RunTime:0.0056s ]
SQL: SHOW COLUMNS FROM `xy_cinema` [ RunTime:0.0060s ]
SQL: SHOW COLUMNS FROM `xy_room` [ RunTime:0.0067s ]
SQL: SHOW COLUMNS FROM `xy_order` [ RunTime:0.0460s ]
SQL: SHOW COLUMNS FROM `xy_user` [ RunTime:0.2075s ]
SQL: SHOW COLUMNS FROM `xy_comment` [ RunTime:0.0181s ]
SQL: SHOW COLUMNS FROM `xy_employ` [ RunTime:0.0698s ]
SQL: SHOW COLUMNS FROM `xy_notice` [ RunTime:0.0473s ]
SQL: SHOW COLUMNS FROM `xy_wantmovie` [ RunTime:0.0269s ]
SQL: SHOW COLUMNS FROM `xy_stage` [ RunTime:0.0057s ]
SQL: SELECT DISTINCT  `t_id`,`t_movieid`,`t_date`,`t_time` FROM `xy_ticket` WHERE ( t_delflag=0 and t_cinemaid=1 and t_issale=1 )  [ RunTime:0.0004s ]
SQL: SELECT `m_id`,`m_name` FROM `xy_movie` WHERE `m_id` = 9 LIMIT 1   [ RunTime:0.0003s ]
SQL: SELECT `m_id`,`m_name` FROM `xy_movie` WHERE `m_id` = 10 LIMIT 1   [ RunTime:0.0002s ]
SQL: SELECT `m_id`,`m_name` FROM `xy_movie` WHERE `m_id` = 13 LIMIT 1   [ RunTime:0.0002s ]
INFO: [ app_end ] --START--
INFO: Run Behavior\ShowPageTraceBehavior [ RunTime:0.000801s ]
INFO: [ app_end ] --END-- [ RunTime:0.000867s ]

[ 2016-08-10T14:29:08+08:00 ] 127.0.0.1 /cinema/index.php?s=
INFO: [ app_init ] --START--
INFO: Run Behavior\BuildLiteBehavior [ RunTime:0.000021s ]
INFO: [ app_init ] --END-- [ RunTime:0.000546s ]
INFO: [ app_begin ] --START--
INFO: Run Behavior\ReadHtmlCacheBehavior [ RunTime:0.001258s ]
INFO: [ app_begin ] --END-- [ RunTime:0.001379s ]
SQL: SHOW COLUMNS FROM `xy_ticket` [ RunTime:0.0243s ]
SQL: SHOW COLUMNS FROM `xy_movie` [ RunTime:0.0603s ]
SQL: SHOW COLUMNS FROM `xy_cinema` [ RunTime:0.0251s ]
SQL: SHOW COLUMNS FROM `xy_room` [ RunTime:0.0078s ]
SQL: SHOW COLUMNS FROM `xy_order` [ RunTime:0.0077s ]
SQL: SHOW COLUMNS FROM `xy_user` [ RunTime:0.0082s ]
SQL: SHOW COLUMNS FROM `xy_comment` [ RunTime:0.0049s ]
SQL: SHOW COLUMNS FROM `xy_employ` [ RunTime:0.0079s ]
SQL: SHOW COLUMNS FROM `xy_notice` [ RunTime:0.0050s ]
SQL: SHOW COLUMNS FROM `xy_wantmovie` [ RunTime:0.0080s ]
SQL: SHOW COLUMNS FROM `xy_stage` [ RunTime:0.0059s ]
SQL: SELECT * FROM `xy_movie` WHERE ( m_delflag=0 ) ORDER BY m_showdate  [ RunTime:0.0008s ]
INFO: [ view_parse ] --START--
INFO: [ template_filter ] --START--
INFO: Run Behavior\ContentReplaceBehavior [ RunTime:0.000120s ]
INFO: [ template_filter ] --END-- [ RunTime:0.000173s ]
INFO: Run Behavior\ParseTemplateBehavior [ RunTime:0.053047s ]
INFO: [ view_parse ] --END-- [ RunTime:0.053120s ]
INFO: [ view_filter ] --START--
INFO: Run Behavior\WriteHtmlCacheBehavior [ RunTime:0.000456s ]
INFO: [ view_filter ] --END-- [ RunTime:0.000507s ]
INFO: [ app_end ] --START--
INFO: Run Behavior\ShowPageTraceBehavior [ RunTime:0.001082s ]
INFO: [ app_end ] --END-- [ RunTime:0.001159s ]

[ 2016-08-10T14:29:08+08:00 ] 127.0.0.1 /cinema/Home/Home/getlocation
INFO: [ app_init ] --START--
INFO: Run Behavior\BuildLiteBehavior [ RunTime:0.000012s ]
INFO: [ app_init ] --END-- [ RunTime:0.000342s ]
INFO: [ app_begin ] --START--
INFO: Run Behavior\ReadHtmlCacheBehavior [ RunTime:0.000568s ]
INFO: [ app_begin ] --END-- [ RunTime:0.000611s ]
SQL: SHOW COLUMNS FROM `xy_ticket` [ RunTime:0.0053s ]
SQL: SHOW COLUMNS FROM `xy_movie` [ RunTime:0.0061s ]
SQL: SHOW COLUMNS FROM `xy_cinema` [ RunTime:0.0047s ]
SQL: SHOW COLUMNS FROM `xy_room` [ RunTime:0.0049s ]
SQL: SHOW COLUMNS FROM `xy_order` [ RunTime:0.0048s ]
SQL: SHOW COLUMNS FROM `xy_user` [ RunTime:0.0045s ]
SQL: SHOW COLUMNS FROM `xy_comment` [ RunTime:0.0048s ]
SQL: SHOW COLUMNS FROM `xy_employ` [ RunTime:0.0049s ]
SQL: SHOW COLUMNS FROM `xy_notice` [ RunTime:0.0046s ]
SQL: SHOW COLUMNS FROM `xy_wantmovie` [ RunTime:0.0054s ]
SQL: SHOW COLUMNS FROM `xy_stage` [ RunTime:0.0057s ]
SQL: SELECT DISTINCT  `c_location` FROM `xy_cinema` WHERE ( c_delflag=0 )  [ RunTime:0.0003s ]
INFO: [ app_end ] --START--
INFO: Run Behavior\ShowPageTraceBehavior [ RunTime:0.000633s ]
INFO: [ app_end ] --END-- [ RunTime:0.000680s ]

[ 2016-08-10T14:29:08+08:00 ] 127.0.0.1 /cinema/Home/Home/getcity
INFO: [ app_init ] --START--
INFO: Run Behavior\BuildLiteBehavior [ RunTime:0.000011s ]
INFO: [ app_init ] --END-- [ RunTime:0.000341s ]
INFO: [ app_begin ] --START--
INFO: Run Behavior\ReadHtmlCacheBehavior [ RunTime:0.000575s ]
INFO: [ app_begin ] --END-- [ RunTime:0.000623s ]
SQL: SHOW COLUMNS FROM `xy_ticket` [ RunTime:0.0045s ]
SQL: SHOW COLUMNS FROM `xy_movie` [ RunTime:0.0044s ]
SQL: SHOW COLUMNS FROM `xy_cinema` [ RunTime:0.0042s ]
SQL: SHOW COLUMNS FROM `xy_room` [ RunTime:0.0043s ]
SQL: SHOW COLUMNS FROM `xy_order` [ RunTime:0.0043s ]
SQL: SHOW COLUMNS FROM `xy_user` [ RunTime:0.0042s ]
SQL: SHOW COLUMNS FROM `xy_comment` [ RunTime:0.0041s ]
SQL: SHOW COLUMNS FROM `xy_employ` [ RunTime:0.0042s ]
SQL: SHOW COLUMNS FROM `xy_notice` [ RunTime:0.0042s ]
SQL: SHOW COLUMNS FROM `xy_wantmovie` [ RunTime:0.0044s ]
SQL: SHOW COLUMNS FROM `xy_stage` [ RunTime:0.0041s ]
SQL: SELECT `c_location` FROM `xy_cinema` WHERE ( c_delflag=0 )  [ RunTime:0.0003s ]
INFO: [ app_end ] --START--
INFO: Run Behavior\ShowPageTraceBehavior [ RunTime:0.000760s ]
INFO: [ app_end ] --END-- [ RunTime:0.000800s ]

[ 2016-08-10T14:29:09+08:00 ] 127.0.0.1 /cinema/Home/Home/getcinema
INFO: [ app_init ] --START--
INFO: Run Behavior\BuildLiteBehavior [ RunTime:0.000011s ]
INFO: [ app_init ] --END-- [ RunTime:0.000389s ]
INFO: [ app_begin ] --START--
INFO: Run Behavior\ReadHtmlCacheBehavior [ RunTime:0.000652s ]
INFO: [ app_begin ] --END-- [ RunTime:0.000704s ]
SQL: SHOW COLUMNS FROM `xy_ticket` [ RunTime:0.0044s ]
SQL: SHOW COLUMNS FROM `xy_movie` [ RunTime:0.0044s ]
SQL: SHOW COLUMNS FROM `xy_cinema` [ RunTime:0.0044s ]
SQL: SHOW COLUMNS FROM `xy_room` [ RunTime:0.0043s ]
SQL: SHOW COLUMNS FROM `xy_order` [ RunTime:0.0089s ]
SQL: SHOW COLUMNS FROM `xy_user` [ RunTime:0.0076s ]
SQL: SHOW COLUMNS FROM `xy_comment` [ RunTime:0.0066s ]
SQL: SHOW COLUMNS FROM `xy_employ` [ RunTime:0.0067s ]
SQL: SHOW COLUMNS FROM `xy_notice` [ RunTime:0.0043s ]
SQL: SHOW COLUMNS FROM `xy_wantmovie` [ RunTime:0.0066s ]
SQL: SHOW COLUMNS FROM `xy_stage` [ RunTime:0.0041s ]
SQL: SELECT `c_id`,`c_name` FROM `xy_cinema` WHERE ( c_delflag=0 and c_location='湛江' )  [ RunTime:0.0003s ]
INFO: [ app_end ] --START--
INFO: Run Behavior\ShowPageTraceBehavior [ RunTime:0.000764s ]
INFO: [ app_end ] --END-- [ RunTime:0.000804s ]

[ 2016-08-10T14:29:09+08:00 ] 127.0.0.1 /cinema/Home/Home/getmovie
INFO: [ app_init ] --START--
INFO: Run Behavior\BuildLiteBehavior [ RunTime:0.000019s ]
INFO: [ app_init ] --END-- [ RunTime:0.000588s ]
INFO: [ app_begin ] --START--
INFO: Run Behavior\ReadHtmlCacheBehavior [ RunTime:0.000638s ]
INFO: [ app_begin ] --END-- [ RunTime:0.000684s ]
SQL: SHOW COLUMNS FROM `xy_ticket` [ RunTime:0.0069s ]
SQL: SHOW COLUMNS FROM `xy_movie` [ RunTime:0.0067s ]
SQL: SHOW COLUMNS FROM `xy_cinema` [ RunTime:0.0045s ]
SQL: SHOW COLUMNS FROM `xy_room` [ RunTime:0.0067s ]
SQL: SHOW COLUMNS FROM `xy_order` [ RunTime:0.0045s ]
SQL: SHOW COLUMNS FROM `xy_user` [ RunTime:0.0042s ]
SQL: SHOW COLUMNS FROM `xy_comment` [ RunTime:0.0042s ]
SQL: SHOW COLUMNS FROM `xy_employ` [ RunTime:0.0042s ]
SQL: SHOW COLUMNS FROM `xy_notice` [ RunTime:0.0042s ]
SQL: SHOW COLUMNS FROM `xy_wantmovie` [ RunTime:0.0041s ]
SQL: SHOW COLUMNS FROM `xy_stage` [ RunTime:0.0041s ]
SQL: SELECT DISTINCT  `t_id`,`t_movieid`,`t_date`,`t_time` FROM `xy_ticket` WHERE ( t_delflag=0 and t_cinemaid=1 and t_issale=1 )  [ RunTime:0.0003s ]
SQL: SELECT `m_id`,`m_name` FROM `xy_movie` WHERE `m_id` = 9 LIMIT 1   [ RunTime:0.0002s ]
SQL: SELECT `m_id`,`m_name` FROM `xy_movie` WHERE `m_id` = 10 LIMIT 1   [ RunTime:0.0002s ]
SQL: SELECT `m_id`,`m_name` FROM `xy_movie` WHERE `m_id` = 13 LIMIT 1   [ RunTime:0.0002s ]
INFO: [ app_end ] --START--
INFO: Run Behavior\ShowPageTraceBehavior [ RunTime:0.000750s ]
INFO: [ app_end ] --END-- [ RunTime:0.000789s ]

[ 2016-08-10T14:29:49+08:00 ] 127.0.0.1 /cinema/index.php/Home/Home/index
INFO: [ app_init ] --START--
INFO: Run Behavior\BuildLiteBehavior [ RunTime:0.000012s ]
INFO: [ app_init ] --END-- [ RunTime:0.000359s ]
INFO: [ app_begin ] --START--
INFO: Run Behavior\ReadHtmlCacheBehavior [ RunTime:0.000635s ]
INFO: [ app_begin ] --END-- [ RunTime:0.000680s ]
SQL: SHOW COLUMNS FROM `xy_ticket` [ RunTime:0.0148s ]
SQL: SHOW COLUMNS FROM `xy_movie` [ RunTime:0.0332s ]
SQL: SHOW COLUMNS FROM `xy_cinema` [ RunTime:0.1065s ]
SQL: SHOW COLUMNS FROM `xy_room` [ RunTime:0.0379s ]
SQL: SHOW COLUMNS FROM `xy_order` [ RunTime:0.0067s ]
SQL: SHOW COLUMNS FROM `xy_user` [ RunTime:0.0070s ]
SQL: SHOW COLUMNS FROM `xy_comment` [ RunTime:0.0043s ]
SQL: SHOW COLUMNS FROM `xy_employ` [ RunTime:0.0071s ]
SQL: SHOW COLUMNS FROM `xy_notice` [ RunTime:0.0046s ]
SQL: SHOW COLUMNS FROM `xy_wantmovie` [ RunTime:0.0074s ]
SQL: SHOW COLUMNS FROM `xy_stage` [ RunTime:0.0052s ]
SQL: SELECT * FROM `xy_movie` WHERE ( m_delflag=0 ) ORDER BY m_showdate  [ RunTime:0.0006s ]
INFO: [ view_parse ] --START--
INFO: [ template_filter ] --START--
INFO: Run Behavior\ContentReplaceBehavior [ RunTime:0.000101s ]
INFO: [ template_filter ] --END-- [ RunTime:0.000153s ]
INFO: Run Behavior\ParseTemplateBehavior [ RunTime:0.051763s ]
INFO: [ view_parse ] --END-- [ RunTime:0.051820s ]
INFO: [ view_filter ] --START--
INFO: Run Behavior\WriteHtmlCacheBehavior [ RunTime:0.000447s ]
INFO: [ view_filter ] --END-- [ RunTime:0.000500s ]
INFO: [ app_end ] --START--
INFO: Run Behavior\ShowPageTraceBehavior [ RunTime:0.001620s ]
INFO: [ app_end ] --END-- [ RunTime:0.001758s ]

[ 2016-08-10T14:29:50+08:00 ] 127.0.0.1 /cinema/Home/Home/getlocation
INFO: [ app_init ] --START--
INFO: Run Behavior\BuildLiteBehavior [ RunTime:0.000038s ]
INFO: [ app_init ] --END-- [ RunTime:0.000814s ]
INFO: [ app_begin ] --START--
INFO: Run Behavior\ReadHtmlCacheBehavior [ RunTime:0.001325s ]
INFO: [ app_begin ] --END-- [ RunTime:0.001462s ]
SQL: SHOW COLUMNS FROM `xy_ticket` [ RunTime:0.0302s ]
SQL: SHOW COLUMNS FROM `xy_movie` [ RunTime:0.0256s ]
SQL: SHOW COLUMNS FROM `xy_cinema` [ RunTime:0.0239s ]
SQL: SHOW COLUMNS FROM `xy_room` [ RunTime:0.0067s ]
SQL: SHOW COLUMNS FROM `xy_order` [ RunTime:0.0069s ]
SQL: SHOW COLUMNS FROM `xy_user` [ RunTime:0.0066s ]
SQL: SHOW COLUMNS FROM `xy_comment` [ RunTime:0.0043s ]
SQL: SHOW COLUMNS FROM `xy_employ` [ RunTime:0.0066s ]
SQL: SHOW COLUMNS FROM `xy_notice` [ RunTime:0.0042s ]
SQL: SHOW COLUMNS FROM `xy_wantmovie` [ RunTime:0.0064s ]
SQL: SHOW COLUMNS FROM `xy_stage` [ RunTime:0.0045s ]
SQL: SELECT DISTINCT  `c_location` FROM `xy_cinema` WHERE ( c_delflag=0 )  [ RunTime:0.0004s ]
INFO: [ app_end ] --START--
INFO: Run Behavior\ShowPageTraceBehavior [ RunTime:0.000625s ]
INFO: [ app_end ] --END-- [ RunTime:0.000672s ]

[ 2016-08-10T14:29:50+08:00 ] 127.0.0.1 /cinema/Home/Home/getcity
INFO: [ app_init ] --START--
INFO: Run Behavior\BuildLiteBehavior [ RunTime:0.000013s ]
INFO: [ app_init ] --END-- [ RunTime:0.000520s ]
INFO: [ app_begin ] --START--
INFO: Run Behavior\ReadHtmlCacheBehavior [ RunTime:0.000635s ]
INFO: [ app_begin ] --END-- [ RunTime:0.000672s ]
SQL: SHOW COLUMNS FROM `xy_ticket` [ RunTime:0.0048s ]
SQL: SHOW COLUMNS FROM `xy_movie` [ RunTime:0.0051s ]
SQL: SHOW COLUMNS FROM `xy_cinema` [ RunTime:0.0042s ]
SQL: SHOW COLUMNS FROM `xy_room` [ RunTime:0.0040s ]
SQL: SHOW COLUMNS FROM `xy_order` [ RunTime:0.0043s ]
SQL: SHOW COLUMNS FROM `xy_user` [ RunTime:0.0042s ]
SQL: SHOW COLUMNS FROM `xy_comment` [ RunTime:0.0040s ]
SQL: SHOW COLUMNS FROM `xy_employ` [ RunTime:0.0041s ]
SQL: SHOW COLUMNS FROM `xy_notice` [ RunTime:0.0045s ]
SQL: SHOW COLUMNS FROM `xy_wantmovie` [ RunTime:0.0041s ]
SQL: SHOW COLUMNS FROM `xy_stage` [ RunTime:0.0041s ]
SQL: SELECT `c_location` FROM `xy_cinema` WHERE ( c_delflag=0 )  [ RunTime:0.0003s ]
INFO: [ app_end ] --START--
INFO: Run Behavior\ShowPageTraceBehavior [ RunTime:0.000763s ]
INFO: [ app_end ] --END-- [ RunTime:0.000802s ]

[ 2016-08-10T14:29:50+08:00 ] 127.0.0.1 /cinema/Home/Home/getcinema
INFO: [ app_init ] --START--
INFO: Run Behavior\BuildLiteBehavior [ RunTime:0.000011s ]
INFO: [ app_init ] --END-- [ RunTime:0.000313s ]
INFO: [ app_begin ] --START--
INFO: Run Behavior\ReadHtmlCacheBehavior [ RunTime:0.000594s ]
INFO: [ app_begin ] --END-- [ RunTime:0.000631s ]
SQL: SHOW COLUMNS FROM `xy_ticket` [ RunTime:0.0045s ]
SQL: SHOW COLUMNS FROM `xy_movie` [ RunTime:0.0043s ]
SQL: SHOW COLUMNS FROM `xy_cinema` [ RunTime:0.0042s ]
SQL: SHOW COLUMNS FROM `xy_room` [ RunTime:0.0041s ]
SQL: SHOW COLUMNS FROM `xy_order` [ RunTime:0.0047s ]
SQL: SHOW COLUMNS FROM `xy_user` [ RunTime:0.0046s ]
SQL: SHOW COLUMNS FROM `xy_comment` [ RunTime:0.0042s ]
SQL: SHOW COLUMNS FROM `xy_employ` [ RunTime:0.0042s ]
SQL: SHOW COLUMNS FROM `xy_notice` [ RunTime:0.0041s ]
SQL: SHOW COLUMNS FROM `xy_wantmovie` [ RunTime:0.0041s ]
SQL: SHOW COLUMNS FROM `xy_stage` [ RunTime:0.0059s ]
SQL: SELECT `c_id`,`c_name` FROM `xy_cinema` WHERE ( c_delflag=0 and c_location='湛江' )  [ RunTime:0.0003s ]
INFO: [ app_end ] --START--
INFO: Run Behavior\ShowPageTraceBehavior [ RunTime:0.000761s ]
INFO: [ app_end ] --END-- [ RunTime:0.000812s ]

[ 2016-08-10T14:29:50+08:00 ] 127.0.0.1 /cinema/Home/Home/getmovie
INFO: [ app_init ] --START--
INFO: Run Behavior\BuildLiteBehavior [ RunTime:0.000012s ]
INFO: [ app_init ] --END-- [ RunTime:0.000343s ]
INFO: [ app_begin ] --START--
INFO: Run Behavior\ReadHtmlCacheBehavior [ RunTime:0.000621s ]
INFO: [ app_begin ] --END-- [ RunTime:0.000663s ]
SQL: SHOW COLUMNS FROM `xy_ticket` [ RunTime:0.0666s ]
SQL: SHOW COLUMNS FROM `xy_movie` [ RunTime:0.0044s ]
SQL: SHOW COLUMNS FROM `xy_cinema` [ RunTime:0.0043s ]
SQL: SHOW COLUMNS FROM `xy_room` [ RunTime:0.0042s ]
SQL: SHOW COLUMNS FROM `xy_order` [ RunTime:0.0044s ]
SQL: SHOW COLUMNS FROM `xy_user` [ RunTime:0.0040s ]
SQL: SHOW COLUMNS FROM `xy_comment` [ RunTime:0.0042s ]
SQL: SHOW COLUMNS FROM `xy_employ` [ RunTime:0.0043s ]
SQL: SHOW COLUMNS FROM `xy_notice` [ RunTime:0.0041s ]
SQL: SHOW COLUMNS FROM `xy_wantmovie` [ RunTime:0.0043s ]
SQL: SHOW COLUMNS FROM `xy_stage` [ RunTime:0.0061s ]
SQL: SELECT DISTINCT  `t_id`,`t_movieid`,`t_date`,`t_time` FROM `xy_ticket` WHERE ( t_delflag=0 and t_cinemaid=1 and t_issale=1 )  [ RunTime:0.0003s ]
SQL: SELECT `m_id`,`m_name` FROM `xy_movie` WHERE `m_id` = 9 LIMIT 1   [ RunTime:0.0002s ]
SQL: SELECT `m_id`,`m_name` FROM `xy_movie` WHERE `m_id` = 10 LIMIT 1   [ RunTime:0.0002s ]
SQL: SELECT `m_id`,`m_name` FROM `xy_movie` WHERE `m_id` = 13 LIMIT 1   [ RunTime:0.0002s ]
INFO: [ app_end ] --START--
INFO: Run Behavior\ShowPageTraceBehavior [ RunTime:0.000763s ]
INFO: [ app_end ] --END-- [ RunTime:0.000802s ]

[ 2016-08-10T14:29:54+08:00 ] 127.0.0.1 /cinema/Home/Home/index
INFO: [ app_init ] --START--
INFO: Run Behavior\BuildLiteBehavior [ RunTime:0.000012s ]
INFO: [ app_init ] --END-- [ RunTime:0.000318s ]
INFO: [ app_begin ] --START--
INFO: Run Behavior\ReadHtmlCacheBehavior [ RunTime:0.000591s ]
INFO: [ app_begin ] --END-- [ RunTime:0.000631s ]
SQL: SHOW COLUMNS FROM `xy_ticket` [ RunTime:0.0136s ]
SQL: SHOW COLUMNS FROM `xy_movie` [ RunTime:0.0790s ]
SQL: SHOW COLUMNS FROM `xy_cinema` [ RunTime:0.0381s ]
SQL: SHOW COLUMNS FROM `xy_room` [ RunTime:0.0736s ]
SQL: SHOW COLUMNS FROM `xy_order` [ RunTime:0.0388s ]
SQL: SHOW COLUMNS FROM `xy_user` [ RunTime:0.0072s ]
SQL: SHOW COLUMNS FROM `xy_comment` [ RunTime:0.0042s ]
SQL: SHOW COLUMNS FROM `xy_employ` [ RunTime:0.0069s ]
SQL: SHOW COLUMNS FROM `xy_notice` [ RunTime:0.0043s ]
SQL: SHOW COLUMNS FROM `xy_wantmovie` [ RunTime:0.0074s ]
SQL: SHOW COLUMNS FROM `xy_stage` [ RunTime:0.0040s ]
SQL: SELECT * FROM `xy_movie` WHERE ( m_delflag=0 ) ORDER BY m_showdate  [ RunTime:0.0005s ]
INFO: [ view_parse ] --START--
INFO: [ template_filter ] --START--
INFO: Run Behavior\ContentReplaceBehavior [ RunTime:0.000119s ]
INFO: [ template_filter ] --END-- [ RunTime:0.000169s ]
INFO: Run Behavior\ParseTemplateBehavior [ RunTime:0.067977s ]
INFO: [ view_parse ] --END-- [ RunTime:0.068055s ]
INFO: [ view_filter ] --START--
INFO: Run Behavior\WriteHtmlCacheBehavior [ RunTime:0.000442s ]
INFO: [ view_filter ] --END-- [ RunTime:0.000487s ]
INFO: [ app_end ] --START--
INFO: Run Behavior\ShowPageTraceBehavior [ RunTime:0.000688s ]
INFO: [ app_end ] --END-- [ RunTime:0.000735s ]

[ 2016-08-10T14:29:55+08:00 ] 127.0.0.1 /cinema/Home/Home/getlocation
INFO: [ app_init ] --START--
INFO: Run Behavior\BuildLiteBehavior [ RunTime:0.000025s ]
INFO: [ app_init ] --END-- [ RunTime:0.000788s ]
INFO: [ app_begin ] --START--
INFO: Run Behavior\ReadHtmlCacheBehavior [ RunTime:0.001074s ]
INFO: [ app_begin ] --END-- [ RunTime:0.001164s ]
SQL: SHOW COLUMNS FROM `xy_ticket` [ RunTime:0.0248s ]
SQL: SHOW COLUMNS FROM `xy_movie` [ RunTime:0.0546s ]
SQL: SHOW COLUMNS FROM `xy_cinema` [ RunTime:0.0529s ]
SQL: SHOW COLUMNS FROM `xy_room` [ RunTime:0.0065s ]
SQL: SHOW COLUMNS FROM `xy_order` [ RunTime:0.0070s ]
SQL: SHOW COLUMNS FROM `xy_user` [ RunTime:0.0067s ]
SQL: SHOW COLUMNS FROM `xy_comment` [ RunTime:0.0042s ]
SQL: SHOW COLUMNS FROM `xy_employ` [ RunTime:0.0064s ]
SQL: SHOW COLUMNS FROM `xy_notice` [ RunTime:0.0043s ]
SQL: SHOW COLUMNS FROM `xy_wantmovie` [ RunTime:0.0066s ]
SQL: SHOW COLUMNS FROM `xy_stage` [ RunTime:0.0047s ]
SQL: SELECT DISTINCT  `c_location` FROM `xy_cinema` WHERE ( c_delflag=0 )  [ RunTime:0.0004s ]
INFO: [ app_end ] --START--
INFO: Run Behavior\ShowPageTraceBehavior [ RunTime:0.000841s ]
INFO: [ app_end ] --END-- [ RunTime:0.000902s ]

[ 2016-08-10T14:29:55+08:00 ] 127.0.0.1 /cinema/Home/Home/getcity
INFO: [ app_init ] --START--
INFO: Run Behavior\BuildLiteBehavior [ RunTime:0.000011s ]
INFO: [ app_init ] --END-- [ RunTime:0.000315s ]
INFO: [ app_begin ] --START--
INFO: Run Behavior\ReadHtmlCacheBehavior [ RunTime:0.000620s ]
INFO: [ app_begin ] --END-- [ RunTime:0.000665s ]
SQL: SHOW COLUMNS FROM `xy_ticket` [ RunTime:0.0237s ]
SQL: SHOW COLUMNS FROM `xy_movie` [ RunTime:0.0068s ]
SQL: SHOW COLUMNS FROM `xy_cinema` [ RunTime:0.0042s ]
SQL: SHOW COLUMNS FROM `xy_room` [ RunTime:0.0043s ]
SQL: SHOW COLUMNS FROM `xy_order` [ RunTime:0.0042s ]
SQL: SHOW COLUMNS FROM `xy_user` [ RunTime:0.0058s ]
SQL: SHOW COLUMNS FROM `xy_comment` [ RunTime:0.0044s ]
SQL: SHOW COLUMNS FROM `xy_employ` [ RunTime:0.0043s ]
SQL: SHOW COLUMNS FROM `xy_notice` [ RunTime:0.0041s ]
SQL: SHOW COLUMNS FROM `xy_wantmovie` [ RunTime:0.0041s ]
SQL: SHOW COLUMNS FROM `xy_stage` [ RunTime:0.0041s ]
SQL: SELECT `c_location` FROM `xy_cinema` WHERE ( c_delflag=0 )  [ RunTime:0.0003s ]
INFO: [ app_end ] --START--
INFO: Run Behavior\ShowPageTraceBehavior [ RunTime:0.000799s ]
INFO: [ app_end ] --END-- [ RunTime:0.000837s ]

[ 2016-08-10T14:29:55+08:00 ] 127.0.0.1 /cinema/Home/Home/getcinema
INFO: [ app_init ] --START--
INFO: Run Behavior\BuildLiteBehavior [ RunTime:0.000012s ]
INFO: [ app_init ] --END-- [ RunTime:0.000337s ]
INFO: [ app_begin ] --START--
INFO: Run Behavior\ReadHtmlCacheBehavior [ RunTime:0.000626s ]
INFO: [ app_begin ] --END-- [ RunTime:0.000667s ]
SQL: SHOW COLUMNS FROM `xy_ticket` [ RunTime:0.0046s ]
SQL: SHOW COLUMNS FROM `xy_movie` [ RunTime:0.0048s ]
SQL: SHOW COLUMNS FROM `xy_cinema` [ RunTime:0.0044s ]
SQL: SHOW COLUMNS FROM `xy_room` [ RunTime:0.0043s ]
SQL: SHOW COLUMNS FROM `xy_order` [ RunTime:0.0058s ]
SQL: SHOW COLUMNS FROM `xy_user` [ RunTime:0.0042s ]
SQL: SHOW COLUMNS FROM `xy_comment` [ RunTime:0.0041s ]
SQL: SHOW COLUMNS FROM `xy_employ` [ RunTime:0.0042s ]
SQL: SHOW COLUMNS FROM `xy_notice` [ RunTime:0.0043s ]
SQL: SHOW COLUMNS FROM `xy_wantmovie` [ RunTime:0.0047s ]
SQL: SHOW COLUMNS FROM `xy_stage` [ RunTime:0.0041s ]
SQL: SELECT `c_id`,`c_name` FROM `xy_cinema` WHERE ( c_delflag=0 and c_location='湛江' )  [ RunTime:0.0003s ]
INFO: [ app_end ] --START--
INFO: Run Behavior\ShowPageTraceBehavior [ RunTime:0.000777s ]
INFO: [ app_end ] --END-- [ RunTime:0.000816s ]

[ 2016-08-10T14:29:55+08:00 ] 127.0.0.1 /cinema/Home/Home/getmovie
INFO: [ app_init ] --START--
INFO: Run Behavior\BuildLiteBehavior [ RunTime:0.000014s ]
INFO: [ app_init ] --END-- [ RunTime:0.000376s ]
INFO: [ app_begin ] --START--
INFO: Run Behavior\ReadHtmlCacheBehavior [ RunTime:0.000608s ]
INFO: [ app_begin ] --END-- [ RunTime:0.000650s ]
SQL: SHOW COLUMNS FROM `xy_ticket` [ RunTime:0.0049s ]
SQL: SHOW COLUMNS FROM `xy_movie` [ RunTime:0.0052s ]
SQL: SHOW COLUMNS FROM `xy_cinema` [ RunTime:0.0050s ]
SQL: SHOW COLUMNS FROM `xy_room` [ RunTime:0.0046s ]
SQL: SHOW COLUMNS FROM `xy_order` [ RunTime:0.0042s ]
SQL: SHOW COLUMNS FROM `xy_user` [ RunTime:0.0042s ]
SQL: SHOW COLUMNS FROM `xy_comment` [ RunTime:0.0043s ]
SQL: SHOW COLUMNS FROM `xy_employ` [ RunTime:0.0043s ]
SQL: SHOW COLUMNS FROM `xy_notice` [ RunTime:0.0041s ]
SQL: SHOW COLUMNS FROM `xy_wantmovie` [ RunTime:0.0041s ]
SQL: SHOW COLUMNS FROM `xy_stage` [ RunTime:0.0040s ]
SQL: SELECT DISTINCT  `t_id`,`t_movieid`,`t_date`,`t_time` FROM `xy_ticket` WHERE ( t_delflag=0 and t_cinemaid=1 and t_issale=1 )  [ RunTime:0.0003s ]
SQL: SELECT `m_id`,`m_name` FROM `xy_movie` WHERE `m_id` = 9 LIMIT 1   [ RunTime:0.0002s ]
SQL: SELECT `m_id`,`m_name` FROM `xy_movie` WHERE `m_id` = 10 LIMIT 1   [ RunTime:0.0002s ]
SQL: SELECT `m_id`,`m_name` FROM `xy_movie` WHERE `m_id` = 13 LIMIT 1   [ RunTime:0.0002s ]
INFO: [ app_end ] --START--
INFO: Run Behavior\ShowPageTraceBehavior [ RunTime:0.000781s ]
INFO: [ app_end ] --END-- [ RunTime:0.000824s ]

[ 2016-08-10T14:31:19+08:00 ] 127.0.0.1 /Home/Home/index
INFO: [ app_init ] --START--
INFO: Run Behavior\BuildLiteBehavior [ RunTime:0.000021s ]
INFO: [ app_init ] --END-- [ RunTime:0.000334s ]
INFO: [ app_begin ] --START--
INFO: Run Behavior\ReadHtmlCacheBehavior [ RunTime:0.000535s ]
INFO: [ app_begin ] --END-- [ RunTime:0.000580s ]
SQL: SHOW COLUMNS FROM `xy_ticket` [ RunTime:0.1681s ]
SQL: SHOW COLUMNS FROM `xy_movie` [ RunTime:0.0587s ]
SQL: SHOW COLUMNS FROM `xy_cinema` [ RunTime:0.0103s ]
SQL: SHOW COLUMNS FROM `xy_room` [ RunTime:0.0112s ]
SQL: SHOW COLUMNS FROM `xy_order` [ RunTime:0.0092s ]
SQL: SHOW COLUMNS FROM `xy_user` [ RunTime:0.0086s ]
SQL: SHOW COLUMNS FROM `xy_comment` [ RunTime:0.0056s ]
SQL: SHOW COLUMNS FROM `xy_employ` [ RunTime:0.0081s ]
SQL: SHOW COLUMNS FROM `xy_notice` [ RunTime:0.0051s ]
SQL: SHOW COLUMNS FROM `xy_wantmovie` [ RunTime:0.0076s ]
SQL: SHOW COLUMNS FROM `xy_stage` [ RunTime:0.0079s ]
SQL: SELECT * FROM `xy_movie` WHERE ( m_delflag=0 ) ORDER BY m_showdate  [ RunTime:0.0007s ]
INFO: [ view_parse ] --START--
INFO: [ template_filter ] --START--
INFO: Run Behavior\ContentReplaceBehavior [ RunTime:0.000137s ]
INFO: [ template_filter ] --END-- [ RunTime:0.000206s ]
INFO: Run Behavior\ParseTemplateBehavior [ RunTime:0.067204s ]
INFO: [ view_parse ] --END-- [ RunTime:0.067275s ]
INFO: [ view_filter ] --START--
INFO: Run Behavior\WriteHtmlCacheBehavior [ RunTime:0.000410s ]
INFO: [ view_filter ] --END-- [ RunTime:0.000451s ]
INFO: [ app_end ] --START--
INFO: Run Behavior\ShowPageTraceBehavior [ RunTime:0.001151s ]
INFO: [ app_end ] --END-- [ RunTime:0.001236s ]

[ 2016-08-10T14:31:22+08:00 ] 127.0.0.1 /Home/Home/index
INFO: [ app_init ] --START--
INFO: Run Behavior\BuildLiteBehavior [ RunTime:0.000028s ]
INFO: [ app_init ] --END-- [ RunTime:0.000800s ]
INFO: [ app_begin ] --START--
INFO: Run Behavior\ReadHtmlCacheBehavior [ RunTime:0.000820s ]
INFO: [ app_begin ] --END-- [ RunTime:0.000887s ]
SQL: SHOW COLUMNS FROM `xy_ticket` [ RunTime:0.0117s ]
SQL: SHOW COLUMNS FROM `xy_movie` [ RunTime:0.0087s ]
SQL: SHOW COLUMNS FROM `xy_cinema` [ RunTime:0.0085s ]
SQL: SHOW COLUMNS FROM `xy_room` [ RunTime:0.0076s ]
SQL: SHOW COLUMNS FROM `xy_order` [ RunTime:0.0074s ]
SQL: SHOW COLUMNS FROM `xy_user` [ RunTime:0.0083s ]
SQL: SHOW COLUMNS FROM `xy_comment` [ RunTime:0.0048s ]
SQL: SHOW COLUMNS FROM `xy_employ` [ RunTime:0.0079s ]
SQL: SHOW COLUMNS FROM `xy_notice` [ RunTime:0.0046s ]
SQL: SHOW COLUMNS FROM `xy_wantmovie` [ RunTime:0.0082s ]
SQL: SHOW COLUMNS FROM `xy_stage` [ RunTime:0.0045s ]
SQL: SELECT * FROM `xy_movie` WHERE ( m_delflag=0 ) ORDER BY m_showdate  [ RunTime:0.0005s ]
INFO: [ view_parse ] --START--
INFO: [ template_filter ] --START--
INFO: Run Behavior\ContentReplaceBehavior [ RunTime:0.000114s ]
INFO: [ template_filter ] --END-- [ RunTime:0.000168s ]
INFO: Run Behavior\ParseTemplateBehavior [ RunTime:0.072483s ]
INFO: [ view_parse ] --END-- [ RunTime:0.072543s ]
INFO: [ view_filter ] --START--
INFO: Run Behavior\WriteHtmlCacheBehavior [ RunTime:0.000431s ]
INFO: [ view_filter ] --END-- [ RunTime:0.000467s ]
INFO: [ app_end ] --START--
INFO: Run Behavior\ShowPageTraceBehavior [ RunTime:0.000747s ]
INFO: [ app_end ] --END-- [ RunTime:0.000794s ]

[ 2016-08-10T14:35:47+08:00 ] 127.0.0.1 /Home/Home/index
INFO: [ app_init ] --START--
INFO: Run Behavior\BuildLiteBehavior [ RunTime:0.000013s ]
INFO: [ app_init ] --END-- [ RunTime:0.000393s ]
INFO: [ app_begin ] --START--
INFO: Run Behavior\ReadHtmlCacheBehavior [ RunTime:0.000654s ]
INFO: [ app_begin ] --END-- [ RunTime:0.000698s ]
SQL: SHOW COLUMNS FROM `xy_ticket` [ RunTime:0.0097s ]
SQL: SHOW COLUMNS FROM `xy_movie` [ RunTime:0.0069s ]
SQL: SHOW COLUMNS FROM `xy_cinema` [ RunTime:0.0078s ]
SQL: SHOW COLUMNS FROM `xy_room` [ RunTime:0.0068s ]
SQL: SHOW COLUMNS FROM `xy_order` [ RunTime:0.0070s ]
SQL: SHOW COLUMNS FROM `xy_user` [ RunTime:0.0079s ]
SQL: SHOW COLUMNS FROM `xy_comment` [ RunTime:0.0044s ]
SQL: SHOW COLUMNS FROM `xy_employ` [ RunTime:0.0070s ]
SQL: SHOW COLUMNS FROM `xy_notice` [ RunTime:0.0042s ]
SQL: SHOW COLUMNS FROM `xy_wantmovie` [ RunTime:0.0070s ]
SQL: SHOW COLUMNS FROM `xy_stage` [ RunTime:0.0045s ]
SQL: SELECT * FROM `xy_movie` WHERE ( m_delflag=0 ) ORDER BY m_showdate  [ RunTime:0.0005s ]
INFO: [ view_parse ] --START--
INFO: [ template_filter ] --START--
INFO: Run Behavior\ContentReplaceBehavior [ RunTime:0.000104s ]
INFO: [ template_filter ] --END-- [ RunTime:0.000154s ]
INFO: Run Behavior\ParseTemplateBehavior [ RunTime:0.070438s ]
INFO: [ view_parse ] --END-- [ RunTime:0.070495s ]
INFO: [ view_filter ] --START--
INFO: Run Behavior\WriteHtmlCacheBehavior [ RunTime:0.000427s ]
INFO: [ view_filter ] --END-- [ RunTime:0.000461s ]
INFO: [ app_end ] --START--
INFO: Run Behavior\ShowPageTraceBehavior [ RunTime:0.001321s ]
INFO: [ app_end ] --END-- [ RunTime:0.001408s ]

[ 2016-08-10T14:35:47+08:00 ] 127.0.0.1 /cinema/Home/Home/getlocation
INFO: [ app_init ] --START--
INFO: Run Behavior\BuildLiteBehavior [ RunTime:0.000027s ]
INFO: [ app_init ] --END-- [ RunTime:0.000895s ]
INFO: [ app_begin ] --START--
INFO: Run Behavior\ReadHtmlCacheBehavior [ RunTime:0.001148s ]
INFO: [ app_begin ] --END-- [ RunTime:0.001264s ]
SQL: SHOW COLUMNS FROM `xy_ticket` [ RunTime:0.0078s ]
SQL: SHOW COLUMNS FROM `xy_movie` [ RunTime:0.0242s ]
SQL: SHOW COLUMNS FROM `xy_cinema` [ RunTime:0.0043s ]
SQL: SHOW COLUMNS FROM `xy_room` [ RunTime:0.0042s ]
SQL: SHOW COLUMNS FROM `xy_order` [ RunTime:0.0045s ]
SQL: SHOW COLUMNS FROM `xy_user` [ RunTime:0.0043s ]
SQL: SHOW COLUMNS FROM `xy_comment` [ RunTime:0.0040s ]
SQL: SHOW COLUMNS FROM `xy_employ` [ RunTime:0.0041s ]
SQL: SHOW COLUMNS FROM `xy_notice` [ RunTime:0.0042s ]
SQL: SHOW COLUMNS FROM `xy_wantmovie` [ RunTime:0.0040s ]
SQL: SHOW COLUMNS FROM `xy_stage` [ RunTime:0.0053s ]
INFO: [ view_parse ] --START--
INFO: [ template_filter ] --START--
INFO: Run Behavior\ContentReplaceBehavior [ RunTime:0.000034s ]
INFO: [ template_filter ] --END-- [ RunTime:0.000081s ]
INFO: Run Behavior\ParseTemplateBehavior [ RunTime:0.030126s ]
INFO: [ view_parse ] --END-- [ RunTime:0.030189s ]
INFO: [ view_filter ] --START--
INFO: Run Behavior\WriteHtmlCacheBehavior [ RunTime:0.000430s ]
INFO: [ view_filter ] --END-- [ RunTime:0.000461s ]
INFO: [ app_end ] --START--
INFO: Run Behavior\ShowPageTraceBehavior [ RunTime:0.000582s ]
INFO: [ app_end ] --END-- [ RunTime:0.000615s ]

[ 2016-08-10T14:35:47+08:00 ] 127.0.0.1 /cinema/Home/Home/getcity
INFO: [ app_init ] --START--
INFO: Run Behavior\BuildLiteBehavior [ RunTime:0.000012s ]
INFO: [ app_init ] --END-- [ RunTime:0.000341s ]
INFO: [ app_begin ] --START--
INFO: Run Behavior\ReadHtmlCacheBehavior [ RunTime:0.000599s ]
INFO: [ app_begin ] --END-- [ RunTime:0.000646s ]
SQL: SHOW COLUMNS FROM `xy_ticket` [ RunTime:0.0046s ]
SQL: SHOW COLUMNS FROM `xy_movie` [ RunTime:0.0049s ]
SQL: SHOW COLUMNS FROM `xy_cinema` [ RunTime:0.0052s ]
SQL: SHOW COLUMNS FROM `xy_room` [ RunTime:0.0044s ]
SQL: SHOW COLUMNS FROM `xy_order` [ RunTime:0.0051s ]
SQL: SHOW COLUMNS FROM `xy_user` [ RunTime:0.0043s ]
SQL: SHOW COLUMNS FROM `xy_comment` [ RunTime:0.0043s ]
SQL: SHOW COLUMNS FROM `xy_employ` [ RunTime:0.0044s ]
SQL: SHOW COLUMNS FROM `xy_notice` [ RunTime:0.0040s ]
SQL: SHOW COLUMNS FROM `xy_wantmovie` [ RunTime:0.0041s ]
SQL: SHOW COLUMNS FROM `xy_stage` [ RunTime:0.0047s ]
INFO: [ view_parse ] --START--
INFO: [ template_filter ] --START--
INFO: Run Behavior\ContentReplaceBehavior [ RunTime:0.000032s ]
INFO: [ template_filter ] --END-- [ RunTime:0.000071s ]
INFO: Run Behavior\ParseTemplateBehavior [ RunTime:0.005871s ]
INFO: [ view_parse ] --END-- [ RunTime:0.005949s ]
INFO: [ view_filter ] --START--
INFO: Run Behavior\WriteHtmlCacheBehavior [ RunTime:0.000661s ]
INFO: [ view_filter ] --END-- [ RunTime:0.000722s ]
INFO: [ app_end ] --START--
INFO: Run Behavior\ShowPageTraceBehavior [ RunTime:0.000998s ]
INFO: [ app_end ] --END-- [ RunTime:0.001064s ]

[ 2016-08-10T14:35:56+08:00 ] 127.0.0.1 /cinema/Home/Home/index
INFO: [ app_init ] --START--
INFO: Run Behavior\BuildLiteBehavior [ RunTime:0.000021s ]
INFO: [ app_init ] --END-- [ RunTime:0.000348s ]
INFO: [ app_begin ] --START--
INFO: Run Behavior\ReadHtmlCacheBehavior [ RunTime:0.000460s ]
INFO: [ app_begin ] --END-- [ RunTime:0.000500s ]
SQL: SHOW COLUMNS FROM `xy_ticket` [ RunTime:0.0270s ]
SQL: SHOW COLUMNS FROM `xy_movie` [ RunTime:0.0531s ]
SQL: SHOW COLUMNS FROM `xy_cinema` [ RunTime:0.0284s ]
SQL: SHOW COLUMNS FROM `xy_room` [ RunTime:0.0718s ]
SQL: SHOW COLUMNS FROM `xy_order` [ RunTime:0.1135s ]
SQL: SHOW COLUMNS FROM `xy_user` [ RunTime:0.0514s ]
SQL: SHOW COLUMNS FROM `xy_comment` [ RunTime:0.0278s ]
SQL: SHOW COLUMNS FROM `xy_employ` [ RunTime:0.0277s ]
SQL: SHOW COLUMNS FROM `xy_notice` [ RunTime:0.0068s ]
SQL: SHOW COLUMNS FROM `xy_wantmovie` [ RunTime:0.0067s ]
SQL: SHOW COLUMNS FROM `xy_stage` [ RunTime:0.0057s ]
INFO: [ view_parse ] --START--
INFO: [ template_filter ] --START--
INFO: Run Behavior\ContentReplaceBehavior [ RunTime:0.000061s ]
INFO: [ template_filter ] --END-- [ RunTime:0.000134s ]
INFO: Run Behavior\ParseTemplateBehavior [ RunTime:0.005542s ]
INFO: [ view_parse ] --END-- [ RunTime:0.005602s ]
INFO: [ view_filter ] --START--
INFO: Run Behavior\WriteHtmlCacheBehavior [ RunTime:0.000329s ]
INFO: [ view_filter ] --END-- [ RunTime:0.000387s ]
INFO: [ app_end ] --START--
INFO: Run Behavior\ShowPageTraceBehavior [ RunTime:0.000494s ]
INFO: [ app_end ] --END-- [ RunTime:0.000530s ]

[ 2016-08-10T14:36:12+08:00 ] 127.0.0.1 /cinema/index.php/Home/Home/index
INFO: [ app_init ] --START--
INFO: Run Behavior\BuildLiteBehavior [ RunTime:0.000014s ]
INFO: [ app_init ] --END-- [ RunTime:0.000372s ]
INFO: [ app_begin ] --START--
INFO: Run Behavior\ReadHtmlCacheBehavior [ RunTime:0.000642s ]
INFO: [ app_begin ] --END-- [ RunTime:0.000739s ]
SQL: SHOW COLUMNS FROM `xy_ticket` [ RunTime:0.0241s ]
SQL: SHOW COLUMNS FROM `xy_movie` [ RunTime:0.0727s ]
SQL: SHOW COLUMNS FROM `xy_cinema` [ RunTime:0.0280s ]
SQL: SHOW COLUMNS FROM `xy_room` [ RunTime:0.0362s ]
SQL: SHOW COLUMNS FROM `xy_order` [ RunTime:0.0066s ]
SQL: SHOW COLUMNS FROM `xy_user` [ RunTime:0.0123s ]
SQL: SHOW COLUMNS FROM `xy_comment` [ RunTime:0.0041s ]
SQL: SHOW COLUMNS FROM `xy_employ` [ RunTime:0.0128s ]
SQL: SHOW COLUMNS FROM `xy_notice` [ RunTime:0.0042s ]
SQL: SHOW COLUMNS FROM `xy_wantmovie` [ RunTime:0.0070s ]
SQL: SHOW COLUMNS FROM `xy_stage` [ RunTime:0.0041s ]
SQL: SELECT * FROM `xy_movie` WHERE ( m_delflag=0 ) ORDER BY m_showdate  [ RunTime:0.0005s ]
INFO: [ view_parse ] --START--
INFO: [ template_filter ] --START--
INFO: Run Behavior\ContentReplaceBehavior [ RunTime:0.000096s ]
INFO: [ template_filter ] --END-- [ RunTime:0.000141s ]
INFO: Run Behavior\ParseTemplateBehavior [ RunTime:0.048646s ]
INFO: [ view_parse ] --END-- [ RunTime:0.048706s ]
INFO: [ view_filter ] --START--
INFO: Run Behavior\WriteHtmlCacheBehavior [ RunTime:0.000519s ]
INFO: [ view_filter ] --END-- [ RunTime:0.000595s ]
INFO: [ app_end ] --START--
INFO: Run Behavior\ShowPageTraceBehavior [ RunTime:0.000938s ]
INFO: [ app_end ] --END-- [ RunTime:0.001018s ]

[ 2016-08-10T14:36:12+08:00 ] 127.0.0.1 /cinema/Home/Home/getlocation
INFO: [ app_init ] --START--
INFO: Run Behavior\BuildLiteBehavior [ RunTime:0.000019s ]
INFO: [ app_init ] --END-- [ RunTime:0.000471s ]
INFO: [ app_begin ] --START--
INFO: Run Behavior\ReadHtmlCacheBehavior [ RunTime:0.000727s ]
INFO: [ app_begin ] --END-- [ RunTime:0.000815s ]
SQL: SHOW COLUMNS FROM `xy_ticket` [ RunTime:0.0491s ]
SQL: SHOW COLUMNS FROM `xy_movie` [ RunTime:0.0235s ]
SQL: SHOW COLUMNS FROM `xy_cinema` [ RunTime:0.0040s ]
SQL: SHOW COLUMNS FROM `xy_room` [ RunTime:0.0040s ]
SQL: SHOW COLUMNS FROM `xy_order` [ RunTime:0.0042s ]
SQL: SHOW COLUMNS FROM `xy_user` [ RunTime:0.0049s ]
SQL: SHOW COLUMNS FROM `xy_comment` [ RunTime:0.0041s ]
SQL: SHOW COLUMNS FROM `xy_employ` [ RunTime:0.0040s ]
SQL: SHOW COLUMNS FROM `xy_notice` [ RunTime:0.0042s ]
SQL: SHOW COLUMNS FROM `xy_wantmovie` [ RunTime:0.0040s ]
SQL: SHOW COLUMNS FROM `xy_stage` [ RunTime:0.0046s ]
INFO: [ view_parse ] --START--
INFO: [ template_filter ] --START--
INFO: Run Behavior\ContentReplaceBehavior [ RunTime:0.000031s ]
INFO: [ template_filter ] --END-- [ RunTime:0.000071s ]
INFO: Run Behavior\ParseTemplateBehavior [ RunTime:0.004852s ]
INFO: [ view_parse ] --END-- [ RunTime:0.004903s ]
INFO: [ view_filter ] --START--
INFO: Run Behavior\WriteHtmlCacheBehavior [ RunTime:0.000297s ]
INFO: [ view_filter ] --END-- [ RunTime:0.000325s ]
INFO: [ app_end ] --START--
INFO: Run Behavior\ShowPageTraceBehavior [ RunTime:0.000454s ]
INFO: [ app_end ] --END-- [ RunTime:0.000486s ]

[ 2016-08-10T14:36:13+08:00 ] 127.0.0.1 /cinema/Home/Home/getcity
INFO: [ app_init ] --START--
INFO: Run Behavior\BuildLiteBehavior [ RunTime:0.000015s ]
INFO: [ app_init ] --END-- [ RunTime:0.000440s ]
INFO: [ app_begin ] --START--
INFO: Run Behavior\ReadHtmlCacheBehavior [ RunTime:0.000445s ]
INFO: [ app_begin ] --END-- [ RunTime:0.000498s ]
SQL: SHOW COLUMNS FROM `xy_ticket` [ RunTime:0.0047s ]
SQL: SHOW COLUMNS FROM `xy_movie` [ RunTime:0.0068s ]
SQL: SHOW COLUMNS FROM `xy_cinema` [ RunTime:0.0092s ]
SQL: SHOW COLUMNS FROM `xy_room` [ RunTime:0.0067s ]
SQL: SHOW COLUMNS FROM `xy_order` [ RunTime:0.0074s ]
SQL: SHOW COLUMNS FROM `xy_user` [ RunTime:0.0069s ]
SQL: SHOW COLUMNS FROM `xy_comment` [ RunTime:0.0041s ]
SQL: SHOW COLUMNS FROM `xy_employ` [ RunTime:0.0071s ]
SQL: SHOW COLUMNS FROM `xy_notice` [ RunTime:0.0043s ]
SQL: SHOW COLUMNS FROM `xy_wantmovie` [ RunTime:0.0072s ]
SQL: SHOW COLUMNS FROM `xy_stage` [ RunTime:0.0049s ]
INFO: [ view_parse ] --START--
INFO: [ template_filter ] --START--
INFO: Run Behavior\ContentReplaceBehavior [ RunTime:0.000033s ]
INFO: [ template_filter ] --END-- [ RunTime:0.000074s ]
INFO: Run Behavior\ParseTemplateBehavior [ RunTime:0.004955s ]
INFO: [ view_parse ] --END-- [ RunTime:0.005012s ]
INFO: [ view_filter ] --START--
INFO: Run Behavior\WriteHtmlCacheBehavior [ RunTime:0.000323s ]
INFO: [ view_filter ] --END-- [ RunTime:0.000356s ]
INFO: [ app_end ] --START--
INFO: Run Behavior\ShowPageTraceBehavior [ RunTime:0.000503s ]
INFO: [ app_end ] --END-- [ RunTime:0.000537s ]

[ 2016-08-10T14:36:46+08:00 ] 127.0.0.1 /cinema/index.php/Home/Home/index
INFO: [ app_init ] --START--
INFO: Run Behavior\BuildLiteBehavior [ RunTime:0.000012s ]
INFO: [ app_init ] --END-- [ RunTime:0.000344s ]
INFO: [ app_begin ] --START--
INFO: Run Behavior\ReadHtmlCacheBehavior [ RunTime:0.000580s ]
INFO: [ app_begin ] --END-- [ RunTime:0.000624s ]
SQL: SHOW COLUMNS FROM `xy_ticket` [ RunTime:0.0108s ]
SQL: SHOW COLUMNS FROM `xy_movie` [ RunTime:0.0211s ]
SQL: SHOW COLUMNS FROM `xy_cinema` [ RunTime:0.0076s ]
SQL: SHOW COLUMNS FROM `xy_room` [ RunTime:0.0068s ]
SQL: SHOW COLUMNS FROM `xy_order` [ RunTime:0.0087s ]
SQL: SHOW COLUMNS FROM `xy_user` [ RunTime:0.0067s ]
SQL: SHOW COLUMNS FROM `xy_comment` [ RunTime:0.0067s ]
SQL: SHOW COLUMNS FROM `xy_employ` [ RunTime:0.0152s ]
SQL: SHOW COLUMNS FROM `xy_notice` [ RunTime:0.0664s ]
SQL: SHOW COLUMNS FROM `xy_wantmovie` [ RunTime:0.0366s ]
SQL: SHOW COLUMNS FROM `xy_stage` [ RunTime:0.0043s ]
SQL: SELECT * FROM `xy_movie` WHERE ( m_delflag=0 ) ORDER BY m_showdate  [ RunTime:0.0005s ]
INFO: [ view_parse ] --START--
INFO: [ template_filter ] --START--
INFO: Run Behavior\ContentReplaceBehavior [ RunTime:0.000094s ]
INFO: [ template_filter ] --END-- [ RunTime:0.000142s ]
INFO: Run Behavior\ParseTemplateBehavior [ RunTime:0.051473s ]
INFO: [ view_parse ] --END-- [ RunTime:0.051546s ]
INFO: [ view_filter ] --START--
INFO: Run Behavior\WriteHtmlCacheBehavior [ RunTime:0.000654s ]
INFO: [ view_filter ] --END-- [ RunTime:0.000707s ]
INFO: [ app_end ] --START--
INFO: Run Behavior\ShowPageTraceBehavior [ RunTime:0.001156s ]
INFO: [ app_end ] --END-- [ RunTime:0.001240s ]

[ 2016-08-10T14:36:46+08:00 ] 127.0.0.1 /cinema/Home/Home/getlocation
INFO: [ app_init ] --START--
INFO: Run Behavior\BuildLiteBehavior [ RunTime:0.000013s ]
INFO: [ app_init ] --END-- [ RunTime:0.000334s ]
INFO: [ app_begin ] --START--
INFO: Run Behavior\ReadHtmlCacheBehavior [ RunTime:0.000413s ]
INFO: [ app_begin ] --END-- [ RunTime:0.000470s ]
SQL: SHOW COLUMNS FROM `xy_ticket` [ RunTime:0.0158s ]
SQL: SHOW COLUMNS FROM `xy_movie` [ RunTime:0.0102s ]
SQL: SHOW COLUMNS FROM `xy_cinema` [ RunTime:0.0109s ]
SQL: SHOW COLUMNS FROM `xy_room` [ RunTime:0.0097s ]
SQL: SHOW COLUMNS FROM `xy_order` [ RunTime:0.0109s ]
SQL: SHOW COLUMNS FROM `xy_user` [ RunTime:0.0076s ]
SQL: SHOW COLUMNS FROM `xy_comment` [ RunTime:0.0129s ]
SQL: SHOW COLUMNS FROM `xy_employ` [ RunTime:0.0065s ]
SQL: SHOW COLUMNS FROM `xy_notice` [ RunTime:0.0038s ]
SQL: SHOW COLUMNS FROM `xy_wantmovie` [ RunTime:0.0076s ]
SQL: SHOW COLUMNS FROM `xy_stage` [ RunTime:0.0057s ]
INFO: [ view_parse ] --START--
INFO: [ template_filter ] --START--
INFO: Run Behavior\ContentReplaceBehavior [ RunTime:0.000053s ]
INFO: [ template_filter ] --END-- [ RunTime:0.000103s ]
INFO: Run Behavior\ParseTemplateBehavior [ RunTime:0.005388s ]
INFO: [ view_parse ] --END-- [ RunTime:0.005442s ]
INFO: [ view_filter ] --START--
INFO: Run Behavior\WriteHtmlCacheBehavior [ RunTime:0.000311s ]
INFO: [ view_filter ] --END-- [ RunTime:0.000344s ]
INFO: [ app_end ] --START--
INFO: Run Behavior\ShowPageTraceBehavior [ RunTime:0.000501s ]
INFO: [ app_end ] --END-- [ RunTime:0.000534s ]

[ 2016-08-10T14:36:46+08:00 ] 127.0.0.1 /cinema/Home/Home/getcity
INFO: [ app_init ] --START--
INFO: Run Behavior\BuildLiteBehavior [ RunTime:0.000044s ]
INFO: [ app_init ] --END-- [ RunTime:0.000925s ]
INFO: [ app_begin ] --START--
INFO: Run Behavior\ReadHtmlCacheBehavior [ RunTime:0.000484s ]
INFO: [ app_begin ] --END-- [ RunTime:0.000535s ]
SQL: SHOW COLUMNS FROM `xy_ticket` [ RunTime:0.0040s ]
SQL: SHOW COLUMNS FROM `xy_movie` [ RunTime:0.0075s ]
SQL: SHOW COLUMNS FROM `xy_cinema` [ RunTime:0.0040s ]
SQL: SHOW COLUMNS FROM `xy_room` [ RunTime:0.0040s ]
SQL: SHOW COLUMNS FROM `xy_order` [ RunTime:0.0040s ]
SQL: SHOW COLUMNS FROM `xy_user` [ RunTime:0.0055s ]
SQL: SHOW COLUMNS FROM `xy_comment` [ RunTime:0.0040s ]
SQL: SHOW COLUMNS FROM `xy_employ` [ RunTime:0.0049s ]
SQL: SHOW COLUMNS FROM `xy_notice` [ RunTime:0.0043s ]
SQL: SHOW COLUMNS FROM `xy_wantmovie` [ RunTime:0.0039s ]
SQL: SHOW COLUMNS FROM `xy_stage` [ RunTime:0.0048s ]
INFO: [ view_parse ] --START--
INFO: [ template_filter ] --START--
INFO: Run Behavior\ContentReplaceBehavior [ RunTime:0.000054s ]
INFO: [ template_filter ] --END-- [ RunTime:0.000121s ]
INFO: Run Behavior\ParseTemplateBehavior [ RunTime:0.005477s ]
INFO: [ view_parse ] --END-- [ RunTime:0.005546s ]
INFO: [ view_filter ] --START--
INFO: Run Behavior\WriteHtmlCacheBehavior [ RunTime:0.000326s ]
INFO: [ view_filter ] --END-- [ RunTime:0.000359s ]
INFO: [ app_end ] --START--
INFO: Run Behavior\ShowPageTraceBehavior [ RunTime:0.000508s ]
INFO: [ app_end ] --END-- [ RunTime:0.000544s ]

[ 2016-08-10T14:36:52+08:00 ] 127.0.0.1 /Home/Home/index
INFO: [ app_init ] --START--
INFO: Run Behavior\BuildLiteBehavior [ RunTime:0.000012s ]
INFO: [ app_init ] --END-- [ RunTime:0.000281s ]
INFO: [ app_begin ] --START--
INFO: Run Behavior\ReadHtmlCacheBehavior [ RunTime:0.000404s ]
INFO: [ app_begin ] --END-- [ RunTime:0.000445s ]
SQL: SHOW COLUMNS FROM `xy_ticket` [ RunTime:0.0236s ]
SQL: SHOW COLUMNS FROM `xy_movie` [ RunTime:0.0402s ]
SQL: SHOW COLUMNS FROM `xy_cinema` [ RunTime:0.0958s ]
SQL: SHOW COLUMNS FROM `xy_room` [ RunTime:0.0357s ]
SQL: SHOW COLUMNS FROM `xy_order` [ RunTime:0.0065s ]
SQL: SHOW COLUMNS FROM `xy_user` [ RunTime:0.0074s ]
SQL: SHOW COLUMNS FROM `xy_comment` [ RunTime:0.0041s ]
SQL: SHOW COLUMNS FROM `xy_employ` [ RunTime:0.0069s ]
SQL: SHOW COLUMNS FROM `xy_notice` [ RunTime:0.0045s ]
SQL: SHOW COLUMNS FROM `xy_wantmovie` [ RunTime:0.0068s ]
SQL: SHOW COLUMNS FROM `xy_stage` [ RunTime:0.0042s ]
SQL: SELECT * FROM `xy_movie` WHERE ( m_delflag=0 ) ORDER BY m_showdate  [ RunTime:0.0007s ]
INFO: [ view_parse ] --START--
INFO: [ template_filter ] --START--
INFO: Run Behavior\ContentReplaceBehavior [ RunTime:0.000113s ]
INFO: [ template_filter ] --END-- [ RunTime:0.000160s ]
INFO: Run Behavior\ParseTemplateBehavior [ RunTime:0.048932s ]
INFO: [ view_parse ] --END-- [ RunTime:0.048997s ]
INFO: [ view_filter ] --START--
INFO: Run Behavior\WriteHtmlCacheBehavior [ RunTime:0.000325s ]
INFO: [ view_filter ] --END-- [ RunTime:0.000360s ]
INFO: [ app_end ] --START--
INFO: Run Behavior\ShowPageTraceBehavior [ RunTime:0.000834s ]
INFO: [ app_end ] --END-- [ RunTime:0.000908s ]

[ 2016-08-10T14:36:53+08:00 ] 127.0.0.1 /cinema/Home/Home/getlocation
INFO: [ app_init ] --START--
INFO: Run Behavior\BuildLiteBehavior [ RunTime:0.000013s ]
INFO: [ app_init ] --END-- [ RunTime:0.000388s ]
INFO: [ app_begin ] --START--
INFO: Run Behavior\ReadHtmlCacheBehavior [ RunTime:0.000581s ]
INFO: [ app_begin ] --END-- [ RunTime:0.000649s ]
SQL: SHOW COLUMNS FROM `xy_ticket` [ RunTime:0.0051s ]
SQL: SHOW COLUMNS FROM `xy_movie` [ RunTime:0.0048s ]
SQL: SHOW COLUMNS FROM `xy_cinema` [ RunTime:0.0048s ]
SQL: SHOW COLUMNS FROM `xy_room` [ RunTime:0.0102s ]
SQL: SHOW COLUMNS FROM `xy_order` [ RunTime:0.0079s ]
SQL: SHOW COLUMNS FROM `xy_user` [ RunTime:0.0098s ]
SQL: SHOW COLUMNS FROM `xy_comment` [ RunTime:0.0112s ]
SQL: SHOW COLUMNS FROM `xy_employ` [ RunTime:0.0067s ]
SQL: SHOW COLUMNS FROM `xy_notice` [ RunTime:0.0044s ]
SQL: SHOW COLUMNS FROM `xy_wantmovie` [ RunTime:0.0064s ]
SQL: SHOW COLUMNS FROM `xy_stage` [ RunTime:0.0044s ]
INFO: [ view_parse ] --START--
INFO: [ template_filter ] --START--
INFO: Run Behavior\ContentReplaceBehavior [ RunTime:0.000036s ]
INFO: [ template_filter ] --END-- [ RunTime:0.000087s ]
INFO: Run Behavior\ParseTemplateBehavior [ RunTime:0.005435s ]
INFO: [ view_parse ] --END-- [ RunTime:0.005495s ]
INFO: [ view_filter ] --START--
INFO: Run Behavior\WriteHtmlCacheBehavior [ RunTime:0.000347s ]
INFO: [ view_filter ] --END-- [ RunTime:0.000389s ]
INFO: [ app_end ] --START--
INFO: Run Behavior\ShowPageTraceBehavior [ RunTime:0.000546s ]
INFO: [ app_end ] --END-- [ RunTime:0.000583s ]

[ 2016-08-10T14:36:53+08:00 ] 127.0.0.1 /cinema/Home/Home/getcity
INFO: [ app_init ] --START--
INFO: Run Behavior\BuildLiteBehavior [ RunTime:0.000017s ]
INFO: [ app_init ] --END-- [ RunTime:0.000438s ]
INFO: [ app_begin ] --START--
INFO: Run Behavior\ReadHtmlCacheBehavior [ RunTime:0.000395s ]
INFO: [ app_begin ] --END-- [ RunTime:0.000439s ]
SQL: SHOW COLUMNS FROM `xy_ticket` [ RunTime:0.0083s ]
SQL: SHOW COLUMNS FROM `xy_movie` [ RunTime:0.0068s ]
SQL: SHOW COLUMNS FROM `xy_cinema` [ RunTime:0.0047s ]
SQL: SHOW COLUMNS FROM `xy_room` [ RunTime:0.0047s ]
SQL: SHOW COLUMNS FROM `xy_order` [ RunTime:0.0041s ]
SQL: SHOW COLUMNS FROM `xy_user` [ RunTime:0.0047s ]
SQL: SHOW COLUMNS FROM `xy_comment` [ RunTime:0.0044s ]
SQL: SHOW COLUMNS FROM `xy_employ` [ RunTime:0.0041s ]
SQL: SHOW COLUMNS FROM `xy_notice` [ RunTime:0.0042s ]
SQL: SHOW COLUMNS FROM `xy_wantmovie` [ RunTime:0.0044s ]
SQL: SHOW COLUMNS FROM `xy_stage` [ RunTime:0.0041s ]
INFO: [ view_parse ] --START--
INFO: [ template_filter ] --START--
INFO: Run Behavior\ContentReplaceBehavior [ RunTime:0.000032s ]
INFO: [ template_filter ] --END-- [ RunTime:0.000080s ]
INFO: Run Behavior\ParseTemplateBehavior [ RunTime:0.005439s ]
INFO: [ view_parse ] --END-- [ RunTime:0.005494s ]
INFO: [ view_filter ] --START--
INFO: Run Behavior\WriteHtmlCacheBehavior [ RunTime:0.000317s ]
INFO: [ view_filter ] --END-- [ RunTime:0.000347s ]
INFO: [ app_end ] --START--
INFO: Run Behavior\ShowPageTraceBehavior [ RunTime:0.000496s ]
INFO: [ app_end ] --END-- [ RunTime:0.000530s ]

[ 2016-08-10T14:37:15+08:00 ] 127.0.0.1 /Home/Home/index
INFO: [ app_init ] --START--
INFO: Run Behavior\BuildLiteBehavior [ RunTime:0.000017s ]
INFO: [ app_init ] --END-- [ RunTime:0.000491s ]
INFO: [ app_begin ] --START--
INFO: Run Behavior\ReadHtmlCacheBehavior [ RunTime:0.000612s ]
INFO: [ app_begin ] --END-- [ RunTime:0.000697s ]
SQL: SHOW COLUMNS FROM `xy_ticket` [ RunTime:0.0100s ]
SQL: SHOW COLUMNS FROM `xy_movie` [ RunTime:0.0081s ]
SQL: SHOW COLUMNS FROM `xy_cinema` [ RunTime:0.0079s ]
SQL: SHOW COLUMNS FROM `xy_room` [ RunTime:0.0074s ]
SQL: SHOW COLUMNS FROM `xy_order` [ RunTime:0.0076s ]
SQL: SHOW COLUMNS FROM `xy_user` [ RunTime:0.0080s ]
SQL: SHOW COLUMNS FROM `xy_comment` [ RunTime:0.0058s ]
SQL: SHOW COLUMNS FROM `xy_employ` [ RunTime:0.0089s ]
SQL: SHOW COLUMNS FROM `xy_notice` [ RunTime:0.0050s ]
SQL: SHOW COLUMNS FROM `xy_wantmovie` [ RunTime:0.0251s ]
SQL: SHOW COLUMNS FROM `xy_stage` [ RunTime:0.1127s ]
SQL: SELECT * FROM `xy_movie` WHERE ( m_delflag=0 ) ORDER BY m_showdate  [ RunTime:0.0006s ]
INFO: [ view_parse ] --START--
INFO: [ template_filter ] --START--
INFO: Run Behavior\ContentReplaceBehavior [ RunTime:0.000141s ]
INFO: [ template_filter ] --END-- [ RunTime:0.000219s ]
INFO: Run Behavior\ParseTemplateBehavior [ RunTime:0.084811s ]
INFO: [ view_parse ] --END-- [ RunTime:0.084875s ]
INFO: [ view_filter ] --START--
INFO: Run Behavior\WriteHtmlCacheBehavior [ RunTime:0.000346s ]
INFO: [ view_filter ] --END-- [ RunTime:0.000390s ]
INFO: [ app_end ] --START--
INFO: Run Behavior\ShowPageTraceBehavior [ RunTime:0.000947s ]
INFO: [ app_end ] --END-- [ RunTime:0.001060s ]

[ 2016-08-10T14:37:21+08:00 ] 127.0.0.1 /Home/Home/index
INFO: [ app_init ] --START--
INFO: Run Behavior\BuildLiteBehavior [ RunTime:0.000012s ]
INFO: [ app_init ] --END-- [ RunTime:0.000361s ]
INFO: [ app_begin ] --START--
INFO: Run Behavior\ReadHtmlCacheBehavior [ RunTime:0.001268s ]
INFO: [ app_begin ] --END-- [ RunTime:0.001413s ]
SQL: SHOW COLUMNS FROM `xy_ticket` [ RunTime:0.0109s ]
SQL: SHOW COLUMNS FROM `xy_movie` [ RunTime:0.0072s ]
SQL: SHOW COLUMNS FROM `xy_cinema` [ RunTime:0.0069s ]
SQL: SHOW COLUMNS FROM `xy_room` [ RunTime:0.0074s ]
SQL: SHOW COLUMNS FROM `xy_order` [ RunTime:0.0069s ]
SQL: SHOW COLUMNS FROM `xy_user` [ RunTime:0.0071s ]
SQL: SHOW COLUMNS FROM `xy_comment` [ RunTime:0.0054s ]
SQL: SHOW COLUMNS FROM `xy_employ` [ RunTime:0.0090s ]
SQL: SHOW COLUMNS FROM `xy_notice` [ RunTime:0.1424s ]
SQL: SHOW COLUMNS FROM `xy_wantmovie` [ RunTime:0.0117s ]
SQL: SHOW COLUMNS FROM `xy_stage` [ RunTime:0.0056s ]
SQL: SELECT * FROM `xy_movie` WHERE ( m_delflag=0 ) ORDER BY m_showdate  [ RunTime:0.0007s ]
INFO: [ view_parse ] --START--
INFO: [ template_filter ] --START--
INFO: Run Behavior\ContentReplaceBehavior [ RunTime:0.000101s ]
INFO: [ template_filter ] --END-- [ RunTime:0.000155s ]
INFO: Run Behavior\ParseTemplateBehavior [ RunTime:0.055015s ]
INFO: [ view_parse ] --END-- [ RunTime:0.055086s ]
INFO: [ view_filter ] --START--
INFO: Run Behavior\WriteHtmlCacheBehavior [ RunTime:0.000532s ]
INFO: [ view_filter ] --END-- [ RunTime:0.000566s ]
INFO: [ app_end ] --START--
INFO: Run Behavior\ShowPageTraceBehavior [ RunTime:0.001080s ]
INFO: [ app_end ] --END-- [ RunTime:0.001160s ]

[ 2016-08-10T14:37:21+08:00 ] 127.0.0.1 /cinema/Home/Home/getlocation
INFO: [ app_init ] --START--
INFO: Run Behavior\BuildLiteBehavior [ RunTime:0.000020s ]
INFO: [ app_init ] --END-- [ RunTime:0.000505s ]
INFO: [ app_begin ] --START--
INFO: Run Behavior\ReadHtmlCacheBehavior [ RunTime:0.000747s ]
INFO: [ app_begin ] --END-- [ RunTime:0.000837s ]
SQL: SHOW COLUMNS FROM `xy_ticket` [ RunTime:0.0166s ]
SQL: SHOW COLUMNS FROM `xy_movie` [ RunTime:0.0093s ]
SQL: SHOW COLUMNS FROM `xy_cinema` [ RunTime:0.0091s ]
SQL: SHOW COLUMNS FROM `xy_room` [ RunTime:0.0103s ]
SQL: SHOW COLUMNS FROM `xy_order` [ RunTime:0.0086s ]
SQL: SHOW COLUMNS FROM `xy_user` [ RunTime:0.0372s ]
SQL: SHOW COLUMNS FROM `xy_comment` [ RunTime:0.0039s ]
SQL: SHOW COLUMNS FROM `xy_employ` [ RunTime:0.0079s ]
SQL: SHOW COLUMNS FROM `xy_notice` [ RunTime:0.0038s ]
SQL: SHOW COLUMNS FROM `xy_wantmovie` [ RunTime:0.0038s ]
SQL: SHOW COLUMNS FROM `xy_stage` [ RunTime:0.0043s ]
SQL: SELECT DISTINCT  `c_location` FROM `xy_cinema` WHERE ( c_delflag=0 )  [ RunTime:0.0003s ]
INFO: [ app_end ] --START--
INFO: Run Behavior\ShowPageTraceBehavior [ RunTime:0.000510s ]
INFO: [ app_end ] --END-- [ RunTime:0.000559s ]

[ 2016-08-10T14:37:21+08:00 ] 127.0.0.1 /cinema/Home/Home/getcity
INFO: [ app_init ] --START--
INFO: Run Behavior\BuildLiteBehavior [ RunTime:0.000012s ]
INFO: [ app_init ] --END-- [ RunTime:0.000294s ]
INFO: [ app_begin ] --START--
INFO: Run Behavior\ReadHtmlCacheBehavior [ RunTime:0.000378s ]
INFO: [ app_begin ] --END-- [ RunTime:0.000417s ]
SQL: SHOW COLUMNS FROM `xy_ticket` [ RunTime:0.0043s ]
SQL: SHOW COLUMNS FROM `xy_movie` [ RunTime:0.0046s ]
SQL: SHOW COLUMNS FROM `xy_cinema` [ RunTime:0.0052s ]
SQL: SHOW COLUMNS FROM `xy_room` [ RunTime:0.0041s ]
SQL: SHOW COLUMNS FROM `xy_order` [ RunTime:0.0042s ]
SQL: SHOW COLUMNS FROM `xy_user` [ RunTime:0.0041s ]
SQL: SHOW COLUMNS FROM `xy_comment` [ RunTime:0.0040s ]
SQL: SHOW COLUMNS FROM `xy_employ` [ RunTime:0.0040s ]
SQL: SHOW COLUMNS FROM `xy_notice` [ RunTime:0.0051s ]
SQL: SHOW COLUMNS FROM `xy_wantmovie` [ RunTime:0.0049s ]
SQL: SHOW COLUMNS FROM `xy_stage` [ RunTime:0.0040s ]
SQL: SELECT `c_location` FROM `xy_cinema` WHERE ( c_delflag=0 )  [ RunTime:0.0003s ]
INFO: [ app_end ] --START--
INFO: Run Behavior\ShowPageTraceBehavior [ RunTime:0.000621s ]
INFO: [ app_end ] --END-- [ RunTime:0.000660s ]

[ 2016-08-10T14:37:21+08:00 ] 127.0.0.1 /cinema/Home/Home/getcinema
INFO: [ app_init ] --START--
INFO: Run Behavior\BuildLiteBehavior [ RunTime:0.000023s ]
INFO: [ app_init ] --END-- [ RunTime:0.000295s ]
INFO: [ app_begin ] --START--
INFO: Run Behavior\ReadHtmlCacheBehavior [ RunTime:0.000389s ]
INFO: [ app_begin ] --END-- [ RunTime:0.000427s ]
SQL: SHOW COLUMNS FROM `xy_ticket` [ RunTime:0.0042s ]
SQL: SHOW COLUMNS FROM `xy_movie` [ RunTime:0.0041s ]
SQL: SHOW COLUMNS FROM `xy_cinema` [ RunTime:0.0040s ]
SQL: SHOW COLUMNS FROM `xy_room` [ RunTime:0.0040s ]
SQL: SHOW COLUMNS FROM `xy_order` [ RunTime:0.0039s ]
SQL: SHOW COLUMNS FROM `xy_user` [ RunTime:0.0040s ]
SQL: SHOW COLUMNS FROM `xy_comment` [ RunTime:0.0040s ]
SQL: SHOW COLUMNS FROM `xy_employ` [ RunTime:0.0040s ]
SQL: SHOW COLUMNS FROM `xy_notice` [ RunTime:0.0039s ]
SQL: SHOW COLUMNS FROM `xy_wantmovie` [ RunTime:0.0039s ]
SQL: SHOW COLUMNS FROM `xy_stage` [ RunTime:0.0039s ]
SQL: SELECT `c_id`,`c_name` FROM `xy_cinema` WHERE ( c_delflag=0 and c_location='湛江' )  [ RunTime:0.0003s ]
INFO: [ app_end ] --START--
INFO: Run Behavior\ShowPageTraceBehavior [ RunTime:0.000617s ]
INFO: [ app_end ] --END-- [ RunTime:0.000657s ]

[ 2016-08-10T14:37:21+08:00 ] 127.0.0.1 /cinema/Home/Home/getmovie
INFO: [ app_init ] --START--
INFO: Run Behavior\BuildLiteBehavior [ RunTime:0.000010s ]
INFO: [ app_init ] --END-- [ RunTime:0.000271s ]
INFO: [ app_begin ] --START--
INFO: Run Behavior\ReadHtmlCacheBehavior [ RunTime:0.000367s ]
INFO: [ app_begin ] --END-- [ RunTime:0.000404s ]
SQL: SHOW COLUMNS FROM `xy_ticket` [ RunTime:0.0942s ]
SQL: SHOW COLUMNS FROM `xy_movie` [ RunTime:0.0046s ]
SQL: SHOW COLUMNS FROM `xy_cinema` [ RunTime:0.0039s ]
SQL: SHOW COLUMNS FROM `xy_room` [ RunTime:0.0048s ]
SQL: SHOW COLUMNS FROM `xy_order` [ RunTime:0.0041s ]
SQL: SHOW COLUMNS FROM `xy_user` [ RunTime:0.0040s ]
SQL: SHOW COLUMNS FROM `xy_comment` [ RunTime:0.0041s ]
SQL: SHOW COLUMNS FROM `xy_employ` [ RunTime:0.0039s ]
SQL: SHOW COLUMNS FROM `xy_notice` [ RunTime:0.0047s ]
SQL: SHOW COLUMNS FROM `xy_wantmovie` [ RunTime:0.0040s ]
SQL: SHOW COLUMNS FROM `xy_stage` [ RunTime:0.0039s ]
SQL: SELECT DISTINCT  `t_id`,`t_movieid`,`t_date`,`t_time` FROM `xy_ticket` WHERE ( t_delflag=0 and t_cinemaid=1 and t_issale=1 )  [ RunTime:0.0003s ]
SQL: SELECT `m_id`,`m_name` FROM `xy_movie` WHERE `m_id` = 9 LIMIT 1   [ RunTime:0.0002s ]
SQL: SELECT `m_id`,`m_name` FROM `xy_movie` WHERE `m_id` = 10 LIMIT 1   [ RunTime:0.0002s ]
SQL: SELECT `m_id`,`m_name` FROM `xy_movie` WHERE `m_id` = 13 LIMIT 1   [ RunTime:0.0002s ]
INFO: [ app_end ] --START--
INFO: Run Behavior\ShowPageTraceBehavior [ RunTime:0.000640s ]
INFO: [ app_end ] --END-- [ RunTime:0.000688s ]

[ 2016-08-10T14:37:24+08:00 ] 127.0.0.1 /cinema/Home/Movie/detail/m_id/13
INFO: [ app_init ] --START--
INFO: Run Behavior\BuildLiteBehavior [ RunTime:0.000013s ]
INFO: [ app_init ] --END-- [ RunTime:0.000296s ]
INFO: [ app_begin ] --START--
INFO: Run Behavior\ReadHtmlCacheBehavior [ RunTime:0.000367s ]
INFO: [ app_begin ] --END-- [ RunTime:0.000409s ]
SQL: SHOW COLUMNS FROM `xy_ticket` [ RunTime:0.0099s ]
SQL: SHOW COLUMNS FROM `xy_movie` [ RunTime:0.0071s ]
SQL: SHOW COLUMNS FROM `xy_cinema` [ RunTime:0.0076s ]
SQL: SHOW COLUMNS FROM `xy_room` [ RunTime:0.0092s ]
SQL: SHOW COLUMNS FROM `xy_order` [ RunTime:0.0066s ]
SQL: SHOW COLUMNS FROM `xy_user` [ RunTime:0.0069s ]
SQL: SHOW COLUMNS FROM `xy_comment` [ RunTime:0.0074s ]
SQL: SHOW COLUMNS FROM `xy_employ` [ RunTime:0.0065s ]
SQL: SHOW COLUMNS FROM `xy_notice` [ RunTime:0.0045s ]
SQL: SHOW COLUMNS FROM `xy_wantmovie` [ RunTime:0.0064s ]
SQL: SHOW COLUMNS FROM `xy_stage` [ RunTime:0.0042s ]
SQL: SELECT * FROM `xy_movie` WHERE `m_id` = 13 LIMIT 1   [ RunTime:0.0004s ]
SQL: SELECT * FROM `xy_stage` WHERE ( s_delflag=0 and s_movieid=13 )  [ RunTime:0.0139s ]
SQL: SELECT * FROM `xy_comment` WHERE ( c_delflag=0 and c_movieid=13 ) ORDER BY c_subtime desc  [ RunTime:0.0004s ]
SQL: SELECT * FROM `xy_wantmovie` WHERE ( w_userid=11 and w_movieid=13 and w_delflag=0 ) LIMIT 1   [ RunTime:0.0002s ]
INFO: [ view_parse ] --START--
INFO: [ template_filter ] --START--
INFO: Run Behavior\ContentReplaceBehavior [ RunTime:0.000144s ]
INFO: [ template_filter ] --END-- [ RunTime:0.000235s ]
INFO: Run Behavior\ParseTemplateBehavior [ RunTime:0.067656s ]
INFO: [ view_parse ] --END-- [ RunTime:0.067716s ]
INFO: [ view_filter ] --START--
INFO: Run Behavior\WriteHtmlCacheBehavior [ RunTime:0.000315s ]
INFO: [ view_filter ] --END-- [ RunTime:0.000348s ]
INFO: [ app_end ] --START--
INFO: Run Behavior\ShowPageTraceBehavior [ RunTime:0.000596s ]
INFO: [ app_end ] --END-- [ RunTime:0.000643s ]

[ 2016-08-10T14:37:24+08:00 ] 127.0.0.1 /cinema/Home/Home/getlocation
INFO: [ app_init ] --START--
INFO: Run Behavior\BuildLiteBehavior [ RunTime:0.000021s ]
INFO: [ app_init ] --END-- [ RunTime:0.000486s ]
INFO: [ app_begin ] --START--
INFO: Run Behavior\ReadHtmlCacheBehavior [ RunTime:0.000618s ]
INFO: [ app_begin ] --END-- [ RunTime:0.000690s ]
SQL: SHOW COLUMNS FROM `xy_ticket` [ RunTime:0.0152s ]
SQL: SHOW COLUMNS FROM `xy_movie` [ RunTime:0.0139s ]
SQL: SHOW COLUMNS FROM `xy_cinema` [ RunTime:0.0068s ]
SQL: SHOW COLUMNS FROM `xy_room` [ RunTime:0.0070s ]
SQL: SHOW COLUMNS FROM `xy_order` [ RunTime:0.0074s ]
SQL: SHOW COLUMNS FROM `xy_user` [ RunTime:0.0050s ]
SQL: SHOW COLUMNS FROM `xy_comment` [ RunTime:0.0041s ]
SQL: SHOW COLUMNS FROM `xy_employ` [ RunTime:0.0041s ]
SQL: SHOW COLUMNS FROM `xy_notice` [ RunTime:0.0043s ]
SQL: SHOW COLUMNS FROM `xy_wantmovie` [ RunTime:0.0043s ]
SQL: SHOW COLUMNS FROM `xy_stage` [ RunTime:0.0048s ]
SQL: SELECT DISTINCT  `c_location` FROM `xy_cinema` WHERE ( c_delflag=0 )  [ RunTime:0.0003s ]
INFO: [ app_end ] --START--
INFO: Run Behavior\ShowPageTraceBehavior [ RunTime:0.000836s ]
INFO: [ app_end ] --END-- [ RunTime:0.000920s ]

[ 2016-08-10T14:37:24+08:00 ] 127.0.0.1 /cinema/Home/Home/getcity
INFO: [ app_init ] --START--
INFO: Run Behavior\BuildLiteBehavior [ RunTime:0.000012s ]
INFO: [ app_init ] --END-- [ RunTime:0.000295s ]
INFO: [ app_begin ] --START--
INFO: Run Behavior\ReadHtmlCacheBehavior [ RunTime:0.000364s ]
INFO: [ app_begin ] --END-- [ RunTime:0.000404s ]
SQL: SHOW COLUMNS FROM `xy_ticket` [ RunTime:0.0051s ]
SQL: SHOW COLUMNS FROM `xy_movie` [ RunTime:0.0044s ]
SQL: SHOW COLUMNS FROM `xy_cinema` [ RunTime:0.0041s ]
SQL: SHOW COLUMNS FROM `xy_room` [ RunTime:0.0042s ]
SQL: SHOW COLUMNS FROM `xy_order` [ RunTime:0.0045s ]
SQL: SHOW COLUMNS FROM `xy_user` [ RunTime:0.0042s ]
SQL: SHOW COLUMNS FROM `xy_comment` [ RunTime:0.0044s ]
SQL: SHOW COLUMNS FROM `xy_employ` [ RunTime:0.0043s ]
SQL: SHOW COLUMNS FROM `xy_notice` [ RunTime:0.0043s ]
SQL: SHOW COLUMNS FROM `xy_wantmovie` [ RunTime:0.0042s ]
SQL: SHOW COLUMNS FROM `xy_stage` [ RunTime:0.0047s ]
SQL: SELECT `c_location` FROM `xy_cinema` WHERE ( c_delflag=0 )  [ RunTime:0.0002s ]
INFO: [ app_end ] --START--
INFO: Run Behavior\ShowPageTraceBehavior [ RunTime:0.000620s ]
INFO: [ app_end ] --END-- [ RunTime:0.000659s ]

[ 2016-08-10T14:37:24+08:00 ] 127.0.0.1 /cinema/Home/Home/getcinema
INFO: [ app_init ] --START--
INFO: Run Behavior\BuildLiteBehavior [ RunTime:0.000012s ]
INFO: [ app_init ] --END-- [ RunTime:0.000286s ]
INFO: [ app_begin ] --START--
INFO: Run Behavior\ReadHtmlCacheBehavior [ RunTime:0.000361s ]
INFO: [ app_begin ] --END-- [ RunTime:0.000400s ]
SQL: SHOW COLUMNS FROM `xy_ticket` [ RunTime:0.0045s ]
SQL: SHOW COLUMNS FROM `xy_movie` [ RunTime:0.0042s ]
SQL: SHOW COLUMNS FROM `xy_cinema` [ RunTime:0.0042s ]
SQL: SHOW COLUMNS FROM `xy_room` [ RunTime:0.0052s ]
SQL: SHOW COLUMNS FROM `xy_order` [ RunTime:0.0041s ]
SQL: SHOW COLUMNS FROM `xy_user` [ RunTime:0.0044s ]
SQL: SHOW COLUMNS FROM `xy_comment` [ RunTime:0.0047s ]
SQL: SHOW COLUMNS FROM `xy_employ` [ RunTime:0.0042s ]
SQL: SHOW COLUMNS FROM `xy_notice` [ RunTime:0.0044s ]
SQL: SHOW COLUMNS FROM `xy_wantmovie` [ RunTime:0.0043s ]
SQL: SHOW COLUMNS FROM `xy_stage` [ RunTime:0.0040s ]
SQL: SELECT `c_id`,`c_name` FROM `xy_cinema` WHERE ( c_delflag=0 and c_location='湛江' )  [ RunTime:0.0003s ]
INFO: [ app_end ] --START--
INFO: Run Behavior\ShowPageTraceBehavior [ RunTime:0.000625s ]
INFO: [ app_end ] --END-- [ RunTime:0.000668s ]

[ 2016-08-10T14:37:24+08:00 ] 127.0.0.1 /cinema/Home/Home/getmovie
INFO: [ app_init ] --START--
INFO: Run Behavior\BuildLiteBehavior [ RunTime:0.000011s ]
INFO: [ app_init ] --END-- [ RunTime:0.000295s ]
INFO: [ app_begin ] --START--
INFO: Run Behavior\ReadHtmlCacheBehavior [ RunTime:0.000383s ]
INFO: [ app_begin ] --END-- [ RunTime:0.000420s ]
SQL: SHOW COLUMNS FROM `xy_ticket` [ RunTime:0.0044s ]
SQL: SHOW COLUMNS FROM `xy_movie` [ RunTime:0.0044s ]
SQL: SHOW COLUMNS FROM `xy_cinema` [ RunTime:0.0044s ]
SQL: SHOW COLUMNS FROM `xy_room` [ RunTime:0.0044s ]
SQL: SHOW COLUMNS FROM `xy_order` [ RunTime:0.0041s ]
SQL: SHOW COLUMNS FROM `xy_user` [ RunTime:0.0043s ]
SQL: SHOW COLUMNS FROM `xy_comment` [ RunTime:0.0041s ]
SQL: SHOW COLUMNS FROM `xy_employ` [ RunTime:0.0042s ]
SQL: SHOW COLUMNS FROM `xy_notice` [ RunTime:0.0043s ]
SQL: SHOW COLUMNS FROM `xy_wantmovie` [ RunTime:0.0040s ]
SQL: SHOW COLUMNS FROM `xy_stage` [ RunTime:0.0041s ]
SQL: SELECT DISTINCT  `t_id`,`t_movieid`,`t_date`,`t_time` FROM `xy_ticket` WHERE ( t_delflag=0 and t_cinemaid=1 and t_issale=1 )  [ RunTime:0.0003s ]
SQL: SELECT `m_id`,`m_name` FROM `xy_movie` WHERE `m_id` = 9 LIMIT 1   [ RunTime:0.0002s ]
SQL: SELECT `m_id`,`m_name` FROM `xy_movie` WHERE `m_id` = 10 LIMIT 1   [ RunTime:0.0002s ]
SQL: SELECT `m_id`,`m_name` FROM `xy_movie` WHERE `m_id` = 13 LIMIT 1   [ RunTime:0.0002s ]
INFO: [ app_end ] --START--
INFO: Run Behavior\ShowPageTraceBehavior [ RunTime:0.000612s ]
INFO: [ app_end ] --END-- [ RunTime:0.000651s ]

[ 2016-08-10T14:37:25+08:00 ] 127.0.0.1 /cinema/Home/Home/index
INFO: [ app_init ] --START--
INFO: Run Behavior\BuildLiteBehavior [ RunTime:0.000018s ]
INFO: [ app_init ] --END-- [ RunTime:0.000319s ]
INFO: [ app_begin ] --START--
INFO: Run Behavior\ReadHtmlCacheBehavior [ RunTime:0.000472s ]
INFO: [ app_begin ] --END-- [ RunTime:0.000528s ]
SQL: SHOW COLUMNS FROM `xy_ticket` [ RunTime:0.0108s ]
SQL: SHOW COLUMNS FROM `xy_movie` [ RunTime:0.0067s ]
SQL: SHOW COLUMNS FROM `xy_cinema` [ RunTime:0.0066s ]
SQL: SHOW COLUMNS FROM `xy_room` [ RunTime:0.0070s ]
SQL: SHOW COLUMNS FROM `xy_order` [ RunTime:0.0073s ]
SQL: SHOW COLUMNS FROM `xy_user` [ RunTime:0.0077s ]
SQL: SHOW COLUMNS FROM `xy_comment` [ RunTime:0.0043s ]
SQL: SHOW COLUMNS FROM `xy_employ` [ RunTime:0.0070s ]
SQL: SHOW COLUMNS FROM `xy_notice` [ RunTime:0.0042s ]
SQL: SHOW COLUMNS FROM `xy_wantmovie` [ RunTime:0.0070s ]
SQL: SHOW COLUMNS FROM `xy_stage` [ RunTime:0.0045s ]
SQL: SELECT * FROM `xy_movie` WHERE ( m_delflag=0 ) ORDER BY m_showdate  [ RunTime:0.0005s ]
INFO: [ view_parse ] --START--
INFO: [ template_filter ] --START--
INFO: Run Behavior\ContentReplaceBehavior [ RunTime:0.000131s ]
INFO: [ template_filter ] --END-- [ RunTime:0.000176s ]
INFO: Run Behavior\ParseTemplateBehavior [ RunTime:0.082022s ]
INFO: [ view_parse ] --END-- [ RunTime:0.082081s ]
INFO: [ view_filter ] --START--
INFO: Run Behavior\WriteHtmlCacheBehavior [ RunTime:0.000342s ]
INFO: [ view_filter ] --END-- [ RunTime:0.000378s ]
INFO: [ app_end ] --START--
INFO: Run Behavior\ShowPageTraceBehavior [ RunTime:0.000579s ]
INFO: [ app_end ] --END-- [ RunTime:0.000628s ]

[ 2016-08-10T14:37:26+08:00 ] 127.0.0.1 /cinema/Home/Home/getlocation
INFO: [ app_init ] --START--
INFO: Run Behavior\BuildLiteBehavior [ RunTime:0.000027s ]
INFO: [ app_init ] --END-- [ RunTime:0.000464s ]
INFO: [ app_begin ] --START--
INFO: Run Behavior\ReadHtmlCacheBehavior [ RunTime:0.000518s ]
INFO: [ app_begin ] --END-- [ RunTime:0.000584s ]
SQL: SHOW COLUMNS FROM `xy_ticket` [ RunTime:0.0056s ]
SQL: SHOW COLUMNS FROM `xy_movie` [ RunTime:0.0050s ]
SQL: SHOW COLUMNS FROM `xy_cinema` [ RunTime:0.0058s ]
SQL: SHOW COLUMNS FROM `xy_room` [ RunTime:0.0078s ]
SQL: SHOW COLUMNS FROM `xy_order` [ RunTime:0.0094s ]
SQL: SHOW COLUMNS FROM `xy_user` [ RunTime:0.0108s ]
SQL: SHOW COLUMNS FROM `xy_comment` [ RunTime:0.0124s ]
SQL: SHOW COLUMNS FROM `xy_employ` [ RunTime:0.0420s ]
SQL: SHOW COLUMNS FROM `xy_notice` [ RunTime:0.0046s ]
SQL: SHOW COLUMNS FROM `xy_wantmovie` [ RunTime:0.0065s ]
SQL: SHOW COLUMNS FROM `xy_stage` [ RunTime:0.0041s ]
SQL: SELECT DISTINCT  `c_location` FROM `xy_cinema` WHERE ( c_delflag=0 )  [ RunTime:0.0003s ]
INFO: [ app_end ] --START--
INFO: Run Behavior\ShowPageTraceBehavior [ RunTime:0.000603s ]
INFO: [ app_end ] --END-- [ RunTime:0.000668s ]

[ 2016-08-10T14:37:26+08:00 ] 127.0.0.1 /cinema/Home/Home/getcity
INFO: [ app_init ] --START--
INFO: Run Behavior\BuildLiteBehavior [ RunTime:0.000018s ]
INFO: [ app_init ] --END-- [ RunTime:0.000300s ]
INFO: [ app_begin ] --START--
INFO: Run Behavior\ReadHtmlCacheBehavior [ RunTime:0.000342s ]
INFO: [ app_begin ] --END-- [ RunTime:0.000380s ]
SQL: SHOW COLUMNS FROM `xy_ticket` [ RunTime:0.0070s ]
SQL: SHOW COLUMNS FROM `xy_movie` [ RunTime:0.0072s ]
SQL: SHOW COLUMNS FROM `xy_cinema` [ RunTime:0.0046s ]
SQL: SHOW COLUMNS FROM `xy_room` [ RunTime:0.0071s ]
SQL: SHOW COLUMNS FROM `xy_order` [ RunTime:0.0071s ]
SQL: SHOW COLUMNS FROM `xy_user` [ RunTime:0.0074s ]
SQL: SHOW COLUMNS FROM `xy_comment` [ RunTime:0.0044s ]
SQL: SHOW COLUMNS FROM `xy_employ` [ RunTime:0.0045s ]
SQL: SHOW COLUMNS FROM `xy_notice` [ RunTime:0.0045s ]
SQL: SHOW COLUMNS FROM `xy_wantmovie` [ RunTime:0.0042s ]
SQL: SHOW COLUMNS FROM `xy_stage` [ RunTime:0.0043s ]
SQL: SELECT `c_location` FROM `xy_cinema` WHERE ( c_delflag=0 )  [ RunTime:0.0003s ]
INFO: [ app_end ] --START--
INFO: Run Behavior\ShowPageTraceBehavior [ RunTime:0.000614s ]
INFO: [ app_end ] --END-- [ RunTime:0.000653s ]

[ 2016-08-10T14:37:26+08:00 ] 127.0.0.1 /cinema/Home/Home/getcinema
INFO: [ app_init ] --START--
INFO: Run Behavior\BuildLiteBehavior [ RunTime:0.000014s ]
INFO: [ app_init ] --END-- [ RunTime:0.000315s ]
INFO: [ app_begin ] --START--
INFO: Run Behavior\ReadHtmlCacheBehavior [ RunTime:0.000355s ]
INFO: [ app_begin ] --END-- [ RunTime:0.000395s ]
SQL: SHOW COLUMNS FROM `xy_ticket` [ RunTime:0.0048s ]
SQL: SHOW COLUMNS FROM `xy_movie` [ RunTime:0.0044s ]
SQL: SHOW COLUMNS FROM `xy_cinema` [ RunTime:0.0043s ]
SQL: SHOW COLUMNS FROM `xy_room` [ RunTime:0.0043s ]
SQL: SHOW COLUMNS FROM `xy_order` [ RunTime:0.0044s ]
SQL: SHOW COLUMNS FROM `xy_user` [ RunTime:0.0045s ]
SQL: SHOW COLUMNS FROM `xy_comment` [ RunTime:0.0040s ]
SQL: SHOW COLUMNS FROM `xy_employ` [ RunTime:0.0045s ]
SQL: SHOW COLUMNS FROM `xy_notice` [ RunTime:0.0045s ]
SQL: SHOW COLUMNS FROM `xy_wantmovie` [ RunTime:0.0183s ]
SQL: SHOW COLUMNS FROM `xy_stage` [ RunTime:0.0051s ]
SQL: SELECT `c_id`,`c_name` FROM `xy_cinema` WHERE ( c_delflag=0 and c_location='湛江' )  [ RunTime:0.0003s ]
INFO: [ app_end ] --START--
INFO: Run Behavior\ShowPageTraceBehavior [ RunTime:0.000846s ]
INFO: [ app_end ] --END-- [ RunTime:0.000908s ]

[ 2016-08-10T14:37:26+08:00 ] 127.0.0.1 /cinema/Home/Home/getmovie
INFO: [ app_init ] --START--
INFO: Run Behavior\BuildLiteBehavior [ RunTime:0.000012s ]
INFO: [ app_init ] --END-- [ RunTime:0.000298s ]
INFO: [ app_begin ] --START--
INFO: Run Behavior\ReadHtmlCacheBehavior [ RunTime:0.000375s ]
INFO: [ app_begin ] --END-- [ RunTime:0.000416s ]
SQL: SHOW COLUMNS FROM `xy_ticket` [ RunTime:0.0777s ]
SQL: SHOW COLUMNS FROM `xy_movie` [ RunTime:0.0052s ]
SQL: SHOW COLUMNS FROM `xy_cinema` [ RunTime:0.0047s ]
SQL: SHOW COLUMNS FROM `xy_room` [ RunTime:0.0043s ]
SQL: SHOW COLUMNS FROM `xy_order` [ RunTime:0.0048s ]
SQL: SHOW COLUMNS FROM `xy_user` [ RunTime:0.0053s ]
SQL: SHOW COLUMNS FROM `xy_comment` [ RunTime:0.0050s ]
SQL: SHOW COLUMNS FROM `xy_employ` [ RunTime:0.0042s ]
SQL: SHOW COLUMNS FROM `xy_notice` [ RunTime:0.0041s ]
SQL: SHOW COLUMNS FROM `xy_wantmovie` [ RunTime:0.0046s ]
SQL: SHOW COLUMNS FROM `xy_stage` [ RunTime:0.0043s ]
SQL: SELECT DISTINCT  `t_id`,`t_movieid`,`t_date`,`t_time` FROM `xy_ticket` WHERE ( t_delflag=0 and t_cinemaid=1 and t_issale=1 )  [ RunTime:0.0003s ]
SQL: SELECT `m_id`,`m_name` FROM `xy_movie` WHERE `m_id` = 9 LIMIT 1   [ RunTime:0.0002s ]
SQL: SELECT `m_id`,`m_name` FROM `xy_movie` WHERE `m_id` = 10 LIMIT 1   [ RunTime:0.0002s ]
SQL: SELECT `m_id`,`m_name` FROM `xy_movie` WHERE `m_id` = 13 LIMIT 1   [ RunTime:0.0002s ]
INFO: [ app_end ] --START--
INFO: Run Behavior\ShowPageTraceBehavior [ RunTime:0.000645s ]
INFO: [ app_end ] --END-- [ RunTime:0.000687s ]

[ 2016-08-10T17:40:39+08:00 ] 127.0.0.1 /R_XMP_5.1.29.4510-RCMD5129.exe?fid=Nsq4TIZ/fCqqYu9SVgUauIwpR/coD5sCAAAAAOJTzwLzyjreN2neq/fIq0zYcv4/&mid=666&threshold=150&tid=EE8A5423619855746F6FE4EFECC8920C&srcid=0
INFO: [ app_init ] --START--
INFO: Run Behavior\BuildLiteBehavior [ RunTime:0.000026s ]
INFO: [ app_init ] --END-- [ RunTime:0.022409s ]
INFO: [ app_begin ] --START--
INFO: Run Behavior\ReadHtmlCacheBehavior [ RunTime:0.016844s ]
INFO: [ app_begin ] --END-- [ RunTime:0.017025s ]
SQL: SHOW COLUMNS FROM `xy_ticket` [ RunTime:0.0189s ]
SQL: SHOW COLUMNS FROM `xy_movie` [ RunTime:0.0115s ]
SQL: SHOW COLUMNS FROM `xy_cinema` [ RunTime:0.0102s ]
SQL: SHOW COLUMNS FROM `xy_room` [ RunTime:0.0074s ]
SQL: SHOW COLUMNS FROM `xy_order` [ RunTime:0.0229s ]
SQL: SHOW COLUMNS FROM `xy_user` [ RunTime:0.0156s ]
SQL: SHOW COLUMNS FROM `xy_comment` [ RunTime:0.0181s ]
SQL: SHOW COLUMNS FROM `xy_employ` [ RunTime:0.0117s ]
SQL: SHOW COLUMNS FROM `xy_notice` [ RunTime:0.0077s ]
SQL: SHOW COLUMNS FROM `xy_wantmovie` [ RunTime:0.0201s ]
SQL: SHOW COLUMNS FROM `xy_stage` [ RunTime:0.0181s ]
INFO: [ view_parse ] --START--
INFO: [ template_filter ] --START--
INFO: Run Behavior\ContentReplaceBehavior [ RunTime:0.000067s ]
INFO: [ template_filter ] --END-- [ RunTime:0.000134s ]
INFO: Run Behavior\ParseTemplateBehavior [ RunTime:0.208656s ]
INFO: [ view_parse ] --END-- [ RunTime:0.208967s ]
INFO: [ view_filter ] --START--
INFO: Run Behavior\WriteHtmlCacheBehavior [ RunTime:0.038535s ]
INFO: [ view_filter ] --END-- [ RunTime:0.038598s ]
INFO: [ app_end ] --START--
INFO: Run Behavior\ShowPageTraceBehavior [ RunTime:0.019184s ]
INFO: [ app_end ] --END-- [ RunTime:0.019252s ]

[ 2016-08-10T17:40:39+08:00 ] 127.0.0.1 /R_XMP_5.1.29.4510-RCMD5129.exe?fid=Nsq4TIZ/fCqqYu9SVgUauIwpR/coD5sCAAAAAOJTzwLzyjreN2neq/fIq0zYcv4/&mid=666&threshold=150&tid=EE8A5423619855746F6FE4EFECC8920C&srcid=0
INFO: [ app_init ] --START--
INFO: Run Behavior\BuildLiteBehavior [ RunTime:0.000014s ]
INFO: [ app_init ] --END-- [ RunTime:0.000413s ]
INFO: [ app_begin ] --START--
INFO: Run Behavior\ReadHtmlCacheBehavior [ RunTime:0.000922s ]
INFO: [ app_begin ] --END-- [ RunTime:0.000992s ]
SQL: SHOW COLUMNS FROM `xy_ticket` [ RunTime:0.0094s ]
SQL: SHOW COLUMNS FROM `xy_movie` [ RunTime:0.0042s ]
SQL: SHOW COLUMNS FROM `xy_cinema` [ RunTime:0.0070s ]
SQL: SHOW COLUMNS FROM `xy_room` [ RunTime:0.0053s ]
SQL: SHOW COLUMNS FROM `xy_order` [ RunTime:0.0049s ]
SQL: SHOW COLUMNS FROM `xy_user` [ RunTime:0.0169s ]
SQL: SHOW COLUMNS FROM `xy_comment` [ RunTime:0.0163s ]
SQL: SHOW COLUMNS FROM `xy_employ` [ RunTime:0.0078s ]
SQL: SHOW COLUMNS FROM `xy_notice` [ RunTime:0.0038s ]
SQL: SHOW COLUMNS FROM `xy_wantmovie` [ RunTime:0.0045s ]
SQL: SHOW COLUMNS FROM `xy_stage` [ RunTime:0.0066s ]
INFO: [ view_parse ] --START--
INFO: [ template_filter ] --START--
INFO: Run Behavior\ContentReplaceBehavior [ RunTime:0.000036s ]
INFO: [ template_filter ] --END-- [ RunTime:0.000087s ]
INFO: Run Behavior\ParseTemplateBehavior [ RunTime:0.007213s ]
INFO: [ view_parse ] --END-- [ RunTime:0.007281s ]
INFO: [ view_filter ] --START--
INFO: Run Behavior\WriteHtmlCacheBehavior [ RunTime:0.000454s ]
INFO: [ view_filter ] --END-- [ RunTime:0.000491s ]
INFO: [ app_end ] --START--
INFO: Run Behavior\ShowPageTraceBehavior [ RunTime:0.000670s ]
INFO: [ app_end ] --END-- [ RunTime:0.000712s ]

[ 2016-08-10T17:40:40+08:00 ] 127.0.0.1 /R_XMP_5.1.29.4510-RCMD5129.exe?fid=Nsq4TIZ/fCqqYu9SVgUauIwpR/coD5sCAAAAAOJTzwLzyjreN2neq/fIq0zYcv4/&mid=666&threshold=150&tid=EE8A5423619855746F6FE4EFECC8920C&srcid=0
INFO: [ app_init ] --START--
INFO: Run Behavior\BuildLiteBehavior [ RunTime:0.000018s ]
INFO: [ app_init ] --END-- [ RunTime:0.000554s ]
INFO: [ app_begin ] --START--
INFO: Run Behavior\ReadHtmlCacheBehavior [ RunTime:0.002655s ]
INFO: [ app_begin ] --END-- [ RunTime:0.002751s ]
SQL: SHOW COLUMNS FROM `xy_ticket` [ RunTime:0.0238s ]
SQL: SHOW COLUMNS FROM `xy_movie` [ RunTime:0.0120s ]
SQL: SHOW COLUMNS FROM `xy_cinema` [ RunTime:0.0255s ]
SQL: SHOW COLUMNS FROM `xy_room` [ RunTime:0.0083s ]
SQL: SHOW COLUMNS FROM `xy_order` [ RunTime:0.0084s ]
SQL: SHOW COLUMNS FROM `xy_user` [ RunTime:0.0103s ]
SQL: SHOW COLUMNS FROM `xy_comment` [ RunTime:0.0101s ]
SQL: SHOW COLUMNS FROM `xy_employ` [ RunTime:0.0263s ]
SQL: SHOW COLUMNS FROM `xy_notice` [ RunTime:0.0209s ]
SQL: SHOW COLUMNS FROM `xy_wantmovie` [ RunTime:0.0322s ]
SQL: SHOW COLUMNS FROM `xy_stage` [ RunTime:0.0053s ]
INFO: [ view_parse ] --START--
INFO: [ template_filter ] --START--
INFO: Run Behavior\ContentReplaceBehavior [ RunTime:0.000041s ]
INFO: [ template_filter ] --END-- [ RunTime:0.000112s ]
INFO: Run Behavior\ParseTemplateBehavior [ RunTime:0.008046s ]
INFO: [ view_parse ] --END-- [ RunTime:0.008121s ]
INFO: [ view_filter ] --START--
INFO: Run Behavior\WriteHtmlCacheBehavior [ RunTime:0.001080s ]
INFO: [ view_filter ] --END-- [ RunTime:0.001174s ]
INFO: [ app_end ] --START--
INFO: Run Behavior\ShowPageTraceBehavior [ RunTime:0.001370s ]
INFO: [ app_end ] --END-- [ RunTime:0.001464s ]

[ 2016-08-10T17:40:40+08:00 ] 127.0.0.1 /R_XMP_5.1.29.4510-RCMD5129.exe?fid=Nsq4TIZ/fCqqYu9SVgUauIwpR/coD5sCAAAAAOJTzwLzyjreN2neq/fIq0zYcv4/&mid=666&threshold=150&tid=EE8A5423619855746F6FE4EFECC8920C&srcid=0
INFO: [ app_init ] --START--
INFO: Run Behavior\BuildLiteBehavior [ RunTime:0.000014s ]
INFO: [ app_init ] --END-- [ RunTime:0.000448s ]
INFO: [ app_begin ] --START--
INFO: Run Behavior\ReadHtmlCacheBehavior [ RunTime:0.000810s ]
INFO: [ app_begin ] --END-- [ RunTime:0.000882s ]
SQL: SHOW COLUMNS FROM `xy_ticket` [ RunTime:0.0096s ]
SQL: SHOW COLUMNS FROM `xy_movie` [ RunTime:0.0051s ]
SQL: SHOW COLUMNS FROM `xy_cinema` [ RunTime:0.0042s ]
SQL: SHOW COLUMNS FROM `xy_room` [ RunTime:0.0083s ]
SQL: SHOW COLUMNS FROM `xy_order` [ RunTime:0.0061s ]
SQL: SHOW COLUMNS FROM `xy_user` [ RunTime:0.0062s ]
SQL: SHOW COLUMNS FROM `xy_comment` [ RunTime:0.0044s ]
SQL: SHOW COLUMNS FROM `xy_employ` [ RunTime:0.0062s ]
SQL: SHOW COLUMNS FROM `xy_notice` [ RunTime:0.0051s ]
SQL: SHOW COLUMNS FROM `xy_wantmovie` [ RunTime:0.0224s ]
SQL: SHOW COLUMNS FROM `xy_stage` [ RunTime:0.0233s ]
INFO: [ view_parse ] --START--
INFO: [ template_filter ] --START--
INFO: Run Behavior\ContentReplaceBehavior [ RunTime:0.000054s ]
INFO: [ template_filter ] --END-- [ RunTime:0.000135s ]
INFO: Run Behavior\ParseTemplateBehavior [ RunTime:0.009017s ]
INFO: [ view_parse ] --END-- [ RunTime:0.009102s ]
INFO: [ view_filter ] --START--
INFO: Run Behavior\WriteHtmlCacheBehavior [ RunTime:0.000540s ]
INFO: [ view_filter ] --END-- [ RunTime:0.000603s ]
INFO: [ app_end ] --START--
INFO: Run Behavior\ShowPageTraceBehavior [ RunTime:0.000753s ]
INFO: [ app_end ] --END-- [ RunTime:0.000800s ]

[ 2016-08-10T17:40:41+08:00 ] 127.0.0.1 /R_XMP_5.1.29.4510-RCMD5129.exe?fid=Nsq4TIZ/fCqqYu9SVgUauIwpR/coD5sCAAAAAOJTzwLzyjreN2neq/fIq0zYcv4/&mid=666&threshold=150&tid=EE8A5423619855746F6FE4EFECC8920C&srcid=0
INFO: [ app_init ] --START--
INFO: Run Behavior\BuildLiteBehavior [ RunTime:0.000014s ]
INFO: [ app_init ] --END-- [ RunTime:0.000416s ]
INFO: [ app_begin ] --START--
INFO: Run Behavior\ReadHtmlCacheBehavior [ RunTime:0.000683s ]
INFO: [ app_begin ] --END-- [ RunTime:0.000737s ]
SQL: SHOW COLUMNS FROM `xy_ticket` [ RunTime:0.3236s ]
SQL: SHOW COLUMNS FROM `xy_movie` [ RunTime:0.0158s ]
SQL: SHOW COLUMNS FROM `xy_cinema` [ RunTime:0.1100s ]
SQL: SHOW COLUMNS FROM `xy_room` [ RunTime:0.0091s ]
SQL: SHOW COLUMNS FROM `xy_order` [ RunTime:0.1011s ]
SQL: SHOW COLUMNS FROM `xy_user` [ RunTime:0.0050s ]
SQL: SHOW COLUMNS FROM `xy_comment` [ RunTime:0.0268s ]
SQL: SHOW COLUMNS FROM `xy_employ` [ RunTime:0.0162s ]
SQL: SHOW COLUMNS FROM `xy_notice` [ RunTime:0.0068s ]
SQL: SHOW COLUMNS FROM `xy_wantmovie` [ RunTime:0.0151s ]
SQL: SHOW COLUMNS FROM `xy_stage` [ RunTime:0.0068s ]
INFO: [ view_parse ] --START--
INFO: [ template_filter ] --START--
INFO: Run Behavior\ContentReplaceBehavior [ RunTime:0.000052s ]
INFO: [ template_filter ] --END-- [ RunTime:0.000128s ]
INFO: Run Behavior\ParseTemplateBehavior [ RunTime:0.006459s ]
INFO: [ view_parse ] --END-- [ RunTime:0.006519s ]
INFO: [ view_filter ] --START--
INFO: Run Behavior\WriteHtmlCacheBehavior [ RunTime:0.000449s ]
INFO: [ view_filter ] --END-- [ RunTime:0.000485s ]
INFO: [ app_end ] --START--
INFO: Run Behavior\ShowPageTraceBehavior [ RunTime:0.000621s ]
INFO: [ app_end ] --END-- [ RunTime:0.000665s ]

[ 2016-08-10T17:40:41+08:00 ] 127.0.0.1 /R_XMP_5.1.29.4510-RCMD5129.exe?fid=Nsq4TIZ/fCqqYu9SVgUauIwpR/coD5sCAAAAAOJTzwLzyjreN2neq/fIq0zYcv4/&mid=666&threshold=150&tid=EE8A5423619855746F6FE4EFECC8920C&srcid=0
INFO: [ app_init ] --START--
INFO: Run Behavior\BuildLiteBehavior [ RunTime:0.000026s ]
INFO: [ app_init ] --END-- [ RunTime:0.000727s ]
INFO: [ app_begin ] --START--
INFO: Run Behavior\ReadHtmlCacheBehavior [ RunTime:0.000839s ]
INFO: [ app_begin ] --END-- [ RunTime:0.000904s ]
SQL: SHOW COLUMNS FROM `xy_ticket` [ RunTime:0.0112s ]
SQL: SHOW COLUMNS FROM `xy_movie` [ RunTime:0.0383s ]
SQL: SHOW COLUMNS FROM `xy_cinema` [ RunTime:0.0089s ]
SQL: SHOW COLUMNS FROM `xy_room` [ RunTime:0.1988s ]
SQL: SHOW COLUMNS FROM `xy_order` [ RunTime:0.0281s ]
SQL: SHOW COLUMNS FROM `xy_user` [ RunTime:0.0173s ]
SQL: SHOW COLUMNS FROM `xy_comment` [ RunTime:0.0080s ]
SQL: SHOW COLUMNS FROM `xy_employ` [ RunTime:0.0135s ]
SQL: SHOW COLUMNS FROM `xy_notice` [ RunTime:0.0044s ]
SQL: SHOW COLUMNS FROM `xy_wantmovie` [ RunTime:0.0042s ]
SQL: SHOW COLUMNS FROM `xy_stage` [ RunTime:0.0073s ]
INFO: [ view_parse ] --START--
INFO: [ template_filter ] --START--
INFO: Run Behavior\ContentReplaceBehavior [ RunTime:0.000043s ]
INFO: [ template_filter ] --END-- [ RunTime:0.000105s ]
INFO: Run Behavior\ParseTemplateBehavior [ RunTime:0.009149s ]
INFO: [ view_parse ] --END-- [ RunTime:0.009241s ]
INFO: [ view_filter ] --START--
INFO: Run Behavior\WriteHtmlCacheBehavior [ RunTime:0.000684s ]
INFO: [ view_filter ] --END-- [ RunTime:0.000740s ]
INFO: [ app_end ] --START--
INFO: Run Behavior\ShowPageTraceBehavior [ RunTime:0.001633s ]
INFO: [ app_end ] --END-- [ RunTime:0.001756s ]

[ 2016-08-10T17:40:41+08:00 ] 127.0.0.1 /R_XMP_5.1.29.4510-RCMD5129.exe?fid=Nsq4TIZ/fCqqYu9SVgUauIwpR/coD5sCAAAAAOJTzwLzyjreN2neq/fIq0zYcv4/&mid=666&threshold=150&tid=EE8A5423619855746F6FE4EFECC8920C&srcid=0
INFO: [ app_init ] --START--
INFO: Run Behavior\BuildLiteBehavior [ RunTime:0.000014s ]
INFO: [ app_init ] --END-- [ RunTime:0.000421s ]
INFO: [ app_begin ] --START--
INFO: Run Behavior\ReadHtmlCacheBehavior [ RunTime:0.000703s ]
INFO: [ app_begin ] --END-- [ RunTime:0.000763s ]
SQL: SHOW COLUMNS FROM `xy_ticket` [ RunTime:0.0071s ]
SQL: SHOW COLUMNS FROM `xy_movie` [ RunTime:0.0048s ]
SQL: SHOW COLUMNS FROM `xy_cinema` [ RunTime:0.0043s ]
SQL: SHOW COLUMNS FROM `xy_room` [ RunTime:0.0053s ]
SQL: SHOW COLUMNS FROM `xy_order` [ RunTime:0.0203s ]
SQL: SHOW COLUMNS FROM `xy_user` [ RunTime:0.0074s ]
SQL: SHOW COLUMNS FROM `xy_comment` [ RunTime:0.0072s ]
SQL: SHOW COLUMNS FROM `xy_employ` [ RunTime:0.0048s ]
SQL: SHOW COLUMNS FROM `xy_notice` [ RunTime:0.0065s ]
SQL: SHOW COLUMNS FROM `xy_wantmovie` [ RunTime:0.0166s ]
SQL: SHOW COLUMNS FROM `xy_stage` [ RunTime:0.0047s ]
INFO: [ view_parse ] --START--
INFO: [ template_filter ] --START--
INFO: Run Behavior\ContentReplaceBehavior [ RunTime:0.000038s ]
INFO: [ template_filter ] --END-- [ RunTime:0.000095s ]
INFO: Run Behavior\ParseTemplateBehavior [ RunTime:0.010199s ]
INFO: [ view_parse ] --END-- [ RunTime:0.010320s ]
INFO: [ view_filter ] --START--
INFO: Run Behavior\WriteHtmlCacheBehavior [ RunTime:0.000851s ]
INFO: [ view_filter ] --END-- [ RunTime:0.000945s ]
INFO: [ app_end ] --START--
INFO: Run Behavior\ShowPageTraceBehavior [ RunTime:0.000788s ]
INFO: [ app_end ] --END-- [ RunTime:0.000840s ]

[ 2016-08-10T17:42:28+08:00 ] 127.0.0.1 /XLUserSUpdate_204_win7.exe?fid=ZuXnCqwC5ylfm3P9/9/glFlv4rMgsAcAAAAAAGj37xjGSqmqYAIRjZYVQoPfYnwS&mid=666&threshold=150&tid=DD5514D54CAABB26D3884A724B12DFC3&srcid=0
INFO: [ app_init ] --START--
INFO: Run Behavior\BuildLiteBehavior [ RunTime:0.000014s ]
INFO: [ app_init ] --END-- [ RunTime:0.000399s ]
INFO: [ app_begin ] --START--
INFO: Run Behavior\ReadHtmlCacheBehavior [ RunTime:0.000675s ]
INFO: [ app_begin ] --END-- [ RunTime:0.000736s ]
SQL: SHOW COLUMNS FROM `xy_ticket` [ RunTime:0.0312s ]
SQL: SHOW COLUMNS FROM `xy_movie` [ RunTime:0.0068s ]
SQL: SHOW COLUMNS FROM `xy_cinema` [ RunTime:0.0062s ]
SQL: SHOW COLUMNS FROM `xy_room` [ RunTime:0.0070s ]
SQL: SHOW COLUMNS FROM `xy_order` [ RunTime:0.0063s ]
SQL: SHOW COLUMNS FROM `xy_user` [ RunTime:0.0069s ]
SQL: SHOW COLUMNS FROM `xy_comment` [ RunTime:0.0045s ]
SQL: SHOW COLUMNS FROM `xy_employ` [ RunTime:0.0249s ]
SQL: SHOW COLUMNS FROM `xy_notice` [ RunTime:0.0038s ]
SQL: SHOW COLUMNS FROM `xy_wantmovie` [ RunTime:0.0078s ]
SQL: SHOW COLUMNS FROM `xy_stage` [ RunTime:0.0047s ]
INFO: [ view_parse ] --START--
INFO: [ template_filter ] --START--
INFO: Run Behavior\ContentReplaceBehavior [ RunTime:0.000059s ]
INFO: [ template_filter ] --END-- [ RunTime:0.000143s ]
INFO: Run Behavior\ParseTemplateBehavior [ RunTime:0.006832s ]
INFO: [ view_parse ] --END-- [ RunTime:0.006898s ]
INFO: [ view_filter ] --START--
INFO: Run Behavior\WriteHtmlCacheBehavior [ RunTime:0.000447s ]
INFO: [ view_filter ] --END-- [ RunTime:0.000484s ]
INFO: [ app_end ] --START--
INFO: Run Behavior\ShowPageTraceBehavior [ RunTime:0.000768s ]
INFO: [ app_end ] --END-- [ RunTime:0.000824s ]

[ 2016-08-10T17:42:29+08:00 ] 127.0.0.1 /XLUserSUpdate_204_win7.exe?fid=ZuXnCqwC5ylfm3P9/9/glFlv4rMgsAcAAAAAAGj37xjGSqmqYAIRjZYVQoPfYnwS&mid=666&threshold=150&tid=DD5514D54CAABB26D3884A724B12DFC3&srcid=0
INFO: [ app_init ] --START--
INFO: Run Behavior\BuildLiteBehavior [ RunTime:0.000015s ]
INFO: [ app_init ] --END-- [ RunTime:0.000478s ]
INFO: [ app_begin ] --START--
INFO: Run Behavior\ReadHtmlCacheBehavior [ RunTime:0.000631s ]
INFO: [ app_begin ] --END-- [ RunTime:0.000679s ]
SQL: SHOW COLUMNS FROM `xy_ticket` [ RunTime:0.0056s ]
SQL: SHOW COLUMNS FROM `xy_movie` [ RunTime:0.0042s ]
SQL: SHOW COLUMNS FROM `xy_cinema` [ RunTime:0.0038s ]
SQL: SHOW COLUMNS FROM `xy_room` [ RunTime:0.0038s ]
SQL: SHOW COLUMNS FROM `xy_order` [ RunTime:0.0038s ]
SQL: SHOW COLUMNS FROM `xy_user` [ RunTime:0.0036s ]
SQL: SHOW COLUMNS FROM `xy_comment` [ RunTime:0.0085s ]
SQL: SHOW COLUMNS FROM `xy_employ` [ RunTime:0.0082s ]
SQL: SHOW COLUMNS FROM `xy_notice` [ RunTime:0.0037s ]
SQL: SHOW COLUMNS FROM `xy_wantmovie` [ RunTime:0.0071s ]
SQL: SHOW COLUMNS FROM `xy_stage` [ RunTime:0.0037s ]
INFO: [ view_parse ] --START--
INFO: [ template_filter ] --START--
INFO: Run Behavior\ContentReplaceBehavior [ RunTime:0.000033s ]
INFO: [ template_filter ] --END-- [ RunTime:0.000078s ]
INFO: Run Behavior\ParseTemplateBehavior [ RunTime:0.005666s ]
INFO: [ view_parse ] --END-- [ RunTime:0.005724s ]
INFO: [ view_filter ] --START--
INFO: Run Behavior\WriteHtmlCacheBehavior [ RunTime:0.000461s ]
INFO: [ view_filter ] --END-- [ RunTime:0.000495s ]
INFO: [ app_end ] --START--
INFO: Run Behavior\ShowPageTraceBehavior [ RunTime:0.000575s ]
INFO: [ app_end ] --END-- [ RunTime:0.000626s ]

[ 2016-08-10T17:42:29+08:00 ] 127.0.0.1 /XLUserSUpdate_204_win7.exe?fid=ZuXnCqwC5ylfm3P9/9/glFlv4rMgsAcAAAAAAGj37xjGSqmqYAIRjZYVQoPfYnwS&mid=666&threshold=150&tid=DD5514D54CAABB26D3884A724B12DFC3&srcid=0
INFO: [ app_init ] --START--
INFO: Run Behavior\BuildLiteBehavior [ RunTime:0.000012s ]
INFO: [ app_init ] --END-- [ RunTime:0.000396s ]
INFO: [ app_begin ] --START--
INFO: Run Behavior\ReadHtmlCacheBehavior [ RunTime:0.000616s ]
INFO: [ app_begin ] --END-- [ RunTime:0.000661s ]
SQL: SHOW COLUMNS FROM `xy_ticket` [ RunTime:0.0067s ]
SQL: SHOW COLUMNS FROM `xy_movie` [ RunTime:0.0068s ]
SQL: SHOW COLUMNS FROM `xy_cinema` [ RunTime:0.0049s ]
SQL: SHOW COLUMNS FROM `xy_room` [ RunTime:0.0066s ]
SQL: SHOW COLUMNS FROM `xy_order` [ RunTime:0.0077s ]
SQL: SHOW COLUMNS FROM `xy_user` [ RunTime:0.0069s ]
SQL: SHOW COLUMNS FROM `xy_comment` [ RunTime:0.0037s ]
SQL: SHOW COLUMNS FROM `xy_employ` [ RunTime:0.0041s ]
SQL: SHOW COLUMNS FROM `xy_notice` [ RunTime:0.0047s ]
SQL: SHOW COLUMNS FROM `xy_wantmovie` [ RunTime:0.0043s ]
SQL: SHOW COLUMNS FROM `xy_stage` [ RunTime:0.0042s ]
INFO: [ view_parse ] --START--
INFO: [ template_filter ] --START--
INFO: Run Behavior\ContentReplaceBehavior [ RunTime:0.000035s ]
INFO: [ template_filter ] --END-- [ RunTime:0.000082s ]
INFO: Run Behavior\ParseTemplateBehavior [ RunTime:0.005867s ]
INFO: [ view_parse ] --END-- [ RunTime:0.005926s ]
INFO: [ view_filter ] --START--
INFO: Run Behavior\WriteHtmlCacheBehavior [ RunTime:0.000463s ]
INFO: [ view_filter ] --END-- [ RunTime:0.000498s ]
INFO: [ app_end ] --START--
INFO: Run Behavior\ShowPageTraceBehavior [ RunTime:0.000630s ]
INFO: [ app_end ] --END-- [ RunTime:0.000668s ]

[ 2016-08-10T17:42:29+08:00 ] 127.0.0.1 /XLUserSUpdate_204_win7.exe?fid=ZuXnCqwC5ylfm3P9/9/glFlv4rMgsAcAAAAAAGj37xjGSqmqYAIRjZYVQoPfYnwS&mid=666&threshold=150&tid=DD5514D54CAABB26D3884A724B12DFC3&srcid=0
INFO: [ app_init ] --START--
INFO: Run Behavior\BuildLiteBehavior [ RunTime:0.000013s ]
INFO: [ app_init ] --END-- [ RunTime:0.000371s ]
INFO: [ app_begin ] --START--
INFO: Run Behavior\ReadHtmlCacheBehavior [ RunTime:0.000693s ]
INFO: [ app_begin ] --END-- [ RunTime:0.000746s ]
SQL: SHOW COLUMNS FROM `xy_ticket` [ RunTime:0.0041s ]
SQL: SHOW COLUMNS FROM `xy_movie` [ RunTime:0.0041s ]
SQL: SHOW COLUMNS FROM `xy_cinema` [ RunTime:0.0041s ]
SQL: SHOW COLUMNS FROM `xy_room` [ RunTime:0.0054s ]
SQL: SHOW COLUMNS FROM `xy_order` [ RunTime:0.0041s ]
SQL: SHOW COLUMNS FROM `xy_user` [ RunTime:0.0047s ]
SQL: SHOW COLUMNS FROM `xy_comment` [ RunTime:0.0046s ]
SQL: SHOW COLUMNS FROM `xy_employ` [ RunTime:0.0039s ]
SQL: SHOW COLUMNS FROM `xy_notice` [ RunTime:0.0041s ]
SQL: SHOW COLUMNS FROM `xy_wantmovie` [ RunTime:0.0038s ]
SQL: SHOW COLUMNS FROM `xy_stage` [ RunTime:0.0037s ]
INFO: [ view_parse ] --START--
INFO: [ template_filter ] --START--
INFO: Run Behavior\ContentReplaceBehavior [ RunTime:0.000054s ]
INFO: [ template_filter ] --END-- [ RunTime:0.000135s ]
INFO: Run Behavior\ParseTemplateBehavior [ RunTime:0.007808s ]
INFO: [ view_parse ] --END-- [ RunTime:0.007888s ]
INFO: [ view_filter ] --START--
INFO: Run Behavior\WriteHtmlCacheBehavior [ RunTime:0.000682s ]
INFO: [ view_filter ] --END-- [ RunTime:0.000739s ]
INFO: [ app_end ] --START--
INFO: Run Behavior\ShowPageTraceBehavior [ RunTime:0.000830s ]
INFO: [ app_end ] --END-- [ RunTime:0.000881s ]

[ 2016-08-10T17:42:29+08:00 ] 127.0.0.1 /XLUserSUpdate_204_win7.exe?fid=ZuXnCqwC5ylfm3P9/9/glFlv4rMgsAcAAAAAAGj37xjGSqmqYAIRjZYVQoPfYnwS&mid=666&threshold=150&tid=DD5514D54CAABB26D3884A724B12DFC3&srcid=0
INFO: [ app_init ] --START--
INFO: Run Behavior\BuildLiteBehavior [ RunTime:0.000013s ]
INFO: [ app_init ] --END-- [ RunTime:0.000392s ]
INFO: [ app_begin ] --START--
INFO: Run Behavior\ReadHtmlCacheBehavior [ RunTime:0.000605s ]
INFO: [ app_begin ] --END-- [ RunTime:0.000649s ]
SQL: SHOW COLUMNS FROM `xy_ticket` [ RunTime:0.0054s ]
SQL: SHOW COLUMNS FROM `xy_movie` [ RunTime:0.0043s ]
SQL: SHOW COLUMNS FROM `xy_cinema` [ RunTime:0.0046s ]
SQL: SHOW COLUMNS FROM `xy_room` [ RunTime:0.0041s ]
SQL: SHOW COLUMNS FROM `xy_order` [ RunTime:0.0047s ]
SQL: SHOW COLUMNS FROM `xy_user` [ RunTime:0.0037s ]
SQL: SHOW COLUMNS FROM `xy_comment` [ RunTime:0.0037s ]
SQL: SHOW COLUMNS FROM `xy_employ` [ RunTime:0.0037s ]
SQL: SHOW COLUMNS FROM `xy_notice` [ RunTime:0.0040s ]
SQL: SHOW COLUMNS FROM `xy_wantmovie` [ RunTime:0.0040s ]
SQL: SHOW COLUMNS FROM `xy_stage` [ RunTime:0.0041s ]
INFO: [ view_parse ] --START--
INFO: [ template_filter ] --START--
INFO: Run Behavior\ContentReplaceBehavior [ RunTime:0.000036s ]
INFO: [ template_filter ] --END-- [ RunTime:0.000090s ]
INFO: Run Behavior\ParseTemplateBehavior [ RunTime:0.006126s ]
INFO: [ view_parse ] --END-- [ RunTime:0.006184s ]
INFO: [ view_filter ] --START--
INFO: Run Behavior\WriteHtmlCacheBehavior [ RunTime:0.000434s ]
INFO: [ view_filter ] --END-- [ RunTime:0.000471s ]
INFO: [ app_end ] --START--
INFO: Run Behavior\ShowPageTraceBehavior [ RunTime:0.000625s ]
INFO: [ app_end ] --END-- [ RunTime:0.000661s ]

[ 2016-08-10T17:42:29+08:00 ] 127.0.0.1 /XLUserSUpdate_204_win7.exe?fid=ZuXnCqwC5ylfm3P9/9/glFlv4rMgsAcAAAAAAGj37xjGSqmqYAIRjZYVQoPfYnwS&mid=666&threshold=150&tid=DD5514D54CAABB26D3884A724B12DFC3&srcid=0
INFO: [ app_init ] --START--
INFO: Run Behavior\BuildLiteBehavior [ RunTime:0.000013s ]
INFO: [ app_init ] --END-- [ RunTime:0.000399s ]
INFO: [ app_begin ] --START--
INFO: Run Behavior\ReadHtmlCacheBehavior [ RunTime:0.000612s ]
INFO: [ app_begin ] --END-- [ RunTime:0.000654s ]
SQL: SHOW COLUMNS FROM `xy_ticket` [ RunTime:0.0058s ]
SQL: SHOW COLUMNS FROM `xy_movie` [ RunTime:0.0041s ]
SQL: SHOW COLUMNS FROM `xy_cinema` [ RunTime:0.0062s ]
SQL: SHOW COLUMNS FROM `xy_room` [ RunTime:0.0035s ]
SQL: SHOW COLUMNS FROM `xy_order` [ RunTime:0.0051s ]
SQL: SHOW COLUMNS FROM `xy_user` [ RunTime:0.0048s ]
SQL: SHOW COLUMNS FROM `xy_comment` [ RunTime:0.0054s ]
SQL: SHOW COLUMNS FROM `xy_employ` [ RunTime:0.0038s ]
SQL: SHOW COLUMNS FROM `xy_notice` [ RunTime:0.1934s ]
SQL: SHOW COLUMNS FROM `xy_wantmovie` [ RunTime:0.0067s ]
SQL: SHOW COLUMNS FROM `xy_stage` [ RunTime:0.0106s ]
INFO: [ view_parse ] --START--
INFO: [ template_filter ] --START--
INFO: Run Behavior\ContentReplaceBehavior [ RunTime:0.000056s ]
INFO: [ template_filter ] --END-- [ RunTime:0.000142s ]
INFO: Run Behavior\ParseTemplateBehavior [ RunTime:0.008148s ]
INFO: [ view_parse ] --END-- [ RunTime:0.008234s ]
INFO: [ view_filter ] --START--
INFO: Run Behavior\WriteHtmlCacheBehavior [ RunTime:0.000717s ]
INFO: [ view_filter ] --END-- [ RunTime:0.000770s ]
INFO: [ app_end ] --START--
INFO: Run Behavior\ShowPageTraceBehavior [ RunTime:0.000878s ]
INFO: [ app_end ] --END-- [ RunTime:0.000959s ]

[ 2016-08-10T17:42:29+08:00 ] 127.0.0.1 /XLUserSUpdate_204_win7.exe?fid=ZuXnCqwC5ylfm3P9/9/glFlv4rMgsAcAAAAAAGj37xjGSqmqYAIRjZYVQoPfYnwS&mid=666&threshold=150&tid=DD5514D54CAABB26D3884A724B12DFC3&srcid=0
INFO: [ app_init ] --START--
INFO: Run Behavior\BuildLiteBehavior [ RunTime:0.000011s ]
INFO: [ app_init ] --END-- [ RunTime:0.000334s ]
INFO: [ app_begin ] --START--
INFO: Run Behavior\ReadHtmlCacheBehavior [ RunTime:0.000740s ]
INFO: [ app_begin ] --END-- [ RunTime:0.000792s ]
SQL: SHOW COLUMNS FROM `xy_ticket` [ RunTime:0.0048s ]
SQL: SHOW COLUMNS FROM `xy_movie` [ RunTime:0.0042s ]
SQL: SHOW COLUMNS FROM `xy_cinema` [ RunTime:0.0035s ]
SQL: SHOW COLUMNS FROM `xy_room` [ RunTime:0.0036s ]
SQL: SHOW COLUMNS FROM `xy_order` [ RunTime:0.0044s ]
SQL: SHOW COLUMNS FROM `xy_user` [ RunTime:0.0038s ]
SQL: SHOW COLUMNS FROM `xy_comment` [ RunTime:0.0036s ]
SQL: SHOW COLUMNS FROM `xy_employ` [ RunTime:0.0037s ]
SQL: SHOW COLUMNS FROM `xy_notice` [ RunTime:0.0038s ]
SQL: SHOW COLUMNS FROM `xy_wantmovie` [ RunTime:0.0035s ]
SQL: SHOW COLUMNS FROM `xy_stage` [ RunTime:0.0035s ]
INFO: [ view_parse ] --START--
INFO: [ template_filter ] --START--
INFO: Run Behavior\ContentReplaceBehavior [ RunTime:0.000037s ]
INFO: [ template_filter ] --END-- [ RunTime:0.000092s ]
INFO: Run Behavior\ParseTemplateBehavior [ RunTime:0.007046s ]
INFO: [ view_parse ] --END-- [ RunTime:0.007113s ]
INFO: [ view_filter ] --START--
INFO: Run Behavior\WriteHtmlCacheBehavior [ RunTime:0.000442s ]
INFO: [ view_filter ] --END-- [ RunTime:0.000487s ]
INFO: [ app_end ] --START--
INFO: Run Behavior\ShowPageTraceBehavior [ RunTime:0.000610s ]
INFO: [ app_end ] --END-- [ RunTime:0.000646s ]

