[ 2016-08-18T18:21:50+08:00 ] 127.0.0.1 /announce.php?info_hash=%1D%E3%03%EEJ%DCs%86%93%A8Ga%8B%A4%27G%9C%2E%AF%17&peer_id=%2DSD0100%2D%98%F0j%8B%E3%FF%B2%A8%A5%DC%F4%7F&ip=192.168.111.1&port=12956&uploaded=10918&downloaded=0&left=266606875&numwant=200&key=1752&compact=1&event=started
INFO: [ app_init ] --START--
INFO: Run Behavior\BuildLiteBehavior [ RunTime:0.000023s ]
INFO: [ app_init ] --END-- [ RunTime:0.045953s ]
INFO: [ app_begin ] --START--
INFO: Run Behavior\ReadHtmlCacheBehavior [ RunTime:0.045105s ]
INFO: [ app_begin ] --END-- [ RunTime:0.045175s ]
SQL: SHOW COLUMNS FROM `xy_ticket` [ RunTime:0.0532s ]
SQL: SHOW COLUMNS FROM `xy_movie` [ RunTime:0.0076s ]
SQL: SHOW COLUMNS FROM `xy_cinema` [ RunTime:0.0098s ]
SQL: SHOW COLUMNS FROM `xy_room` [ RunTime:0.0081s ]
SQL: SHOW COLUMNS FROM `xy_order` [ RunTime:0.0069s ]
SQL: SHOW COLUMNS FROM `xy_user` [ RunTime:0.0064s ]
SQL: SHOW COLUMNS FROM `xy_comment` [ RunTime:0.0045s ]
SQL: SHOW COLUMNS FROM `xy_employ` [ RunTime:0.0069s ]
SQL: SHOW COLUMNS FROM `xy_notice` [ RunTime:0.0041s ]
SQL: SHOW COLUMNS FROM `xy_wantmovie` [ RunTime:0.0101s ]
SQL: SHOW COLUMNS FROM `xy_stage` [ RunTime:0.0059s ]
INFO: [ view_parse ] --START--
INFO: [ template_filter ] --START--
INFO: Run Behavior\ContentReplaceBehavior [ RunTime:0.001040s ]
INFO: [ template_filter ] --END-- [ RunTime:0.001105s ]
INFO: Run Behavior\ParseTemplateBehavior [ RunTime:0.257814s ]
INFO: [ view_parse ] --END-- [ RunTime:0.257914s ]
INFO: [ view_filter ] --START--
INFO: Run Behavior\WriteHtmlCacheBehavior [ RunTime:0.020480s ]
INFO: [ view_filter ] --END-- [ RunTime:0.020559s ]
INFO: [ app_end ] --START--
INFO: Run Behavior\ShowPageTraceBehavior [ RunTime:0.028792s ]
INFO: [ app_end ] --END-- [ RunTime:0.028847s ]

[ 2016-08-18T18:21:55+08:00 ] 127.0.0.1 /announce.php?info_hash=%1D%E3%03%EEJ%DCs%86%93%A8Ga%8B%A4%27G%9C%2E%AF%17&peer_id=%2DSD0100%2D%98%F0j%8B%E3%FF%B2%A8%A5%DC%F4%7F&ip=192.168.111.1&port=12956&uploaded=0&downloaded=0&left=266606875&numwant=200&key=1752&compact=1
INFO: [ app_init ] --START--
INFO: Run Behavior\BuildLiteBehavior [ RunTime:0.000013s ]
INFO: [ app_init ] --END-- [ RunTime:0.000347s ]
INFO: [ app_begin ] --START--
INFO: Run Behavior\ReadHtmlCacheBehavior [ RunTime:0.000705s ]
INFO: [ app_begin ] --END-- [ RunTime:0.000760s ]
SQL: SHOW COLUMNS FROM `xy_ticket` [ RunTime:0.0140s ]
SQL: SHOW COLUMNS FROM `xy_movie` [ RunTime:0.0103s ]
SQL: SHOW COLUMNS FROM `xy_cinema` [ RunTime:0.0062s ]
SQL: SHOW COLUMNS FROM `xy_room` [ RunTime:0.0085s ]
SQL: SHOW COLUMNS FROM `xy_order` [ RunTime:0.0067s ]
SQL: SHOW COLUMNS FROM `xy_user` [ RunTime:0.0080s ]
SQL: SHOW COLUMNS FROM `xy_comment` [ RunTime:0.0047s ]
SQL: SHOW COLUMNS FROM `xy_employ` [ RunTime:0.0096s ]
SQL: SHOW COLUMNS FROM `xy_notice` [ RunTime:0.0057s ]
SQL: SHOW COLUMNS FROM `xy_wantmovie` [ RunTime:0.0087s ]
SQL: SHOW COLUMNS FROM `xy_stage` [ RunTime:0.0054s ]
INFO: [ view_parse ] --START--
INFO: [ template_filter ] --START--
INFO: Run Behavior\ContentReplaceBehavior [ RunTime:0.000040s ]
INFO: [ template_filter ] --END-- [ RunTime:0.000089s ]
INFO: Run Behavior\ParseTemplateBehavior [ RunTime:0.005591s ]
INFO: [ view_parse ] --END-- [ RunTime:0.005656s ]
INFO: [ view_filter ] --START--
INFO: Run Behavior\WriteHtmlCacheBehavior [ RunTime:0.000637s ]
INFO: [ view_filter ] --END-- [ RunTime:0.000706s ]
INFO: [ app_end ] --START--
INFO: Run Behavior\ShowPageTraceBehavior [ RunTime:0.001219s ]
INFO: [ app_end ] --END-- [ RunTime:0.001304s ]

[ 2016-08-18T18:22:04+08:00 ] 127.0.0.1 /announce.php?info_hash=%1D%E3%03%EEJ%DCs%86%93%A8Ga%8B%A4%27G%9C%2E%AF%17&peer_id=%2DSD0100%2D%98%F0j%8B%E3%FF%B2%A8%A5%DC%F4%7F&ip=192.168.111.1&port=12956&uploaded=0&downloaded=0&left=266606875&numwant=200&key=1752&compact=1
INFO: [ app_init ] --START--
INFO: Run Behavior\BuildLiteBehavior [ RunTime:0.000013s ]
INFO: [ app_init ] --END-- [ RunTime:0.000358s ]
INFO: [ app_begin ] --START--
INFO: Run Behavior\ReadHtmlCacheBehavior [ RunTime:0.000638s ]
INFO: [ app_begin ] --END-- [ RunTime:0.000687s ]
SQL: SHOW COLUMNS FROM `xy_ticket` [ RunTime:0.0114s ]
SQL: SHOW COLUMNS FROM `xy_movie` [ RunTime:0.0078s ]
SQL: SHOW COLUMNS FROM `xy_cinema` [ RunTime:0.0091s ]
SQL: SHOW COLUMNS FROM `xy_room` [ RunTime:0.0083s ]
SQL: SHOW COLUMNS FROM `xy_order` [ RunTime:0.0079s ]
SQL: SHOW COLUMNS FROM `xy_user` [ RunTime:0.0087s ]
SQL: SHOW COLUMNS FROM `xy_comment` [ RunTime:0.0040s ]
SQL: SHOW COLUMNS FROM `xy_employ` [ RunTime:0.0094s ]
SQL: SHOW COLUMNS FROM `xy_notice` [ RunTime:0.0047s ]
SQL: SHOW COLUMNS FROM `xy_wantmovie` [ RunTime:0.0074s ]
SQL: SHOW COLUMNS FROM `xy_stage` [ RunTime:0.0061s ]
INFO: [ view_parse ] --START--
INFO: [ template_filter ] --START--
INFO: Run Behavior\ContentReplaceBehavior [ RunTime:0.000037s ]
INFO: [ template_filter ] --END-- [ RunTime:0.000094s ]
INFO: Run Behavior\ParseTemplateBehavior [ RunTime:0.006080s ]
INFO: [ view_parse ] --END-- [ RunTime:0.006149s ]
INFO: [ view_filter ] --START--
INFO: Run Behavior\WriteHtmlCacheBehavior [ RunTime:0.000455s ]
INFO: [ view_filter ] --END-- [ RunTime:0.000491s ]
INFO: [ app_end ] --START--
INFO: Run Behavior\ShowPageTraceBehavior [ RunTime:0.000625s ]
INFO: [ app_end ] --END-- [ RunTime:0.000662s ]

[ 2016-08-18T18:22:26+08:00 ] 127.0.0.1 /announce.php?info_hash=%1D%E3%03%EEJ%DCs%86%93%A8Ga%8B%A4%27G%9C%2E%AF%17&peer_id=%2DSD0100%2D%98%F0j%8B%E3%FF%B2%A8%A5%DC%F4%7F&ip=192.168.111.1&port=12956&uploaded=655360&downloaded=655360&left=265951515&numwant=200&key=1752&compact=1
INFO: [ app_init ] --START--
INFO: Run Behavior\BuildLiteBehavior [ RunTime:0.000013s ]
INFO: [ app_init ] --END-- [ RunTime:0.000367s ]
INFO: [ app_begin ] --START--
INFO: Run Behavior\ReadHtmlCacheBehavior [ RunTime:0.000812s ]
INFO: [ app_begin ] --END-- [ RunTime:0.000874s ]
SQL: SHOW COLUMNS FROM `xy_ticket` [ RunTime:0.0132s ]
SQL: SHOW COLUMNS FROM `xy_movie` [ RunTime:0.0069s ]
SQL: SHOW COLUMNS FROM `xy_cinema` [ RunTime:0.0396s ]
SQL: SHOW COLUMNS FROM `xy_room` [ RunTime:0.0059s ]
SQL: SHOW COLUMNS FROM `xy_order` [ RunTime:0.0105s ]
SQL: SHOW COLUMNS FROM `xy_user` [ RunTime:0.0089s ]
SQL: SHOW COLUMNS FROM `xy_comment` [ RunTime:0.0040s ]
SQL: SHOW COLUMNS FROM `xy_employ` [ RunTime:0.0064s ]
SQL: SHOW COLUMNS FROM `xy_notice` [ RunTime:0.0069s ]
SQL: SHOW COLUMNS FROM `xy_wantmovie` [ RunTime:0.0193s ]
SQL: SHOW COLUMNS FROM `xy_stage` [ RunTime:0.0035s ]
INFO: [ view_parse ] --START--
INFO: [ template_filter ] --START--
INFO: Run Behavior\ContentReplaceBehavior [ RunTime:0.000060s ]
INFO: [ template_filter ] --END-- [ RunTime:0.000150s ]
INFO: Run Behavior\ParseTemplateBehavior [ RunTime:0.009072s ]
INFO: [ view_parse ] --END-- [ RunTime:0.009156s ]
INFO: [ view_filter ] --START--
INFO: Run Behavior\WriteHtmlCacheBehavior [ RunTime:0.000566s ]
INFO: [ view_filter ] --END-- [ RunTime:0.000616s ]
INFO: [ app_end ] --START--
INFO: Run Behavior\ShowPageTraceBehavior [ RunTime:0.000635s ]
INFO: [ app_end ] --END-- [ RunTime:0.000673s ]

[ 2016-08-18T18:22:59+08:00 ] 127.0.0.1 /announce.php?info_hash=%1D%E3%03%EEJ%DCs%86%93%A8Ga%8B%A4%27G%9C%2E%AF%17&peer_id=%2DSD0100%2D%98%F0j%8B%E3%FF%B2%A8%A5%DC%F4%7F&ip=192.168.111.1&port=12956&uploaded=7602176&downloaded=7602176&left=259004699&numwant=200&key=1752&compact=1
INFO: [ app_init ] --START--
INFO: Run Behavior\BuildLiteBehavior [ RunTime:0.000014s ]
INFO: [ app_init ] --END-- [ RunTime:0.000387s ]
INFO: [ app_begin ] --START--
INFO: Run Behavior\ReadHtmlCacheBehavior [ RunTime:0.000763s ]
INFO: [ app_begin ] --END-- [ RunTime:0.000828s ]
SQL: SHOW COLUMNS FROM `xy_ticket` [ RunTime:0.0347s ]
SQL: SHOW COLUMNS FROM `xy_movie` [ RunTime:0.0121s ]
SQL: SHOW COLUMNS FROM `xy_cinema` [ RunTime:0.0058s ]
SQL: SHOW COLUMNS FROM `xy_room` [ RunTime:0.0103s ]
SQL: SHOW COLUMNS FROM `xy_order` [ RunTime:0.0084s ]
SQL: SHOW COLUMNS FROM `xy_user` [ RunTime:0.0068s ]
SQL: SHOW COLUMNS FROM `xy_comment` [ RunTime:0.0042s ]
SQL: SHOW COLUMNS FROM `xy_employ` [ RunTime:0.0102s ]
SQL: SHOW COLUMNS FROM `xy_notice` [ RunTime:0.0036s ]
SQL: SHOW COLUMNS FROM `xy_wantmovie` [ RunTime:0.0158s ]
SQL: SHOW COLUMNS FROM `xy_stage` [ RunTime:0.0095s ]
INFO: [ view_parse ] --START--
INFO: [ template_filter ] --START--
INFO: Run Behavior\ContentReplaceBehavior [ RunTime:0.000041s ]
INFO: [ template_filter ] --END-- [ RunTime:0.000112s ]
INFO: Run Behavior\ParseTemplateBehavior [ RunTime:0.006297s ]
INFO: [ view_parse ] --END-- [ RunTime:0.006373s ]
INFO: [ view_filter ] --START--
INFO: Run Behavior\WriteHtmlCacheBehavior [ RunTime:0.000464s ]
INFO: [ view_filter ] --END-- [ RunTime:0.000499s ]
INFO: [ app_end ] --START--
INFO: Run Behavior\ShowPageTraceBehavior [ RunTime:0.000616s ]
INFO: [ app_end ] --END-- [ RunTime:0.000654s ]

[ 2016-08-18T18:23:50+08:00 ] 127.0.0.1 /announce.php?info_hash=%1D%E3%03%EEJ%DCs%86%93%A8Ga%8B%A4%27G%9C%2E%AF%17&peer_id=%2DSD0100%2D%98%F0j%8B%E3%FF%B2%A8%A5%DC%F4%7F&ip=192.168.111.1&port=12956&uploaded=17900540&downloaded=17900540&left=248706335&numwant=200&key=1752&compact=1
INFO: [ app_init ] --START--
INFO: Run Behavior\BuildLiteBehavior [ RunTime:0.000014s ]
INFO: [ app_init ] --END-- [ RunTime:0.000366s ]
INFO: [ app_begin ] --START--
INFO: Run Behavior\ReadHtmlCacheBehavior [ RunTime:0.000864s ]
INFO: [ app_begin ] --END-- [ RunTime:0.000936s ]
SQL: SHOW COLUMNS FROM `xy_ticket` [ RunTime:0.0128s ]
SQL: SHOW COLUMNS FROM `xy_movie` [ RunTime:0.0064s ]
SQL: SHOW COLUMNS FROM `xy_cinema` [ RunTime:0.0363s ]
SQL: SHOW COLUMNS FROM `xy_room` [ RunTime:0.0060s ]
SQL: SHOW COLUMNS FROM `xy_order` [ RunTime:0.0132s ]
SQL: SHOW COLUMNS FROM `xy_user` [ RunTime:0.0061s ]
SQL: SHOW COLUMNS FROM `xy_comment` [ RunTime:0.0081s ]
SQL: SHOW COLUMNS FROM `xy_employ` [ RunTime:0.0067s ]
SQL: SHOW COLUMNS FROM `xy_notice` [ RunTime:0.0079s ]
SQL: SHOW COLUMNS FROM `xy_wantmovie` [ RunTime:0.0392s ]
SQL: SHOW COLUMNS FROM `xy_stage` [ RunTime:0.0072s ]
INFO: [ view_parse ] --START--
INFO: [ template_filter ] --START--
INFO: Run Behavior\ContentReplaceBehavior [ RunTime:0.000041s ]
INFO: [ template_filter ] --END-- [ RunTime:0.000097s ]
INFO: Run Behavior\ParseTemplateBehavior [ RunTime:0.005847s ]
INFO: [ view_parse ] --END-- [ RunTime:0.005905s ]
INFO: [ view_filter ] --START--
INFO: Run Behavior\WriteHtmlCacheBehavior [ RunTime:0.000423s ]
INFO: [ view_filter ] --END-- [ RunTime:0.000458s ]
INFO: [ app_end ] --START--
INFO: Run Behavior\ShowPageTraceBehavior [ RunTime:0.000833s ]
INFO: [ app_end ] --END-- [ RunTime:0.000879s ]

[ 2016-08-18T18:24:56+08:00 ] 127.0.0.1 /announce.php?info_hash=%1D%E3%03%EEJ%DCs%86%93%A8Ga%8B%A4%27G%9C%2E%AF%17&peer_id=%2DSD0100%2D%98%F0j%8B%E3%FF%B2%A8%A5%DC%F4%7F&ip=192.168.111.1&port=12956&uploaded=9387287&downloaded=9387287&left=224582660&numwant=0&key=1752&compact=1&event=stopped
INFO: [ app_init ] --START--
INFO: Run Behavior\BuildLiteBehavior [ RunTime:0.000014s ]
INFO: [ app_init ] --END-- [ RunTime:0.000503s ]
INFO: [ app_begin ] --START--
INFO: Run Behavior\ReadHtmlCacheBehavior [ RunTime:0.000965s ]
INFO: [ app_begin ] --END-- [ RunTime:0.001049s ]
SQL: SHOW COLUMNS FROM `xy_ticket` [ RunTime:0.2789s ]
SQL: SHOW COLUMNS FROM `xy_movie` [ RunTime:0.0192s ]
SQL: SHOW COLUMNS FROM `xy_cinema` [ RunTime:0.1226s ]
SQL: SHOW COLUMNS FROM `xy_room` [ RunTime:0.0527s ]
SQL: SHOW COLUMNS FROM `xy_order` [ RunTime:0.1058s ]
SQL: SHOW COLUMNS FROM `xy_user` [ RunTime:0.0958s ]
SQL: SHOW COLUMNS FROM `xy_comment` [ RunTime:0.0422s ]
SQL: SHOW COLUMNS FROM `xy_employ` [ RunTime:0.0418s ]
SQL: SHOW COLUMNS FROM `xy_notice` [ RunTime:0.0460s ]
SQL: SHOW COLUMNS FROM `xy_wantmovie` [ RunTime:0.0329s ]
SQL: SHOW COLUMNS FROM `xy_stage` [ RunTime:0.0124s ]
INFO: [ view_parse ] --START--
INFO: [ template_filter ] --START--
INFO: Run Behavior\ContentReplaceBehavior [ RunTime:0.000055s ]
INFO: [ template_filter ] --END-- [ RunTime:0.000138s ]
INFO: Run Behavior\ParseTemplateBehavior [ RunTime:0.008440s ]
INFO: [ view_parse ] --END-- [ RunTime:0.008518s ]
INFO: [ view_filter ] --START--
INFO: Run Behavior\WriteHtmlCacheBehavior [ RunTime:0.000830s ]
INFO: [ view_filter ] --END-- [ RunTime:0.000941s ]
INFO: [ app_end ] --START--
INFO: Run Behavior\ShowPageTraceBehavior [ RunTime:0.001094s ]
INFO: [ app_end ] --END-- [ RunTime:0.001175s ]

