[ 2016-08-20T00:36:09+08:00 ] 127.0.0.1 /cinema/
INFO: [ app_init ] --START--
INFO: Run Behavior\BuildLiteBehavior [ RunTime:0.000025s ]
INFO: [ app_init ] --END-- [ RunTime:0.000518s ]
INFO: [ app_begin ] --START--
INFO: Run Behavior\ReadHtmlCacheBehavior [ RunTime:0.031780s ]
INFO: [ app_begin ] --END-- [ RunTime:0.031852s ]
SQL: SHOW COLUMNS FROM `xy_ticket` [ RunTime:0.0107s ]
SQL: SHOW COLUMNS FROM `xy_movie` [ RunTime:0.0067s ]
SQL: SHOW COLUMNS FROM `xy_cinema` [ RunTime:0.0072s ]
SQL: SHOW COLUMNS FROM `xy_room` [ RunTime:0.0079s ]
SQL: SHOW COLUMNS FROM `xy_order` [ RunTime:0.0074s ]
SQL: SHOW COLUMNS FROM `xy_user` [ RunTime:0.0074s ]
SQL: SHOW COLUMNS FROM `xy_comment` [ RunTime:0.0044s ]
SQL: SHOW COLUMNS FROM `xy_employ` [ RunTime:0.0075s ]
SQL: SHOW COLUMNS FROM `xy_notice` [ RunTime:0.0055s ]
SQL: SHOW COLUMNS FROM `xy_wantmovie` [ RunTime:0.0073s ]
SQL: SHOW COLUMNS FROM `xy_stage` [ RunTime:0.0047s ]
SQL: SELECT * FROM `xy_movie` WHERE ( m_delflag=0 ) ORDER BY m_showdate  [ RunTime:0.0275s ]
INFO: [ view_parse ] --START--
INFO: [ template_filter ] --START--
INFO: Run Behavior\ContentReplaceBehavior [ RunTime:0.000164s ]
INFO: [ template_filter ] --END-- [ RunTime:0.000245s ]
INFO: Run Behavior\ParseTemplateBehavior [ RunTime:0.541350s ]
INFO: [ view_parse ] --END-- [ RunTime:0.541445s ]
INFO: [ view_filter ] --START--
INFO: Run Behavior\WriteHtmlCacheBehavior [ RunTime:0.052656s ]
INFO: [ view_filter ] --END-- [ RunTime:0.052727s ]
INFO: [ app_end ] --START--
INFO: Run Behavior\ShowPageTraceBehavior [ RunTime:0.028431s ]
INFO: [ app_end ] --END-- [ RunTime:0.028505s ]

[ 2016-08-20T00:36:09+08:00 ] 127.0.0.1 /cinema/Home/Home/getlocation
INFO: [ app_init ] --START--
INFO: Run Behavior\BuildLiteBehavior [ RunTime:0.000020s ]
INFO: [ app_init ] --END-- [ RunTime:0.000533s ]
INFO: [ app_begin ] --START--
INFO: Run Behavior\ReadHtmlCacheBehavior [ RunTime:0.001081s ]
INFO: [ app_begin ] --END-- [ RunTime:0.001160s ]
SQL: SHOW COLUMNS FROM `xy_ticket` [ RunTime:0.0316s ]
SQL: SHOW COLUMNS FROM `xy_movie` [ RunTime:0.0135s ]
SQL: SHOW COLUMNS FROM `xy_cinema` [ RunTime:0.0242s ]
SQL: SHOW COLUMNS FROM `xy_room` [ RunTime:0.0063s ]
SQL: SHOW COLUMNS FROM `xy_order` [ RunTime:0.0067s ]
SQL: SHOW COLUMNS FROM `xy_user` [ RunTime:0.0090s ]
SQL: SHOW COLUMNS FROM `xy_comment` [ RunTime:0.0081s ]
SQL: SHOW COLUMNS FROM `xy_employ` [ RunTime:0.0071s ]
SQL: SHOW COLUMNS FROM `xy_notice` [ RunTime:0.0075s ]
SQL: SHOW COLUMNS FROM `xy_wantmovie` [ RunTime:0.0076s ]
SQL: SHOW COLUMNS FROM `xy_stage` [ RunTime:0.0105s ]
SQL: SELECT DISTINCT  `c_location` FROM `xy_cinema` WHERE ( c_delflag=0 )  [ RunTime:0.0008s ]
INFO: [ app_end ] --START--
INFO: Run Behavior\ShowPageTraceBehavior [ RunTime:0.001035s ]
INFO: [ app_end ] --END-- [ RunTime:0.001116s ]

[ 2016-08-20T00:36:10+08:00 ] 127.0.0.1 /cinema/Home/Home/getcity
INFO: [ app_init ] --START--
INFO: Run Behavior\BuildLiteBehavior [ RunTime:0.000013s ]
INFO: [ app_init ] --END-- [ RunTime:0.000406s ]
INFO: [ app_begin ] --START--
INFO: Run Behavior\ReadHtmlCacheBehavior [ RunTime:0.000630s ]
INFO: [ app_begin ] --END-- [ RunTime:0.000673s ]
SQL: SHOW COLUMNS FROM `xy_ticket` [ RunTime:0.0100s ]
SQL: SHOW COLUMNS FROM `xy_movie` [ RunTime:0.0064s ]
SQL: SHOW COLUMNS FROM `xy_cinema` [ RunTime:0.0066s ]
SQL: SHOW COLUMNS FROM `xy_room` [ RunTime:0.0060s ]
SQL: SHOW COLUMNS FROM `xy_order` [ RunTime:0.0063s ]
SQL: SHOW COLUMNS FROM `xy_user` [ RunTime:0.0071s ]
SQL: SHOW COLUMNS FROM `xy_comment` [ RunTime:0.0184s ]
SQL: SHOW COLUMNS FROM `xy_employ` [ RunTime:0.0066s ]
SQL: SHOW COLUMNS FROM `xy_notice` [ RunTime:0.0042s ]
SQL: SHOW COLUMNS FROM `xy_wantmovie` [ RunTime:0.0063s ]
SQL: SHOW COLUMNS FROM `xy_stage` [ RunTime:0.0059s ]
SQL: SELECT `c_location` FROM `xy_cinema` WHERE ( c_delflag=0 )  [ RunTime:0.0003s ]
INFO: [ app_end ] --START--
INFO: Run Behavior\ShowPageTraceBehavior [ RunTime:0.000894s ]
INFO: [ app_end ] --END-- [ RunTime:0.000948s ]

[ 2016-08-20T00:36:10+08:00 ] 127.0.0.1 /cinema/Home/Home/getcinema
INFO: [ app_init ] --START--
INFO: Run Behavior\BuildLiteBehavior [ RunTime:0.000012s ]
INFO: [ app_init ] --END-- [ RunTime:0.000347s ]
INFO: [ app_begin ] --START--
INFO: Run Behavior\ReadHtmlCacheBehavior [ RunTime:0.000643s ]
INFO: [ app_begin ] --END-- [ RunTime:0.000717s ]
SQL: SHOW COLUMNS FROM `xy_ticket` [ RunTime:0.0041s ]
SQL: SHOW COLUMNS FROM `xy_movie` [ RunTime:0.0047s ]
SQL: SHOW COLUMNS FROM `xy_cinema` [ RunTime:0.0037s ]
SQL: SHOW COLUMNS FROM `xy_room` [ RunTime:0.0040s ]
SQL: SHOW COLUMNS FROM `xy_order` [ RunTime:0.0044s ]
SQL: SHOW COLUMNS FROM `xy_user` [ RunTime:0.0039s ]
SQL: SHOW COLUMNS FROM `xy_comment` [ RunTime:0.0040s ]
SQL: SHOW COLUMNS FROM `xy_employ` [ RunTime:0.0056s ]
SQL: SHOW COLUMNS FROM `xy_notice` [ RunTime:0.0040s ]
SQL: SHOW COLUMNS FROM `xy_wantmovie` [ RunTime:0.0042s ]
SQL: SHOW COLUMNS FROM `xy_stage` [ RunTime:0.0047s ]
SQL: SELECT `c_id`,`c_name` FROM `xy_cinema` WHERE ( c_delflag=0 and c_location='湛江' )  [ RunTime:0.0003s ]
INFO: [ app_end ] --START--
INFO: Run Behavior\ShowPageTraceBehavior [ RunTime:0.000815s ]
INFO: [ app_end ] --END-- [ RunTime:0.000861s ]

[ 2016-08-20T00:36:10+08:00 ] 127.0.0.1 /cinema/Home/Home/getmovie
INFO: [ app_init ] --START--
INFO: Run Behavior\BuildLiteBehavior [ RunTime:0.000012s ]
INFO: [ app_init ] --END-- [ RunTime:0.000345s ]
INFO: [ app_begin ] --START--
INFO: Run Behavior\ReadHtmlCacheBehavior [ RunTime:0.001085s ]
INFO: [ app_begin ] --END-- [ RunTime:0.001156s ]
SQL: SHOW COLUMNS FROM `xy_ticket` [ RunTime:0.0085s ]
SQL: SHOW COLUMNS FROM `xy_movie` [ RunTime:0.1637s ]
SQL: SHOW COLUMNS FROM `xy_cinema` [ RunTime:0.0062s ]
SQL: SHOW COLUMNS FROM `xy_room` [ RunTime:0.0048s ]
SQL: SHOW COLUMNS FROM `xy_order` [ RunTime:0.0061s ]
SQL: SHOW COLUMNS FROM `xy_user` [ RunTime:0.0053s ]
SQL: SHOW COLUMNS FROM `xy_comment` [ RunTime:0.0052s ]
SQL: SHOW COLUMNS FROM `xy_employ` [ RunTime:0.0264s ]
SQL: SHOW COLUMNS FROM `xy_notice` [ RunTime:0.0039s ]
SQL: SHOW COLUMNS FROM `xy_wantmovie` [ RunTime:0.0040s ]
SQL: SHOW COLUMNS FROM `xy_stage` [ RunTime:0.0039s ]
SQL: SELECT DISTINCT  `t_id`,`t_movieid`,`t_date`,`t_time` FROM `xy_ticket` WHERE ( t_delflag=0 and t_cinemaid=1 and t_issale=1 )  [ RunTime:0.0003s ]
INFO: [ app_end ] --START--
INFO: Run Behavior\ShowPageTraceBehavior [ RunTime:0.000783s ]
INFO: [ app_end ] --END-- [ RunTime:0.000830s ]

[ 2016-08-20T01:02:19+08:00 ] 127.0.0.1 /add
INFO: [ app_init ] --START--
INFO: Run Behavior\BuildLiteBehavior [ RunTime:0.000013s ]
INFO: [ app_init ] --END-- [ RunTime:0.000421s ]
INFO: [ app_begin ] --START--
INFO: Run Behavior\ReadHtmlCacheBehavior [ RunTime:0.000674s ]
INFO: [ app_begin ] --END-- [ RunTime:0.000747s ]
SQL: SHOW COLUMNS FROM `xy_ticket` [ RunTime:0.0105s ]
SQL: SHOW COLUMNS FROM `xy_movie` [ RunTime:0.0072s ]
SQL: SHOW COLUMNS FROM `xy_cinema` [ RunTime:0.0066s ]
SQL: SHOW COLUMNS FROM `xy_room` [ RunTime:0.0064s ]
SQL: SHOW COLUMNS FROM `xy_order` [ RunTime:0.0085s ]
SQL: SHOW COLUMNS FROM `xy_user` [ RunTime:0.0063s ]
SQL: SHOW COLUMNS FROM `xy_comment` [ RunTime:0.0046s ]
SQL: SHOW COLUMNS FROM `xy_employ` [ RunTime:0.0062s ]
SQL: SHOW COLUMNS FROM `xy_notice` [ RunTime:0.0041s ]
SQL: SHOW COLUMNS FROM `xy_wantmovie` [ RunTime:0.0068s ]
SQL: SHOW COLUMNS FROM `xy_stage` [ RunTime:0.0041s ]
INFO: [ view_parse ] --START--
INFO: [ template_filter ] --START--
INFO: Run Behavior\ContentReplaceBehavior [ RunTime:0.000037s ]
INFO: [ template_filter ] --END-- [ RunTime:0.000121s ]
INFO: Run Behavior\ParseTemplateBehavior [ RunTime:0.027111s ]
INFO: [ view_parse ] --END-- [ RunTime:0.027203s ]
INFO: [ view_filter ] --START--
INFO: Run Behavior\WriteHtmlCacheBehavior [ RunTime:0.000463s ]
INFO: [ view_filter ] --END-- [ RunTime:0.000501s ]
INFO: [ app_end ] --START--
INFO: Run Behavior\ShowPageTraceBehavior [ RunTime:0.000680s ]
INFO: [ app_end ] --END-- [ RunTime:0.000726s ]

[ 2016-08-20T01:02:20+08:00 ] 127.0.0.1 /cinema/Home/Manager/login
INFO: [ app_init ] --START--
INFO: Run Behavior\BuildLiteBehavior [ RunTime:0.000011s ]
INFO: [ app_init ] --END-- [ RunTime:0.000347s ]
INFO: [ app_begin ] --START--
INFO: Run Behavior\ReadHtmlCacheBehavior [ RunTime:0.000583s ]
INFO: [ app_begin ] --END-- [ RunTime:0.000633s ]
INFO: [ view_parse ] --START--
INFO: [ template_filter ] --START--
INFO: Run Behavior\ContentReplaceBehavior [ RunTime:0.000051s ]
INFO: [ template_filter ] --END-- [ RunTime:0.000102s ]
INFO: Run Behavior\ParseTemplateBehavior [ RunTime:0.045698s ]
INFO: [ view_parse ] --END-- [ RunTime:0.045772s ]
INFO: [ view_filter ] --START--
INFO: Run Behavior\WriteHtmlCacheBehavior [ RunTime:0.000470s ]
INFO: [ view_filter ] --END-- [ RunTime:0.000517s ]
INFO: [ app_end ] --START--
INFO: Run Behavior\ShowPageTraceBehavior [ RunTime:0.000665s ]
INFO: [ app_end ] --END-- [ RunTime:0.000704s ]

[ 2016-08-20T01:02:20+08:00 ] 127.0.0.1 /cinema/Home/Manager/verifyImg
INFO: [ app_init ] --START--
INFO: Run Behavior\BuildLiteBehavior [ RunTime:0.000014s ]
INFO: [ app_init ] --END-- [ RunTime:0.000393s ]
INFO: [ app_begin ] --START--
INFO: Run Behavior\ReadHtmlCacheBehavior [ RunTime:0.000610s ]
INFO: [ app_begin ] --END-- [ RunTime:0.000655s ]
INFO: [ app_end ] --START--
INFO: Run Behavior\ShowPageTraceBehavior [ RunTime:0.000621s ]
INFO: [ app_end ] --END-- [ RunTime:0.000685s ]

[ 2016-08-20T11:16:28+08:00 ] 127.0.0.1 /FastPHP/app.css
INFO: [ app_init ] --START--
INFO: Run Behavior\BuildLiteBehavior [ RunTime:0.000014s ]
INFO: [ app_init ] --END-- [ RunTime:0.000820s ]
INFO: [ app_begin ] --START--
INFO: Run Behavior\ReadHtmlCacheBehavior [ RunTime:0.000849s ]
INFO: [ app_begin ] --END-- [ RunTime:0.000918s ]
SQL: SHOW COLUMNS FROM `xy_ticket` [ RunTime:0.0103s ]
SQL: SHOW COLUMNS FROM `xy_movie` [ RunTime:0.0062s ]
SQL: SHOW COLUMNS FROM `xy_cinema` [ RunTime:0.0064s ]
SQL: SHOW COLUMNS FROM `xy_room` [ RunTime:0.0076s ]
SQL: SHOW COLUMNS FROM `xy_order` [ RunTime:0.0063s ]
SQL: SHOW COLUMNS FROM `xy_user` [ RunTime:0.0066s ]
SQL: SHOW COLUMNS FROM `xy_comment` [ RunTime:0.0040s ]
SQL: SHOW COLUMNS FROM `xy_employ` [ RunTime:0.0074s ]
SQL: SHOW COLUMNS FROM `xy_notice` [ RunTime:0.0039s ]
SQL: SHOW COLUMNS FROM `xy_wantmovie` [ RunTime:0.0066s ]
SQL: SHOW COLUMNS FROM `xy_stage` [ RunTime:0.0045s ]
INFO: [ view_parse ] --START--
INFO: [ template_filter ] --START--
INFO: Run Behavior\ContentReplaceBehavior [ RunTime:0.000051s ]
INFO: [ template_filter ] --END-- [ RunTime:0.000124s ]
INFO: Run Behavior\ParseTemplateBehavior [ RunTime:0.032168s ]
INFO: [ view_parse ] --END-- [ RunTime:0.032234s ]
INFO: [ view_filter ] --START--
INFO: Run Behavior\WriteHtmlCacheBehavior [ RunTime:0.000450s ]
INFO: [ view_filter ] --END-- [ RunTime:0.000487s ]
INFO: [ app_end ] --START--
INFO: Run Behavior\ShowPageTraceBehavior [ RunTime:0.000626s ]
INFO: [ app_end ] --END-- [ RunTime:0.000664s ]

[ 2016-08-20T11:16:28+08:00 ] 127.0.0.1 /FastPHP/jquery-1.12.4.min.js
INFO: [ app_init ] --START--
INFO: Run Behavior\BuildLiteBehavior [ RunTime:0.000019s ]
INFO: [ app_init ] --END-- [ RunTime:0.000443s ]
INFO: [ app_begin ] --START--
INFO: Run Behavior\ReadHtmlCacheBehavior [ RunTime:0.001072s ]
INFO: [ app_begin ] --END-- [ RunTime:0.001163s ]
SQL: SHOW COLUMNS FROM `xy_ticket` [ RunTime:0.0050s ]
SQL: SHOW COLUMNS FROM `xy_movie` [ RunTime:0.0045s ]
SQL: SHOW COLUMNS FROM `xy_cinema` [ RunTime:0.0035s ]
SQL: SHOW COLUMNS FROM `xy_room` [ RunTime:0.0056s ]
SQL: SHOW COLUMNS FROM `xy_order` [ RunTime:0.0037s ]
SQL: SHOW COLUMNS FROM `xy_user` [ RunTime:0.0038s ]
SQL: SHOW COLUMNS FROM `xy_comment` [ RunTime:0.0045s ]
SQL: SHOW COLUMNS FROM `xy_employ` [ RunTime:0.0039s ]
SQL: SHOW COLUMNS FROM `xy_notice` [ RunTime:0.0042s ]
SQL: SHOW COLUMNS FROM `xy_wantmovie` [ RunTime:0.0043s ]
SQL: SHOW COLUMNS FROM `xy_stage` [ RunTime:0.0048s ]
INFO: [ view_parse ] --START--
INFO: [ template_filter ] --START--
INFO: Run Behavior\ContentReplaceBehavior [ RunTime:0.000033s ]
INFO: [ template_filter ] --END-- [ RunTime:0.000079s ]
INFO: Run Behavior\ParseTemplateBehavior [ RunTime:0.005559s ]
INFO: [ view_parse ] --END-- [ RunTime:0.005618s ]
INFO: [ view_filter ] --START--
INFO: Run Behavior\WriteHtmlCacheBehavior [ RunTime:0.000450s ]
INFO: [ view_filter ] --END-- [ RunTime:0.000488s ]
INFO: [ app_end ] --START--
INFO: Run Behavior\ShowPageTraceBehavior [ RunTime:0.000623s ]
INFO: [ app_end ] --END-- [ RunTime:0.000661s ]

[ 2016-08-20T11:16:29+08:00 ] 127.0.0.1 /FastPHP/page.js
INFO: [ app_init ] --START--
INFO: Run Behavior\BuildLiteBehavior [ RunTime:0.000013s ]
INFO: [ app_init ] --END-- [ RunTime:0.000353s ]
INFO: [ app_begin ] --START--
INFO: Run Behavior\ReadHtmlCacheBehavior [ RunTime:0.000638s ]
INFO: [ app_begin ] --END-- [ RunTime:0.000679s ]
SQL: SHOW COLUMNS FROM `xy_ticket` [ RunTime:0.0103s ]
SQL: SHOW COLUMNS FROM `xy_movie` [ RunTime:0.0084s ]
SQL: SHOW COLUMNS FROM `xy_cinema` [ RunTime:0.0075s ]
SQL: SHOW COLUMNS FROM `xy_room` [ RunTime:0.0073s ]
SQL: SHOW COLUMNS FROM `xy_order` [ RunTime:0.0071s ]
SQL: SHOW COLUMNS FROM `xy_user` [ RunTime:0.0075s ]
SQL: SHOW COLUMNS FROM `xy_comment` [ RunTime:0.0036s ]
SQL: SHOW COLUMNS FROM `xy_employ` [ RunTime:0.0068s ]
SQL: SHOW COLUMNS FROM `xy_notice` [ RunTime:0.0036s ]
SQL: SHOW COLUMNS FROM `xy_wantmovie` [ RunTime:0.0068s ]
SQL: SHOW COLUMNS FROM `xy_stage` [ RunTime:0.0042s ]
INFO: [ view_parse ] --START--
INFO: [ template_filter ] --START--
INFO: Run Behavior\ContentReplaceBehavior [ RunTime:0.000058s ]
INFO: [ template_filter ] --END-- [ RunTime:0.000148s ]
INFO: Run Behavior\ParseTemplateBehavior [ RunTime:0.006489s ]
INFO: [ view_parse ] --END-- [ RunTime:0.006557s ]
INFO: [ view_filter ] --START--
INFO: Run Behavior\WriteHtmlCacheBehavior [ RunTime:0.000449s ]
INFO: [ view_filter ] --END-- [ RunTime:0.000482s ]
INFO: [ app_end ] --START--
INFO: Run Behavior\ShowPageTraceBehavior [ RunTime:0.000620s ]
INFO: [ app_end ] --END-- [ RunTime:0.000655s ]

[ 2016-08-20T11:16:51+08:00 ] 127.0.0.1 /FastPHP/app.css
INFO: [ app_init ] --START--
INFO: Run Behavior\BuildLiteBehavior [ RunTime:0.000012s ]
INFO: [ app_init ] --END-- [ RunTime:0.000338s ]
INFO: [ app_begin ] --START--
INFO: Run Behavior\ReadHtmlCacheBehavior [ RunTime:0.000594s ]
INFO: [ app_begin ] --END-- [ RunTime:0.000643s ]
SQL: SHOW COLUMNS FROM `xy_ticket` [ RunTime:0.0088s ]
SQL: SHOW COLUMNS FROM `xy_movie` [ RunTime:0.0078s ]
SQL: SHOW COLUMNS FROM `xy_cinema` [ RunTime:0.0065s ]
SQL: SHOW COLUMNS FROM `xy_room` [ RunTime:0.0349s ]
SQL: SHOW COLUMNS FROM `xy_order` [ RunTime:0.0079s ]
SQL: SHOW COLUMNS FROM `xy_user` [ RunTime:0.0061s ]
SQL: SHOW COLUMNS FROM `xy_comment` [ RunTime:0.0060s ]
SQL: SHOW COLUMNS FROM `xy_employ` [ RunTime:0.0066s ]
SQL: SHOW COLUMNS FROM `xy_notice` [ RunTime:0.0049s ]
SQL: SHOW COLUMNS FROM `xy_wantmovie` [ RunTime:0.0074s ]
SQL: SHOW COLUMNS FROM `xy_stage` [ RunTime:0.0040s ]
INFO: [ view_parse ] --START--
INFO: [ template_filter ] --START--
INFO: Run Behavior\ContentReplaceBehavior [ RunTime:0.000065s ]
INFO: [ template_filter ] --END-- [ RunTime:0.000140s ]
INFO: Run Behavior\ParseTemplateBehavior [ RunTime:0.007166s ]
INFO: [ view_parse ] --END-- [ RunTime:0.007237s ]
INFO: [ view_filter ] --START--
INFO: Run Behavior\WriteHtmlCacheBehavior [ RunTime:0.000478s ]
INFO: [ view_filter ] --END-- [ RunTime:0.000519s ]
INFO: [ app_end ] --START--
INFO: Run Behavior\ShowPageTraceBehavior [ RunTime:0.000728s ]
INFO: [ app_end ] --END-- [ RunTime:0.000768s ]

[ 2016-08-20T11:16:52+08:00 ] 127.0.0.1 /FastPHP/jquery-1.12.4.min.js
INFO: [ app_init ] --START--
INFO: Run Behavior\BuildLiteBehavior [ RunTime:0.000011s ]
INFO: [ app_init ] --END-- [ RunTime:0.000344s ]
INFO: [ app_begin ] --START--
INFO: Run Behavior\ReadHtmlCacheBehavior [ RunTime:0.000574s ]
INFO: [ app_begin ] --END-- [ RunTime:0.000623s ]
SQL: SHOW COLUMNS FROM `xy_ticket` [ RunTime:0.0040s ]
SQL: SHOW COLUMNS FROM `xy_movie` [ RunTime:0.0054s ]
SQL: SHOW COLUMNS FROM `xy_cinema` [ RunTime:0.0040s ]
SQL: SHOW COLUMNS FROM `xy_room` [ RunTime:0.0039s ]
SQL: SHOW COLUMNS FROM `xy_order` [ RunTime:0.0048s ]
SQL: SHOW COLUMNS FROM `xy_user` [ RunTime:0.0041s ]
SQL: SHOW COLUMNS FROM `xy_comment` [ RunTime:0.0037s ]
SQL: SHOW COLUMNS FROM `xy_employ` [ RunTime:0.0048s ]
SQL: SHOW COLUMNS FROM `xy_notice` [ RunTime:0.0043s ]
SQL: SHOW COLUMNS FROM `xy_wantmovie` [ RunTime:0.0039s ]
SQL: SHOW COLUMNS FROM `xy_stage` [ RunTime:0.0042s ]
INFO: [ view_parse ] --START--
INFO: [ template_filter ] --START--
INFO: Run Behavior\ContentReplaceBehavior [ RunTime:0.000034s ]
INFO: [ template_filter ] --END-- [ RunTime:0.000087s ]
INFO: Run Behavior\ParseTemplateBehavior [ RunTime:0.006039s ]
INFO: [ view_parse ] --END-- [ RunTime:0.006114s ]
INFO: [ view_filter ] --START--
INFO: Run Behavior\WriteHtmlCacheBehavior [ RunTime:0.000443s ]
INFO: [ view_filter ] --END-- [ RunTime:0.000482s ]
INFO: [ app_end ] --START--
INFO: Run Behavior\ShowPageTraceBehavior [ RunTime:0.000748s ]
INFO: [ app_end ] --END-- [ RunTime:0.000788s ]

[ 2016-08-20T11:16:52+08:00 ] 127.0.0.1 /FastPHP/page.js
INFO: [ app_init ] --START--
INFO: Run Behavior\BuildLiteBehavior [ RunTime:0.000023s ]
INFO: [ app_init ] --END-- [ RunTime:0.000582s ]
INFO: [ app_begin ] --START--
INFO: Run Behavior\ReadHtmlCacheBehavior [ RunTime:0.000826s ]
INFO: [ app_begin ] --END-- [ RunTime:0.000900s ]
SQL: SHOW COLUMNS FROM `xy_ticket` [ RunTime:0.0131s ]
SQL: SHOW COLUMNS FROM `xy_movie` [ RunTime:0.0081s ]
SQL: SHOW COLUMNS FROM `xy_cinema` [ RunTime:0.0080s ]
SQL: SHOW COLUMNS FROM `xy_room` [ RunTime:0.0072s ]
SQL: SHOW COLUMNS FROM `xy_order` [ RunTime:0.0090s ]
SQL: SHOW COLUMNS FROM `xy_user` [ RunTime:0.0077s ]
SQL: SHOW COLUMNS FROM `xy_comment` [ RunTime:0.0044s ]
SQL: SHOW COLUMNS FROM `xy_employ` [ RunTime:0.0083s ]
SQL: SHOW COLUMNS FROM `xy_notice` [ RunTime:0.0044s ]
SQL: SHOW COLUMNS FROM `xy_wantmovie` [ RunTime:0.0083s ]
SQL: SHOW COLUMNS FROM `xy_stage` [ RunTime:0.0046s ]
INFO: [ view_parse ] --START--
INFO: [ template_filter ] --START--
INFO: Run Behavior\ContentReplaceBehavior [ RunTime:0.000034s ]
INFO: [ template_filter ] --END-- [ RunTime:0.000088s ]
INFO: Run Behavior\ParseTemplateBehavior [ RunTime:0.006060s ]
INFO: [ view_parse ] --END-- [ RunTime:0.006133s ]
INFO: [ view_filter ] --START--
INFO: Run Behavior\WriteHtmlCacheBehavior [ RunTime:0.000566s ]
INFO: [ view_filter ] --END-- [ RunTime:0.000614s ]
INFO: [ app_end ] --START--
INFO: Run Behavior\ShowPageTraceBehavior [ RunTime:0.000650s ]
INFO: [ app_end ] --END-- [ RunTime:0.000698s ]

[ 2016-08-20T11:16:53+08:00 ] 127.0.0.1 /FastPHP/app.css
INFO: [ app_init ] --START--
INFO: Run Behavior\BuildLiteBehavior [ RunTime:0.000010s ]
INFO: [ app_init ] --END-- [ RunTime:0.000312s ]
INFO: [ app_begin ] --START--
INFO: Run Behavior\ReadHtmlCacheBehavior [ RunTime:0.000602s ]
INFO: [ app_begin ] --END-- [ RunTime:0.000642s ]
SQL: SHOW COLUMNS FROM `xy_ticket` [ RunTime:0.0093s ]
SQL: SHOW COLUMNS FROM `xy_movie` [ RunTime:0.0069s ]
SQL: SHOW COLUMNS FROM `xy_cinema` [ RunTime:0.0063s ]
SQL: SHOW COLUMNS FROM `xy_room` [ RunTime:0.0071s ]
SQL: SHOW COLUMNS FROM `xy_order` [ RunTime:0.0068s ]
SQL: SHOW COLUMNS FROM `xy_user` [ RunTime:0.0073s ]
SQL: SHOW COLUMNS FROM `xy_comment` [ RunTime:0.0043s ]
SQL: SHOW COLUMNS FROM `xy_employ` [ RunTime:0.0066s ]
SQL: SHOW COLUMNS FROM `xy_notice` [ RunTime:0.0043s ]
SQL: SHOW COLUMNS FROM `xy_wantmovie` [ RunTime:0.0068s ]
SQL: SHOW COLUMNS FROM `xy_stage` [ RunTime:0.0045s ]
INFO: [ view_parse ] --START--
INFO: [ template_filter ] --START--
INFO: Run Behavior\ContentReplaceBehavior [ RunTime:0.000035s ]
INFO: [ template_filter ] --END-- [ RunTime:0.000090s ]
INFO: Run Behavior\ParseTemplateBehavior [ RunTime:0.006497s ]
INFO: [ view_parse ] --END-- [ RunTime:0.006592s ]
INFO: [ view_filter ] --START--
INFO: Run Behavior\WriteHtmlCacheBehavior [ RunTime:0.000444s ]
INFO: [ view_filter ] --END-- [ RunTime:0.000483s ]
INFO: [ app_end ] --START--
INFO: Run Behavior\ShowPageTraceBehavior [ RunTime:0.000650s ]
INFO: [ app_end ] --END-- [ RunTime:0.000686s ]

[ 2016-08-20T11:16:53+08:00 ] 127.0.0.1 /FastPHP/jquery-1.12.4.min.js
INFO: [ app_init ] --START--
INFO: Run Behavior\BuildLiteBehavior [ RunTime:0.000021s ]
INFO: [ app_init ] --END-- [ RunTime:0.000360s ]
INFO: [ app_begin ] --START--
INFO: Run Behavior\ReadHtmlCacheBehavior [ RunTime:0.000753s ]
INFO: [ app_begin ] --END-- [ RunTime:0.000819s ]
SQL: SHOW COLUMNS FROM `xy_ticket` [ RunTime:0.0043s ]
SQL: SHOW COLUMNS FROM `xy_movie` [ RunTime:0.0047s ]
SQL: SHOW COLUMNS FROM `xy_cinema` [ RunTime:0.0039s ]
SQL: SHOW COLUMNS FROM `xy_room` [ RunTime:0.0039s ]
SQL: SHOW COLUMNS FROM `xy_order` [ RunTime:0.0055s ]
SQL: SHOW COLUMNS FROM `xy_user` [ RunTime:0.0042s ]
SQL: SHOW COLUMNS FROM `xy_comment` [ RunTime:0.0040s ]
SQL: SHOW COLUMNS FROM `xy_employ` [ RunTime:0.0046s ]
SQL: SHOW COLUMNS FROM `xy_notice` [ RunTime:0.0040s ]
SQL: SHOW COLUMNS FROM `xy_wantmovie` [ RunTime:0.0041s ]
SQL: SHOW COLUMNS FROM `xy_stage` [ RunTime:0.0050s ]
INFO: [ view_parse ] --START--
INFO: [ template_filter ] --START--
INFO: Run Behavior\ContentReplaceBehavior [ RunTime:0.000032s ]
INFO: [ template_filter ] --END-- [ RunTime:0.000094s ]
INFO: Run Behavior\ParseTemplateBehavior [ RunTime:0.005675s ]
INFO: [ view_parse ] --END-- [ RunTime:0.005737s ]
INFO: [ view_filter ] --START--
INFO: Run Behavior\WriteHtmlCacheBehavior [ RunTime:0.000454s ]
INFO: [ view_filter ] --END-- [ RunTime:0.000495s ]
INFO: [ app_end ] --START--
INFO: Run Behavior\ShowPageTraceBehavior [ RunTime:0.000709s ]
INFO: [ app_end ] --END-- [ RunTime:0.000752s ]

[ 2016-08-20T11:16:53+08:00 ] 127.0.0.1 /FastPHP/page.js
INFO: [ app_init ] --START--
INFO: Run Behavior\BuildLiteBehavior [ RunTime:0.000011s ]
INFO: [ app_init ] --END-- [ RunTime:0.000333s ]
INFO: [ app_begin ] --START--
INFO: Run Behavior\ReadHtmlCacheBehavior [ RunTime:0.000807s ]
INFO: [ app_begin ] --END-- [ RunTime:0.000880s ]
SQL: SHOW COLUMNS FROM `xy_ticket` [ RunTime:0.0040s ]
SQL: SHOW COLUMNS FROM `xy_movie` [ RunTime:0.0044s ]
SQL: SHOW COLUMNS FROM `xy_cinema` [ RunTime:0.0043s ]
SQL: SHOW COLUMNS FROM `xy_room` [ RunTime:0.0041s ]
SQL: SHOW COLUMNS FROM `xy_order` [ RunTime:0.0048s ]
SQL: SHOW COLUMNS FROM `xy_user` [ RunTime:0.0043s ]
SQL: SHOW COLUMNS FROM `xy_comment` [ RunTime:0.0050s ]
SQL: SHOW COLUMNS FROM `xy_employ` [ RunTime:0.0051s ]
SQL: SHOW COLUMNS FROM `xy_notice` [ RunTime:0.0044s ]
SQL: SHOW COLUMNS FROM `xy_wantmovie` [ RunTime:0.0044s ]
SQL: SHOW COLUMNS FROM `xy_stage` [ RunTime:0.0062s ]
INFO: [ view_parse ] --START--
INFO: [ template_filter ] --START--
INFO: Run Behavior\ContentReplaceBehavior [ RunTime:0.000034s ]
INFO: [ template_filter ] --END-- [ RunTime:0.000089s ]
INFO: Run Behavior\ParseTemplateBehavior [ RunTime:0.007083s ]
INFO: [ view_parse ] --END-- [ RunTime:0.007173s ]
INFO: [ view_filter ] --START--
INFO: Run Behavior\WriteHtmlCacheBehavior [ RunTime:0.000474s ]
INFO: [ view_filter ] --END-- [ RunTime:0.000523s ]
INFO: [ app_end ] --START--
INFO: Run Behavior\ShowPageTraceBehavior [ RunTime:0.000721s ]
INFO: [ app_end ] --END-- [ RunTime:0.000765s ]

[ 2016-08-20T11:20:35+08:00 ] 127.0.0.1 /FastPHP/bootstrap.min.css
INFO: [ app_init ] --START--
INFO: Run Behavior\BuildLiteBehavior [ RunTime:0.000020s ]
INFO: [ app_init ] --END-- [ RunTime:0.000550s ]
INFO: [ app_begin ] --START--
INFO: Run Behavior\ReadHtmlCacheBehavior [ RunTime:0.001132s ]
INFO: [ app_begin ] --END-- [ RunTime:0.001226s ]
SQL: SHOW COLUMNS FROM `xy_ticket` [ RunTime:0.0137s ]
SQL: SHOW COLUMNS FROM `xy_movie` [ RunTime:0.0115s ]
SQL: SHOW COLUMNS FROM `xy_cinema` [ RunTime:0.0085s ]
SQL: SHOW COLUMNS FROM `xy_room` [ RunTime:0.0371s ]
SQL: SHOW COLUMNS FROM `xy_order` [ RunTime:0.0076s ]
SQL: SHOW COLUMNS FROM `xy_user` [ RunTime:0.0089s ]
SQL: SHOW COLUMNS FROM `xy_comment` [ RunTime:0.0123s ]
SQL: SHOW COLUMNS FROM `xy_employ` [ RunTime:0.0075s ]
SQL: SHOW COLUMNS FROM `xy_notice` [ RunTime:0.0055s ]
SQL: SHOW COLUMNS FROM `xy_wantmovie` [ RunTime:0.0244s ]
SQL: SHOW COLUMNS FROM `xy_stage` [ RunTime:0.0045s ]
INFO: [ view_parse ] --START--
INFO: [ template_filter ] --START--
INFO: Run Behavior\ContentReplaceBehavior [ RunTime:0.000055s ]
INFO: [ template_filter ] --END-- [ RunTime:0.000139s ]
INFO: Run Behavior\ParseTemplateBehavior [ RunTime:0.007258s ]
INFO: [ view_parse ] --END-- [ RunTime:0.007345s ]
INFO: [ view_filter ] --START--
INFO: Run Behavior\WriteHtmlCacheBehavior [ RunTime:0.000632s ]
INFO: [ view_filter ] --END-- [ RunTime:0.000687s ]
INFO: [ app_end ] --START--
INFO: Run Behavior\ShowPageTraceBehavior [ RunTime:0.000880s ]
INFO: [ app_end ] --END-- [ RunTime:0.000936s ]

[ 2016-08-20T11:20:35+08:00 ] 127.0.0.1 /FastPHP/app.css
INFO: [ app_init ] --START--
INFO: Run Behavior\BuildLiteBehavior [ RunTime:0.000019s ]
INFO: [ app_init ] --END-- [ RunTime:0.000490s ]
INFO: [ app_begin ] --START--
INFO: Run Behavior\ReadHtmlCacheBehavior [ RunTime:0.000937s ]
INFO: [ app_begin ] --END-- [ RunTime:0.001004s ]
SQL: SHOW COLUMNS FROM `xy_ticket` [ RunTime:0.0078s ]
SQL: SHOW COLUMNS FROM `xy_movie` [ RunTime:0.0043s ]
SQL: SHOW COLUMNS FROM `xy_cinema` [ RunTime:0.0052s ]
SQL: SHOW COLUMNS FROM `xy_room` [ RunTime:0.0046s ]
SQL: SHOW COLUMNS FROM `xy_order` [ RunTime:0.0047s ]
SQL: SHOW COLUMNS FROM `xy_user` [ RunTime:0.0053s ]
SQL: SHOW COLUMNS FROM `xy_comment` [ RunTime:0.0044s ]
SQL: SHOW COLUMNS FROM `xy_employ` [ RunTime:0.0046s ]
SQL: SHOW COLUMNS FROM `xy_notice` [ RunTime:0.0043s ]
SQL: SHOW COLUMNS FROM `xy_wantmovie` [ RunTime:0.0044s ]
SQL: SHOW COLUMNS FROM `xy_stage` [ RunTime:0.0063s ]
INFO: [ view_parse ] --START--
INFO: [ template_filter ] --START--
INFO: Run Behavior\ContentReplaceBehavior [ RunTime:0.000037s ]
INFO: [ template_filter ] --END-- [ RunTime:0.000093s ]
INFO: Run Behavior\ParseTemplateBehavior [ RunTime:0.006140s ]
INFO: [ view_parse ] --END-- [ RunTime:0.006207s ]
INFO: [ view_filter ] --START--
INFO: Run Behavior\WriteHtmlCacheBehavior [ RunTime:0.000483s ]
INFO: [ view_filter ] --END-- [ RunTime:0.000521s ]
INFO: [ app_end ] --START--
INFO: Run Behavior\ShowPageTraceBehavior [ RunTime:0.000628s ]
INFO: [ app_end ] --END-- [ RunTime:0.000669s ]

[ 2016-08-20T11:20:35+08:00 ] 127.0.0.1 /FastPHP/jquery-1.12.4.min.js
INFO: [ app_init ] --START--
INFO: Run Behavior\BuildLiteBehavior [ RunTime:0.000025s ]
INFO: [ app_init ] --END-- [ RunTime:0.000620s ]
INFO: [ app_begin ] --START--
INFO: Run Behavior\ReadHtmlCacheBehavior [ RunTime:0.001102s ]
INFO: [ app_begin ] --END-- [ RunTime:0.001197s ]
SQL: SHOW COLUMNS FROM `xy_ticket` [ RunTime:0.0122s ]
SQL: SHOW COLUMNS FROM `xy_movie` [ RunTime:0.1394s ]
SQL: SHOW COLUMNS FROM `xy_cinema` [ RunTime:0.0089s ]
SQL: SHOW COLUMNS FROM `xy_room` [ RunTime:0.0054s ]
SQL: SHOW COLUMNS FROM `xy_order` [ RunTime:0.0044s ]
SQL: SHOW COLUMNS FROM `xy_user` [ RunTime:0.0092s ]
SQL: SHOW COLUMNS FROM `xy_comment` [ RunTime:0.0046s ]
SQL: SHOW COLUMNS FROM `xy_employ` [ RunTime:0.0042s ]
SQL: SHOW COLUMNS FROM `xy_notice` [ RunTime:0.0049s ]
SQL: SHOW COLUMNS FROM `xy_wantmovie` [ RunTime:0.0046s ]
SQL: SHOW COLUMNS FROM `xy_stage` [ RunTime:0.0040s ]
INFO: [ view_parse ] --START--
INFO: [ template_filter ] --START--
INFO: Run Behavior\ContentReplaceBehavior [ RunTime:0.000035s ]
INFO: [ template_filter ] --END-- [ RunTime:0.000088s ]
INFO: Run Behavior\ParseTemplateBehavior [ RunTime:0.006522s ]
INFO: [ view_parse ] --END-- [ RunTime:0.006622s ]
INFO: [ view_filter ] --START--
INFO: Run Behavior\WriteHtmlCacheBehavior [ RunTime:0.000528s ]
INFO: [ view_filter ] --END-- [ RunTime:0.000572s ]
INFO: [ app_end ] --START--
INFO: Run Behavior\ShowPageTraceBehavior [ RunTime:0.000739s ]
INFO: [ app_end ] --END-- [ RunTime:0.000794s ]

[ 2016-08-20T11:20:35+08:00 ] 127.0.0.1 /FastPHP/bootstrap.min.css
INFO: [ app_init ] --START--
INFO: Run Behavior\BuildLiteBehavior [ RunTime:0.000024s ]
INFO: [ app_init ] --END-- [ RunTime:0.000703s ]
INFO: [ app_begin ] --START--
INFO: Run Behavior\ReadHtmlCacheBehavior [ RunTime:0.000933s ]
INFO: [ app_begin ] --END-- [ RunTime:0.001025s ]
SQL: SHOW COLUMNS FROM `xy_ticket` [ RunTime:0.0087s ]
SQL: SHOW COLUMNS FROM `xy_movie` [ RunTime:0.0052s ]
SQL: SHOW COLUMNS FROM `xy_cinema` [ RunTime:0.0042s ]
SQL: SHOW COLUMNS FROM `xy_room` [ RunTime:0.0041s ]
SQL: SHOW COLUMNS FROM `xy_order` [ RunTime:0.0052s ]
SQL: SHOW COLUMNS FROM `xy_user` [ RunTime:0.0071s ]
SQL: SHOW COLUMNS FROM `xy_comment` [ RunTime:0.0603s ]
SQL: SHOW COLUMNS FROM `xy_employ` [ RunTime:0.0043s ]
SQL: SHOW COLUMNS FROM `xy_notice` [ RunTime:0.0049s ]
SQL: SHOW COLUMNS FROM `xy_wantmovie` [ RunTime:0.0041s ]
SQL: SHOW COLUMNS FROM `xy_stage` [ RunTime:0.0051s ]
INFO: [ view_parse ] --START--
INFO: [ template_filter ] --START--
INFO: Run Behavior\ContentReplaceBehavior [ RunTime:0.000038s ]
INFO: [ template_filter ] --END-- [ RunTime:0.000099s ]
INFO: Run Behavior\ParseTemplateBehavior [ RunTime:0.009414s ]
INFO: [ view_parse ] --END-- [ RunTime:0.009520s ]
INFO: [ view_filter ] --START--
INFO: Run Behavior\WriteHtmlCacheBehavior [ RunTime:0.000602s ]
INFO: [ view_filter ] --END-- [ RunTime:0.000679s ]
INFO: [ app_end ] --START--
INFO: Run Behavior\ShowPageTraceBehavior [ RunTime:0.000862s ]
INFO: [ app_end ] --END-- [ RunTime:0.000929s ]

[ 2016-08-20T11:20:35+08:00 ] 127.0.0.1 /FastPHP/app.css
INFO: [ app_init ] --START--
INFO: Run Behavior\BuildLiteBehavior [ RunTime:0.000025s ]
INFO: [ app_init ] --END-- [ RunTime:0.000622s ]
INFO: [ app_begin ] --START--
INFO: Run Behavior\ReadHtmlCacheBehavior [ RunTime:0.007442s ]
INFO: [ app_begin ] --END-- [ RunTime:0.007538s ]
SQL: SHOW COLUMNS FROM `xy_ticket` [ RunTime:0.0159s ]
SQL: SHOW COLUMNS FROM `xy_movie` [ RunTime:0.0106s ]
SQL: SHOW COLUMNS FROM `xy_cinema` [ RunTime:0.0051s ]
SQL: SHOW COLUMNS FROM `xy_room` [ RunTime:0.0050s ]
SQL: SHOW COLUMNS FROM `xy_order` [ RunTime:0.0046s ]
SQL: SHOW COLUMNS FROM `xy_user` [ RunTime:0.0048s ]
SQL: SHOW COLUMNS FROM `xy_comment` [ RunTime:0.0059s ]
SQL: SHOW COLUMNS FROM `xy_employ` [ RunTime:0.0043s ]
SQL: SHOW COLUMNS FROM `xy_notice` [ RunTime:0.0043s ]
SQL: SHOW COLUMNS FROM `xy_wantmovie` [ RunTime:0.0053s ]
SQL: SHOW COLUMNS FROM `xy_stage` [ RunTime:0.0046s ]
INFO: [ view_parse ] --START--
INFO: [ template_filter ] --START--
INFO: Run Behavior\ContentReplaceBehavior [ RunTime:0.000047s ]
INFO: [ template_filter ] --END-- [ RunTime:0.000115s ]
INFO: Run Behavior\ParseTemplateBehavior [ RunTime:0.008490s ]
INFO: [ view_parse ] --END-- [ RunTime:0.008596s ]
INFO: [ view_filter ] --START--
INFO: Run Behavior\WriteHtmlCacheBehavior [ RunTime:0.000762s ]
INFO: [ view_filter ] --END-- [ RunTime:0.000825s ]
INFO: [ app_end ] --START--
INFO: Run Behavior\ShowPageTraceBehavior [ RunTime:0.000674s ]
INFO: [ app_end ] --END-- [ RunTime:0.000718s ]

[ 2016-08-20T11:20:36+08:00 ] 127.0.0.1 /FastPHP/bootstrap.min.js
INFO: [ app_init ] --START--
INFO: Run Behavior\BuildLiteBehavior [ RunTime:0.000022s ]
INFO: [ app_init ] --END-- [ RunTime:0.000599s ]
INFO: [ app_begin ] --START--
INFO: Run Behavior\ReadHtmlCacheBehavior [ RunTime:0.001011s ]
INFO: [ app_begin ] --END-- [ RunTime:0.001100s ]
SQL: SHOW COLUMNS FROM `xy_ticket` [ RunTime:0.0067s ]
SQL: SHOW COLUMNS FROM `xy_movie` [ RunTime:0.0057s ]
SQL: SHOW COLUMNS FROM `xy_cinema` [ RunTime:0.0045s ]
SQL: SHOW COLUMNS FROM `xy_room` [ RunTime:0.0048s ]
SQL: SHOW COLUMNS FROM `xy_order` [ RunTime:0.0055s ]
SQL: SHOW COLUMNS FROM `xy_user` [ RunTime:0.0047s ]
SQL: SHOW COLUMNS FROM `xy_comment` [ RunTime:0.0046s ]
SQL: SHOW COLUMNS FROM `xy_employ` [ RunTime:0.0133s ]
SQL: SHOW COLUMNS FROM `xy_notice` [ RunTime:0.0086s ]
SQL: SHOW COLUMNS FROM `xy_wantmovie` [ RunTime:0.0085s ]
SQL: SHOW COLUMNS FROM `xy_stage` [ RunTime:0.0053s ]
INFO: [ view_parse ] --START--
INFO: [ template_filter ] --START--
INFO: Run Behavior\ContentReplaceBehavior [ RunTime:0.000037s ]
INFO: [ template_filter ] --END-- [ RunTime:0.000093s ]
INFO: Run Behavior\ParseTemplateBehavior [ RunTime:0.006182s ]
INFO: [ view_parse ] --END-- [ RunTime:0.006278s ]
INFO: [ view_filter ] --START--
INFO: Run Behavior\WriteHtmlCacheBehavior [ RunTime:0.000759s ]
INFO: [ view_filter ] --END-- [ RunTime:0.000835s ]
INFO: [ app_end ] --START--
INFO: Run Behavior\ShowPageTraceBehavior [ RunTime:0.001010s ]
INFO: [ app_end ] --END-- [ RunTime:0.001083s ]

[ 2016-08-20T11:20:36+08:00 ] 127.0.0.1 /FastPHP/page.js
INFO: [ app_init ] --START--
INFO: Run Behavior\BuildLiteBehavior [ RunTime:0.000020s ]
INFO: [ app_init ] --END-- [ RunTime:0.000560s ]
INFO: [ app_begin ] --START--
INFO: Run Behavior\ReadHtmlCacheBehavior [ RunTime:0.000902s ]
INFO: [ app_begin ] --END-- [ RunTime:0.000992s ]
SQL: SHOW COLUMNS FROM `xy_ticket` [ RunTime:0.0272s ]
SQL: SHOW COLUMNS FROM `xy_movie` [ RunTime:0.0061s ]
SQL: SHOW COLUMNS FROM `xy_cinema` [ RunTime:0.0037s ]
SQL: SHOW COLUMNS FROM `xy_room` [ RunTime:0.0077s ]
SQL: SHOW COLUMNS FROM `xy_order` [ RunTime:0.0084s ]
SQL: SHOW COLUMNS FROM `xy_user` [ RunTime:0.0318s ]
SQL: SHOW COLUMNS FROM `xy_comment` [ RunTime:0.0052s ]
SQL: SHOW COLUMNS FROM `xy_employ` [ RunTime:0.0047s ]
SQL: SHOW COLUMNS FROM `xy_notice` [ RunTime:0.0052s ]
SQL: SHOW COLUMNS FROM `xy_wantmovie` [ RunTime:0.0296s ]
SQL: SHOW COLUMNS FROM `xy_stage` [ RunTime:0.0042s ]
INFO: [ view_parse ] --START--
INFO: [ template_filter ] --START--
INFO: Run Behavior\ContentReplaceBehavior [ RunTime:0.000032s ]
INFO: [ template_filter ] --END-- [ RunTime:0.000082s ]
INFO: Run Behavior\ParseTemplateBehavior [ RunTime:0.006502s ]
INFO: [ view_parse ] --END-- [ RunTime:0.006573s ]
INFO: [ view_filter ] --START--
INFO: Run Behavior\WriteHtmlCacheBehavior [ RunTime:0.000399s ]
INFO: [ view_filter ] --END-- [ RunTime:0.000440s ]
INFO: [ app_end ] --START--
INFO: Run Behavior\ShowPageTraceBehavior [ RunTime:0.000575s ]
INFO: [ app_end ] --END-- [ RunTime:0.000623s ]

[ 2016-08-20T11:48:36+08:00 ] 127.0.0.1 /FastPHP/add
INFO: [ app_init ] --START--
INFO: Run Behavior\BuildLiteBehavior [ RunTime:0.000057s ]
INFO: [ app_init ] --END-- [ RunTime:0.000735s ]
INFO: [ app_begin ] --START--
INFO: Run Behavior\ReadHtmlCacheBehavior [ RunTime:0.000693s ]
INFO: [ app_begin ] --END-- [ RunTime:0.000750s ]
SQL: SHOW COLUMNS FROM `xy_ticket` [ RunTime:0.0103s ]
SQL: SHOW COLUMNS FROM `xy_movie` [ RunTime:0.0069s ]
SQL: SHOW COLUMNS FROM `xy_cinema` [ RunTime:0.0067s ]
SQL: SHOW COLUMNS FROM `xy_room` [ RunTime:0.0072s ]
SQL: SHOW COLUMNS FROM `xy_order` [ RunTime:0.0067s ]
SQL: SHOW COLUMNS FROM `xy_user` [ RunTime:0.0087s ]
SQL: SHOW COLUMNS FROM `xy_comment` [ RunTime:0.0044s ]
SQL: SHOW COLUMNS FROM `xy_employ` [ RunTime:0.0064s ]
SQL: SHOW COLUMNS FROM `xy_notice` [ RunTime:0.0047s ]
SQL: SHOW COLUMNS FROM `xy_wantmovie` [ RunTime:0.0081s ]
SQL: SHOW COLUMNS FROM `xy_stage` [ RunTime:0.0049s ]
INFO: [ view_parse ] --START--
INFO: [ template_filter ] --START--
INFO: Run Behavior\ContentReplaceBehavior [ RunTime:0.000037s ]
INFO: [ template_filter ] --END-- [ RunTime:0.000090s ]
INFO: Run Behavior\ParseTemplateBehavior [ RunTime:0.006310s ]
INFO: [ view_parse ] --END-- [ RunTime:0.006390s ]
INFO: [ view_filter ] --START--
INFO: Run Behavior\WriteHtmlCacheBehavior [ RunTime:0.000465s ]
INFO: [ view_filter ] --END-- [ RunTime:0.000502s ]
INFO: [ app_end ] --START--
INFO: Run Behavior\ShowPageTraceBehavior [ RunTime:0.000647s ]
INFO: [ app_end ] --END-- [ RunTime:0.000684s ]

[ 2016-08-20T11:48:40+08:00 ] 127.0.0.1 /cinema/Home/Manager/login
INFO: [ app_init ] --START--
INFO: Run Behavior\BuildLiteBehavior [ RunTime:0.000013s ]
INFO: [ app_init ] --END-- [ RunTime:0.000371s ]
INFO: [ app_begin ] --START--
INFO: Run Behavior\ReadHtmlCacheBehavior [ RunTime:0.000622s ]
INFO: [ app_begin ] --END-- [ RunTime:0.000663s ]
INFO: [ view_parse ] --START--
INFO: [ template_filter ] --START--
INFO: Run Behavior\ContentReplaceBehavior [ RunTime:0.000090s ]
INFO: [ template_filter ] --END-- [ RunTime:0.000167s ]
INFO: Run Behavior\ParseTemplateBehavior [ RunTime:0.015308s ]
INFO: [ view_parse ] --END-- [ RunTime:0.015370s ]
INFO: [ view_filter ] --START--
INFO: Run Behavior\WriteHtmlCacheBehavior [ RunTime:0.000437s ]
INFO: [ view_filter ] --END-- [ RunTime:0.000471s ]
INFO: [ app_end ] --START--
INFO: Run Behavior\ShowPageTraceBehavior [ RunTime:0.000602s ]
INFO: [ app_end ] --END-- [ RunTime:0.000639s ]

[ 2016-08-20T11:48:40+08:00 ] 127.0.0.1 /cinema/Home/Manager/verifyImg
INFO: [ app_init ] --START--
INFO: Run Behavior\BuildLiteBehavior [ RunTime:0.000024s ]
INFO: [ app_init ] --END-- [ RunTime:0.000576s ]
INFO: [ app_begin ] --START--
INFO: Run Behavior\ReadHtmlCacheBehavior [ RunTime:0.001002s ]
INFO: [ app_begin ] --END-- [ RunTime:0.001092s ]
INFO: [ app_end ] --START--
INFO: Run Behavior\ShowPageTraceBehavior [ RunTime:0.000859s ]
INFO: [ app_end ] --END-- [ RunTime:0.000931s ]

[ 2016-08-20T17:49:13+08:00 ] 127.0.0.1 /FastPHP/validate.js
INFO: [ app_init ] --START--
INFO: Run Behavior\BuildLiteBehavior [ RunTime:0.000017s ]
INFO: [ app_init ] --END-- [ RunTime:0.024032s ]
INFO: [ app_begin ] --START--
INFO: Run Behavior\ReadHtmlCacheBehavior [ RunTime:0.011409s ]
INFO: [ app_begin ] --END-- [ RunTime:0.011495s ]
SQL: SHOW COLUMNS FROM `xy_ticket` [ RunTime:0.0647s ]
SQL: SHOW COLUMNS FROM `xy_movie` [ RunTime:0.0105s ]
SQL: SHOW COLUMNS FROM `xy_cinema` [ RunTime:0.0080s ]
SQL: SHOW COLUMNS FROM `xy_room` [ RunTime:0.0087s ]
SQL: SHOW COLUMNS FROM `xy_order` [ RunTime:0.0064s ]
SQL: SHOW COLUMNS FROM `xy_user` [ RunTime:0.0067s ]
SQL: SHOW COLUMNS FROM `xy_comment` [ RunTime:0.0051s ]
SQL: SHOW COLUMNS FROM `xy_employ` [ RunTime:0.0080s ]
SQL: SHOW COLUMNS FROM `xy_notice` [ RunTime:0.0050s ]
SQL: SHOW COLUMNS FROM `xy_wantmovie` [ RunTime:0.0077s ]
SQL: SHOW COLUMNS FROM `xy_stage` [ RunTime:0.0043s ]
INFO: [ view_parse ] --START--
INFO: [ template_filter ] --START--
INFO: Run Behavior\ContentReplaceBehavior [ RunTime:0.000055s ]
INFO: [ template_filter ] --END-- [ RunTime:0.000158s ]
INFO: Run Behavior\ParseTemplateBehavior [ RunTime:0.159634s ]
INFO: [ view_parse ] --END-- [ RunTime:0.159700s ]
INFO: [ view_filter ] --START--
INFO: Run Behavior\WriteHtmlCacheBehavior [ RunTime:0.019170s ]
INFO: [ view_filter ] --END-- [ RunTime:0.019239s ]
INFO: [ app_end ] --START--
INFO: Run Behavior\ShowPageTraceBehavior [ RunTime:0.008258s ]
INFO: [ app_end ] --END-- [ RunTime:0.008403s ]

[ 2016-08-20T17:49:48+08:00 ] 127.0.0.1 /FastPHP/validate.js
INFO: [ app_init ] --START--
INFO: Run Behavior\BuildLiteBehavior [ RunTime:0.000020s ]
INFO: [ app_init ] --END-- [ RunTime:0.000659s ]
INFO: [ app_begin ] --START--
INFO: Run Behavior\ReadHtmlCacheBehavior [ RunTime:0.000953s ]
INFO: [ app_begin ] --END-- [ RunTime:0.001028s ]
SQL: SHOW COLUMNS FROM `xy_ticket` [ RunTime:0.0233s ]
SQL: SHOW COLUMNS FROM `xy_movie` [ RunTime:0.0086s ]
SQL: SHOW COLUMNS FROM `xy_cinema` [ RunTime:0.0090s ]
SQL: SHOW COLUMNS FROM `xy_room` [ RunTime:0.0090s ]
SQL: SHOW COLUMNS FROM `xy_order` [ RunTime:0.0074s ]
SQL: SHOW COLUMNS FROM `xy_user` [ RunTime:0.0228s ]
SQL: SHOW COLUMNS FROM `xy_comment` [ RunTime:0.0097s ]
SQL: SHOW COLUMNS FROM `xy_employ` [ RunTime:0.0154s ]
SQL: SHOW COLUMNS FROM `xy_notice` [ RunTime:0.0053s ]
SQL: SHOW COLUMNS FROM `xy_wantmovie` [ RunTime:0.0166s ]
SQL: SHOW COLUMNS FROM `xy_stage` [ RunTime:0.0092s ]
INFO: [ view_parse ] --START--
INFO: [ template_filter ] --START--
INFO: Run Behavior\ContentReplaceBehavior [ RunTime:0.000044s ]
INFO: [ template_filter ] --END-- [ RunTime:0.000104s ]
INFO: Run Behavior\ParseTemplateBehavior [ RunTime:0.013561s ]
INFO: [ view_parse ] --END-- [ RunTime:0.013733s ]
INFO: [ view_filter ] --START--
INFO: Run Behavior\WriteHtmlCacheBehavior [ RunTime:0.000575s ]
INFO: [ view_filter ] --END-- [ RunTime:0.000651s ]
INFO: [ app_end ] --START--
INFO: Run Behavior\ShowPageTraceBehavior [ RunTime:0.000823s ]
INFO: [ app_end ] --END-- [ RunTime:0.000893s ]

[ 2016-08-20T23:10:30+08:00 ] 127.0.0.1 /FastPHP/css/img/bg.jpg
INFO: [ app_init ] --START--
INFO: Run Behavior\BuildLiteBehavior [ RunTime:0.000017s ]
INFO: [ app_init ] --END-- [ RunTime:0.009803s ]

[ 2016-08-20T23:10:55+08:00 ] 127.0.0.1 /FastPHP/css/img/bg.jpg
INFO: [ app_init ] --START--
INFO: Run Behavior\BuildLiteBehavior [ RunTime:0.000014s ]
INFO: [ app_init ] --END-- [ RunTime:0.000405s ]

