[ 2016-08-23T01:03:20+08:00 ] 127.0.0.1 /cinema/home/Home/index
INFO: [ app_init ] --START--
INFO: Run Behavior\BuildLiteBehavior [ RunTime:0.000014s ]
INFO: [ app_init ] --END-- [ RunTime:0.000322s ]
INFO: [ app_begin ] --START--
INFO: Run Behavior\ReadHtmlCacheBehavior [ RunTime:0.000455s ]
INFO: [ app_begin ] --END-- [ RunTime:0.000510s ]
SQL: SHOW COLUMNS FROM `xy_ticket` [ RunTime:0.0553s ]
SQL: SHOW COLUMNS FROM `xy_movie` [ RunTime:0.0329s ]
SQL: SHOW COLUMNS FROM `xy_cinema` [ RunTime:0.0908s ]
SQL: SHOW COLUMNS FROM `xy_room` [ RunTime:0.0263s ]
SQL: SHOW COLUMNS FROM `xy_order` [ RunTime:0.0533s ]
SQL: SHOW COLUMNS FROM `xy_user` [ RunTime:0.0183s ]
SQL: SHOW COLUMNS FROM `xy_comment` [ RunTime:0.0045s ]
SQL: SHOW COLUMNS FROM `xy_employ` [ RunTime:0.0063s ]
SQL: SHOW COLUMNS FROM `xy_notice` [ RunTime:0.0038s ]
SQL: SHOW COLUMNS FROM `xy_wantmovie` [ RunTime:0.0066s ]
SQL: SHOW COLUMNS FROM `xy_stage` [ RunTime:0.0046s ]
SQL: SELECT * FROM `xy_movie` WHERE ( m_delflag=0 ) ORDER BY m_showdate  [ RunTime:0.0007s ]
INFO: [ view_parse ] --START--
INFO: [ template_filter ] --START--
INFO: Run Behavior\ContentReplaceBehavior [ RunTime:0.000094s ]
INFO: [ template_filter ] --END-- [ RunTime:0.000167s ]
INFO: Run Behavior\ParseTemplateBehavior [ RunTime:0.108062s ]
INFO: [ view_parse ] --END-- [ RunTime:0.108123s ]
INFO: [ view_filter ] --START--
INFO: Run Behavior\WriteHtmlCacheBehavior [ RunTime:0.000327s ]
INFO: [ view_filter ] --END-- [ RunTime:0.000361s ]
INFO: [ app_end ] --START--
INFO: Run Behavior\ShowPageTraceBehavior [ RunTime:0.000923s ]
INFO: [ app_end ] --END-- [ RunTime:0.001022s ]

[ 2016-08-23T01:03:21+08:00 ] 127.0.0.1 /cinema/Home/Home/getlocation
INFO: [ app_init ] --START--
INFO: Run Behavior\BuildLiteBehavior [ RunTime:0.000020s ]
INFO: [ app_init ] --END-- [ RunTime:0.000525s ]
INFO: [ app_begin ] --START--
INFO: Run Behavior\ReadHtmlCacheBehavior [ RunTime:0.000791s ]
INFO: [ app_begin ] --END-- [ RunTime:0.000869s ]
SQL: SHOW COLUMNS FROM `xy_ticket` [ RunTime:0.0145s ]
SQL: SHOW COLUMNS FROM `xy_movie` [ RunTime:0.0188s ]
SQL: SHOW COLUMNS FROM `xy_cinema` [ RunTime:0.0329s ]
SQL: SHOW COLUMNS FROM `xy_room` [ RunTime:0.0197s ]
SQL: SHOW COLUMNS FROM `xy_order` [ RunTime:0.0110s ]
SQL: SHOW COLUMNS FROM `xy_user` [ RunTime:0.0088s ]
SQL: SHOW COLUMNS FROM `xy_comment` [ RunTime:0.0076s ]
SQL: SHOW COLUMNS FROM `xy_employ` [ RunTime:0.0149s ]
SQL: SHOW COLUMNS FROM `xy_notice` [ RunTime:0.0048s ]
SQL: SHOW COLUMNS FROM `xy_wantmovie` [ RunTime:0.0102s ]
SQL: SHOW COLUMNS FROM `xy_stage` [ RunTime:0.0079s ]
SQL: SELECT DISTINCT  `c_location` FROM `xy_cinema` WHERE ( c_delflag=0 )  [ RunTime:0.0006s ]
INFO: [ app_end ] --START--
INFO: Run Behavior\ShowPageTraceBehavior [ RunTime:0.000651s ]
INFO: [ app_end ] --END-- [ RunTime:0.000711s ]

[ 2016-08-23T01:03:21+08:00 ] 127.0.0.1 /cinema/Home/Home/getcity
INFO: [ app_init ] --START--
INFO: Run Behavior\BuildLiteBehavior [ RunTime:0.000018s ]
INFO: [ app_init ] --END-- [ RunTime:0.000341s ]
INFO: [ app_begin ] --START--
INFO: Run Behavior\ReadHtmlCacheBehavior [ RunTime:0.000392s ]
INFO: [ app_begin ] --END-- [ RunTime:0.000428s ]
SQL: SHOW COLUMNS FROM `xy_ticket` [ RunTime:0.0054s ]
SQL: SHOW COLUMNS FROM `xy_movie` [ RunTime:0.0040s ]
SQL: SHOW COLUMNS FROM `xy_cinema` [ RunTime:0.0042s ]
SQL: SHOW COLUMNS FROM `xy_room` [ RunTime:0.0036s ]
SQL: SHOW COLUMNS FROM `xy_order` [ RunTime:0.0055s ]
SQL: SHOW COLUMNS FROM `xy_user` [ RunTime:0.0042s ]
SQL: SHOW COLUMNS FROM `xy_comment` [ RunTime:0.0040s ]
SQL: SHOW COLUMNS FROM `xy_employ` [ RunTime:0.0040s ]
SQL: SHOW COLUMNS FROM `xy_notice` [ RunTime:0.0044s ]
SQL: SHOW COLUMNS FROM `xy_wantmovie` [ RunTime:0.0036s ]
SQL: SHOW COLUMNS FROM `xy_stage` [ RunTime:0.0054s ]
SQL: SELECT `c_location` FROM `xy_cinema` WHERE ( c_delflag=0 )  [ RunTime:0.0003s ]
INFO: [ app_end ] --START--
INFO: Run Behavior\ShowPageTraceBehavior [ RunTime:0.000698s ]
INFO: [ app_end ] --END-- [ RunTime:0.000746s ]

[ 2016-08-23T01:03:21+08:00 ] 127.0.0.1 /cinema/Home/Home/getcinema
INFO: [ app_init ] --START--
INFO: Run Behavior\BuildLiteBehavior [ RunTime:0.000011s ]
INFO: [ app_init ] --END-- [ RunTime:0.000309s ]
INFO: [ app_begin ] --START--
INFO: Run Behavior\ReadHtmlCacheBehavior [ RunTime:0.000370s ]
INFO: [ app_begin ] --END-- [ RunTime:0.000417s ]
SQL: SHOW COLUMNS FROM `xy_ticket` [ RunTime:0.0045s ]
SQL: SHOW COLUMNS FROM `xy_movie` [ RunTime:0.0043s ]
SQL: SHOW COLUMNS FROM `xy_cinema` [ RunTime:0.0047s ]
SQL: SHOW COLUMNS FROM `xy_room` [ RunTime:0.0045s ]
SQL: SHOW COLUMNS FROM `xy_order` [ RunTime:0.0058s ]
SQL: SHOW COLUMNS FROM `xy_user` [ RunTime:0.0039s ]
SQL: SHOW COLUMNS FROM `xy_comment` [ RunTime:0.0038s ]
SQL: SHOW COLUMNS FROM `xy_employ` [ RunTime:0.0041s ]
SQL: SHOW COLUMNS FROM `xy_notice` [ RunTime:0.0040s ]
SQL: SHOW COLUMNS FROM `xy_wantmovie` [ RunTime:0.0040s ]
SQL: SHOW COLUMNS FROM `xy_stage` [ RunTime:0.0038s ]
SQL: SELECT `c_id`,`c_name` FROM `xy_cinema` WHERE ( c_delflag=0 and c_location='湛江' )  [ RunTime:0.0003s ]
INFO: [ app_end ] --START--
INFO: Run Behavior\ShowPageTraceBehavior [ RunTime:0.000627s ]
INFO: [ app_end ] --END-- [ RunTime:0.000665s ]

[ 2016-08-23T01:03:21+08:00 ] 127.0.0.1 /cinema/Home/Home/getmovie
INFO: [ app_init ] --START--
INFO: Run Behavior\BuildLiteBehavior [ RunTime:0.000012s ]
INFO: [ app_init ] --END-- [ RunTime:0.000284s ]
INFO: [ app_begin ] --START--
INFO: Run Behavior\ReadHtmlCacheBehavior [ RunTime:0.000427s ]
INFO: [ app_begin ] --END-- [ RunTime:0.000482s ]
SQL: SHOW COLUMNS FROM `xy_ticket` [ RunTime:0.0041s ]
SQL: SHOW COLUMNS FROM `xy_movie` [ RunTime:0.0040s ]
SQL: SHOW COLUMNS FROM `xy_cinema` [ RunTime:0.0040s ]
SQL: SHOW COLUMNS FROM `xy_room` [ RunTime:0.0044s ]
SQL: SHOW COLUMNS FROM `xy_order` [ RunTime:0.0038s ]
SQL: SHOW COLUMNS FROM `xy_user` [ RunTime:0.0038s ]
SQL: SHOW COLUMNS FROM `xy_comment` [ RunTime:0.0036s ]
SQL: SHOW COLUMNS FROM `xy_employ` [ RunTime:0.0038s ]
SQL: SHOW COLUMNS FROM `xy_notice` [ RunTime:0.0040s ]
SQL: SHOW COLUMNS FROM `xy_wantmovie` [ RunTime:0.0035s ]
SQL: SHOW COLUMNS FROM `xy_stage` [ RunTime:0.0035s ]
SQL: SELECT DISTINCT  `t_id`,`t_movieid`,`t_date`,`t_time` FROM `xy_ticket` WHERE ( t_delflag=0 and t_cinemaid=1 and t_issale=1 )  [ RunTime:0.0003s ]
INFO: [ app_end ] --START--
INFO: Run Behavior\ShowPageTraceBehavior [ RunTime:0.000637s ]
INFO: [ app_end ] --END-- [ RunTime:0.000678s ]

[ 2016-08-23T01:03:22+08:00 ] 127.0.0.1 /cinema/Home/Manager/login
INFO: [ app_init ] --START--
INFO: Run Behavior\BuildLiteBehavior [ RunTime:0.000020s ]
INFO: [ app_init ] --END-- [ RunTime:0.000465s ]
INFO: [ app_begin ] --START--
INFO: Run Behavior\ReadHtmlCacheBehavior [ RunTime:0.000656s ]
INFO: [ app_begin ] --END-- [ RunTime:0.000756s ]
INFO: [ view_parse ] --START--
INFO: [ template_filter ] --START--
INFO: Run Behavior\ContentReplaceBehavior [ RunTime:0.000055s ]
INFO: [ template_filter ] --END-- [ RunTime:0.000113s ]
INFO: Run Behavior\ParseTemplateBehavior [ RunTime:0.021596s ]
INFO: [ view_parse ] --END-- [ RunTime:0.021687s ]
INFO: [ view_filter ] --START--
INFO: Run Behavior\WriteHtmlCacheBehavior [ RunTime:0.000481s ]
INFO: [ view_filter ] --END-- [ RunTime:0.000536s ]
INFO: [ app_end ] --START--
INFO: Run Behavior\ShowPageTraceBehavior [ RunTime:0.000772s ]
INFO: [ app_end ] --END-- [ RunTime:0.000834s ]

[ 2016-08-23T01:03:22+08:00 ] 127.0.0.1 /cinema/Home/Manager/verifyImg
INFO: [ app_init ] --START--
INFO: Run Behavior\BuildLiteBehavior [ RunTime:0.000019s ]
INFO: [ app_init ] --END-- [ RunTime:0.000489s ]
INFO: [ app_begin ] --START--
INFO: Run Behavior\ReadHtmlCacheBehavior [ RunTime:0.000460s ]
INFO: [ app_begin ] --END-- [ RunTime:0.000512s ]

[ 2016-08-23T01:03:24+08:00 ] 127.0.0.1 /cinema/Home/Manager/verifyImg/0.2246777699328959
INFO: [ app_init ] --START--
INFO: Run Behavior\BuildLiteBehavior [ RunTime:0.000013s ]
INFO: [ app_init ] --END-- [ RunTime:0.000332s ]
INFO: [ app_begin ] --START--
INFO: Run Behavior\ReadHtmlCacheBehavior [ RunTime:0.000393s ]
INFO: [ app_begin ] --END-- [ RunTime:0.000435s ]

[ 2016-08-23T01:08:35+08:00 ] 127.0.0.1 /cinema/Home/Manager/login
INFO: [ app_init ] --START--
INFO: Run Behavior\BuildLiteBehavior [ RunTime:0.000015s ]
INFO: [ app_init ] --END-- [ RunTime:0.000378s ]
INFO: [ app_begin ] --START--
INFO: Run Behavior\ReadHtmlCacheBehavior [ RunTime:0.000641s ]
INFO: [ app_begin ] --END-- [ RunTime:0.000722s ]
INFO: [ view_parse ] --START--
INFO: [ template_filter ] --START--
INFO: Run Behavior\ContentReplaceBehavior [ RunTime:0.000087s ]
INFO: [ template_filter ] --END-- [ RunTime:0.000162s ]
INFO: Run Behavior\ParseTemplateBehavior [ RunTime:0.008737s ]
INFO: [ view_parse ] --END-- [ RunTime:0.008823s ]
INFO: [ view_filter ] --START--
INFO: Run Behavior\WriteHtmlCacheBehavior [ RunTime:0.000456s ]
INFO: [ view_filter ] --END-- [ RunTime:0.000513s ]
INFO: [ app_end ] --START--
INFO: Run Behavior\ShowPageTraceBehavior [ RunTime:0.000640s ]
INFO: [ app_end ] --END-- [ RunTime:0.000691s ]

[ 2016-08-23T01:08:35+08:00 ] 127.0.0.1 /cinema/Home/Manager/verifyImg
INFO: [ app_init ] --START--
INFO: Run Behavior\BuildLiteBehavior [ RunTime:0.000023s ]
INFO: [ app_init ] --END-- [ RunTime:0.000493s ]
INFO: [ app_begin ] --START--
INFO: Run Behavior\ReadHtmlCacheBehavior [ RunTime:0.000747s ]
INFO: [ app_begin ] --END-- [ RunTime:0.000835s ]
INFO: [ app_end ] --START--
INFO: Run Behavior\ShowPageTraceBehavior [ RunTime:0.001031s ]
INFO: [ app_end ] --END-- [ RunTime:0.001156s ]

[ 2016-08-23T13:37:21+08:00 ] 127.0.0.1 /cinema/Home/Manager/verifyImg
INFO: [ app_init ] --START--
INFO: Run Behavior\BuildLiteBehavior [ RunTime:0.000017s ]
INFO: [ app_init ] --END-- [ RunTime:0.009502s ]
INFO: [ app_begin ] --START--
INFO: Run Behavior\ReadHtmlCacheBehavior [ RunTime:0.011147s ]
INFO: [ app_begin ] --END-- [ RunTime:0.011214s ]

[ 2016-08-23T13:37:33+08:00 ] 127.0.0.1 /cinema/Home/Manager/verifyImg
INFO: [ app_init ] --START--
INFO: Run Behavior\BuildLiteBehavior [ RunTime:0.000014s ]
INFO: [ app_init ] --END-- [ RunTime:0.000421s ]
INFO: [ app_begin ] --START--
INFO: Run Behavior\ReadHtmlCacheBehavior [ RunTime:0.000593s ]
INFO: [ app_begin ] --END-- [ RunTime:0.000646s ]
INFO: [ app_end ] --START--
INFO: Run Behavior\ShowPageTraceBehavior [ RunTime:0.011482s ]
INFO: [ app_end ] --END-- [ RunTime:0.011570s ]

[ 2016-08-23T13:44:40+08:00 ] 127.0.0.1 /cinema/Home/Manager/login%E3%80%81
INFO: [ app_init ] --START--
INFO: Run Behavior\BuildLiteBehavior [ RunTime:0.000021s ]
INFO: [ app_init ] --END-- [ RunTime:0.000564s ]
INFO: [ app_begin ] --START--
INFO: Run Behavior\ReadHtmlCacheBehavior [ RunTime:0.000796s ]
INFO: [ app_begin ] --END-- [ RunTime:0.000860s ]
INFO: [ view_parse ] --START--
INFO: [ template_filter ] --START--
INFO: Run Behavior\ContentReplaceBehavior [ RunTime:0.000038s ]
INFO: [ template_filter ] --END-- [ RunTime:0.000098s ]
INFO: Run Behavior\ParseTemplateBehavior [ RunTime:0.087620s ]
INFO: [ view_parse ] --END-- [ RunTime:0.087709s ]
INFO: [ view_filter ] --START--
INFO: Run Behavior\WriteHtmlCacheBehavior [ RunTime:0.005845s ]
INFO: [ view_filter ] --END-- [ RunTime:0.005896s ]
INFO: [ app_end ] --START--
INFO: Run Behavior\ShowPageTraceBehavior [ RunTime:0.000557s ]
INFO: [ app_end ] --END-- [ RunTime:0.000601s ]

[ 2016-08-23T13:44:42+08:00 ] 127.0.0.1 /cinema/Home/Manager/login
INFO: [ app_init ] --START--
INFO: Run Behavior\BuildLiteBehavior [ RunTime:0.000012s ]
INFO: [ app_init ] --END-- [ RunTime:0.000335s ]
INFO: [ app_begin ] --START--
INFO: Run Behavior\ReadHtmlCacheBehavior [ RunTime:0.000508s ]
INFO: [ app_begin ] --END-- [ RunTime:0.000549s ]
INFO: [ view_parse ] --START--
INFO: [ template_filter ] --START--
INFO: Run Behavior\ContentReplaceBehavior [ RunTime:0.000084s ]
INFO: [ template_filter ] --END-- [ RunTime:0.000162s ]
INFO: Run Behavior\ParseTemplateBehavior [ RunTime:0.016397s ]
INFO: [ view_parse ] --END-- [ RunTime:0.016461s ]
INFO: [ view_filter ] --START--
INFO: Run Behavior\WriteHtmlCacheBehavior [ RunTime:0.000395s ]
INFO: [ view_filter ] --END-- [ RunTime:0.000438s ]
INFO: [ app_end ] --START--
INFO: Run Behavior\ShowPageTraceBehavior [ RunTime:0.000576s ]
INFO: [ app_end ] --END-- [ RunTime:0.000627s ]

[ 2016-08-23T13:44:42+08:00 ] 127.0.0.1 /cinema/Home/Manager/verifyImg
INFO: [ app_init ] --START--
INFO: Run Behavior\BuildLiteBehavior [ RunTime:0.000018s ]
INFO: [ app_init ] --END-- [ RunTime:0.000563s ]
INFO: [ app_begin ] --START--
INFO: Run Behavior\ReadHtmlCacheBehavior [ RunTime:0.000599s ]
INFO: [ app_begin ] --END-- [ RunTime:0.000662s ]
INFO: [ app_end ] --START--
INFO: Run Behavior\ShowPageTraceBehavior [ RunTime:0.000594s ]
INFO: [ app_end ] --END-- [ RunTime:0.000662s ]

[ 2016-08-23T13:44:45+08:00 ] 127.0.0.1 /cinema/Home/Manager/verifyImg/0.4928458728827536
INFO: [ app_init ] --START--
INFO: Run Behavior\BuildLiteBehavior [ RunTime:0.000022s ]
INFO: [ app_init ] --END-- [ RunTime:0.000688s ]
INFO: [ app_begin ] --START--
INFO: Run Behavior\ReadHtmlCacheBehavior [ RunTime:0.000790s ]
INFO: [ app_begin ] --END-- [ RunTime:0.000875s ]
INFO: [ app_end ] --START--
INFO: Run Behavior\ShowPageTraceBehavior [ RunTime:0.000727s ]
INFO: [ app_end ] --END-- [ RunTime:0.000816s ]

[ 2016-08-23T13:44:45+08:00 ] 127.0.0.1 /cinema/Home/Manager/verifyImg/0.1900515623856336
INFO: [ app_init ] --START--
INFO: Run Behavior\BuildLiteBehavior [ RunTime:0.000012s ]
INFO: [ app_init ] --END-- [ RunTime:0.000308s ]
INFO: [ app_begin ] --START--
INFO: Run Behavior\ReadHtmlCacheBehavior [ RunTime:0.000466s ]
INFO: [ app_begin ] --END-- [ RunTime:0.000505s ]
INFO: [ app_end ] --START--
INFO: Run Behavior\ShowPageTraceBehavior [ RunTime:0.000537s ]
INFO: [ app_end ] --END-- [ RunTime:0.000595s ]

[ 2016-08-23T13:48:07+08:00 ] 127.0.0.1 /cinema/Home/Manager/login
INFO: [ app_init ] --START--
INFO: Run Behavior\BuildLiteBehavior [ RunTime:0.000013s ]
INFO: [ app_init ] --END-- [ RunTime:0.000344s ]
INFO: [ app_begin ] --START--
INFO: Run Behavior\ReadHtmlCacheBehavior [ RunTime:0.000484s ]
INFO: [ app_begin ] --END-- [ RunTime:0.000528s ]
INFO: [ view_parse ] --START--
INFO: [ template_filter ] --START--
INFO: Run Behavior\ContentReplaceBehavior [ RunTime:0.000058s ]
INFO: [ template_filter ] --END-- [ RunTime:0.000114s ]
INFO: Run Behavior\ParseTemplateBehavior [ RunTime:0.006649s ]
INFO: [ view_parse ] --END-- [ RunTime:0.006710s ]
INFO: [ view_filter ] --START--
INFO: Run Behavior\WriteHtmlCacheBehavior [ RunTime:0.000355s ]
INFO: [ view_filter ] --END-- [ RunTime:0.000394s ]
INFO: [ app_end ] --START--
INFO: Run Behavior\ShowPageTraceBehavior [ RunTime:0.000568s ]
INFO: [ app_end ] --END-- [ RunTime:0.000607s ]

[ 2016-08-23T13:48:07+08:00 ] 127.0.0.1 /cinema/Home/Manager/verifyImg
INFO: [ app_init ] --START--
INFO: Run Behavior\BuildLiteBehavior [ RunTime:0.000020s ]
INFO: [ app_init ] --END-- [ RunTime:0.000483s ]
INFO: [ app_begin ] --START--
INFO: Run Behavior\ReadHtmlCacheBehavior [ RunTime:0.000599s ]
INFO: [ app_begin ] --END-- [ RunTime:0.000667s ]
INFO: [ app_end ] --START--
INFO: Run Behavior\ShowPageTraceBehavior [ RunTime:0.000925s ]
INFO: [ app_end ] --END-- [ RunTime:0.001039s ]

[ 2016-08-23T13:58:41+08:00 ] 127.0.0.1 /cinema/Home/Manager/verifyImg
INFO: [ app_init ] --START--
INFO: Run Behavior\BuildLiteBehavior [ RunTime:0.000015s ]
INFO: [ app_init ] --END-- [ RunTime:0.000434s ]
INFO: [ app_begin ] --START--
INFO: Run Behavior\ReadHtmlCacheBehavior [ RunTime:0.000678s ]
INFO: [ app_begin ] --END-- [ RunTime:0.000741s ]
INFO: [ app_end ] --START--
INFO: Run Behavior\ShowPageTraceBehavior [ RunTime:0.000995s ]
INFO: [ app_end ] --END-- [ RunTime:0.001082s ]

[ 2016-08-23T14:00:33+08:00 ] 127.0.0.1 /cinema/Home/Manager/verifyImg
INFO: [ app_init ] --START--
INFO: Run Behavior\BuildLiteBehavior [ RunTime:0.000011s ]
INFO: [ app_init ] --END-- [ RunTime:0.000309s ]
INFO: [ app_begin ] --START--
INFO: Run Behavior\ReadHtmlCacheBehavior [ RunTime:0.000466s ]
INFO: [ app_begin ] --END-- [ RunTime:0.000506s ]
INFO: [ app_end ] --START--
INFO: Run Behavior\ShowPageTraceBehavior [ RunTime:0.000931s ]
INFO: [ app_end ] --END-- [ RunTime:0.001027s ]

[ 2016-08-23T14:01:44+08:00 ] 127.0.0.1 /cinema/Home/Manager/verifyImg
INFO: [ app_init ] --START--
INFO: Run Behavior\BuildLiteBehavior [ RunTime:0.000013s ]
INFO: [ app_init ] --END-- [ RunTime:0.000353s ]
INFO: [ app_begin ] --START--
INFO: Run Behavior\ReadHtmlCacheBehavior [ RunTime:0.000540s ]
INFO: [ app_begin ] --END-- [ RunTime:0.000579s ]
INFO: [ app_end ] --START--
INFO: Run Behavior\ShowPageTraceBehavior [ RunTime:0.000730s ]
INFO: [ app_end ] --END-- [ RunTime:0.000824s ]

[ 2016-08-23T14:01:48+08:00 ] 127.0.0.1 /cinema/Home/Manager/verifyImg
INFO: [ app_init ] --START--
INFO: Run Behavior\BuildLiteBehavior [ RunTime:0.000013s ]
INFO: [ app_init ] --END-- [ RunTime:0.000387s ]
INFO: [ app_begin ] --START--
INFO: Run Behavior\ReadHtmlCacheBehavior [ RunTime:0.000527s ]
INFO: [ app_begin ] --END-- [ RunTime:0.000569s ]
INFO: [ app_end ] --START--
INFO: Run Behavior\ShowPageTraceBehavior [ RunTime:0.000511s ]
INFO: [ app_end ] --END-- [ RunTime:0.000581s ]

[ 2016-08-23T14:02:50+08:00 ] 127.0.0.1 /cinema/Home/Manager/verifyImg
INFO: [ app_init ] --START--
INFO: Run Behavior\BuildLiteBehavior [ RunTime:0.000017s ]
INFO: [ app_init ] --END-- [ RunTime:0.000437s ]
INFO: [ app_begin ] --START--
INFO: Run Behavior\ReadHtmlCacheBehavior [ RunTime:0.000621s ]
INFO: [ app_begin ] --END-- [ RunTime:0.000673s ]
INFO: [ app_end ] --START--
INFO: Run Behavior\ShowPageTraceBehavior [ RunTime:0.000755s ]
INFO: [ app_end ] --END-- [ RunTime:0.000831s ]

[ 2016-08-23T14:12:17+08:00 ] 127.0.0.1 /cinema/Home/Manager/verifyImg
INFO: [ app_init ] --START--
INFO: Run Behavior\BuildLiteBehavior [ RunTime:0.000023s ]
INFO: [ app_init ] --END-- [ RunTime:0.000564s ]
INFO: [ app_begin ] --START--
INFO: Run Behavior\ReadHtmlCacheBehavior [ RunTime:0.000906s ]
INFO: [ app_begin ] --END-- [ RunTime:0.000983s ]
INFO: [ app_end ] --START--
INFO: Run Behavior\ShowPageTraceBehavior [ RunTime:0.000901s ]
INFO: [ app_end ] --END-- [ RunTime:0.001030s ]

[ 2016-08-23T14:12:29+08:00 ] 127.0.0.1 /cinema/Home/Manager/verifyImg
INFO: [ app_init ] --START--
INFO: Run Behavior\BuildLiteBehavior [ RunTime:0.000011s ]
INFO: [ app_init ] --END-- [ RunTime:0.000317s ]
INFO: [ app_begin ] --START--
INFO: Run Behavior\ReadHtmlCacheBehavior [ RunTime:0.000465s ]
INFO: [ app_begin ] --END-- [ RunTime:0.000516s ]
INFO: [ app_end ] --START--
INFO: Run Behavior\ShowPageTraceBehavior [ RunTime:0.000674s ]
INFO: [ app_end ] --END-- [ RunTime:0.000748s ]

[ 2016-08-23T14:26:45+08:00 ] 127.0.0.1 /favicon.ico
INFO: [ app_init ] --START--
INFO: Run Behavior\BuildLiteBehavior [ RunTime:0.000014s ]
INFO: [ app_init ] --END-- [ RunTime:0.000467s ]

[ 2016-08-23T14:26:45+08:00 ] 127.0.0.1 /favicon.ico
INFO: [ app_init ] --START--
INFO: Run Behavior\BuildLiteBehavior [ RunTime:0.000012s ]
INFO: [ app_init ] --END-- [ RunTime:0.000294s ]

