[ 2016-08-09T19:28:30+08:00 ] 127.0.0.1 /cinema/
INFO: [ app_init ] --START--
INFO: Run Behavior\BuildLiteBehavior [ RunTime:0.000017s ]
INFO: [ app_init ] --END-- [ RunTime:0.010374s ]
INFO: [ app_begin ] --START--
INFO: Run Behavior\ReadHtmlCacheBehavior [ RunTime:0.009826s ]
INFO: [ app_begin ] --END-- [ RunTime:0.009895s ]
SQL: SHOW COLUMNS FROM `xy_ticket` [ RunTime:0.0152s ]
SQL: SHOW COLUMNS FROM `xy_movie` [ RunTime:0.0072s ]
SQL: SHOW COLUMNS FROM `xy_cinema` [ RunTime:0.0069s ]
SQL: SHOW COLUMNS FROM `xy_room` [ RunTime:0.0071s ]
SQL: SHOW COLUMNS FROM `xy_order` [ RunTime:0.0072s ]
SQL: SHOW COLUMNS FROM `xy_user` [ RunTime:0.0067s ]
SQL: SHOW COLUMNS FROM `xy_comment` [ RunTime:0.0046s ]
SQL: SHOW COLUMNS FROM `xy_employ` [ RunTime:0.0068s ]
SQL: SHOW COLUMNS FROM `xy_notice` [ RunTime:0.0043s ]
SQL: SHOW COLUMNS FROM `xy_wantmovie` [ RunTime:0.0267s ]
SQL: SHOW COLUMNS FROM `xy_stage` [ RunTime:0.0042s ]
SQL: SELECT * FROM `xy_movie` WHERE ( m_delflag=0 ) ORDER BY m_showdate  [ RunTime:0.0077s ]
INFO: [ view_parse ] --START--
INFO: [ template_filter ] --START--
INFO: Run Behavior\ContentReplaceBehavior [ RunTime:0.000106s ]
INFO: [ template_filter ] --END-- [ RunTime:0.000157s ]
INFO: Run Behavior\ParseTemplateBehavior [ RunTime:0.292286s ]
INFO: [ view_parse ] --END-- [ RunTime:0.292374s ]
INFO: [ view_filter ] --START--
INFO: Run Behavior\WriteHtmlCacheBehavior [ RunTime:0.023232s ]
INFO: [ view_filter ] --END-- [ RunTime:0.023297s ]
INFO: [ app_end ] --START--
INFO: Run Behavior\ShowPageTraceBehavior [ RunTime:0.274202s ]
INFO: [ app_end ] --END-- [ RunTime:0.274285s ]

[ 2016-08-09T19:28:31+08:00 ] 127.0.0.1 /cinema/Home/Home/getlocation
INFO: [ app_init ] --START--
INFO: Run Behavior\BuildLiteBehavior [ RunTime:0.000019s ]
INFO: [ app_init ] --END-- [ RunTime:0.000570s ]
INFO: [ app_begin ] --START--
INFO: Run Behavior\ReadHtmlCacheBehavior [ RunTime:0.000897s ]
INFO: [ app_begin ] --END-- [ RunTime:0.000981s ]
SQL: SHOW COLUMNS FROM `xy_ticket` [ RunTime:0.0305s ]
SQL: SHOW COLUMNS FROM `xy_movie` [ RunTime:0.0220s ]
SQL: SHOW COLUMNS FROM `xy_cinema` [ RunTime:0.0330s ]
SQL: SHOW COLUMNS FROM `xy_room` [ RunTime:0.0116s ]
SQL: SHOW COLUMNS FROM `xy_order` [ RunTime:0.0702s ]
SQL: SHOW COLUMNS FROM `xy_user` [ RunTime:0.0213s ]
SQL: SHOW COLUMNS FROM `xy_comment` [ RunTime:0.0081s ]
SQL: SHOW COLUMNS FROM `xy_employ` [ RunTime:0.0132s ]
SQL: SHOW COLUMNS FROM `xy_notice` [ RunTime:0.0443s ]
SQL: SHOW COLUMNS FROM `xy_wantmovie` [ RunTime:0.0151s ]
SQL: SHOW COLUMNS FROM `xy_stage` [ RunTime:0.2485s ]
SQL: SELECT DISTINCT  `c_location` FROM `xy_cinema` WHERE ( c_delflag=0 )  [ RunTime:0.0005s ]
INFO: [ app_end ] --START--
INFO: Run Behavior\ShowPageTraceBehavior [ RunTime:0.000747s ]
INFO: [ app_end ] --END-- [ RunTime:0.000808s ]

[ 2016-08-09T19:28:32+08:00 ] 127.0.0.1 /cinema/Home/Home/getcity
INFO: [ app_init ] --START--
INFO: Run Behavior\BuildLiteBehavior [ RunTime:0.000013s ]
INFO: [ app_init ] --END-- [ RunTime:0.000353s ]
INFO: [ app_begin ] --START--
INFO: Run Behavior\ReadHtmlCacheBehavior [ RunTime:0.000508s ]
INFO: [ app_begin ] --END-- [ RunTime:0.000545s ]
SQL: SHOW COLUMNS FROM `xy_ticket` [ RunTime:0.0044s ]
SQL: SHOW COLUMNS FROM `xy_movie` [ RunTime:0.0043s ]
SQL: SHOW COLUMNS FROM `xy_cinema` [ RunTime:0.0048s ]
SQL: SHOW COLUMNS FROM `xy_room` [ RunTime:0.0041s ]
SQL: SHOW COLUMNS FROM `xy_order` [ RunTime:0.0040s ]
SQL: SHOW COLUMNS FROM `xy_user` [ RunTime:0.0112s ]
SQL: SHOW COLUMNS FROM `xy_comment` [ RunTime:0.0064s ]
SQL: SHOW COLUMNS FROM `xy_employ` [ RunTime:0.0068s ]
SQL: SHOW COLUMNS FROM `xy_notice` [ RunTime:0.0039s ]
SQL: SHOW COLUMNS FROM `xy_wantmovie` [ RunTime:0.0069s ]
SQL: SHOW COLUMNS FROM `xy_stage` [ RunTime:0.0040s ]
SQL: SELECT `c_location` FROM `xy_cinema` WHERE ( c_delflag=0 )  [ RunTime:0.0003s ]
INFO: [ app_end ] --START--
INFO: Run Behavior\ShowPageTraceBehavior [ RunTime:0.000731s ]
INFO: [ app_end ] --END-- [ RunTime:0.000773s ]

[ 2016-08-09T19:28:32+08:00 ] 127.0.0.1 /cinema/Home/Home/getcinema
INFO: [ app_init ] --START--
INFO: Run Behavior\BuildLiteBehavior [ RunTime:0.000011s ]
INFO: [ app_init ] --END-- [ RunTime:0.000319s ]
INFO: [ app_begin ] --START--
INFO: Run Behavior\ReadHtmlCacheBehavior [ RunTime:0.000729s ]
INFO: [ app_begin ] --END-- [ RunTime:0.000788s ]
SQL: SHOW COLUMNS FROM `xy_ticket` [ RunTime:0.0225s ]
SQL: SHOW COLUMNS FROM `xy_movie` [ RunTime:0.0068s ]
SQL: SHOW COLUMNS FROM `xy_cinema` [ RunTime:0.0043s ]
SQL: SHOW COLUMNS FROM `xy_room` [ RunTime:0.0068s ]
SQL: SHOW COLUMNS FROM `xy_order` [ RunTime:0.0067s ]
SQL: SHOW COLUMNS FROM `xy_user` [ RunTime:0.0040s ]
SQL: SHOW COLUMNS FROM `xy_comment` [ RunTime:0.0043s ]
SQL: SHOW COLUMNS FROM `xy_employ` [ RunTime:0.0040s ]
SQL: SHOW COLUMNS FROM `xy_notice` [ RunTime:0.0041s ]
SQL: SHOW COLUMNS FROM `xy_wantmovie` [ RunTime:0.0043s ]
SQL: SHOW COLUMNS FROM `xy_stage` [ RunTime:0.0041s ]
SQL: SELECT `c_id`,`c_name` FROM `xy_cinema` WHERE ( c_delflag=0 and c_location='湛江' )  [ RunTime:0.0003s ]
INFO: [ app_end ] --START--
INFO: Run Behavior\ShowPageTraceBehavior [ RunTime:0.000714s ]
INFO: [ app_end ] --END-- [ RunTime:0.000755s ]

[ 2016-08-09T19:28:32+08:00 ] 127.0.0.1 /cinema/Home/Home/getmovie
INFO: [ app_init ] --START--
INFO: Run Behavior\BuildLiteBehavior [ RunTime:0.000011s ]
INFO: [ app_init ] --END-- [ RunTime:0.000404s ]
INFO: [ app_begin ] --START--
INFO: Run Behavior\ReadHtmlCacheBehavior [ RunTime:0.000569s ]
INFO: [ app_begin ] --END-- [ RunTime:0.000626s ]
SQL: SHOW COLUMNS FROM `xy_ticket` [ RunTime:0.0043s ]
SQL: SHOW COLUMNS FROM `xy_movie` [ RunTime:0.0056s ]
SQL: SHOW COLUMNS FROM `xy_cinema` [ RunTime:0.0044s ]
SQL: SHOW COLUMNS FROM `xy_room` [ RunTime:0.0042s ]
SQL: SHOW COLUMNS FROM `xy_order` [ RunTime:0.0041s ]
SQL: SHOW COLUMNS FROM `xy_user` [ RunTime:0.0042s ]
SQL: SHOW COLUMNS FROM `xy_comment` [ RunTime:0.0039s ]
SQL: SHOW COLUMNS FROM `xy_employ` [ RunTime:0.0043s ]
SQL: SHOW COLUMNS FROM `xy_notice` [ RunTime:0.0039s ]
SQL: SHOW COLUMNS FROM `xy_wantmovie` [ RunTime:0.0039s ]
SQL: SHOW COLUMNS FROM `xy_stage` [ RunTime:0.0040s ]
SQL: SELECT DISTINCT  `t_id`,`t_movieid`,`t_date`,`t_time` FROM `xy_ticket` WHERE ( t_delflag=0 and t_cinemaid=1 and t_issale=1 )  [ RunTime:0.0003s ]
SQL: SELECT `m_id`,`m_name` FROM `xy_movie` WHERE `m_id` = 9 LIMIT 1   [ RunTime:0.0003s ]
SQL: SELECT `m_id`,`m_name` FROM `xy_movie` WHERE `m_id` = 10 LIMIT 1   [ RunTime:0.0002s ]
SQL: SELECT `m_id`,`m_name` FROM `xy_movie` WHERE `m_id` = 13 LIMIT 1   [ RunTime:0.0002s ]
INFO: [ app_end ] --START--
INFO: Run Behavior\ShowPageTraceBehavior [ RunTime:0.000732s ]
INFO: [ app_end ] --END-- [ RunTime:0.000773s ]

