[ 2016-08-08T15:59:54+08:00 ] 127.0.0.1 /cinema/Home/Home/index.html
INFO: [ app_init ] --START--
INFO: Run Behavior\BuildLiteBehavior [ RunTime:0.000027s ]
INFO: [ app_init ] --END-- [ RunTime:0.072558s ]
INFO: [ app_begin ] --START--
INFO: Run Behavior\ReadHtmlCacheBehavior [ RunTime:0.099155s ]
INFO: [ app_begin ] --END-- [ RunTime:0.099223s ]
SQL: SHOW COLUMNS FROM `xy_ticket` [ RunTime:0.0452s ]
SQL: SHOW COLUMNS FROM `xy_movie` [ RunTime:0.2248s ]
SQL: SHOW COLUMNS FROM `xy_cinema` [ RunTime:0.0487s ]
SQL: SHOW COLUMNS FROM `xy_room` [ RunTime:0.0103s ]
SQL: SHOW COLUMNS FROM `xy_order` [ RunTime:0.0082s ]
SQL: SHOW COLUMNS FROM `xy_user` [ RunTime:0.0107s ]
SQL: SHOW COLUMNS FROM `xy_comment` [ RunTime:0.0052s ]
SQL: SHOW COLUMNS FROM `xy_employ` [ RunTime:0.0100s ]
SQL: SHOW COLUMNS FROM `xy_notice` [ RunTime:0.0179s ]
SQL: SHOW COLUMNS FROM `xy_wantmovie` [ RunTime:0.0108s ]
SQL: SHOW COLUMNS FROM `xy_stage` [ RunTime:0.0103s ]
SQL: SELECT * FROM `xy_movie` WHERE ( m_delflag=0 ) ORDER BY m_showdate  [ RunTime:0.0006s ]
INFO: [ view_parse ] --START--
INFO: [ template_filter ] --START--
INFO: Run Behavior\ContentReplaceBehavior [ RunTime:0.000103s ]
INFO: [ template_filter ] --END-- [ RunTime:0.000154s ]
INFO: Run Behavior\ParseTemplateBehavior [ RunTime:0.392063s ]
INFO: [ view_parse ] --END-- [ RunTime:0.392149s ]
INFO: [ view_filter ] --START--
INFO: Run Behavior\WriteHtmlCacheBehavior [ RunTime:0.035961s ]
INFO: [ view_filter ] --END-- [ RunTime:0.036042s ]
INFO: [ app_end ] --START--
INFO: Run Behavior\ShowPageTraceBehavior [ RunTime:0.042678s ]
INFO: [ app_end ] --END-- [ RunTime:0.042792s ]

[ 2016-08-08T15:59:57+08:00 ] 127.0.0.1 /cinema/Home/Home/getlocation
INFO: [ app_init ] --START--
INFO: Run Behavior\BuildLiteBehavior [ RunTime:0.000020s ]
INFO: [ app_init ] --END-- [ RunTime:0.000491s ]
INFO: [ app_begin ] --START--
INFO: Run Behavior\ReadHtmlCacheBehavior [ RunTime:0.000702s ]
INFO: [ app_begin ] --END-- [ RunTime:0.000757s ]
SQL: SHOW COLUMNS FROM `xy_ticket` [ RunTime:0.0286s ]
SQL: SHOW COLUMNS FROM `xy_movie` [ RunTime:0.0186s ]
SQL: SHOW COLUMNS FROM `xy_cinema` [ RunTime:0.0565s ]
SQL: SHOW COLUMNS FROM `xy_room` [ RunTime:0.1438s ]
SQL: SHOW COLUMNS FROM `xy_order` [ RunTime:0.0228s ]
SQL: SHOW COLUMNS FROM `xy_user` [ RunTime:0.0154s ]
SQL: SHOW COLUMNS FROM `xy_comment` [ RunTime:0.0379s ]
SQL: SHOW COLUMNS FROM `xy_employ` [ RunTime:0.0266s ]
SQL: SHOW COLUMNS FROM `xy_notice` [ RunTime:0.0282s ]
SQL: SHOW COLUMNS FROM `xy_wantmovie` [ RunTime:0.0620s ]
SQL: SHOW COLUMNS FROM `xy_stage` [ RunTime:0.1135s ]
SQL: SELECT DISTINCT  `c_location` FROM `xy_cinema` WHERE ( c_delflag=0 )  [ RunTime:0.0006s ]
INFO: [ app_end ] --START--
INFO: Run Behavior\ShowPageTraceBehavior [ RunTime:0.001147s ]
INFO: [ app_end ] --END-- [ RunTime:0.001242s ]

[ 2016-08-08T15:59:57+08:00 ] 127.0.0.1 /cinema/Home/Home/getcity
INFO: [ app_init ] --START--
INFO: Run Behavior\BuildLiteBehavior [ RunTime:0.000023s ]
INFO: [ app_init ] --END-- [ RunTime:0.000626s ]
INFO: [ app_begin ] --START--
INFO: Run Behavior\ReadHtmlCacheBehavior [ RunTime:0.001032s ]
INFO: [ app_begin ] --END-- [ RunTime:0.001127s ]
SQL: SHOW COLUMNS FROM `xy_ticket` [ RunTime:0.0591s ]
SQL: SHOW COLUMNS FROM `xy_movie` [ RunTime:0.0189s ]
SQL: SHOW COLUMNS FROM `xy_cinema` [ RunTime:0.0909s ]
SQL: SHOW COLUMNS FROM `xy_room` [ RunTime:0.0451s ]
SQL: SHOW COLUMNS FROM `xy_order` [ RunTime:0.0987s ]
SQL: SHOW COLUMNS FROM `xy_user` [ RunTime:0.0454s ]
SQL: SHOW COLUMNS FROM `xy_comment` [ RunTime:0.1019s ]
SQL: SHOW COLUMNS FROM `xy_employ` [ RunTime:0.0393s ]
SQL: SHOW COLUMNS FROM `xy_notice` [ RunTime:0.0480s ]
SQL: SHOW COLUMNS FROM `xy_wantmovie` [ RunTime:0.0174s ]
SQL: SHOW COLUMNS FROM `xy_stage` [ RunTime:0.0060s ]
SQL: SELECT `c_location` FROM `xy_cinema` WHERE ( c_delflag=0 )  [ RunTime:0.0003s ]
INFO: [ app_end ] --START--
INFO: Run Behavior\ShowPageTraceBehavior [ RunTime:0.000842s ]
INFO: [ app_end ] --END-- [ RunTime:0.000885s ]

[ 2016-08-08T15:59:58+08:00 ] 127.0.0.1 /cinema/Home/Home/getcinema
INFO: [ app_init ] --START--
INFO: Run Behavior\BuildLiteBehavior [ RunTime:0.000024s ]
INFO: [ app_init ] --END-- [ RunTime:0.000595s ]
INFO: [ app_begin ] --START--
INFO: Run Behavior\ReadHtmlCacheBehavior [ RunTime:0.001065s ]
INFO: [ app_begin ] --END-- [ RunTime:0.001148s ]
SQL: SHOW COLUMNS FROM `xy_ticket` [ RunTime:0.0054s ]
SQL: SHOW COLUMNS FROM `xy_movie` [ RunTime:0.0058s ]
SQL: SHOW COLUMNS FROM `xy_cinema` [ RunTime:0.0046s ]
SQL: SHOW COLUMNS FROM `xy_room` [ RunTime:0.0047s ]
SQL: SHOW COLUMNS FROM `xy_order` [ RunTime:0.0077s ]
SQL: SHOW COLUMNS FROM `xy_user` [ RunTime:0.0727s ]
SQL: SHOW COLUMNS FROM `xy_comment` [ RunTime:0.0340s ]
SQL: SHOW COLUMNS FROM `xy_employ` [ RunTime:0.0052s ]
SQL: SHOW COLUMNS FROM `xy_notice` [ RunTime:0.0095s ]
SQL: SHOW COLUMNS FROM `xy_wantmovie` [ RunTime:0.0057s ]
SQL: SHOW COLUMNS FROM `xy_stage` [ RunTime:0.0353s ]
SQL: SELECT `c_id`,`c_name` FROM `xy_cinema` WHERE ( c_delflag=0 and c_location='湛江' )  [ RunTime:0.0005s ]
INFO: [ app_end ] --START--
INFO: Run Behavior\ShowPageTraceBehavior [ RunTime:0.000811s ]
INFO: [ app_end ] --END-- [ RunTime:0.000868s ]

[ 2016-08-08T15:59:58+08:00 ] 127.0.0.1 /cinema/Home/Home/getmovie
INFO: [ app_init ] --START--
INFO: Run Behavior\BuildLiteBehavior [ RunTime:0.000020s ]
INFO: [ app_init ] --END-- [ RunTime:0.000584s ]
INFO: [ app_begin ] --START--
INFO: Run Behavior\ReadHtmlCacheBehavior [ RunTime:0.000721s ]
INFO: [ app_begin ] --END-- [ RunTime:0.000780s ]
SQL: SHOW COLUMNS FROM `xy_ticket` [ RunTime:0.0768s ]
SQL: SHOW COLUMNS FROM `xy_movie` [ RunTime:0.0280s ]
SQL: SHOW COLUMNS FROM `xy_cinema` [ RunTime:0.0450s ]
SQL: SHOW COLUMNS FROM `xy_room` [ RunTime:0.0454s ]
SQL: SHOW COLUMNS FROM `xy_order` [ RunTime:0.0434s ]
SQL: SHOW COLUMNS FROM `xy_user` [ RunTime:0.0352s ]
SQL: SHOW COLUMNS FROM `xy_comment` [ RunTime:0.0320s ]
SQL: SHOW COLUMNS FROM `xy_employ` [ RunTime:0.0373s ]
SQL: SHOW COLUMNS FROM `xy_notice` [ RunTime:0.0407s ]
SQL: SHOW COLUMNS FROM `xy_wantmovie` [ RunTime:0.0093s ]
SQL: SHOW COLUMNS FROM `xy_stage` [ RunTime:0.0099s ]
SQL: SELECT DISTINCT  `t_id`,`t_movieid`,`t_date`,`t_time` FROM `xy_ticket` WHERE ( t_delflag=0 and t_cinemaid=1 and t_issale=1 )  [ RunTime:0.0012s ]
SQL: SELECT `m_id`,`m_name` FROM `xy_movie` WHERE `m_id` = 9 LIMIT 1   [ RunTime:0.0008s ]
SQL: SELECT `m_id`,`m_name` FROM `xy_movie` WHERE `m_id` = 10 LIMIT 1   [ RunTime:0.0003s ]
SQL: SELECT `m_id`,`m_name` FROM `xy_movie` WHERE `m_id` = 13 LIMIT 1   [ RunTime:0.0002s ]
INFO: [ app_end ] --START--
INFO: Run Behavior\ShowPageTraceBehavior [ RunTime:0.001168s ]
INFO: [ app_end ] --END-- [ RunTime:0.001236s ]

