[ 2016-08-19T14:43:41+08:00 ] 127.0.0.1 /cinema/
INFO: [ app_init ] --START--
INFO: Run Behavior\BuildLiteBehavior [ RunTime:0.000044s ]
INFO: [ app_init ] --END-- [ RunTime:0.010571s ]
INFO: [ app_begin ] --START--
INFO: Run Behavior\ReadHtmlCacheBehavior [ RunTime:0.010192s ]
INFO: [ app_begin ] --END-- [ RunTime:0.010270s ]
SQL: SHOW COLUMNS FROM `xy_ticket` [ RunTime:0.0411s ]
SQL: SHOW COLUMNS FROM `xy_movie` [ RunTime:0.0068s ]
SQL: SHOW COLUMNS FROM `xy_cinema` [ RunTime:0.0200s ]
SQL: SHOW COLUMNS FROM `xy_room` [ RunTime:0.0090s ]
SQL: SHOW COLUMNS FROM `xy_order` [ RunTime:0.0079s ]
SQL: SHOW COLUMNS FROM `xy_user` [ RunTime:0.0096s ]
SQL: SHOW COLUMNS FROM `xy_comment` [ RunTime:0.0071s ]
SQL: SHOW COLUMNS FROM `xy_employ` [ RunTime:0.0096s ]
SQL: SHOW COLUMNS FROM `xy_notice` [ RunTime:0.0045s ]
SQL: SHOW COLUMNS FROM `xy_wantmovie` [ RunTime:0.0083s ]
SQL: SHOW COLUMNS FROM `xy_stage` [ RunTime:0.0054s ]
SQL: SELECT * FROM `xy_movie` WHERE ( m_delflag=0 ) ORDER BY m_showdate  [ RunTime:0.1349s ]
INFO: [ view_parse ] --START--
INFO: [ template_filter ] --START--
INFO: Run Behavior\ContentReplaceBehavior [ RunTime:0.000105s ]
INFO: [ template_filter ] --END-- [ RunTime:0.000158s ]
INFO: Run Behavior\ParseTemplateBehavior [ RunTime:0.333603s ]
INFO: [ view_parse ] --END-- [ RunTime:0.333697s ]
INFO: [ view_filter ] --START--
INFO: Run Behavior\WriteHtmlCacheBehavior [ RunTime:0.038830s ]
INFO: [ view_filter ] --END-- [ RunTime:0.038892s ]
INFO: [ app_end ] --START--
INFO: Run Behavior\ShowPageTraceBehavior [ RunTime:0.016773s ]
INFO: [ app_end ] --END-- [ RunTime:0.016896s ]

[ 2016-08-19T14:43:42+08:00 ] 127.0.0.1 /cinema/Home/Home/getlocation
INFO: [ app_init ] --START--
INFO: Run Behavior\BuildLiteBehavior [ RunTime:0.000021s ]
INFO: [ app_init ] --END-- [ RunTime:0.000400s ]
INFO: [ app_begin ] --START--
INFO: Run Behavior\ReadHtmlCacheBehavior [ RunTime:0.000702s ]
INFO: [ app_begin ] --END-- [ RunTime:0.000751s ]
SQL: SHOW COLUMNS FROM `xy_ticket` [ RunTime:0.0229s ]
SQL: SHOW COLUMNS FROM `xy_movie` [ RunTime:0.0073s ]
SQL: SHOW COLUMNS FROM `xy_cinema` [ RunTime:0.0120s ]
SQL: SHOW COLUMNS FROM `xy_room` [ RunTime:0.0285s ]
SQL: SHOW COLUMNS FROM `xy_order` [ RunTime:0.0124s ]
SQL: SHOW COLUMNS FROM `xy_user` [ RunTime:0.0088s ]
SQL: SHOW COLUMNS FROM `xy_comment` [ RunTime:0.0070s ]
SQL: SHOW COLUMNS FROM `xy_employ` [ RunTime:0.0180s ]
SQL: SHOW COLUMNS FROM `xy_notice` [ RunTime:0.0228s ]
SQL: SHOW COLUMNS FROM `xy_wantmovie` [ RunTime:0.0233s ]
SQL: SHOW COLUMNS FROM `xy_stage` [ RunTime:0.0034s ]
SQL: SELECT DISTINCT  `c_location` FROM `xy_cinema` WHERE ( c_delflag=0 )  [ RunTime:0.0562s ]
INFO: [ app_end ] --START--
INFO: Run Behavior\ShowPageTraceBehavior [ RunTime:0.000791s ]
INFO: [ app_end ] --END-- [ RunTime:0.000902s ]

[ 2016-08-19T14:43:42+08:00 ] 127.0.0.1 /cinema/Home/Home/getcity
INFO: [ app_init ] --START--
INFO: Run Behavior\BuildLiteBehavior [ RunTime:0.000012s ]
INFO: [ app_init ] --END-- [ RunTime:0.000309s ]
INFO: [ app_begin ] --START--
INFO: Run Behavior\ReadHtmlCacheBehavior [ RunTime:0.000582s ]
INFO: [ app_begin ] --END-- [ RunTime:0.000631s ]
SQL: SHOW COLUMNS FROM `xy_ticket` [ RunTime:0.0045s ]
SQL: SHOW COLUMNS FROM `xy_movie` [ RunTime:0.0038s ]
SQL: SHOW COLUMNS FROM `xy_cinema` [ RunTime:0.0035s ]
SQL: SHOW COLUMNS FROM `xy_room` [ RunTime:0.0041s ]
SQL: SHOW COLUMNS FROM `xy_order` [ RunTime:0.0038s ]
SQL: SHOW COLUMNS FROM `xy_user` [ RunTime:0.0035s ]
SQL: SHOW COLUMNS FROM `xy_comment` [ RunTime:0.0050s ]
SQL: SHOW COLUMNS FROM `xy_employ` [ RunTime:0.0054s ]
SQL: SHOW COLUMNS FROM `xy_notice` [ RunTime:0.0038s ]
SQL: SHOW COLUMNS FROM `xy_wantmovie` [ RunTime:0.0042s ]
SQL: SHOW COLUMNS FROM `xy_stage` [ RunTime:0.0036s ]
SQL: SELECT `c_location` FROM `xy_cinema` WHERE ( c_delflag=0 )  [ RunTime:0.0003s ]
INFO: [ app_end ] --START--
INFO: Run Behavior\ShowPageTraceBehavior [ RunTime:0.000799s ]
INFO: [ app_end ] --END-- [ RunTime:0.000874s ]

[ 2016-08-19T14:43:42+08:00 ] 127.0.0.1 /cinema/Home/Home/getcinema
INFO: [ app_init ] --START--
INFO: Run Behavior\BuildLiteBehavior [ RunTime:0.000014s ]
INFO: [ app_init ] --END-- [ RunTime:0.000359s ]
INFO: [ app_begin ] --START--
INFO: Run Behavior\ReadHtmlCacheBehavior [ RunTime:0.000632s ]
INFO: [ app_begin ] --END-- [ RunTime:0.000688s ]
SQL: SHOW COLUMNS FROM `xy_ticket` [ RunTime:0.0041s ]
SQL: SHOW COLUMNS FROM `xy_movie` [ RunTime:0.0049s ]
SQL: SHOW COLUMNS FROM `xy_cinema` [ RunTime:0.0041s ]
SQL: SHOW COLUMNS FROM `xy_room` [ RunTime:0.0041s ]
SQL: SHOW COLUMNS FROM `xy_order` [ RunTime:0.0037s ]
SQL: SHOW COLUMNS FROM `xy_user` [ RunTime:0.0037s ]
SQL: SHOW COLUMNS FROM `xy_comment` [ RunTime:0.0037s ]
SQL: SHOW COLUMNS FROM `xy_employ` [ RunTime:0.0037s ]
SQL: SHOW COLUMNS FROM `xy_notice` [ RunTime:0.0036s ]
SQL: SHOW COLUMNS FROM `xy_wantmovie` [ RunTime:0.0036s ]
SQL: SHOW COLUMNS FROM `xy_stage` [ RunTime:0.0038s ]
SQL: SELECT `c_id`,`c_name` FROM `xy_cinema` WHERE ( c_delflag=0 and c_location='湛江' )  [ RunTime:0.0294s ]
INFO: [ app_end ] --START--
INFO: Run Behavior\ShowPageTraceBehavior [ RunTime:0.000729s ]
INFO: [ app_end ] --END-- [ RunTime:0.000771s ]

[ 2016-08-19T14:43:42+08:00 ] 127.0.0.1 /cinema/Home/Home/getmovie
INFO: [ app_init ] --START--
INFO: Run Behavior\BuildLiteBehavior [ RunTime:0.000015s ]
INFO: [ app_init ] --END-- [ RunTime:0.000358s ]
INFO: [ app_begin ] --START--
INFO: Run Behavior\ReadHtmlCacheBehavior [ RunTime:0.000616s ]
INFO: [ app_begin ] --END-- [ RunTime:0.000672s ]
SQL: SHOW COLUMNS FROM `xy_ticket` [ RunTime:0.0041s ]
SQL: SHOW COLUMNS FROM `xy_movie` [ RunTime:0.0042s ]
SQL: SHOW COLUMNS FROM `xy_cinema` [ RunTime:0.0036s ]
SQL: SHOW COLUMNS FROM `xy_room` [ RunTime:0.0034s ]
SQL: SHOW COLUMNS FROM `xy_order` [ RunTime:0.0038s ]
SQL: SHOW COLUMNS FROM `xy_user` [ RunTime:0.0039s ]
SQL: SHOW COLUMNS FROM `xy_comment` [ RunTime:0.0036s ]
SQL: SHOW COLUMNS FROM `xy_employ` [ RunTime:0.0037s ]
SQL: SHOW COLUMNS FROM `xy_notice` [ RunTime:0.0040s ]
SQL: SHOW COLUMNS FROM `xy_wantmovie` [ RunTime:0.0045s ]
SQL: SHOW COLUMNS FROM `xy_stage` [ RunTime:0.0035s ]
SQL: SELECT DISTINCT  `t_id`,`t_movieid`,`t_date`,`t_time` FROM `xy_ticket` WHERE ( t_delflag=0 and t_cinemaid=1 and t_issale=1 )  [ RunTime:0.0175s ]
SQL: SELECT * FROM `xy_ticket` WHERE `t_id` = 17 LIMIT 1   [ RunTime:0.0077s ]
SQL: UPDATE `xy_ticket` SET `t_price`='50',`t_movieid`='9',`t_ticketnum`='106',`t_date`='08/16/2016',`t_time`='07:30 PM',`t_delflag`='0',`t_subtime`='2016-08-07 18:16:24',`t_modifiedon`='2016-08-07 18:21:57',`t_roomid`='1',`t_remark`='',`t_issale`='0',`t_cinemaid`='1',`t_standard`='3D',`t_points`='20',`t_language`='英语' WHERE `t_id` = 17 [ RunTime:0.0155s ]
SQL: SELECT * FROM `xy_ticket` WHERE `t_id` = 18 LIMIT 1   [ RunTime:0.0003s ]
SQL: UPDATE `xy_ticket` SET `t_price`='30',`t_movieid`='10',`t_ticketnum`='60',`t_date`='08/19/2016',`t_time`='09:30 AM',`t_delflag`='0',`t_subtime`='2016-08-07 18:17:00',`t_modifiedon`='2016-08-07 18:22:08',`t_roomid`='8',`t_remark`='',`t_issale`='0',`t_cinemaid`='1',`t_standard`='3D',`t_points`='15',`t_language`='英语' WHERE `t_id` = 18 [ RunTime:0.0003s ]
SQL: SELECT * FROM `xy_ticket` WHERE `t_id` = 22 LIMIT 1   [ RunTime:0.0002s ]
SQL: UPDATE `xy_ticket` SET `t_price`='60',`t_movieid`='13',`t_ticketnum`='106',`t_date`='08/16/2016',`t_time`='06:30 PM',`t_delflag`='0',`t_subtime`='2016-08-07 18:20:23',`t_modifiedon`='2016-08-07 18:20:23',`t_roomid`='1',`t_remark`='',`t_issale`='0',`t_cinemaid`='1',`t_standard`='3D',`t_points`='20',`t_language`='英语' WHERE `t_id` = 22 [ RunTime:0.0002s ]
INFO: [ app_end ] --START--
INFO: Run Behavior\ShowPageTraceBehavior [ RunTime:0.000740s ]
INFO: [ app_end ] --END-- [ RunTime:0.000780s ]

[ 2016-08-19T22:24:02+08:00 ] 127.0.0.1 /favicon.ico
INFO: [ app_init ] --START--
INFO: Run Behavior\BuildLiteBehavior [ RunTime:0.000018s ]
INFO: [ app_init ] --END-- [ RunTime:0.017182s ]

