[ 2016-08-06T01:11:04+08:00 ] 127.0.0.1 /cinema/Home/Home/index
INFO: [ app_init ] --START--
INFO: Run Behavior\BuildLiteBehavior [ RunTime:0.000019s ]
INFO: [ app_init ] --END-- [ RunTime:0.000524s ]
INFO: [ app_begin ] --START--
INFO: Run Behavior\ReadHtmlCacheBehavior [ RunTime:0.000863s ]
INFO: [ app_begin ] --END-- [ RunTime:0.000939s ]
SQL: SHOW COLUMNS FROM `xy_ticket` [ RunTime:0.0156s ]
SQL: SHOW COLUMNS FROM `xy_movie` [ RunTime:0.0074s ]
SQL: SHOW COLUMNS FROM `xy_cinema` [ RunTime:0.0071s ]
SQL: SHOW COLUMNS FROM `xy_room` [ RunTime:0.0067s ]
SQL: SHOW COLUMNS FROM `xy_order` [ RunTime:0.0069s ]
SQL: SHOW COLUMNS FROM `xy_user` [ RunTime:0.0074s ]
SQL: SHOW COLUMNS FROM `xy_comment` [ RunTime:0.0047s ]
SQL: SHOW COLUMNS FROM `xy_employ` [ RunTime:0.0071s ]
SQL: SHOW COLUMNS FROM `xy_notice` [ RunTime:0.0046s ]
SQL: SHOW COLUMNS FROM `xy_wantmovie` [ RunTime:0.0090s ]
SQL: SHOW COLUMNS FROM `xy_stage` [ RunTime:0.0042s ]
SQL: SELECT * FROM `xy_movie` WHERE ( m_delflag=0 ) ORDER BY m_showdate  [ RunTime:0.0006s ]
INFO: [ view_parse ] --START--
INFO: [ template_filter ] --START--
INFO: Run Behavior\ContentReplaceBehavior [ RunTime:0.000098s ]
INFO: [ template_filter ] --END-- [ RunTime:0.000146s ]
INFO: Run Behavior\ParseTemplateBehavior [ RunTime:0.061376s ]
INFO: [ view_parse ] --END-- [ RunTime:0.061437s ]
INFO: [ view_filter ] --START--
INFO: Run Behavior\WriteHtmlCacheBehavior [ RunTime:0.000425s ]
INFO: [ view_filter ] --END-- [ RunTime:0.000475s ]
INFO: [ app_end ] --START--
INFO: Run Behavior\ShowPageTraceBehavior [ RunTime:0.001015s ]
INFO: [ app_end ] --END-- [ RunTime:0.001103s ]

[ 2016-08-06T01:11:05+08:00 ] 127.0.0.1 /cinema/Home/Home/getlocation
INFO: [ app_init ] --START--
INFO: Run Behavior\BuildLiteBehavior [ RunTime:0.000026s ]
INFO: [ app_init ] --END-- [ RunTime:0.000711s ]
INFO: [ app_begin ] --START--
INFO: Run Behavior\ReadHtmlCacheBehavior [ RunTime:0.001044s ]
INFO: [ app_begin ] --END-- [ RunTime:0.001151s ]
SQL: SHOW COLUMNS FROM `xy_ticket` [ RunTime:0.0118s ]
SQL: SHOW COLUMNS FROM `xy_movie` [ RunTime:0.0063s ]
SQL: SHOW COLUMNS FROM `xy_cinema` [ RunTime:0.0101s ]
SQL: SHOW COLUMNS FROM `xy_room` [ RunTime:0.0096s ]
SQL: SHOW COLUMNS FROM `xy_order` [ RunTime:0.0074s ]
SQL: SHOW COLUMNS FROM `xy_user` [ RunTime:0.0082s ]
SQL: SHOW COLUMNS FROM `xy_comment` [ RunTime:0.0044s ]
SQL: SHOW COLUMNS FROM `xy_employ` [ RunTime:0.0070s ]
SQL: SHOW COLUMNS FROM `xy_notice` [ RunTime:0.0195s ]
SQL: SHOW COLUMNS FROM `xy_wantmovie` [ RunTime:0.0070s ]
SQL: SHOW COLUMNS FROM `xy_stage` [ RunTime:0.0123s ]
SQL: SELECT DISTINCT  `c_location` FROM `xy_cinema` WHERE ( c_delflag=0 )  [ RunTime:0.0004s ]
INFO: [ app_end ] --START--
INFO: Run Behavior\ShowPageTraceBehavior [ RunTime:0.000850s ]
INFO: [ app_end ] --END-- [ RunTime:0.000934s ]

[ 2016-08-06T01:11:05+08:00 ] 127.0.0.1 /cinema/Home/Home/getcity
INFO: [ app_init ] --START--
INFO: Run Behavior\BuildLiteBehavior [ RunTime:0.000013s ]
INFO: [ app_init ] --END-- [ RunTime:0.000343s ]
INFO: [ app_begin ] --START--
INFO: Run Behavior\ReadHtmlCacheBehavior [ RunTime:0.000505s ]
INFO: [ app_begin ] --END-- [ RunTime:0.000546s ]
SQL: SHOW COLUMNS FROM `xy_ticket` [ RunTime:0.0044s ]
SQL: SHOW COLUMNS FROM `xy_movie` [ RunTime:0.0039s ]
SQL: SHOW COLUMNS FROM `xy_cinema` [ RunTime:0.0040s ]
SQL: SHOW COLUMNS FROM `xy_room` [ RunTime:0.0041s ]
SQL: SHOW COLUMNS FROM `xy_order` [ RunTime:0.0038s ]
SQL: SHOW COLUMNS FROM `xy_user` [ RunTime:0.0038s ]
SQL: SHOW COLUMNS FROM `xy_comment` [ RunTime:0.0038s ]
SQL: SHOW COLUMNS FROM `xy_employ` [ RunTime:0.0040s ]
SQL: SHOW COLUMNS FROM `xy_notice` [ RunTime:0.0039s ]
SQL: SHOW COLUMNS FROM `xy_wantmovie` [ RunTime:0.0036s ]
SQL: SHOW COLUMNS FROM `xy_stage` [ RunTime:0.0043s ]
SQL: SELECT `c_location` FROM `xy_cinema` WHERE ( c_delflag=0 )  [ RunTime:0.0003s ]
INFO: [ app_end ] --START--
INFO: Run Behavior\ShowPageTraceBehavior [ RunTime:0.000681s ]
INFO: [ app_end ] --END-- [ RunTime:0.000721s ]

[ 2016-08-06T01:11:05+08:00 ] 127.0.0.1 /cinema/Home/Home/getcinema
INFO: [ app_init ] --START--
INFO: Run Behavior\BuildLiteBehavior [ RunTime:0.000012s ]
INFO: [ app_init ] --END-- [ RunTime:0.000343s ]
INFO: [ app_begin ] --START--
INFO: Run Behavior\ReadHtmlCacheBehavior [ RunTime:0.000505s ]
INFO: [ app_begin ] --END-- [ RunTime:0.000546s ]
SQL: SHOW COLUMNS FROM `xy_ticket` [ RunTime:0.0041s ]
SQL: SHOW COLUMNS FROM `xy_movie` [ RunTime:0.0040s ]
SQL: SHOW COLUMNS FROM `xy_cinema` [ RunTime:0.0051s ]
SQL: SHOW COLUMNS FROM `xy_room` [ RunTime:0.0039s ]
SQL: SHOW COLUMNS FROM `xy_order` [ RunTime:0.0040s ]
SQL: SHOW COLUMNS FROM `xy_user` [ RunTime:0.0045s ]
SQL: SHOW COLUMNS FROM `xy_comment` [ RunTime:0.0041s ]
SQL: SHOW COLUMNS FROM `xy_employ` [ RunTime:0.0040s ]
SQL: SHOW COLUMNS FROM `xy_notice` [ RunTime:0.0060s ]
SQL: SHOW COLUMNS FROM `xy_wantmovie` [ RunTime:0.0043s ]
SQL: SHOW COLUMNS FROM `xy_stage` [ RunTime:0.0039s ]
SQL: SELECT `c_id`,`c_name` FROM `xy_cinema` WHERE ( c_delflag=0 and c_location='湛江' )  [ RunTime:0.0003s ]
INFO: [ app_end ] --START--
INFO: Run Behavior\ShowPageTraceBehavior [ RunTime:0.000685s ]
INFO: [ app_end ] --END-- [ RunTime:0.000727s ]

[ 2016-08-06T01:11:05+08:00 ] 127.0.0.1 /cinema/Home/Home/getmovie
INFO: [ app_init ] --START--
INFO: Run Behavior\BuildLiteBehavior [ RunTime:0.000014s ]
INFO: [ app_init ] --END-- [ RunTime:0.000361s ]
INFO: [ app_begin ] --START--
INFO: Run Behavior\ReadHtmlCacheBehavior [ RunTime:0.000943s ]
INFO: [ app_begin ] --END-- [ RunTime:0.001038s ]
SQL: SHOW COLUMNS FROM `xy_ticket` [ RunTime:0.0050s ]
SQL: SHOW COLUMNS FROM `xy_movie` [ RunTime:0.0041s ]
SQL: SHOW COLUMNS FROM `xy_cinema` [ RunTime:0.0037s ]
SQL: SHOW COLUMNS FROM `xy_room` [ RunTime:0.0045s ]
SQL: SHOW COLUMNS FROM `xy_order` [ RunTime:0.0048s ]
SQL: SHOW COLUMNS FROM `xy_user` [ RunTime:0.0048s ]
SQL: SHOW COLUMNS FROM `xy_comment` [ RunTime:0.0043s ]
SQL: SHOW COLUMNS FROM `xy_employ` [ RunTime:0.0047s ]
SQL: SHOW COLUMNS FROM `xy_notice` [ RunTime:0.0038s ]
SQL: SHOW COLUMNS FROM `xy_wantmovie` [ RunTime:0.0040s ]
SQL: SHOW COLUMNS FROM `xy_stage` [ RunTime:0.0040s ]
SQL: SELECT DISTINCT  `t_id`,`t_movieid`,`t_date`,`t_time` FROM `xy_ticket` WHERE ( t_delflag=0 and t_cinemaid=1 and t_issale=1 )  [ RunTime:0.0004s ]
INFO: [ app_end ] --START--
INFO: Run Behavior\ShowPageTraceBehavior [ RunTime:0.000913s ]
INFO: [ app_end ] --END-- [ RunTime:0.000976s ]

[ 2016-08-06T01:13:13+08:00 ] 127.0.0.1 /cinema/Home/Home/index
INFO: [ app_init ] --START--
INFO: Run Behavior\BuildLiteBehavior [ RunTime:0.000013s ]
INFO: [ app_init ] --END-- [ RunTime:0.000380s ]
INFO: [ app_begin ] --START--
INFO: Run Behavior\ReadHtmlCacheBehavior [ RunTime:0.000570s ]
INFO: [ app_begin ] --END-- [ RunTime:0.000613s ]
SQL: SHOW COLUMNS FROM `xy_ticket` [ RunTime:0.0300s ]
SQL: SHOW COLUMNS FROM `xy_movie` [ RunTime:0.0072s ]
SQL: SHOW COLUMNS FROM `xy_cinema` [ RunTime:0.0067s ]
SQL: SHOW COLUMNS FROM `xy_room` [ RunTime:0.0065s ]
SQL: SHOW COLUMNS FROM `xy_order` [ RunTime:0.0144s ]
SQL: SHOW COLUMNS FROM `xy_user` [ RunTime:0.0065s ]
SQL: SHOW COLUMNS FROM `xy_comment` [ RunTime:0.0038s ]
SQL: SHOW COLUMNS FROM `xy_employ` [ RunTime:0.0067s ]
SQL: SHOW COLUMNS FROM `xy_notice` [ RunTime:0.0046s ]
SQL: SHOW COLUMNS FROM `xy_wantmovie` [ RunTime:0.0070s ]
SQL: SHOW COLUMNS FROM `xy_stage` [ RunTime:0.0041s ]
SQL: SELECT * FROM `xy_movie` WHERE ( m_delflag=0 ) ORDER BY m_showdate  [ RunTime:0.0005s ]
INFO: [ view_parse ] --START--
INFO: [ template_filter ] --START--
INFO: Run Behavior\ContentReplaceBehavior [ RunTime:0.000134s ]
INFO: [ template_filter ] --END-- [ RunTime:0.000179s ]
INFO: Run Behavior\ParseTemplateBehavior [ RunTime:0.049357s ]
INFO: [ view_parse ] --END-- [ RunTime:0.049417s ]
INFO: [ view_filter ] --START--
INFO: Run Behavior\WriteHtmlCacheBehavior [ RunTime:0.000385s ]
INFO: [ view_filter ] --END-- [ RunTime:0.000423s ]
INFO: [ app_end ] --START--
INFO: Run Behavior\ShowPageTraceBehavior [ RunTime:0.000960s ]
INFO: [ app_end ] --END-- [ RunTime:0.001046s ]

[ 2016-08-06T01:13:14+08:00 ] 127.0.0.1 /cinema/Home/Home/getlocation
INFO: [ app_init ] --START--
INFO: Run Behavior\BuildLiteBehavior [ RunTime:0.000024s ]
INFO: [ app_init ] --END-- [ RunTime:0.000693s ]
INFO: [ app_begin ] --START--
INFO: Run Behavior\ReadHtmlCacheBehavior [ RunTime:0.001037s ]
INFO: [ app_begin ] --END-- [ RunTime:0.001139s ]
SQL: SHOW COLUMNS FROM `xy_ticket` [ RunTime:0.0151s ]
SQL: SHOW COLUMNS FROM `xy_movie` [ RunTime:0.0117s ]
SQL: SHOW COLUMNS FROM `xy_cinema` [ RunTime:0.0097s ]
SQL: SHOW COLUMNS FROM `xy_room` [ RunTime:0.0062s ]
SQL: SHOW COLUMNS FROM `xy_order` [ RunTime:0.0089s ]
SQL: SHOW COLUMNS FROM `xy_user` [ RunTime:0.0074s ]
SQL: SHOW COLUMNS FROM `xy_comment` [ RunTime:0.0063s ]
SQL: SHOW COLUMNS FROM `xy_employ` [ RunTime:0.0065s ]
SQL: SHOW COLUMNS FROM `xy_notice` [ RunTime:0.0038s ]
SQL: SHOW COLUMNS FROM `xy_wantmovie` [ RunTime:0.0070s ]
SQL: SHOW COLUMNS FROM `xy_stage` [ RunTime:0.0040s ]
SQL: SELECT DISTINCT  `c_location` FROM `xy_cinema` WHERE ( c_delflag=0 )  [ RunTime:0.0003s ]
INFO: [ app_end ] --START--
INFO: Run Behavior\ShowPageTraceBehavior [ RunTime:0.000539s ]
INFO: [ app_end ] --END-- [ RunTime:0.000585s ]

[ 2016-08-06T01:13:14+08:00 ] 127.0.0.1 /cinema/Home/Home/getcity
INFO: [ app_init ] --START--
INFO: Run Behavior\BuildLiteBehavior [ RunTime:0.000016s ]
INFO: [ app_init ] --END-- [ RunTime:0.000349s ]
INFO: [ app_begin ] --START--
INFO: Run Behavior\ReadHtmlCacheBehavior [ RunTime:0.000507s ]
INFO: [ app_begin ] --END-- [ RunTime:0.000548s ]
SQL: SHOW COLUMNS FROM `xy_ticket` [ RunTime:0.0050s ]
SQL: SHOW COLUMNS FROM `xy_movie` [ RunTime:0.0044s ]
SQL: SHOW COLUMNS FROM `xy_cinema` [ RunTime:0.0051s ]
SQL: SHOW COLUMNS FROM `xy_room` [ RunTime:0.0039s ]
SQL: SHOW COLUMNS FROM `xy_order` [ RunTime:0.0038s ]
SQL: SHOW COLUMNS FROM `xy_user` [ RunTime:0.0040s ]
SQL: SHOW COLUMNS FROM `xy_comment` [ RunTime:0.0041s ]
SQL: SHOW COLUMNS FROM `xy_employ` [ RunTime:0.0038s ]
SQL: SHOW COLUMNS FROM `xy_notice` [ RunTime:0.0038s ]
SQL: SHOW COLUMNS FROM `xy_wantmovie` [ RunTime:0.0048s ]
SQL: SHOW COLUMNS FROM `xy_stage` [ RunTime:0.0039s ]
SQL: SELECT `c_location` FROM `xy_cinema` WHERE ( c_delflag=0 )  [ RunTime:0.0002s ]
INFO: [ app_end ] --START--
INFO: Run Behavior\ShowPageTraceBehavior [ RunTime:0.000668s ]
INFO: [ app_end ] --END-- [ RunTime:0.000706s ]

[ 2016-08-06T01:13:14+08:00 ] 127.0.0.1 /cinema/Home/Home/getcinema
INFO: [ app_init ] --START--
INFO: Run Behavior\BuildLiteBehavior [ RunTime:0.000014s ]
INFO: [ app_init ] --END-- [ RunTime:0.000381s ]
INFO: [ app_begin ] --START--
INFO: Run Behavior\ReadHtmlCacheBehavior [ RunTime:0.000547s ]
INFO: [ app_begin ] --END-- [ RunTime:0.000597s ]
SQL: SHOW COLUMNS FROM `xy_ticket` [ RunTime:0.0043s ]
SQL: SHOW COLUMNS FROM `xy_movie` [ RunTime:0.0042s ]
SQL: SHOW COLUMNS FROM `xy_cinema` [ RunTime:0.0037s ]
SQL: SHOW COLUMNS FROM `xy_room` [ RunTime:0.0039s ]
SQL: SHOW COLUMNS FROM `xy_order` [ RunTime:0.0043s ]
SQL: SHOW COLUMNS FROM `xy_user` [ RunTime:0.0039s ]
SQL: SHOW COLUMNS FROM `xy_comment` [ RunTime:0.0038s ]
SQL: SHOW COLUMNS FROM `xy_employ` [ RunTime:0.0037s ]
SQL: SHOW COLUMNS FROM `xy_notice` [ RunTime:0.0037s ]
SQL: SHOW COLUMNS FROM `xy_wantmovie` [ RunTime:0.0037s ]
SQL: SHOW COLUMNS FROM `xy_stage` [ RunTime:0.0038s ]
SQL: SELECT `c_id`,`c_name` FROM `xy_cinema` WHERE ( c_delflag=0 and c_location='湛江' )  [ RunTime:0.0003s ]
INFO: [ app_end ] --START--
INFO: Run Behavior\ShowPageTraceBehavior [ RunTime:0.000660s ]
INFO: [ app_end ] --END-- [ RunTime:0.000700s ]

[ 2016-08-06T01:13:14+08:00 ] 127.0.0.1 /cinema/Home/Home/getmovie
INFO: [ app_init ] --START--
INFO: Run Behavior\BuildLiteBehavior [ RunTime:0.000014s ]
INFO: [ app_init ] --END-- [ RunTime:0.000342s ]
INFO: [ app_begin ] --START--
INFO: Run Behavior\ReadHtmlCacheBehavior [ RunTime:0.000534s ]
INFO: [ app_begin ] --END-- [ RunTime:0.000575s ]
SQL: SHOW COLUMNS FROM `xy_ticket` [ RunTime:0.0042s ]
SQL: SHOW COLUMNS FROM `xy_movie` [ RunTime:0.0042s ]
SQL: SHOW COLUMNS FROM `xy_cinema` [ RunTime:0.0038s ]
SQL: SHOW COLUMNS FROM `xy_room` [ RunTime:0.0046s ]
SQL: SHOW COLUMNS FROM `xy_order` [ RunTime:0.0040s ]
SQL: SHOW COLUMNS FROM `xy_user` [ RunTime:0.0052s ]
SQL: SHOW COLUMNS FROM `xy_comment` [ RunTime:0.0039s ]
SQL: SHOW COLUMNS FROM `xy_employ` [ RunTime:0.0038s ]
SQL: SHOW COLUMNS FROM `xy_notice` [ RunTime:0.0038s ]
SQL: SHOW COLUMNS FROM `xy_wantmovie` [ RunTime:0.0037s ]
SQL: SHOW COLUMNS FROM `xy_stage` [ RunTime:0.0042s ]
SQL: SELECT DISTINCT  `t_id`,`t_movieid`,`t_date`,`t_time` FROM `xy_ticket` WHERE ( t_delflag=0 and t_cinemaid=1 and t_issale=1 )  [ RunTime:0.0003s ]
INFO: [ app_end ] --START--
INFO: Run Behavior\ShowPageTraceBehavior [ RunTime:0.000668s ]
INFO: [ app_end ] --END-- [ RunTime:0.000708s ]

[ 2016-08-06T01:17:20+08:00 ] 127.0.0.1 /cinema/Home/Home/index
INFO: [ app_init ] --START--
INFO: Run Behavior\BuildLiteBehavior [ RunTime:0.000011s ]
INFO: [ app_init ] --END-- [ RunTime:0.000324s ]
INFO: [ app_begin ] --START--
INFO: Run Behavior\ReadHtmlCacheBehavior [ RunTime:0.000586s ]
INFO: [ app_begin ] --END-- [ RunTime:0.000627s ]
SQL: SHOW COLUMNS FROM `xy_ticket` [ RunTime:0.0096s ]
SQL: SHOW COLUMNS FROM `xy_movie` [ RunTime:0.0071s ]
SQL: SHOW COLUMNS FROM `xy_cinema` [ RunTime:0.0065s ]
SQL: SHOW COLUMNS FROM `xy_room` [ RunTime:0.0073s ]
SQL: SHOW COLUMNS FROM `xy_order` [ RunTime:0.0070s ]
SQL: SHOW COLUMNS FROM `xy_user` [ RunTime:0.0066s ]
SQL: SHOW COLUMNS FROM `xy_comment` [ RunTime:0.0041s ]
SQL: SHOW COLUMNS FROM `xy_employ` [ RunTime:0.0069s ]
SQL: SHOW COLUMNS FROM `xy_notice` [ RunTime:0.0041s ]
SQL: SHOW COLUMNS FROM `xy_wantmovie` [ RunTime:0.0064s ]
SQL: SHOW COLUMNS FROM `xy_stage` [ RunTime:0.0051s ]
SQL: SELECT * FROM `xy_movie` WHERE ( m_delflag=0 ) ORDER BY m_showdate  [ RunTime:0.0006s ]
INFO: [ view_parse ] --START--
INFO: [ template_filter ] --START--
INFO: Run Behavior\ContentReplaceBehavior [ RunTime:0.000095s ]
INFO: [ template_filter ] --END-- [ RunTime:0.000141s ]
INFO: Run Behavior\ParseTemplateBehavior [ RunTime:0.052203s ]
INFO: [ view_parse ] --END-- [ RunTime:0.052262s ]
INFO: [ view_filter ] --START--
INFO: Run Behavior\WriteHtmlCacheBehavior [ RunTime:0.000333s ]
INFO: [ view_filter ] --END-- [ RunTime:0.000367s ]
INFO: [ app_end ] --START--
INFO: Run Behavior\ShowPageTraceBehavior [ RunTime:0.000935s ]
INFO: [ app_end ] --END-- [ RunTime:0.001014s ]

[ 2016-08-06T01:17:20+08:00 ] 127.0.0.1 /cinema/Home/Home/getlocation
INFO: [ app_init ] --START--
INFO: Run Behavior\BuildLiteBehavior [ RunTime:0.000027s ]
INFO: [ app_init ] --END-- [ RunTime:0.000729s ]
INFO: [ app_begin ] --START--
INFO: Run Behavior\ReadHtmlCacheBehavior [ RunTime:0.001078s ]
INFO: [ app_begin ] --END-- [ RunTime:0.001215s ]
SQL: SHOW COLUMNS FROM `xy_ticket` [ RunTime:0.0049s ]
SQL: SHOW COLUMNS FROM `xy_movie` [ RunTime:0.0052s ]
SQL: SHOW COLUMNS FROM `xy_cinema` [ RunTime:0.0050s ]
SQL: SHOW COLUMNS FROM `xy_room` [ RunTime:0.0051s ]
SQL: SHOW COLUMNS FROM `xy_order` [ RunTime:0.0047s ]
SQL: SHOW COLUMNS FROM `xy_user` [ RunTime:0.0064s ]
SQL: SHOW COLUMNS FROM `xy_comment` [ RunTime:0.0055s ]
SQL: SHOW COLUMNS FROM `xy_employ` [ RunTime:0.0051s ]
SQL: SHOW COLUMNS FROM `xy_notice` [ RunTime:0.0048s ]
SQL: SHOW COLUMNS FROM `xy_wantmovie` [ RunTime:0.0053s ]
SQL: SHOW COLUMNS FROM `xy_stage` [ RunTime:0.0048s ]
SQL: SELECT DISTINCT  `c_location` FROM `xy_cinema` WHERE ( c_delflag=0 )  [ RunTime:0.0004s ]
INFO: [ app_end ] --START--
INFO: Run Behavior\ShowPageTraceBehavior [ RunTime:0.000967s ]
INFO: [ app_end ] --END-- [ RunTime:0.001067s ]

[ 2016-08-06T01:17:20+08:00 ] 127.0.0.1 /cinema/Home/Home/getcity
INFO: [ app_init ] --START--
INFO: Run Behavior\BuildLiteBehavior [ RunTime:0.000023s ]
INFO: [ app_init ] --END-- [ RunTime:0.000589s ]
INFO: [ app_begin ] --START--
INFO: Run Behavior\ReadHtmlCacheBehavior [ RunTime:0.000750s ]
INFO: [ app_begin ] --END-- [ RunTime:0.000836s ]
SQL: SHOW COLUMNS FROM `xy_ticket` [ RunTime:0.0049s ]
SQL: SHOW COLUMNS FROM `xy_movie` [ RunTime:0.0115s ]
SQL: SHOW COLUMNS FROM `xy_cinema` [ RunTime:0.0040s ]
SQL: SHOW COLUMNS FROM `xy_room` [ RunTime:0.0049s ]
SQL: SHOW COLUMNS FROM `xy_order` [ RunTime:0.0050s ]
SQL: SHOW COLUMNS FROM `xy_user` [ RunTime:0.0050s ]
SQL: SHOW COLUMNS FROM `xy_comment` [ RunTime:0.0047s ]
SQL: SHOW COLUMNS FROM `xy_employ` [ RunTime:0.0048s ]
SQL: SHOW COLUMNS FROM `xy_notice` [ RunTime:0.0050s ]
SQL: SHOW COLUMNS FROM `xy_wantmovie` [ RunTime:0.0048s ]
SQL: SHOW COLUMNS FROM `xy_stage` [ RunTime:0.0046s ]
SQL: SELECT `c_location` FROM `xy_cinema` WHERE ( c_delflag=0 )  [ RunTime:0.0003s ]
INFO: [ app_end ] --START--
INFO: Run Behavior\ShowPageTraceBehavior [ RunTime:0.000874s ]
INFO: [ app_end ] --END-- [ RunTime:0.000941s ]

[ 2016-08-06T01:17:21+08:00 ] 127.0.0.1 /cinema/Home/Home/getcinema
INFO: [ app_init ] --START--
INFO: Run Behavior\BuildLiteBehavior [ RunTime:0.000021s ]
INFO: [ app_init ] --END-- [ RunTime:0.000659s ]
INFO: [ app_begin ] --START--
INFO: Run Behavior\ReadHtmlCacheBehavior [ RunTime:0.000899s ]
INFO: [ app_begin ] --END-- [ RunTime:0.000987s ]
SQL: SHOW COLUMNS FROM `xy_ticket` [ RunTime:0.0058s ]
SQL: SHOW COLUMNS FROM `xy_movie` [ RunTime:0.0056s ]
SQL: SHOW COLUMNS FROM `xy_cinema` [ RunTime:0.0053s ]
SQL: SHOW COLUMNS FROM `xy_room` [ RunTime:0.0051s ]
SQL: SHOW COLUMNS FROM `xy_order` [ RunTime:0.0055s ]
SQL: SHOW COLUMNS FROM `xy_user` [ RunTime:0.0051s ]
SQL: SHOW COLUMNS FROM `xy_comment` [ RunTime:0.0049s ]
SQL: SHOW COLUMNS FROM `xy_employ` [ RunTime:0.0122s ]
SQL: SHOW COLUMNS FROM `xy_notice` [ RunTime:0.0265s ]
SQL: SHOW COLUMNS FROM `xy_wantmovie` [ RunTime:0.0073s ]
SQL: SHOW COLUMNS FROM `xy_stage` [ RunTime:0.0050s ]
SQL: SELECT `c_id`,`c_name` FROM `xy_cinema` WHERE ( c_delflag=0 and c_location='湛江' )  [ RunTime:0.0004s ]
INFO: [ app_end ] --START--
INFO: Run Behavior\ShowPageTraceBehavior [ RunTime:0.001037s ]
INFO: [ app_end ] --END-- [ RunTime:0.001112s ]

[ 2016-08-06T01:17:21+08:00 ] 127.0.0.1 /cinema/Home/Home/getmovie
INFO: [ app_init ] --START--
INFO: Run Behavior\BuildLiteBehavior [ RunTime:0.000011s ]
INFO: [ app_init ] --END-- [ RunTime:0.000340s ]
INFO: [ app_begin ] --START--
INFO: Run Behavior\ReadHtmlCacheBehavior [ RunTime:0.000537s ]
INFO: [ app_begin ] --END-- [ RunTime:0.000579s ]
SQL: SHOW COLUMNS FROM `xy_ticket` [ RunTime:0.0065s ]
SQL: SHOW COLUMNS FROM `xy_movie` [ RunTime:0.0069s ]
SQL: SHOW COLUMNS FROM `xy_cinema` [ RunTime:0.0056s ]
SQL: SHOW COLUMNS FROM `xy_room` [ RunTime:0.0063s ]
SQL: SHOW COLUMNS FROM `xy_order` [ RunTime:0.0065s ]
SQL: SHOW COLUMNS FROM `xy_user` [ RunTime:0.0075s ]
SQL: SHOW COLUMNS FROM `xy_comment` [ RunTime:0.0042s ]
SQL: SHOW COLUMNS FROM `xy_employ` [ RunTime:0.0056s ]
SQL: SHOW COLUMNS FROM `xy_notice` [ RunTime:0.0040s ]
SQL: SHOW COLUMNS FROM `xy_wantmovie` [ RunTime:0.0042s ]
SQL: SHOW COLUMNS FROM `xy_stage` [ RunTime:0.0051s ]
SQL: SELECT DISTINCT  `t_id`,`t_movieid`,`t_date`,`t_time` FROM `xy_ticket` WHERE ( t_delflag=0 and t_cinemaid=1 and t_issale=1 )  [ RunTime:0.0003s ]
INFO: [ app_end ] --START--
INFO: Run Behavior\ShowPageTraceBehavior [ RunTime:0.000978s ]
INFO: [ app_end ] --END-- [ RunTime:0.001049s ]

